[ 2017-08-01T15:35:10+08:00 ] 127.0.0.1 /blog/index.php/Admin/Variable/Setting.html
INFO: [ app_init ] --START--
INFO: Run Behavior\BuildLiteBehavior [ RunTime:0.000000s ]
INFO: [ app_init ] --END-- [ RunTime:0.001000s ]
INFO: [ app_begin ] --START--
INFO: Run Behavior\ReadHtmlCacheBehavior [ RunTime:0.001000s ]
INFO: [ app_begin ] --END-- [ RunTime:0.001000s ]
NOTIC: [8] Use of undefined constant username - assumed 'username' E:\phpStudy\WWW\thinkmyblog\blog\Admin\Controller\PublicController.class.php 第 18 行.
SQL: SHOW COLUMNS FROM `emlog_setting` [ RunTime:0.0070s ]
SQL: SELECT `k`,`v` FROM `emlog_setting`  [ RunTime:0.0010s ]
INFO: [ view_parse ] --START--
INFO: [ template_filter ] --START--
INFO: Run Behavior\ContentReplaceBehavior [ RunTime:0.000000s ]
INFO: [ template_filter ] --END-- [ RunTime:0.000000s ]
NOTIC: [8] Use of undefined constant sitename - assumed 'sitename' E:\phpStudy\WWW\thinkmyblog\blog\Runtime\Cache\Admin\1c1223b37e2b12947ac22f12c0b3919b.php 第 31 行.
NOTIC: [8] Use of undefined constant username - assumed 'username' E:\phpStudy\WWW\thinkmyblog\blog\Runtime\Cache\Admin\1c1223b37e2b12947ac22f12c0b3919b.php 第 49 行.
INFO: Run Behavior\ParseTemplateBehavior [ RunTime:0.015001s ]
INFO: [ view_parse ] --END-- [ RunTime:0.015001s ]
INFO: [ view_filter ] --START--
INFO: Run Behavior\WriteHtmlCacheBehavior [ RunTime:0.000000s ]
INFO: [ view_filter ] --END-- [ RunTime:0.000000s ]
INFO: [ app_end ] --START--
INFO: Run Behavior\ShowPageTraceBehavior [ RunTime:0.001000s ]
INFO: [ app_end ] --END-- [ RunTime:0.001000s ]

[ 2017-08-01T15:35:16+08:00 ] 127.0.0.1 /blog/index.php/Admin/Variable/Setting.html
INFO: [ app_init ] --START--
INFO: Run Behavior\BuildLiteBehavior [ RunTime:0.000000s ]
INFO: [ app_init ] --END-- [ RunTime:0.000000s ]
INFO: [ app_begin ] --START--
INFO: Run Behavior\ReadHtmlCacheBehavior [ RunTime:0.001000s ]
INFO: [ app_begin ] --END-- [ RunTime:0.001000s ]
NOTIC: [8] Use of undefined constant username - assumed 'username' E:\phpStudy\WWW\thinkmyblog\blog\Admin\Controller\PublicController.class.php 第 18 行.
SQL: SHOW COLUMNS FROM `emlog_setting` [ RunTime:0.0080s ]
SQL: SELECT `k`,`v` FROM `emlog_setting`  [ RunTime:0.0000s ]
NOTIC: [2048] Declaration of Admin\Model\SettingModel::add() should be compatible with that of Think\Model::add() E:\phpStudy\WWW\thinkmyblog\blog\Admin\Model\SettingModel.class.php 第 123 行.
SQL: SHOW COLUMNS FROM `emlog_setting` [ RunTime:0.0080s ]
SQL: UPDATE `emlog_setting` SET `v`='前端开发者',`k`='sitename' WHERE ( k='sitename' ) [ RunTime:0.0010s ]
SQL: UPDATE `emlog_setting` SET `v`='PHP开发者',`k`='title' WHERE ( k='title' ) [ RunTime:0.0000s ]
SQL: UPDATE `emlog_setting` SET `v`='PHP,Jquery,CSS开发学习',`k`='keywords' WHERE ( k='keywords' ) [ RunTime:0.0010s ]
SQL: UPDATE `emlog_setting` SET `v`='网站描述发达地方fafdfadf',`k`='description' WHERE ( k='description' ) [ RunTime:0.0000s ]
SQL: UPDATE `emlog_setting` SET `v`='2016©coffee发放',`k`='footer' WHERE ( k='footer' ) [ RunTime:0.0000s ]
SQL: UPDATE `emlog_setting` SET `v`='测试f',`k`='test' WHERE ( k='test' ) [ RunTime:0.0000s ]
INFO: [ view_parse ] --START--
INFO: [ template_filter ] --START--
INFO: Run Behavior\ContentReplaceBehavior [ RunTime:0.000000s ]
INFO: [ template_filter ] --END-- [ RunTime:0.000000s ]
INFO: Run Behavior\ParseTemplateBehavior [ RunTime:0.004000s ]
INFO: [ view_parse ] --END-- [ RunTime:0.005000s ]
INFO: [ view_filter ] --START--
INFO: Run Behavior\WriteHtmlCacheBehavior [ RunTime:0.000000s ]
INFO: [ view_filter ] --END-- [ RunTime:0.000000s ]
INFO: [ app_end ] --START--
INFO: Run Behavior\ShowPageTraceBehavior [ RunTime:0.000000s ]
INFO: [ app_end ] --END-- [ RunTime:0.000000s ]

[ 2017-08-01T15:35:17+08:00 ] 127.0.0.1 /blog/index.php/Admin/Variable/Setting.html
INFO: [ app_init ] --START--
INFO: Run Behavior\BuildLiteBehavior [ RunTime:0.000000s ]
INFO: [ app_init ] --END-- [ RunTime:0.000000s ]
INFO: [ app_begin ] --START--
INFO: Run Behavior\ReadHtmlCacheBehavior [ RunTime:0.001000s ]
INFO: [ app_begin ] --END-- [ RunTime:0.001000s ]
NOTIC: [8] Use of undefined constant username - assumed 'username' E:\phpStudy\WWW\thinkmyblog\blog\Admin\Controller\PublicController.class.php 第 18 行.
SQL: SHOW COLUMNS FROM `emlog_setting` [ RunTime:0.0070s ]
SQL: SELECT `k`,`v` FROM `emlog_setting`  [ RunTime:0.0010s ]
INFO: [ view_parse ] --START--
INFO: [ template_filter ] --START--
INFO: Run Behavior\ContentReplaceBehavior [ RunTime:0.000000s ]
INFO: [ template_filter ] --END-- [ RunTime:0.000000s ]
NOTIC: [8] Use of undefined constant sitename - assumed 'sitename' E:\phpStudy\WWW\thinkmyblog\blog\Runtime\Cache\Admin\1c1223b37e2b12947ac22f12c0b3919b.php 第 31 行.
NOTIC: [8] Use of undefined constant username - assumed 'username' E:\phpStudy\WWW\thinkmyblog\blog\Runtime\Cache\Admin\1c1223b37e2b12947ac22f12c0b3919b.php 第 49 行.
INFO: Run Behavior\ParseTemplateBehavior [ RunTime:0.007001s ]
INFO: [ view_parse ] --END-- [ RunTime:0.007001s ]
INFO: [ view_filter ] --START--
INFO: Run Behavior\WriteHtmlCacheBehavior [ RunTime:0.001000s ]
INFO: [ view_filter ] --END-- [ RunTime:0.001000s ]
INFO: [ app_end ] --START--
INFO: Run Behavior\ShowPageTraceBehavior [ RunTime:0.000000s ]
INFO: [ app_end ] --END-- [ RunTime:0.000000s ]

[ 2017-08-01T15:35:24+08:00 ] 127.0.0.1 /blog/index.php/Admin/Variable/Index.html
INFO: [ app_init ] --START--
INFO: Run Behavior\BuildLiteBehavior [ RunTime:0.000000s ]
INFO: [ app_init ] --END-- [ RunTime:0.000000s ]
INFO: [ app_begin ] --START--
INFO: Run Behavior\ReadHtmlCacheBehavior [ RunTime:0.000000s ]
INFO: [ app_begin ] --END-- [ RunTime:0.000000s ]
NOTIC: [8] Use of undefined constant username - assumed 'username' E:\phpStudy\WWW\thinkmyblog\blog\Admin\Controller\PublicController.class.php 第 18 行.
SQL: SHOW COLUMNS FROM `emlog_setting` [ RunTime:0.0070s ]
SQL: SELECT `k`,`v` FROM `emlog_setting`  [ RunTime:0.0000s ]
NOTIC: [2048] Declaration of Admin\Model\SettingModel::add() should be compatible with that of Think\Model::add() E:\phpStudy\WWW\thinkmyblog\blog\Admin\Model\SettingModel.class.php 第 123 行.
SQL: SHOW COLUMNS FROM `emlog_setting` [ RunTime:0.0080s ]
SQL: SELECT * FROM `emlog_setting` WHERE ( type = 1 ) ORDER BY id desc  [ RunTime:0.0000s ]
INFO: [ view_parse ] --START--
INFO: [ template_filter ] --START--
INFO: Run Behavior\ContentReplaceBehavior [ RunTime:0.000000s ]
INFO: [ template_filter ] --END-- [ RunTime:0.000000s ]
NOTIC: [8] Use of undefined constant sitename - assumed 'sitename' E:\phpStudy\WWW\thinkmyblog\blog\Runtime\Cache\Admin\313170b195bb4cd5cf65a8f54e5f96e1.php 第 31 行.
NOTIC: [8] Use of undefined constant username - assumed 'username' E:\phpStudy\WWW\thinkmyblog\blog\Runtime\Cache\Admin\313170b195bb4cd5cf65a8f54e5f96e1.php 第 49 行.
INFO: Run Behavior\ParseTemplateBehavior [ RunTime:0.009001s ]
INFO: [ view_parse ] --END-- [ RunTime:0.009001s ]
INFO: [ view_filter ] --START--
INFO: Run Behavior\WriteHtmlCacheBehavior [ RunTime:0.001000s ]
INFO: [ view_filter ] --END-- [ RunTime:0.001000s ]
INFO: [ app_end ] --START--
INFO: Run Behavior\ShowPageTraceBehavior [ RunTime:0.000000s ]
INFO: [ app_end ] --END-- [ RunTime:0.000000s ]

[ 2017-08-01T16:00:19+08:00 ] 127.0.0.1 /blog/index.php/Admin/Variable/index.html
INFO: [ app_init ] --START--
INFO: Run Behavior\BuildLiteBehavior [ RunTime:0.000000s ]
INFO: [ app_init ] --END-- [ RunTime:0.000000s ]
INFO: [ app_begin ] --START--
INFO: Run Behavior\ReadHtmlCacheBehavior [ RunTime:0.001000s ]
INFO: [ app_begin ] --END-- [ RunTime:0.001000s ]
NOTIC: [8] Use of undefined constant username - assumed 'username' E:\phpStudy\WWW\thinkmyblog\blog\Admin\Controller\PublicController.class.php 第 18 行.
SQL: SHOW COLUMNS FROM `emlog_setting` [ RunTime:0.0070s ]
SQL: SELECT `k`,`v` FROM `emlog_setting`  [ RunTime:0.0000s ]
NOTIC: [2048] Declaration of Admin\Model\SettingModel::add() should be compatible with that of Think\Model::add() E:\phpStudy\WWW\thinkmyblog\blog\Admin\Model\SettingModel.class.php 第 123 行.
SQL: SHOW COLUMNS FROM `emlog_setting` [ RunTime:0.0080s ]
SQL: SELECT * FROM `emlog_setting` WHERE ( type = 1 ) ORDER BY id desc  [ RunTime:0.0000s ]
INFO: [ view_parse ] --START--
INFO: [ template_filter ] --START--
INFO: Run Behavior\ContentReplaceBehavior [ RunTime:0.000000s ]
INFO: [ template_filter ] --END-- [ RunTime:0.000000s ]
NOTIC: [8] Use of undefined constant sitename - assumed 'sitename' E:\phpStudy\WWW\thinkmyblog\blog\Runtime\Cache\Admin\cfb0c71b5c04feede9d3bf3961a0b9cb.php 第 31 行.
NOTIC: [8] Use of undefined constant username - assumed 'username' E:\phpStudy\WWW\thinkmyblog\blog\Runtime\Cache\Admin\cfb0c71b5c04feede9d3bf3961a0b9cb.php 第 49 行.
INFO: Run Behavior\ParseTemplateBehavior [ RunTime:0.017001s ]
INFO: [ view_parse ] --END-- [ RunTime:0.017001s ]
INFO: [ view_filter ] --START--
INFO: Run Behavior\WriteHtmlCacheBehavior [ RunTime:0.000000s ]
INFO: [ view_filter ] --END-- [ RunTime:0.000000s ]
INFO: [ app_end ] --START--
INFO: Run Behavior\ShowPageTraceBehavior [ RunTime:0.000000s ]
INFO: [ app_end ] --END-- [ RunTime:0.000000s ]

[ 2017-08-01T16:14:10+08:00 ] 127.0.0.1 /blog/index.php/Admin/Variable/component.html
INFO: [ app_init ] --START--
INFO: Run Behavior\BuildLiteBehavior [ RunTime:0.000000s ]
INFO: [ app_init ] --END-- [ RunTime:0.000000s ]
INFO: [ app_begin ] --START--
INFO: Run Behavior\ReadHtmlCacheBehavior [ RunTime:0.000000s ]
INFO: [ app_begin ] --END-- [ RunTime:0.000000s ]
NOTIC: [8] Use of undefined constant username - assumed 'username' E:\phpStudy\WWW\thinkmyblog\blog\Admin\Controller\PublicController.class.php 第 18 行.
SQL: SHOW COLUMNS FROM `emlog_setting` [ RunTime:0.0070s ]
SQL: SELECT `k`,`v` FROM `emlog_setting`  [ RunTime:0.0000s ]
ERR: 非法操作:component

[ 2017-08-01T16:47:23+08:00 ] 127.0.0.1 /blog/index.php/Admin/Variable/index.html
INFO: [ app_init ] --START--
INFO: Run Behavior\BuildLiteBehavior [ RunTime:0.000000s ]
INFO: [ app_init ] --END-- [ RunTime:0.000000s ]
INFO: [ app_begin ] --START--
INFO: Run Behavior\ReadHtmlCacheBehavior [ RunTime:0.000000s ]
INFO: [ app_begin ] --END-- [ RunTime:0.000000s ]
NOTIC: [8] Use of undefined constant username - assumed 'username' E:\phpStudy\WWW\thinkmyblog\blog\Admin\Controller\PublicController.class.php 第 18 行.
SQL: SHOW COLUMNS FROM `emlog_setting` [ RunTime:0.0070s ]
SQL: SELECT `k`,`v` FROM `emlog_setting`  [ RunTime:0.0000s ]
NOTIC: [2048] Declaration of Admin\Model\SettingModel::add() should be compatible with that of Think\Model::add() E:\phpStudy\WWW\thinkmyblog\blog\Admin\Model\SettingModel.class.php 第 123 行.
SQL: SHOW COLUMNS FROM `emlog_setting` [ RunTime:0.0080s ]
SQL: SELECT * FROM `emlog_setting` WHERE ( type = 1 ) ORDER BY id desc  [ RunTime:0.0000s ]
INFO: [ view_parse ] --START--
INFO: [ template_filter ] --START--
INFO: Run Behavior\ContentReplaceBehavior [ RunTime:0.000000s ]
INFO: [ template_filter ] --END-- [ RunTime:0.001000s ]
NOTIC: [8] Use of undefined constant sitename - assumed 'sitename' E:\phpStudy\WWW\thinkmyblog\blog\Runtime\Cache\Admin\cfb0c71b5c04feede9d3bf3961a0b9cb.php 第 31 行.
NOTIC: [8] Use of undefined constant username - assumed 'username' E:\phpStudy\WWW\thinkmyblog\blog\Runtime\Cache\Admin\cfb0c71b5c04feede9d3bf3961a0b9cb.php 第 49 行.
INFO: Run Behavior\ParseTemplateBehavior [ RunTime:0.017001s ]
INFO: [ view_parse ] --END-- [ RunTime:0.017001s ]
INFO: [ view_filter ] --START--
INFO: Run Behavior\WriteHtmlCacheBehavior [ RunTime:0.000000s ]
INFO: [ view_filter ] --END-- [ RunTime:0.000000s ]
INFO: [ app_end ] --START--
INFO: Run Behavior\ShowPageTraceBehavior [ RunTime:0.001000s ]
INFO: [ app_end ] --END-- [ RunTime:0.001000s ]

[ 2017-08-01T16:48:14+08:00 ] 127.0.0.1 /blog/index.php/Admin/Variable/index.html
INFO: [ app_init ] --START--
INFO: Run Behavior\BuildLiteBehavior [ RunTime:0.000000s ]
INFO: [ app_init ] --END-- [ RunTime:0.000000s ]
INFO: [ app_begin ] --START--
INFO: Run Behavior\ReadHtmlCacheBehavior [ RunTime:0.000000s ]
INFO: [ app_begin ] --END-- [ RunTime:0.000000s ]
NOTIC: [8] Use of undefined constant username - assumed 'username' E:\phpStudy\WWW\thinkmyblog\blog\Admin\Controller\PublicController.class.php 第 18 行.
SQL: SHOW COLUMNS FROM `emlog_setting` [ RunTime:0.0080s ]
SQL: SELECT `k`,`v` FROM `emlog_setting`  [ RunTime:0.0010s ]
NOTIC: [2048] Declaration of Admin\Model\SettingModel::add() should be compatible with that of Think\Model::add() E:\phpStudy\WWW\thinkmyblog\blog\Admin\Model\SettingModel.class.php 第 123 行.
SQL: SHOW COLUMNS FROM `emlog_setting` [ RunTime:0.0070s ]
SQL: SELECT * FROM `emlog_setting` WHERE ( type = 1 ) ORDER BY id desc  [ RunTime:0.0000s ]
INFO: [ view_parse ] --START--
INFO: [ template_filter ] --START--
INFO: Run Behavior\ContentReplaceBehavior [ RunTime:0.000000s ]
INFO: [ template_filter ] --END-- [ RunTime:0.000000s ]
NOTIC: [8] Use of undefined constant sitename - assumed 'sitename' E:\phpStudy\WWW\thinkmyblog\blog\Runtime\Cache\Admin\cfb0c71b5c04feede9d3bf3961a0b9cb.php 第 31 行.
NOTIC: [8] Use of undefined constant username - assumed 'username' E:\phpStudy\WWW\thinkmyblog\blog\Runtime\Cache\Admin\cfb0c71b5c04feede9d3bf3961a0b9cb.php 第 49 行.
INFO: Run Behavior\ParseTemplateBehavior [ RunTime:0.009001s ]
INFO: [ view_parse ] --END-- [ RunTime:0.009001s ]
INFO: [ view_filter ] --START--
INFO: Run Behavior\WriteHtmlCacheBehavior [ RunTime:0.000000s ]
INFO: [ view_filter ] --END-- [ RunTime:0.000000s ]
INFO: [ app_end ] --START--
INFO: Run Behavior\ShowPageTraceBehavior [ RunTime:0.001000s ]
INFO: [ app_end ] --END-- [ RunTime:0.001000s ]

[ 2017-08-01T16:48:36+08:00 ] 127.0.0.1 /blog/index.php/Admin/Variable/index.html
INFO: [ app_init ] --START--
INFO: Run Behavior\BuildLiteBehavior [ RunTime:0.000000s ]
INFO: [ app_init ] --END-- [ RunTime:0.001000s ]
INFO: [ app_begin ] --START--
INFO: Run Behavior\ReadHtmlCacheBehavior [ RunTime:0.000000s ]
INFO: [ app_begin ] --END-- [ RunTime:0.000000s ]
NOTIC: [8] Use of undefined constant username - assumed 'username' E:\phpStudy\WWW\thinkmyblog\blog\Admin\Controller\PublicController.class.php 第 18 行.
SQL: SHOW COLUMNS FROM `emlog_setting` [ RunTime:0.0070s ]
SQL: SELECT `k`,`v` FROM `emlog_setting`  [ RunTime:0.0000s ]
NOTIC: [2048] Declaration of Admin\Model\SettingModel::add() should be compatible with that of Think\Model::add() E:\phpStudy\WWW\thinkmyblog\blog\Admin\Model\SettingModel.class.php 第 123 行.
SQL: SHOW COLUMNS FROM `emlog_setting` [ RunTime:0.0090s ]
SQL: SELECT * FROM `emlog_setting` WHERE ( type = 1 ) ORDER BY id desc  [ RunTime:0.0000s ]
INFO: [ view_parse ] --START--
INFO: [ template_filter ] --START--
INFO: Run Behavior\ContentReplaceBehavior [ RunTime:0.000000s ]
INFO: [ template_filter ] --END-- [ RunTime:0.001000s ]
NOTIC: [8] Use of undefined constant sitename - assumed 'sitename' E:\phpStudy\WWW\thinkmyblog\blog\Runtime\Cache\Admin\cfb0c71b5c04feede9d3bf3961a0b9cb.php 第 31 行.
NOTIC: [8] Use of undefined constant username - assumed 'username' E:\phpStudy\WWW\thinkmyblog\blog\Runtime\Cache\Admin\cfb0c71b5c04feede9d3bf3961a0b9cb.php 第 49 行.
INFO: Run Behavior\ParseTemplateBehavior [ RunTime:0.011001s ]
INFO: [ view_parse ] --END-- [ RunTime:0.011001s ]
INFO: [ view_filter ] --START--
INFO: Run Behavior\WriteHtmlCacheBehavior [ RunTime:0.001000s ]
INFO: [ view_filter ] --END-- [ RunTime:0.001000s ]
INFO: [ app_end ] --START--
INFO: Run Behavior\ShowPageTraceBehavior [ RunTime:0.000000s ]
INFO: [ app_end ] --END-- [ RunTime:0.000000s ]

[ 2017-08-01T16:49:23+08:00 ] 127.0.0.1 /blog/index.php/Admin/Variable/index.html
INFO: [ app_init ] --START--
INFO: Run Behavior\BuildLiteBehavior [ RunTime:0.000000s ]
INFO: [ app_init ] --END-- [ RunTime:0.000000s ]
INFO: [ app_begin ] --START--
INFO: Run Behavior\ReadHtmlCacheBehavior [ RunTime:0.001000s ]
INFO: [ app_begin ] --END-- [ RunTime:0.001000s ]
NOTIC: [8] Use of undefined constant username - assumed 'username' E:\phpStudy\WWW\thinkmyblog\blog\Admin\Controller\PublicController.class.php 第 18 行.
SQL: SHOW COLUMNS FROM `emlog_setting` [ RunTime:0.0080s ]
SQL: SELECT `k`,`v` FROM `emlog_setting`  [ RunTime:0.0010s ]
NOTIC: [2048] Declaration of Admin\Model\SettingModel::add() should be compatible with that of Think\Model::add() E:\phpStudy\WWW\thinkmyblog\blog\Admin\Model\SettingModel.class.php 第 123 行.
SQL: SHOW COLUMNS FROM `emlog_setting` [ RunTime:0.0080s ]
SQL: SELECT * FROM `emlog_setting` WHERE ( type = 1 ) ORDER BY id desc  [ RunTime:0.0010s ]
INFO: [ view_parse ] --START--
INFO: [ template_filter ] --START--
INFO: Run Behavior\ContentReplaceBehavior [ RunTime:0.001000s ]
INFO: [ template_filter ] --END-- [ RunTime:0.001000s ]
NOTIC: [8] Use of undefined constant sitename - assumed 'sitename' E:\phpStudy\WWW\thinkmyblog\blog\Runtime\Cache\Admin\cfb0c71b5c04feede9d3bf3961a0b9cb.php 第 31 行.
NOTIC: [8] Use of undefined constant username - assumed 'username' E:\phpStudy\WWW\thinkmyblog\blog\Runtime\Cache\Admin\cfb0c71b5c04feede9d3bf3961a0b9cb.php 第 49 行.
INFO: Run Behavior\ParseTemplateBehavior [ RunTime:0.009000s ]
INFO: [ view_parse ] --END-- [ RunTime:0.009000s ]
INFO: [ view_filter ] --START--
INFO: Run Behavior\WriteHtmlCacheBehavior [ RunTime:0.000000s ]
INFO: [ view_filter ] --END-- [ RunTime:0.000000s ]
INFO: [ app_end ] --START--
INFO: Run Behavior\ShowPageTraceBehavior [ RunTime:0.000000s ]
INFO: [ app_end ] --END-- [ RunTime:0.000000s ]

[ 2017-08-01T16:50:17+08:00 ] 127.0.0.1 /blog/index.php/Admin/Variable/index.html
INFO: [ app_init ] --START--
INFO: Run Behavior\BuildLiteBehavior [ RunTime:0.000000s ]
INFO: [ app_init ] --END-- [ RunTime:0.001000s ]
INFO: [ app_begin ] --START--
INFO: Run Behavior\ReadHtmlCacheBehavior [ RunTime:0.001000s ]
INFO: [ app_begin ] --END-- [ RunTime:0.001000s ]
NOTIC: [8] Use of undefined constant username - assumed 'username' E:\phpStudy\WWW\thinkmyblog\blog\Admin\Controller\PublicController.class.php 第 18 行.
SQL: SHOW COLUMNS FROM `emlog_setting` [ RunTime:0.0070s ]
SQL: SELECT `k`,`v` FROM `emlog_setting`  [ RunTime:0.0000s ]
NOTIC: [2048] Declaration of Admin\Model\SettingModel::add() should be compatible with that of Think\Model::add() E:\phpStudy\WWW\thinkmyblog\blog\Admin\Model\SettingModel.class.php 第 123 行.
SQL: SHOW COLUMNS FROM `emlog_setting` [ RunTime:0.0080s ]
SQL: SELECT * FROM `emlog_setting` WHERE ( type = 1 ) ORDER BY id desc  [ RunTime:0.0000s ]
INFO: [ view_parse ] --START--
INFO: [ template_filter ] --START--
INFO: Run Behavior\ContentReplaceBehavior [ RunTime:0.000000s ]
INFO: [ template_filter ] --END-- [ RunTime:0.000000s ]
NOTIC: [8] Use of undefined constant sitename - assumed 'sitename' E:\phpStudy\WWW\thinkmyblog\blog\Runtime\Cache\Admin\cfb0c71b5c04feede9d3bf3961a0b9cb.php 第 31 行.
NOTIC: [8] Use of undefined constant username - assumed 'username' E:\phpStudy\WWW\thinkmyblog\blog\Runtime\Cache\Admin\cfb0c71b5c04feede9d3bf3961a0b9cb.php 第 49 行.
INFO: Run Behavior\ParseTemplateBehavior [ RunTime:0.009000s ]
INFO: [ view_parse ] --END-- [ RunTime:0.009000s ]
INFO: [ view_filter ] --START--
INFO: Run Behavior\WriteHtmlCacheBehavior [ RunTime:0.001001s ]
INFO: [ view_filter ] --END-- [ RunTime:0.001001s ]
INFO: [ app_end ] --START--
INFO: Run Behavior\ShowPageTraceBehavior [ RunTime:0.000000s ]
INFO: [ app_end ] --END-- [ RunTime:0.000000s ]

[ 2017-08-01T16:51:52+08:00 ] 127.0.0.1 /blog/index.php/Admin/Variable/index.html
INFO: [ app_init ] --START--
INFO: Run Behavior\BuildLiteBehavior [ RunTime:0.000000s ]
INFO: [ app_init ] --END-- [ RunTime:0.000000s ]
INFO: [ app_begin ] --START--
INFO: Run Behavior\ReadHtmlCacheBehavior [ RunTime:0.000000s ]
INFO: [ app_begin ] --END-- [ RunTime:0.000000s ]
NOTIC: [8] Use of undefined constant username - assumed 'username' E:\phpStudy\WWW\thinkmyblog\blog\Admin\Controller\PublicController.class.php 第 18 行.
SQL: SHOW COLUMNS FROM `emlog_setting` [ RunTime:0.0080s ]
SQL: SELECT `k`,`v` FROM `emlog_setting`  [ RunTime:0.0000s ]
NOTIC: [2048] Declaration of Admin\Model\SettingModel::add() should be compatible with that of Think\Model::add() E:\phpStudy\WWW\thinkmyblog\blog\Admin\Model\SettingModel.class.php 第 123 行.
SQL: SHOW COLUMNS FROM `emlog_setting` [ RunTime:0.0080s ]
SQL: SELECT * FROM `emlog_setting` WHERE ( type = 1 ) ORDER BY id desc  [ RunTime:0.0000s ]
INFO: [ view_parse ] --START--
INFO: [ template_filter ] --START--
INFO: Run Behavior\ContentReplaceBehavior [ RunTime:0.000000s ]
INFO: [ template_filter ] --END-- [ RunTime:0.000000s ]
NOTIC: [8] Use of undefined constant sitename - assumed 'sitename' E:\phpStudy\WWW\thinkmyblog\blog\Runtime\Cache\Admin\cfb0c71b5c04feede9d3bf3961a0b9cb.php 第 31 行.
NOTIC: [8] Use of undefined constant username - assumed 'username' E:\phpStudy\WWW\thinkmyblog\blog\Runtime\Cache\Admin\cfb0c71b5c04feede9d3bf3961a0b9cb.php 第 49 行.
INFO: Run Behavior\ParseTemplateBehavior [ RunTime:0.010000s ]
INFO: [ view_parse ] --END-- [ RunTime:0.010000s ]
INFO: [ view_filter ] --START--
INFO: Run Behavior\WriteHtmlCacheBehavior [ RunTime:0.000000s ]
INFO: [ view_filter ] --END-- [ RunTime:0.000000s ]
INFO: [ app_end ] --START--
INFO: Run Behavior\ShowPageTraceBehavior [ RunTime:0.000000s ]
INFO: [ app_end ] --END-- [ RunTime:0.000000s ]

[ 2017-08-01T17:05:46+08:00 ] 127.0.0.1 /blog/index.php/Admin/Variable/index.html
INFO: [ app_init ] --START--
INFO: Run Behavior\BuildLiteBehavior [ RunTime:0.000000s ]
INFO: [ app_init ] --END-- [ RunTime:0.000000s ]
INFO: [ app_begin ] --START--
INFO: Run Behavior\ReadHtmlCacheBehavior [ RunTime:0.001000s ]
INFO: [ app_begin ] --END-- [ RunTime:0.001000s ]
NOTIC: [8] Use of undefined constant username - assumed 'username' E:\phpStudy\WWW\thinkmyblog\blog\Admin\Controller\PublicController.class.php 第 18 行.
SQL: SHOW COLUMNS FROM `emlog_setting` [ RunTime:0.0070s ]
SQL: SELECT `k`,`v` FROM `emlog_setting`  [ RunTime:0.0000s ]
NOTIC: [2048] Declaration of Admin\Model\SettingModel::add() should be compatible with that of Think\Model::add() E:\phpStudy\WWW\thinkmyblog\blog\Admin\Model\SettingModel.class.php 第 123 行.
SQL: SHOW COLUMNS FROM `emlog_setting` [ RunTime:0.0070s ]
SQL: SELECT * FROM `emlog_setting` WHERE ( type = 1 ) ORDER BY id desc  [ RunTime:0.0000s ]
INFO: [ view_parse ] --START--
INFO: [ template_filter ] --START--
INFO: Run Behavior\ContentReplaceBehavior [ RunTime:0.000000s ]
INFO: [ template_filter ] --END-- [ RunTime:0.000000s ]
NOTIC: [8] Use of undefined constant sitename - assumed 'sitename' E:\phpStudy\WWW\thinkmyblog\blog\Runtime\Cache\Admin\cfb0c71b5c04feede9d3bf3961a0b9cb.php 第 31 行.
NOTIC: [8] Use of undefined constant username - assumed 'username' E:\phpStudy\WWW\thinkmyblog\blog\Runtime\Cache\Admin\cfb0c71b5c04feede9d3bf3961a0b9cb.php 第 49 行.
INFO: Run Behavior\ParseTemplateBehavior [ RunTime:0.017001s ]
INFO: [ view_parse ] --END-- [ RunTime:0.017001s ]
INFO: [ view_filter ] --START--
INFO: Run Behavior\WriteHtmlCacheBehavior [ RunTime:0.000000s ]
INFO: [ view_filter ] --END-- [ RunTime:0.000000s ]
INFO: [ app_end ] --START--
INFO: Run Behavior\ShowPageTraceBehavior [ RunTime:0.001000s ]
INFO: [ app_end ] --END-- [ RunTime:0.001000s ]

[ 2017-08-01T17:06:34+08:00 ] 127.0.0.1 /blog/index.php/Admin/Variable/index.html
INFO: [ app_init ] --START--
INFO: Run Behavior\BuildLiteBehavior [ RunTime:0.000000s ]
INFO: [ app_init ] --END-- [ RunTime:0.000000s ]
INFO: [ app_begin ] --START--
INFO: Run Behavior\ReadHtmlCacheBehavior [ RunTime:0.000000s ]
INFO: [ app_begin ] --END-- [ RunTime:0.000000s ]
NOTIC: [8] Use of undefined constant username - assumed 'username' E:\phpStudy\WWW\thinkmyblog\blog\Admin\Controller\PublicController.class.php 第 18 行.
SQL: SHOW COLUMNS FROM `emlog_setting` [ RunTime:0.0080s ]
SQL: SELECT `k`,`v` FROM `emlog_setting`  [ RunTime:0.0000s ]
NOTIC: [2048] Declaration of Admin\Model\SettingModel::add() should be compatible with that of Think\Model::add() E:\phpStudy\WWW\thinkmyblog\blog\Admin\Model\SettingModel.class.php 第 123 行.
SQL: SHOW COLUMNS FROM `emlog_setting` [ RunTime:0.0050s ]
SQL: SELECT * FROM `emlog_setting` WHERE ( type = 1 ) ORDER BY id desc  [ RunTime:0.0010s ]
INFO: [ view_parse ] --START--
INFO: [ template_filter ] --START--
INFO: Run Behavior\ContentReplaceBehavior [ RunTime:0.000000s ]
INFO: [ template_filter ] --END-- [ RunTime:0.000000s ]
NOTIC: [8] Use of undefined constant sitename - assumed 'sitename' E:\phpStudy\WWW\thinkmyblog\blog\Runtime\Cache\Admin\cfb0c71b5c04feede9d3bf3961a0b9cb.php 第 31 行.
NOTIC: [8] Use of undefined constant username - assumed 'username' E:\phpStudy\WWW\thinkmyblog\blog\Runtime\Cache\Admin\cfb0c71b5c04feede9d3bf3961a0b9cb.php 第 49 行.
INFO: Run Behavior\ParseTemplateBehavior [ RunTime:0.009000s ]
INFO: [ view_parse ] --END-- [ RunTime:0.009000s ]
INFO: [ view_filter ] --START--
INFO: Run Behavior\WriteHtmlCacheBehavior [ RunTime:0.001000s ]
INFO: [ view_filter ] --END-- [ RunTime:0.001000s ]
INFO: [ app_end ] --START--
INFO: Run Behavior\ShowPageTraceBehavior [ RunTime:0.000000s ]
INFO: [ app_end ] --END-- [ RunTime:0.000000s ]

[ 2017-08-01T17:12:36+08:00 ] 127.0.0.1 /blog/index.php/Admin/Variable/index.html
INFO: [ app_init ] --START--
INFO: Run Behavior\BuildLiteBehavior [ RunTime:0.000000s ]
INFO: [ app_init ] --END-- [ RunTime:0.000000s ]
INFO: [ app_begin ] --START--
INFO: Run Behavior\ReadHtmlCacheBehavior [ RunTime:0.001000s ]
INFO: [ app_begin ] --END-- [ RunTime:0.001000s ]
NOTIC: [8] Use of undefined constant username - assumed 'username' E:\phpStudy\WWW\thinkmyblog\blog\Admin\Controller\PublicController.class.php 第 18 行.
SQL: SHOW COLUMNS FROM `emlog_setting` [ RunTime:0.0070s ]
SQL: SELECT `k`,`v` FROM `emlog_setting`  [ RunTime:0.0000s ]
NOTIC: [2048] Declaration of Admin\Model\SettingModel::add() should be compatible with that of Think\Model::add() E:\phpStudy\WWW\thinkmyblog\blog\Admin\Model\SettingModel.class.php 第 123 行.
SQL: SHOW COLUMNS FROM `emlog_setting` [ RunTime:0.0070s ]
SQL: SELECT * FROM `emlog_setting` WHERE ( type = 1 ) ORDER BY id desc  [ RunTime:0.0000s ]
INFO: [ view_parse ] --START--
INFO: [ template_filter ] --START--
INFO: Run Behavior\ContentReplaceBehavior [ RunTime:0.000000s ]
INFO: [ template_filter ] --END-- [ RunTime:0.000000s ]
NOTIC: [8] Use of undefined constant sitename - assumed 'sitename' E:\phpStudy\WWW\thinkmyblog\blog\Runtime\Cache\Admin\cfb0c71b5c04feede9d3bf3961a0b9cb.php 第 31 行.
NOTIC: [8] Use of undefined constant username - assumed 'username' E:\phpStudy\WWW\thinkmyblog\blog\Runtime\Cache\Admin\cfb0c71b5c04feede9d3bf3961a0b9cb.php 第 49 行.
INFO: Run Behavior\ParseTemplateBehavior [ RunTime:0.011001s ]
INFO: [ view_parse ] --END-- [ RunTime:0.011001s ]
INFO: [ view_filter ] --START--
INFO: Run Behavior\WriteHtmlCacheBehavior [ RunTime:0.000000s ]
INFO: [ view_filter ] --END-- [ RunTime:0.000000s ]
INFO: [ app_end ] --START--
INFO: Run Behavior\ShowPageTraceBehavior [ RunTime:0.001000s ]
INFO: [ app_end ] --END-- [ RunTime:0.001000s ]

[ 2017-08-01T17:13:45+08:00 ] 127.0.0.1 /blog/index.php/Admin/Variable/index.html
INFO: [ app_init ] --START--
INFO: Run Behavior\BuildLiteBehavior [ RunTime:0.000000s ]
INFO: [ app_init ] --END-- [ RunTime:0.000000s ]
INFO: [ app_begin ] --START--
INFO: Run Behavior\ReadHtmlCacheBehavior [ RunTime:0.001000s ]
INFO: [ app_begin ] --END-- [ RunTime:0.001000s ]
NOTIC: [8] Use of undefined constant username - assumed 'username' E:\phpStudy\WWW\thinkmyblog\blog\Admin\Controller\PublicController.class.php 第 18 行.
SQL: SHOW COLUMNS FROM `emlog_setting` [ RunTime:0.0080s ]
SQL: SELECT `k`,`v` FROM `emlog_setting`  [ RunTime:0.0010s ]
NOTIC: [2048] Declaration of Admin\Model\SettingModel::add() should be compatible with that of Think\Model::add() E:\phpStudy\WWW\thinkmyblog\blog\Admin\Model\SettingModel.class.php 第 123 行.
SQL: SHOW COLUMNS FROM `emlog_setting` [ RunTime:0.0080s ]
SQL: SELECT * FROM `emlog_setting` WHERE ( type = 1 ) ORDER BY id desc  [ RunTime:0.0000s ]
INFO: [ view_parse ] --START--
INFO: [ template_filter ] --START--
INFO: Run Behavior\ContentReplaceBehavior [ RunTime:0.000000s ]
INFO: [ template_filter ] --END-- [ RunTime:0.000000s ]
NOTIC: [8] Use of undefined constant sitename - assumed 'sitename' E:\phpStudy\WWW\thinkmyblog\blog\Runtime\Cache\Admin\cfb0c71b5c04feede9d3bf3961a0b9cb.php 第 31 行.
NOTIC: [8] Use of undefined constant username - assumed 'username' E:\phpStudy\WWW\thinkmyblog\blog\Runtime\Cache\Admin\cfb0c71b5c04feede9d3bf3961a0b9cb.php 第 49 行.
INFO: Run Behavior\ParseTemplateBehavior [ RunTime:0.017001s ]
INFO: [ view_parse ] --END-- [ RunTime:0.017001s ]
INFO: [ view_filter ] --START--
INFO: Run Behavior\WriteHtmlCacheBehavior [ RunTime:0.000000s ]
INFO: [ view_filter ] --END-- [ RunTime:0.000000s ]
INFO: [ app_end ] --START--
INFO: Run Behavior\ShowPageTraceBehavior [ RunTime:0.000000s ]
INFO: [ app_end ] --END-- [ RunTime:0.000000s ]

[ 2017-08-01T17:19:03+08:00 ] 127.0.0.1 /blog/index.php/Admin/Variable/index.html
INFO: [ app_init ] --START--
INFO: Run Behavior\BuildLiteBehavior [ RunTime:0.000000s ]
INFO: [ app_init ] --END-- [ RunTime:0.000000s ]
INFO: [ app_begin ] --START--
INFO: Run Behavior\ReadHtmlCacheBehavior [ RunTime:0.001000s ]
INFO: [ app_begin ] --END-- [ RunTime:0.001000s ]
NOTIC: [8] Use of undefined constant username - assumed 'username' E:\phpStudy\WWW\thinkmyblog\blog\Admin\Controller\PublicController.class.php 第 18 行.
SQL: SHOW COLUMNS FROM `emlog_setting` [ RunTime:0.0080s ]
SQL: SELECT `k`,`v` FROM `emlog_setting`  [ RunTime:0.0000s ]
NOTIC: [2048] Declaration of Admin\Model\SettingModel::add() should be compatible with that of Think\Model::add() E:\phpStudy\WWW\thinkmyblog\blog\Admin\Model\SettingModel.class.php 第 123 行.
SQL: SHOW COLUMNS FROM `emlog_setting` [ RunTime:0.0070s ]
SQL: SELECT * FROM `emlog_setting` WHERE ( type = 1 ) ORDER BY id desc  [ RunTime:0.0000s ]
INFO: [ view_parse ] --START--
INFO: [ template_filter ] --START--
INFO: Run Behavior\ContentReplaceBehavior [ RunTime:0.000000s ]
INFO: [ template_filter ] --END-- [ RunTime:0.000000s ]
NOTIC: [8] Use of undefined constant sitename - assumed 'sitename' E:\phpStudy\WWW\thinkmyblog\blog\Runtime\Cache\Admin\cfb0c71b5c04feede9d3bf3961a0b9cb.php 第 31 行.
NOTIC: [8] Use of undefined constant username - assumed 'username' E:\phpStudy\WWW\thinkmyblog\blog\Runtime\Cache\Admin\cfb0c71b5c04feede9d3bf3961a0b9cb.php 第 49 行.
INFO: Run Behavior\ParseTemplateBehavior [ RunTime:0.010000s ]
INFO: [ view_parse ] --END-- [ RunTime:0.010000s ]
INFO: [ view_filter ] --START--
INFO: Run Behavior\WriteHtmlCacheBehavior [ RunTime:0.000000s ]
INFO: [ view_filter ] --END-- [ RunTime:0.000000s ]
INFO: [ app_end ] --START--
INFO: Run Behavior\ShowPageTraceBehavior [ RunTime:0.000000s ]
INFO: [ app_end ] --END-- [ RunTime:0.000000s ]

[ 2017-08-01T17:19:30+08:00 ] 127.0.0.1 /blog/index.php/Admin/Variable/index.html
INFO: [ app_init ] --START--
INFO: Run Behavior\BuildLiteBehavior [ RunTime:0.000000s ]
INFO: [ app_init ] --END-- [ RunTime:0.000000s ]
INFO: [ app_begin ] --START--
INFO: Run Behavior\ReadHtmlCacheBehavior [ RunTime:0.000000s ]
INFO: [ app_begin ] --END-- [ RunTime:0.000000s ]
NOTIC: [8] Use of undefined constant username - assumed 'username' E:\phpStudy\WWW\thinkmyblog\blog\Admin\Controller\PublicController.class.php 第 18 行.
SQL: SHOW COLUMNS FROM `emlog_setting` [ RunTime:0.0080s ]
SQL: SELECT `k`,`v` FROM `emlog_setting`  [ RunTime:0.0000s ]
NOTIC: [2048] Declaration of Admin\Model\SettingModel::add() should be compatible with that of Think\Model::add() E:\phpStudy\WWW\thinkmyblog\blog\Admin\Model\SettingModel.class.php 第 123 行.
SQL: SHOW COLUMNS FROM `emlog_setting` [ RunTime:0.0080s ]
SQL: SELECT * FROM `emlog_setting` WHERE ( type = 1 ) ORDER BY id desc  [ RunTime:0.0010s ]
INFO: [ view_parse ] --START--
INFO: [ template_filter ] --START--
INFO: Run Behavior\ContentReplaceBehavior [ RunTime:0.000000s ]
INFO: [ template_filter ] --END-- [ RunTime:0.000000s ]
NOTIC: [8] Use of undefined constant sitename - assumed 'sitename' E:\phpStudy\WWW\thinkmyblog\blog\Runtime\Cache\Admin\cfb0c71b5c04feede9d3bf3961a0b9cb.php 第 31 行.
NOTIC: [8] Use of undefined constant username - assumed 'username' E:\phpStudy\WWW\thinkmyblog\blog\Runtime\Cache\Admin\cfb0c71b5c04feede9d3bf3961a0b9cb.php 第 49 行.
INFO: Run Behavior\ParseTemplateBehavior [ RunTime:0.009001s ]
INFO: [ view_parse ] --END-- [ RunTime:0.009001s ]
INFO: [ view_filter ] --START--
INFO: Run Behavior\WriteHtmlCacheBehavior [ RunTime:0.000000s ]
INFO: [ view_filter ] --END-- [ RunTime:0.000000s ]
INFO: [ app_end ] --START--
INFO: Run Behavior\ShowPageTraceBehavior [ RunTime:0.001000s ]
INFO: [ app_end ] --END-- [ RunTime:0.001000s ]

[ 2017-08-01T17:19:52+08:00 ] 127.0.0.1 /blog/index.php/Admin/Variable/index.html
INFO: [ app_init ] --START--
INFO: Run Behavior\BuildLiteBehavior [ RunTime:0.000000s ]
INFO: [ app_init ] --END-- [ RunTime:0.000000s ]
INFO: [ app_begin ] --START--
INFO: Run Behavior\ReadHtmlCacheBehavior [ RunTime:0.000000s ]
INFO: [ app_begin ] --END-- [ RunTime:0.000000s ]
NOTIC: [8] Use of undefined constant username - assumed 'username' E:\phpStudy\WWW\thinkmyblog\blog\Admin\Controller\PublicController.class.php 第 18 行.
SQL: SHOW COLUMNS FROM `emlog_setting` [ RunTime:0.0070s ]
SQL: SELECT `k`,`v` FROM `emlog_setting`  [ RunTime:0.0000s ]
NOTIC: [2048] Declaration of Admin\Model\SettingModel::add() should be compatible with that of Think\Model::add() E:\phpStudy\WWW\thinkmyblog\blog\Admin\Model\SettingModel.class.php 第 123 行.
SQL: SHOW COLUMNS FROM `emlog_setting` [ RunTime:0.0080s ]
SQL: SELECT * FROM `emlog_setting` WHERE ( type = 1 ) ORDER BY id desc  [ RunTime:0.0000s ]
INFO: [ view_parse ] --START--
INFO: [ template_filter ] --START--
INFO: Run Behavior\ContentReplaceBehavior [ RunTime:0.000000s ]
INFO: [ template_filter ] --END-- [ RunTime:0.000000s ]
NOTIC: [8] Use of undefined constant sitename - assumed 'sitename' E:\phpStudy\WWW\thinkmyblog\blog\Runtime\Cache\Admin\cfb0c71b5c04feede9d3bf3961a0b9cb.php 第 31 行.
NOTIC: [8] Use of undefined constant username - assumed 'username' E:\phpStudy\WWW\thinkmyblog\blog\Runtime\Cache\Admin\cfb0c71b5c04feede9d3bf3961a0b9cb.php 第 49 行.
INFO: Run Behavior\ParseTemplateBehavior [ RunTime:0.009001s ]
INFO: [ view_parse ] --END-- [ RunTime:0.009001s ]
INFO: [ view_filter ] --START--
INFO: Run Behavior\WriteHtmlCacheBehavior [ RunTime:0.000000s ]
INFO: [ view_filter ] --END-- [ RunTime:0.000000s ]
INFO: [ app_end ] --START--
INFO: Run Behavior\ShowPageTraceBehavior [ RunTime:0.001000s ]
INFO: [ app_end ] --END-- [ RunTime:0.001000s ]

[ 2017-08-01T17:20:59+08:00 ] 127.0.0.1 /blog/index.php/Admin/Variable/index.html
INFO: [ app_init ] --START--
INFO: Run Behavior\BuildLiteBehavior [ RunTime:0.000000s ]
INFO: [ app_init ] --END-- [ RunTime:0.000000s ]
INFO: [ app_begin ] --START--
INFO: Run Behavior\ReadHtmlCacheBehavior [ RunTime:0.000000s ]
INFO: [ app_begin ] --END-- [ RunTime:0.000000s ]
NOTIC: [8] Use of undefined constant username - assumed 'username' E:\phpStudy\WWW\thinkmyblog\blog\Admin\Controller\PublicController.class.php 第 18 行.
SQL: SHOW COLUMNS FROM `emlog_setting` [ RunTime:0.0080s ]
SQL: SELECT `k`,`v` FROM `emlog_setting`  [ RunTime:0.0000s ]
NOTIC: [2048] Declaration of Admin\Model\SettingModel::add() should be compatible with that of Think\Model::add() E:\phpStudy\WWW\thinkmyblog\blog\Admin\Model\SettingModel.class.php 第 123 行.
SQL: SHOW COLUMNS FROM `emlog_setting` [ RunTime:0.0070s ]
SQL: SELECT * FROM `emlog_setting` WHERE ( type = 1 ) ORDER BY id desc  [ RunTime:0.0000s ]
INFO: [ view_parse ] --START--
INFO: [ template_filter ] --START--
INFO: Run Behavior\ContentReplaceBehavior [ RunTime:0.000000s ]
INFO: [ template_filter ] --END-- [ RunTime:0.000000s ]
NOTIC: [8] Use of undefined constant sitename - assumed 'sitename' E:\phpStudy\WWW\thinkmyblog\blog\Runtime\Cache\Admin\cfb0c71b5c04feede9d3bf3961a0b9cb.php 第 31 行.
NOTIC: [8] Use of undefined constant username - assumed 'username' E:\phpStudy\WWW\thinkmyblog\blog\Runtime\Cache\Admin\cfb0c71b5c04feede9d3bf3961a0b9cb.php 第 49 行.
INFO: Run Behavior\ParseTemplateBehavior [ RunTime:0.008000s ]
INFO: [ view_parse ] --END-- [ RunTime:0.008000s ]
INFO: [ view_filter ] --START--
INFO: Run Behavior\WriteHtmlCacheBehavior [ RunTime:0.000000s ]
INFO: [ view_filter ] --END-- [ RunTime:0.000000s ]
INFO: [ app_end ] --START--
INFO: Run Behavior\ShowPageTraceBehavior [ RunTime:0.000000s ]
INFO: [ app_end ] --END-- [ RunTime:0.000000s ]

[ 2017-08-01T17:23:03+08:00 ] 127.0.0.1 /blog/index.php/Admin/Variable/index.html
INFO: [ app_init ] --START--
INFO: Run Behavior\BuildLiteBehavior [ RunTime:0.000000s ]
INFO: [ app_init ] --END-- [ RunTime:0.000000s ]
INFO: [ app_begin ] --START--
INFO: Run Behavior\ReadHtmlCacheBehavior [ RunTime:0.000000s ]
INFO: [ app_begin ] --END-- [ RunTime:0.000000s ]
NOTIC: [8] Use of undefined constant username - assumed 'username' E:\phpStudy\WWW\thinkmyblog\blog\Admin\Controller\PublicController.class.php 第 18 行.
SQL: SHOW COLUMNS FROM `emlog_setting` [ RunTime:0.0080s ]
SQL: SELECT `k`,`v` FROM `emlog_setting`  [ RunTime:0.0000s ]
NOTIC: [2048] Declaration of Admin\Model\SettingModel::add() should be compatible with that of Think\Model::add() E:\phpStudy\WWW\thinkmyblog\blog\Admin\Model\SettingModel.class.php 第 123 行.
SQL: SHOW COLUMNS FROM `emlog_setting` [ RunTime:0.0090s ]
SQL: SELECT * FROM `emlog_setting` WHERE ( type = 1 ) ORDER BY id desc  [ RunTime:0.0000s ]
INFO: [ view_parse ] --START--
INFO: [ template_filter ] --START--
INFO: Run Behavior\ContentReplaceBehavior [ RunTime:0.000000s ]
INFO: [ template_filter ] --END-- [ RunTime:0.000000s ]
NOTIC: [8] Use of undefined constant sitename - assumed 'sitename' E:\phpStudy\WWW\thinkmyblog\blog\Runtime\Cache\Admin\cfb0c71b5c04feede9d3bf3961a0b9cb.php 第 31 行.
NOTIC: [8] Use of undefined constant username - assumed 'username' E:\phpStudy\WWW\thinkmyblog\blog\Runtime\Cache\Admin\cfb0c71b5c04feede9d3bf3961a0b9cb.php 第 49 行.
INFO: Run Behavior\ParseTemplateBehavior [ RunTime:0.017001s ]
INFO: [ view_parse ] --END-- [ RunTime:0.017001s ]
INFO: [ view_filter ] --START--
INFO: Run Behavior\WriteHtmlCacheBehavior [ RunTime:0.000000s ]
INFO: [ view_filter ] --END-- [ RunTime:0.000000s ]
INFO: [ app_end ] --START--
INFO: Run Behavior\ShowPageTraceBehavior [ RunTime:0.000000s ]
INFO: [ app_end ] --END-- [ RunTime:0.000000s ]

[ 2017-08-01T17:24:01+08:00 ] 127.0.0.1 /blog/index.php/Admin/Variable/index.html
INFO: [ app_init ] --START--
INFO: Run Behavior\BuildLiteBehavior [ RunTime:0.000000s ]
INFO: [ app_init ] --END-- [ RunTime:0.000000s ]
INFO: [ app_begin ] --START--
INFO: Run Behavior\ReadHtmlCacheBehavior [ RunTime:0.000000s ]
INFO: [ app_begin ] --END-- [ RunTime:0.000000s ]
NOTIC: [8] Use of undefined constant username - assumed 'username' E:\phpStudy\WWW\thinkmyblog\blog\Admin\Controller\PublicController.class.php 第 18 行.
SQL: SHOW COLUMNS FROM `emlog_setting` [ RunTime:0.0070s ]
SQL: SELECT `k`,`v` FROM `emlog_setting`  [ RunTime:0.0010s ]
NOTIC: [2048] Declaration of Admin\Model\SettingModel::add() should be compatible with that of Think\Model::add() E:\phpStudy\WWW\thinkmyblog\blog\Admin\Model\SettingModel.class.php 第 123 行.
SQL: SHOW COLUMNS FROM `emlog_setting` [ RunTime:0.0070s ]
SQL: SELECT * FROM `emlog_setting` WHERE ( type = 1 ) ORDER BY id desc  [ RunTime:0.0000s ]
INFO: [ view_parse ] --START--
INFO: [ template_filter ] --START--
INFO: Run Behavior\ContentReplaceBehavior [ RunTime:0.000000s ]
INFO: [ template_filter ] --END-- [ RunTime:0.000000s ]
NOTIC: [8] Use of undefined constant sitename - assumed 'sitename' E:\phpStudy\WWW\thinkmyblog\blog\Runtime\Cache\Admin\cfb0c71b5c04feede9d3bf3961a0b9cb.php 第 31 行.
NOTIC: [8] Use of undefined constant username - assumed 'username' E:\phpStudy\WWW\thinkmyblog\blog\Runtime\Cache\Admin\cfb0c71b5c04feede9d3bf3961a0b9cb.php 第 49 行.
INFO: Run Behavior\ParseTemplateBehavior [ RunTime:0.009001s ]
INFO: [ view_parse ] --END-- [ RunTime:0.009001s ]
INFO: [ view_filter ] --START--
INFO: Run Behavior\WriteHtmlCacheBehavior [ RunTime:0.000000s ]
INFO: [ view_filter ] --END-- [ RunTime:0.000000s ]
INFO: [ app_end ] --START--
INFO: Run Behavior\ShowPageTraceBehavior [ RunTime:0.001000s ]
INFO: [ app_end ] --END-- [ RunTime:0.001000s ]

[ 2017-08-01T17:33:52+08:00 ] 127.0.0.1 /blog/index.php/Admin/Variable/index.html
INFO: [ app_init ] --START--
INFO: Run Behavior\BuildLiteBehavior [ RunTime:0.000000s ]
INFO: [ app_init ] --END-- [ RunTime:0.000000s ]
INFO: [ app_begin ] --START--
INFO: Run Behavior\ReadHtmlCacheBehavior [ RunTime:0.000000s ]
INFO: [ app_begin ] --END-- [ RunTime:0.000000s ]
NOTIC: [8] Use of undefined constant username - assumed 'username' E:\phpStudy\WWW\thinkmyblog\blog\Admin\Controller\PublicController.class.php 第 18 行.
SQL: SHOW COLUMNS FROM `emlog_setting` [ RunTime:0.0070s ]
SQL: SELECT `k`,`v` FROM `emlog_setting`  [ RunTime:0.0000s ]
NOTIC: [2048] Declaration of Admin\Model\SettingModel::add() should be compatible with that of Think\Model::add() E:\phpStudy\WWW\thinkmyblog\blog\Admin\Model\SettingModel.class.php 第 123 行.
SQL: SHOW COLUMNS FROM `emlog_setting` [ RunTime:0.0070s ]
SQL: SELECT * FROM `emlog_setting` WHERE ( type = 1 ) ORDER BY id desc  [ RunTime:0.0010s ]
INFO: [ view_parse ] --START--
INFO: [ template_filter ] --START--
INFO: Run Behavior\ContentReplaceBehavior [ RunTime:0.000000s ]
INFO: [ template_filter ] --END-- [ RunTime:0.000000s ]
NOTIC: [8] Use of undefined constant sitename - assumed 'sitename' E:\phpStudy\WWW\thinkmyblog\blog\Runtime\Cache\Admin\cfb0c71b5c04feede9d3bf3961a0b9cb.php 第 31 行.
NOTIC: [8] Use of undefined constant username - assumed 'username' E:\phpStudy\WWW\thinkmyblog\blog\Runtime\Cache\Admin\cfb0c71b5c04feede9d3bf3961a0b9cb.php 第 49 行.
INFO: Run Behavior\ParseTemplateBehavior [ RunTime:0.016001s ]
INFO: [ view_parse ] --END-- [ RunTime:0.016001s ]
INFO: [ view_filter ] --START--
INFO: Run Behavior\WriteHtmlCacheBehavior [ RunTime:0.000000s ]
INFO: [ view_filter ] --END-- [ RunTime:0.000000s ]
INFO: [ app_end ] --START--
INFO: Run Behavior\ShowPageTraceBehavior [ RunTime:0.000000s ]
INFO: [ app_end ] --END-- [ RunTime:0.000000s ]

[ 2017-08-01T17:34:48+08:00 ] 127.0.0.1 /blog/index.php/Admin/Variable/index.html
INFO: [ app_init ] --START--
INFO: Run Behavior\BuildLiteBehavior [ RunTime:0.000000s ]
INFO: [ app_init ] --END-- [ RunTime:0.001000s ]
INFO: [ app_begin ] --START--
INFO: Run Behavior\ReadHtmlCacheBehavior [ RunTime:0.001000s ]
INFO: [ app_begin ] --END-- [ RunTime:0.001000s ]
NOTIC: [8] Use of undefined constant username - assumed 'username' E:\phpStudy\WWW\thinkmyblog\blog\Admin\Controller\PublicController.class.php 第 18 行.
SQL: SHOW COLUMNS FROM `emlog_setting` [ RunTime:0.0060s ]
SQL: SELECT `k`,`v` FROM `emlog_setting`  [ RunTime:0.0010s ]
NOTIC: [2048] Declaration of Admin\Model\SettingModel::add() should be compatible with that of Think\Model::add() E:\phpStudy\WWW\thinkmyblog\blog\Admin\Model\SettingModel.class.php 第 123 行.
SQL: SHOW COLUMNS FROM `emlog_setting` [ RunTime:0.0050s ]
SQL: SELECT * FROM `emlog_setting` WHERE ( type = 1 ) ORDER BY id desc  [ RunTime:0.0000s ]
INFO: [ view_parse ] --START--
INFO: [ template_filter ] --START--
INFO: Run Behavior\ContentReplaceBehavior [ RunTime:0.000000s ]
INFO: [ template_filter ] --END-- [ RunTime:0.000000s ]
NOTIC: [8] Use of undefined constant sitename - assumed 'sitename' E:\phpStudy\WWW\thinkmyblog\blog\Runtime\Cache\Admin\cfb0c71b5c04feede9d3bf3961a0b9cb.php 第 31 行.
NOTIC: [8] Use of undefined constant username - assumed 'username' E:\phpStudy\WWW\thinkmyblog\blog\Runtime\Cache\Admin\cfb0c71b5c04feede9d3bf3961a0b9cb.php 第 49 行.
INFO: Run Behavior\ParseTemplateBehavior [ RunTime:0.009000s ]
INFO: [ view_parse ] --END-- [ RunTime:0.009000s ]
INFO: [ view_filter ] --START--
INFO: Run Behavior\WriteHtmlCacheBehavior [ RunTime:0.001000s ]
INFO: [ view_filter ] --END-- [ RunTime:0.001000s ]
INFO: [ app_end ] --START--
INFO: Run Behavior\ShowPageTraceBehavior [ RunTime:0.000000s ]
INFO: [ app_end ] --END-- [ RunTime:0.000000s ]

[ 2017-08-01T17:34:49+08:00 ] 127.0.0.1 /blog/index.php/Admin/Variable/Add.html
INFO: [ app_init ] --START--
INFO: Run Behavior\BuildLiteBehavior [ RunTime:0.000000s ]
INFO: [ app_init ] --END-- [ RunTime:0.001000s ]
INFO: [ app_begin ] --START--
INFO: Run Behavior\ReadHtmlCacheBehavior [ RunTime:0.000000s ]
INFO: [ app_begin ] --END-- [ RunTime:0.000000s ]
NOTIC: [8] Use of undefined constant username - assumed 'username' E:\phpStudy\WWW\thinkmyblog\blog\Admin\Controller\PublicController.class.php 第 18 行.
SQL: SHOW COLUMNS FROM `emlog_setting` [ RunTime:0.0080s ]
SQL: SELECT `k`,`v` FROM `emlog_setting`  [ RunTime:0.0000s ]
NOTIC: [2048] Declaration of Admin\Model\SettingModel::add() should be compatible with that of Think\Model::add() E:\phpStudy\WWW\thinkmyblog\blog\Admin\Model\SettingModel.class.php 第 123 行.
SQL: SHOW COLUMNS FROM `emlog_setting` [ RunTime:0.0090s ]
INFO: [ view_parse ] --START--
INFO: [ template_filter ] --START--
INFO: Run Behavior\ContentReplaceBehavior [ RunTime:0.000000s ]
INFO: [ template_filter ] --END-- [ RunTime:0.000000s ]
NOTIC: [8] Use of undefined constant sitename - assumed 'sitename' E:\phpStudy\WWW\thinkmyblog\blog\Runtime\Cache\Admin\a9531cad10565cbb3e8497775e852f06.php 第 31 行.
NOTIC: [8] Use of undefined constant username - assumed 'username' E:\phpStudy\WWW\thinkmyblog\blog\Runtime\Cache\Admin\a9531cad10565cbb3e8497775e852f06.php 第 49 行.
INFO: Run Behavior\ParseTemplateBehavior [ RunTime:0.008000s ]
INFO: [ view_parse ] --END-- [ RunTime:0.008000s ]
INFO: [ view_filter ] --START--
INFO: Run Behavior\WriteHtmlCacheBehavior [ RunTime:0.001000s ]
INFO: [ view_filter ] --END-- [ RunTime:0.001000s ]
INFO: [ app_end ] --START--
INFO: Run Behavior\ShowPageTraceBehavior [ RunTime:0.000000s ]
INFO: [ app_end ] --END-- [ RunTime:0.000000s ]

[ 2017-08-01T17:35:53+08:00 ] 127.0.0.1 /blog/index.php/Admin/Variable/Add.html
INFO: [ app_init ] --START--
INFO: Run Behavior\BuildLiteBehavior [ RunTime:0.000000s ]
INFO: [ app_init ] --END-- [ RunTime:0.000000s ]
INFO: [ app_begin ] --START--
INFO: Run Behavior\ReadHtmlCacheBehavior [ RunTime:0.001000s ]
INFO: [ app_begin ] --END-- [ RunTime:0.001000s ]
NOTIC: [8] Use of undefined constant username - assumed 'username' E:\phpStudy\WWW\thinkmyblog\blog\Admin\Controller\PublicController.class.php 第 18 行.
SQL: SHOW COLUMNS FROM `emlog_setting` [ RunTime:0.0070s ]
SQL: SELECT `k`,`v` FROM `emlog_setting`  [ RunTime:0.0000s ]
NOTIC: [2048] Declaration of Admin\Model\SettingModel::add() should be compatible with that of Think\Model::add() E:\phpStudy\WWW\thinkmyblog\blog\Admin\Model\SettingModel.class.php 第 123 行.
SQL: SHOW COLUMNS FROM `emlog_setting` [ RunTime:0.0070s ]
SQL: SELECT `k` FROM `emlog_setting` WHERE `id` = 0 LIMIT 1   [ RunTime:0.0010s ]
INFO: [ view_parse ] --START--
INFO: [ template_filter ] --START--
INFO: Run Behavior\ContentReplaceBehavior [ RunTime:0.000000s ]
INFO: [ template_filter ] --END-- [ RunTime:0.000000s ]
INFO: Run Behavior\ParseTemplateBehavior [ RunTime:0.005000s ]
INFO: [ view_parse ] --END-- [ RunTime:0.005000s ]
INFO: [ view_filter ] --START--
INFO: Run Behavior\WriteHtmlCacheBehavior [ RunTime:0.000000s ]
INFO: [ view_filter ] --END-- [ RunTime:0.000000s ]

[ 2017-08-01T17:36:24+08:00 ] 127.0.0.1 /blog/index.php/Admin/Variable/index.html
INFO: [ app_init ] --START--
INFO: Run Behavior\BuildLiteBehavior [ RunTime:0.000000s ]
INFO: [ app_init ] --END-- [ RunTime:0.000000s ]
INFO: [ app_begin ] --START--
INFO: Run Behavior\ReadHtmlCacheBehavior [ RunTime:0.000000s ]
INFO: [ app_begin ] --END-- [ RunTime:0.000000s ]
NOTIC: [8] Use of undefined constant username - assumed 'username' E:\phpStudy\WWW\thinkmyblog\blog\Admin\Controller\PublicController.class.php 第 18 行.
SQL: SHOW COLUMNS FROM `emlog_setting` [ RunTime:0.0070s ]
SQL: SELECT `k`,`v` FROM `emlog_setting`  [ RunTime:0.0000s ]
NOTIC: [2048] Declaration of Admin\Model\SettingModel::add() should be compatible with that of Think\Model::add() E:\phpStudy\WWW\thinkmyblog\blog\Admin\Model\SettingModel.class.php 第 123 行.
SQL: SHOW COLUMNS FROM `emlog_setting` [ RunTime:0.0070s ]
SQL: SELECT * FROM `emlog_setting` WHERE ( type = 1 ) ORDER BY id desc  [ RunTime:0.0000s ]
INFO: [ view_parse ] --START--
INFO: [ template_filter ] --START--
INFO: Run Behavior\ContentReplaceBehavior [ RunTime:0.000000s ]
INFO: [ template_filter ] --END-- [ RunTime:0.000000s ]
NOTIC: [8] Use of undefined constant sitename - assumed 'sitename' E:\phpStudy\WWW\thinkmyblog\blog\Runtime\Cache\Admin\cfb0c71b5c04feede9d3bf3961a0b9cb.php 第 31 行.
NOTIC: [8] Use of undefined constant username - assumed 'username' E:\phpStudy\WWW\thinkmyblog\blog\Runtime\Cache\Admin\cfb0c71b5c04feede9d3bf3961a0b9cb.php 第 49 行.
INFO: Run Behavior\ParseTemplateBehavior [ RunTime:0.009000s ]
INFO: [ view_parse ] --END-- [ RunTime:0.009000s ]
INFO: [ view_filter ] --START--
INFO: Run Behavior\WriteHtmlCacheBehavior [ RunTime:0.001000s ]
INFO: [ view_filter ] --END-- [ RunTime:0.001000s ]
INFO: [ app_end ] --START--
INFO: Run Behavior\ShowPageTraceBehavior [ RunTime:0.000000s ]
INFO: [ app_end ] --END-- [ RunTime:0.000000s ]

[ 2017-08-01T17:36:27+08:00 ] 127.0.0.1 /blog/index.php/Admin/Variable/Add.html
INFO: [ app_init ] --START--
INFO: Run Behavior\BuildLiteBehavior [ RunTime:0.000000s ]
INFO: [ app_init ] --END-- [ RunTime:0.000000s ]
INFO: [ app_begin ] --START--
INFO: Run Behavior\ReadHtmlCacheBehavior [ RunTime:0.000000s ]
INFO: [ app_begin ] --END-- [ RunTime:0.000000s ]
NOTIC: [8] Use of undefined constant username - assumed 'username' E:\phpStudy\WWW\thinkmyblog\blog\Admin\Controller\PublicController.class.php 第 18 行.
SQL: SHOW COLUMNS FROM `emlog_setting` [ RunTime:0.0070s ]
SQL: SELECT `k`,`v` FROM `emlog_setting`  [ RunTime:0.0000s ]
NOTIC: [2048] Declaration of Admin\Model\SettingModel::add() should be compatible with that of Think\Model::add() E:\phpStudy\WWW\thinkmyblog\blog\Admin\Model\SettingModel.class.php 第 123 行.
SQL: SHOW COLUMNS FROM `emlog_setting` [ RunTime:0.0080s ]
SQL: SELECT `k` FROM `emlog_setting` WHERE `id` = 0 LIMIT 1   [ RunTime:0.0000s ]
INFO: [ app_end ] --START--
INFO: Run Behavior\ShowPageTraceBehavior [ RunTime:0.001000s ]
INFO: [ app_end ] --END-- [ RunTime:0.001000s ]

[ 2017-08-01T17:38:27+08:00 ] 127.0.0.1 /blog/index.php/Admin/Variable/Add.html
INFO: [ app_init ] --START--
INFO: Run Behavior\BuildLiteBehavior [ RunTime:0.000000s ]
INFO: [ app_init ] --END-- [ RunTime:0.000000s ]
INFO: [ app_begin ] --START--
INFO: Run Behavior\ReadHtmlCacheBehavior [ RunTime:0.001000s ]
INFO: [ app_begin ] --END-- [ RunTime:0.001000s ]
NOTIC: [8] Use of undefined constant username - assumed 'username' E:\phpStudy\WWW\thinkmyblog\blog\Admin\Controller\PublicController.class.php 第 18 行.
SQL: SHOW COLUMNS FROM `emlog_setting` [ RunTime:0.0070s ]
SQL: SELECT `k`,`v` FROM `emlog_setting`  [ RunTime:0.0000s ]
NOTIC: [2048] Declaration of Admin\Model\SettingModel::add() should be compatible with that of Think\Model::add() E:\phpStudy\WWW\thinkmyblog\blog\Admin\Model\SettingModel.class.php 第 123 行.
SQL: SHOW COLUMNS FROM `emlog_setting` [ RunTime:0.0080s ]
SQL: SELECT `k` FROM `emlog_setting` WHERE `id` = 0 LIMIT 1   [ RunTime:0.0000s ]
INFO: [ app_end ] --START--
INFO: Run Behavior\ShowPageTraceBehavior [ RunTime:0.000000s ]
INFO: [ app_end ] --END-- [ RunTime:0.000000s ]

[ 2017-08-01T17:38:30+08:00 ] 127.0.0.1 /blog/index.php/Admin/Variable/index.html
INFO: [ app_init ] --START--
INFO: Run Behavior\BuildLiteBehavior [ RunTime:0.000000s ]
INFO: [ app_init ] --END-- [ RunTime:0.000000s ]
INFO: [ app_begin ] --START--
INFO: Run Behavior\ReadHtmlCacheBehavior [ RunTime:0.000000s ]
INFO: [ app_begin ] --END-- [ RunTime:0.000000s ]
NOTIC: [8] Use of undefined constant username - assumed 'username' E:\phpStudy\WWW\thinkmyblog\blog\Admin\Controller\PublicController.class.php 第 18 行.
SQL: SHOW COLUMNS FROM `emlog_setting` [ RunTime:0.0070s ]
SQL: SELECT `k`,`v` FROM `emlog_setting`  [ RunTime:0.0010s ]
NOTIC: [2048] Declaration of Admin\Model\SettingModel::add() should be compatible with that of Think\Model::add() E:\phpStudy\WWW\thinkmyblog\blog\Admin\Model\SettingModel.class.php 第 123 行.
SQL: SHOW COLUMNS FROM `emlog_setting` [ RunTime:0.0080s ]
SQL: SELECT * FROM `emlog_setting` WHERE ( type = 1 ) ORDER BY id desc  [ RunTime:0.0000s ]
INFO: [ view_parse ] --START--
INFO: [ template_filter ] --START--
INFO: Run Behavior\ContentReplaceBehavior [ RunTime:0.000000s ]
INFO: [ template_filter ] --END-- [ RunTime:0.000000s ]
NOTIC: [8] Use of undefined constant sitename - assumed 'sitename' E:\phpStudy\WWW\thinkmyblog\blog\Runtime\Cache\Admin\cfb0c71b5c04feede9d3bf3961a0b9cb.php 第 31 行.
NOTIC: [8] Use of undefined constant username - assumed 'username' E:\phpStudy\WWW\thinkmyblog\blog\Runtime\Cache\Admin\cfb0c71b5c04feede9d3bf3961a0b9cb.php 第 49 行.
INFO: Run Behavior\ParseTemplateBehavior [ RunTime:0.010000s ]
INFO: [ view_parse ] --END-- [ RunTime:0.010000s ]
INFO: [ view_filter ] --START--
INFO: Run Behavior\WriteHtmlCacheBehavior [ RunTime:0.000000s ]
INFO: [ view_filter ] --END-- [ RunTime:0.000000s ]
INFO: [ app_end ] --START--
INFO: Run Behavior\ShowPageTraceBehavior [ RunTime:0.000000s ]
INFO: [ app_end ] --END-- [ RunTime:0.000000s ]

[ 2017-08-01T17:38:32+08:00 ] 127.0.0.1 /blog/index.php/Admin/Variable/checkbox.html
INFO: [ app_init ] --START--
INFO: Run Behavior\BuildLiteBehavior [ RunTime:0.000000s ]
INFO: [ app_init ] --END-- [ RunTime:0.000000s ]
INFO: [ app_begin ] --START--
INFO: Run Behavior\ReadHtmlCacheBehavior [ RunTime:0.001000s ]
INFO: [ app_begin ] --END-- [ RunTime:0.001000s ]
NOTIC: [8] Use of undefined constant username - assumed 'username' E:\phpStudy\WWW\thinkmyblog\blog\Admin\Controller\PublicController.class.php 第 18 行.
SQL: SHOW COLUMNS FROM `emlog_setting` [ RunTime:0.0080s ]
SQL: SELECT `k`,`v` FROM `emlog_setting`  [ RunTime:0.0010s ]
INFO: [ app_end ] --START--
INFO: Run Behavior\ShowPageTraceBehavior [ RunTime:0.000000s ]
INFO: [ app_end ] --END-- [ RunTime:0.000000s ]

[ 2017-08-01T17:40:03+08:00 ] 127.0.0.1 /blog/index.php/Admin/Variable/index.html
INFO: [ app_init ] --START--
INFO: Run Behavior\BuildLiteBehavior [ RunTime:0.000000s ]
INFO: [ app_init ] --END-- [ RunTime:0.000000s ]
INFO: [ app_begin ] --START--
INFO: Run Behavior\ReadHtmlCacheBehavior [ RunTime:0.000000s ]
INFO: [ app_begin ] --END-- [ RunTime:0.001000s ]
NOTIC: [8] Use of undefined constant username - assumed 'username' E:\phpStudy\WWW\thinkmyblog\blog\Admin\Controller\PublicController.class.php 第 18 行.
SQL: SHOW COLUMNS FROM `emlog_setting` [ RunTime:0.0080s ]
SQL: SELECT `k`,`v` FROM `emlog_setting`  [ RunTime:0.0010s ]
NOTIC: [2048] Declaration of Admin\Model\SettingModel::add() should be compatible with that of Think\Model::add() E:\phpStudy\WWW\thinkmyblog\blog\Admin\Model\SettingModel.class.php 第 123 行.
SQL: SHOW COLUMNS FROM `emlog_setting` [ RunTime:0.0080s ]
SQL: SELECT * FROM `emlog_setting` WHERE ( type = 1 ) ORDER BY id desc  [ RunTime:0.0010s ]
INFO: [ view_parse ] --START--
INFO: [ template_filter ] --START--
INFO: Run Behavior\ContentReplaceBehavior [ RunTime:0.000000s ]
INFO: [ template_filter ] --END-- [ RunTime:0.000000s ]
NOTIC: [8] Use of undefined constant sitename - assumed 'sitename' E:\phpStudy\WWW\thinkmyblog\blog\Runtime\Cache\Admin\cfb0c71b5c04feede9d3bf3961a0b9cb.php 第 31 行.
NOTIC: [8] Use of undefined constant username - assumed 'username' E:\phpStudy\WWW\thinkmyblog\blog\Runtime\Cache\Admin\cfb0c71b5c04feede9d3bf3961a0b9cb.php 第 49 行.
INFO: Run Behavior\ParseTemplateBehavior [ RunTime:0.009000s ]
INFO: [ view_parse ] --END-- [ RunTime:0.009000s ]
INFO: [ view_filter ] --START--
INFO: Run Behavior\WriteHtmlCacheBehavior [ RunTime:0.001000s ]
INFO: [ view_filter ] --END-- [ RunTime:0.001000s ]
INFO: [ app_end ] --START--
INFO: Run Behavior\ShowPageTraceBehavior [ RunTime:0.000000s ]
INFO: [ app_end ] --END-- [ RunTime:0.000000s ]

[ 2017-08-01T17:40:04+08:00 ] 127.0.0.1 /blog/index.php/Admin/Variable/index.html
INFO: [ app_init ] --START--
INFO: Run Behavior\BuildLiteBehavior [ RunTime:0.000000s ]
INFO: [ app_init ] --END-- [ RunTime:0.000000s ]
INFO: [ app_begin ] --START--
INFO: Run Behavior\ReadHtmlCacheBehavior [ RunTime:0.001001s ]
INFO: [ app_begin ] --END-- [ RunTime:0.001001s ]
NOTIC: [8] Use of undefined constant username - assumed 'username' E:\phpStudy\WWW\thinkmyblog\blog\Admin\Controller\PublicController.class.php 第 18 行.
SQL: SHOW COLUMNS FROM `emlog_setting` [ RunTime:0.0070s ]
SQL: SELECT `k`,`v` FROM `emlog_setting`  [ RunTime:0.0000s ]
NOTIC: [2048] Declaration of Admin\Model\SettingModel::add() should be compatible with that of Think\Model::add() E:\phpStudy\WWW\thinkmyblog\blog\Admin\Model\SettingModel.class.php 第 123 行.
SQL: SHOW COLUMNS FROM `emlog_setting` [ RunTime:0.0080s ]
SQL: SELECT * FROM `emlog_setting` WHERE ( type = 1 ) ORDER BY id desc  [ RunTime:0.0000s ]
INFO: [ view_parse ] --START--
INFO: [ template_filter ] --START--
INFO: Run Behavior\ContentReplaceBehavior [ RunTime:0.000000s ]
INFO: [ template_filter ] --END-- [ RunTime:0.000000s ]
NOTIC: [8] Use of undefined constant sitename - assumed 'sitename' E:\phpStudy\WWW\thinkmyblog\blog\Runtime\Cache\Admin\cfb0c71b5c04feede9d3bf3961a0b9cb.php 第 31 行.
NOTIC: [8] Use of undefined constant username - assumed 'username' E:\phpStudy\WWW\thinkmyblog\blog\Runtime\Cache\Admin\cfb0c71b5c04feede9d3bf3961a0b9cb.php 第 49 行.
INFO: Run Behavior\ParseTemplateBehavior [ RunTime:0.009000s ]
INFO: [ view_parse ] --END-- [ RunTime:0.010000s ]
INFO: [ view_filter ] --START--
INFO: Run Behavior\WriteHtmlCacheBehavior [ RunTime:0.000000s ]
INFO: [ view_filter ] --END-- [ RunTime:0.000000s ]
INFO: [ app_end ] --START--
INFO: Run Behavior\ShowPageTraceBehavior [ RunTime:0.001000s ]
INFO: [ app_end ] --END-- [ RunTime:0.001000s ]

[ 2017-08-01T17:40:04+08:00 ] 127.0.0.1 /blog/index.php/Admin/Variable/index.html
INFO: [ app_init ] --START--
INFO: Run Behavior\BuildLiteBehavior [ RunTime:0.000000s ]
INFO: [ app_init ] --END-- [ RunTime:0.000000s ]
INFO: [ app_begin ] --START--
INFO: Run Behavior\ReadHtmlCacheBehavior [ RunTime:0.000000s ]
INFO: [ app_begin ] --END-- [ RunTime:0.000000s ]
NOTIC: [8] Use of undefined constant username - assumed 'username' E:\phpStudy\WWW\thinkmyblog\blog\Admin\Controller\PublicController.class.php 第 18 行.
SQL: SHOW COLUMNS FROM `emlog_setting` [ RunTime:0.0080s ]
SQL: SELECT `k`,`v` FROM `emlog_setting`  [ RunTime:0.0000s ]
NOTIC: [2048] Declaration of Admin\Model\SettingModel::add() should be compatible with that of Think\Model::add() E:\phpStudy\WWW\thinkmyblog\blog\Admin\Model\SettingModel.class.php 第 123 行.
SQL: SHOW COLUMNS FROM `emlog_setting` [ RunTime:0.0070s ]
SQL: SELECT * FROM `emlog_setting` WHERE ( type = 1 ) ORDER BY id desc  [ RunTime:0.0000s ]
INFO: [ view_parse ] --START--
INFO: [ template_filter ] --START--
INFO: Run Behavior\ContentReplaceBehavior [ RunTime:0.001000s ]
INFO: [ template_filter ] --END-- [ RunTime:0.001000s ]
NOTIC: [8] Use of undefined constant sitename - assumed 'sitename' E:\phpStudy\WWW\thinkmyblog\blog\Runtime\Cache\Admin\cfb0c71b5c04feede9d3bf3961a0b9cb.php 第 31 行.
NOTIC: [8] Use of undefined constant username - assumed 'username' E:\phpStudy\WWW\thinkmyblog\blog\Runtime\Cache\Admin\cfb0c71b5c04feede9d3bf3961a0b9cb.php 第 49 行.
INFO: Run Behavior\ParseTemplateBehavior [ RunTime:0.009001s ]
INFO: [ view_parse ] --END-- [ RunTime:0.009001s ]
INFO: [ view_filter ] --START--
INFO: Run Behavior\WriteHtmlCacheBehavior [ RunTime:0.000000s ]
INFO: [ view_filter ] --END-- [ RunTime:0.000000s ]
INFO: [ app_end ] --START--
INFO: Run Behavior\ShowPageTraceBehavior [ RunTime:0.000000s ]
INFO: [ app_end ] --END-- [ RunTime:0.000000s ]

[ 2017-08-01T17:40:04+08:00 ] 127.0.0.1 /blog/index.php/Admin/Variable/index.html
INFO: [ app_init ] --START--
INFO: Run Behavior\BuildLiteBehavior [ RunTime:0.000000s ]
INFO: [ app_init ] --END-- [ RunTime:0.000000s ]
INFO: [ app_begin ] --START--
INFO: Run Behavior\ReadHtmlCacheBehavior [ RunTime:0.001001s ]
INFO: [ app_begin ] --END-- [ RunTime:0.001001s ]
NOTIC: [8] Use of undefined constant username - assumed 'username' E:\phpStudy\WWW\thinkmyblog\blog\Admin\Controller\PublicController.class.php 第 18 行.
SQL: SHOW COLUMNS FROM `emlog_setting` [ RunTime:0.0080s ]
SQL: SELECT `k`,`v` FROM `emlog_setting`  [ RunTime:0.0000s ]
NOTIC: [2048] Declaration of Admin\Model\SettingModel::add() should be compatible with that of Think\Model::add() E:\phpStudy\WWW\thinkmyblog\blog\Admin\Model\SettingModel.class.php 第 123 行.
SQL: SHOW COLUMNS FROM `emlog_setting` [ RunTime:0.0070s ]
SQL: SELECT * FROM `emlog_setting` WHERE ( type = 1 ) ORDER BY id desc  [ RunTime:0.0000s ]
INFO: [ view_parse ] --START--
INFO: [ template_filter ] --START--
INFO: Run Behavior\ContentReplaceBehavior [ RunTime:0.000000s ]
INFO: [ template_filter ] --END-- [ RunTime:0.000000s ]
NOTIC: [8] Use of undefined constant sitename - assumed 'sitename' E:\phpStudy\WWW\thinkmyblog\blog\Runtime\Cache\Admin\cfb0c71b5c04feede9d3bf3961a0b9cb.php 第 31 行.
NOTIC: [8] Use of undefined constant username - assumed 'username' E:\phpStudy\WWW\thinkmyblog\blog\Runtime\Cache\Admin\cfb0c71b5c04feede9d3bf3961a0b9cb.php 第 49 行.
INFO: Run Behavior\ParseTemplateBehavior [ RunTime:0.009001s ]
INFO: [ view_parse ] --END-- [ RunTime:0.009001s ]
INFO: [ view_filter ] --START--
INFO: Run Behavior\WriteHtmlCacheBehavior [ RunTime:0.000000s ]
INFO: [ view_filter ] --END-- [ RunTime:0.000000s ]
INFO: [ app_end ] --START--
INFO: Run Behavior\ShowPageTraceBehavior [ RunTime:0.000000s ]
INFO: [ app_end ] --END-- [ RunTime:0.000000s ]

[ 2017-08-01T17:40:05+08:00 ] 127.0.0.1 /blog/index.php/Admin/Variable/checkbox.html
INFO: [ app_init ] --START--
INFO: Run Behavior\BuildLiteBehavior [ RunTime:0.000000s ]
INFO: [ app_init ] --END-- [ RunTime:0.000000s ]
INFO: [ app_begin ] --START--
INFO: Run Behavior\ReadHtmlCacheBehavior [ RunTime:0.001000s ]
INFO: [ app_begin ] --END-- [ RunTime:0.001000s ]
NOTIC: [8] Use of undefined constant username - assumed 'username' E:\phpStudy\WWW\thinkmyblog\blog\Admin\Controller\PublicController.class.php 第 18 行.
SQL: SHOW COLUMNS FROM `emlog_setting` [ RunTime:0.0070s ]
SQL: SELECT `k`,`v` FROM `emlog_setting`  [ RunTime:0.0000s ]
INFO: [ app_end ] --START--
INFO: Run Behavior\ShowPageTraceBehavior [ RunTime:0.001000s ]
INFO: [ app_end ] --END-- [ RunTime:0.001000s ]

[ 2017-08-01T17:41:32+08:00 ] 127.0.0.1 /blog/index.php/Admin/Variable/checkbox.html
INFO: [ app_init ] --START--
INFO: Run Behavior\BuildLiteBehavior [ RunTime:0.000000s ]
INFO: [ app_init ] --END-- [ RunTime:0.000000s ]
INFO: [ app_begin ] --START--
INFO: Run Behavior\ReadHtmlCacheBehavior [ RunTime:0.000000s ]
INFO: [ app_begin ] --END-- [ RunTime:0.000000s ]
NOTIC: [8] Use of undefined constant username - assumed 'username' E:\phpStudy\WWW\thinkmyblog\blog\Admin\Controller\PublicController.class.php 第 18 行.
SQL: SHOW COLUMNS FROM `emlog_setting` [ RunTime:0.0040s ]
SQL: SELECT `k`,`v` FROM `emlog_setting`  [ RunTime:0.0010s ]
INFO: [ app_end ] --START--
INFO: Run Behavior\ShowPageTraceBehavior [ RunTime:0.000000s ]
INFO: [ app_end ] --END-- [ RunTime:0.000000s ]

[ 2017-08-01T17:56:58+08:00 ] 127.0.0.1 /blog/index.php/Admin/Variable/checkbox.html
INFO: [ app_init ] --START--
INFO: Run Behavior\BuildLiteBehavior [ RunTime:0.000000s ]
INFO: [ app_init ] --END-- [ RunTime:0.000000s ]
INFO: [ app_begin ] --START--
INFO: Run Behavior\ReadHtmlCacheBehavior [ RunTime:0.001000s ]
INFO: [ app_begin ] --END-- [ RunTime:0.001000s ]
NOTIC: [8] Use of undefined constant username - assumed 'username' E:\phpStudy\WWW\thinkmyblog\blog\Admin\Controller\PublicController.class.php 第 18 行.
SQL: SHOW COLUMNS FROM `emlog_setting` [ RunTime:0.0080s ]
SQL: SELECT `k`,`v` FROM `emlog_setting`  [ RunTime:0.0000s ]
INFO: [ app_end ] --START--
INFO: Run Behavior\ShowPageTraceBehavior [ RunTime:0.000000s ]
INFO: [ app_end ] --END-- [ RunTime:0.001000s ]

[ 2017-08-01T17:57:28+08:00 ] 127.0.0.1 /blog/index.php/Admin/Variable/checkbox.html
INFO: [ app_init ] --START--
INFO: Run Behavior\BuildLiteBehavior [ RunTime:0.000000s ]
INFO: [ app_init ] --END-- [ RunTime:0.001000s ]
INFO: [ app_begin ] --START--
INFO: Run Behavior\ReadHtmlCacheBehavior [ RunTime:0.000000s ]
INFO: [ app_begin ] --END-- [ RunTime:0.000000s ]
NOTIC: [8] Use of undefined constant username - assumed 'username' E:\phpStudy\WWW\thinkmyblog\blog\Admin\Controller\PublicController.class.php 第 18 行.
SQL: SHOW COLUMNS FROM `emlog_setting` [ RunTime:0.0090s ]
SQL: SELECT `k`,`v` FROM `emlog_setting`  [ RunTime:0.0000s ]
INFO: [ app_end ] --START--
INFO: Run Behavior\ShowPageTraceBehavior [ RunTime:0.001000s ]
INFO: [ app_end ] --END-- [ RunTime:0.001000s ]

[ 2017-08-01T17:57:31+08:00 ] 127.0.0.1 /blog/index.php/Admin/Variable/index.html
INFO: [ app_init ] --START--
INFO: Run Behavior\BuildLiteBehavior [ RunTime:0.000000s ]
INFO: [ app_init ] --END-- [ RunTime:0.000000s ]
INFO: [ app_begin ] --START--
INFO: Run Behavior\ReadHtmlCacheBehavior [ RunTime:0.001000s ]
INFO: [ app_begin ] --END-- [ RunTime:0.001000s ]
NOTIC: [8] Use of undefined constant username - assumed 'username' E:\phpStudy\WWW\thinkmyblog\blog\Admin\Controller\PublicController.class.php 第 18 行.
SQL: SHOW COLUMNS FROM `emlog_setting` [ RunTime:0.0070s ]
SQL: SELECT `k`,`v` FROM `emlog_setting`  [ RunTime:0.0000s ]
NOTIC: [2048] Declaration of Admin\Model\SettingModel::add() should be compatible with that of Think\Model::add() E:\phpStudy\WWW\thinkmyblog\blog\Admin\Model\SettingModel.class.php 第 123 行.
SQL: SHOW COLUMNS FROM `emlog_setting` [ RunTime:0.0080s ]
SQL: SELECT * FROM `emlog_setting` WHERE ( type = 1 ) ORDER BY id desc  [ RunTime:0.0000s ]
INFO: [ view_parse ] --START--
INFO: [ template_filter ] --START--
INFO: Run Behavior\ContentReplaceBehavior [ RunTime:0.000000s ]
INFO: [ template_filter ] --END-- [ RunTime:0.000000s ]
NOTIC: [8] Use of undefined constant sitename - assumed 'sitename' E:\phpStudy\WWW\thinkmyblog\blog\Runtime\Cache\Admin\cfb0c71b5c04feede9d3bf3961a0b9cb.php 第 31 行.
NOTIC: [8] Use of undefined constant username - assumed 'username' E:\phpStudy\WWW\thinkmyblog\blog\Runtime\Cache\Admin\cfb0c71b5c04feede9d3bf3961a0b9cb.php 第 49 行.
INFO: Run Behavior\ParseTemplateBehavior [ RunTime:0.017001s ]
INFO: [ view_parse ] --END-- [ RunTime:0.017001s ]
INFO: [ view_filter ] --START--
INFO: Run Behavior\WriteHtmlCacheBehavior [ RunTime:0.001000s ]
INFO: [ view_filter ] --END-- [ RunTime:0.001000s ]
INFO: [ app_end ] --START--
INFO: Run Behavior\ShowPageTraceBehavior [ RunTime:0.000000s ]
INFO: [ app_end ] --END-- [ RunTime:0.000000s ]

[ 2017-08-01T17:57:34+08:00 ] 127.0.0.1 /blog/index.php/Admin/Variable/checkbox.html
INFO: [ app_init ] --START--
INFO: Run Behavior\BuildLiteBehavior [ RunTime:0.000000s ]
INFO: [ app_init ] --END-- [ RunTime:0.000000s ]
INFO: [ app_begin ] --START--
INFO: Run Behavior\ReadHtmlCacheBehavior [ RunTime:0.000000s ]
INFO: [ app_begin ] --END-- [ RunTime:0.000000s ]
NOTIC: [8] Use of undefined constant username - assumed 'username' E:\phpStudy\WWW\thinkmyblog\blog\Admin\Controller\PublicController.class.php 第 18 行.
SQL: SHOW COLUMNS FROM `emlog_setting` [ RunTime:0.0070s ]
SQL: SELECT `k`,`v` FROM `emlog_setting`  [ RunTime:0.0000s ]
INFO: [ app_end ] --START--
INFO: Run Behavior\ShowPageTraceBehavior [ RunTime:0.000000s ]
INFO: [ app_end ] --END-- [ RunTime:0.000000s ]

