[ 2017-09-21T10:05:46+08:00 ] 127.0.0.1 /index.php/Admin/Blog/edit/gid/66.html
INFO: [ app_init ] --START--
INFO: Run Behavior\BuildLiteBehavior [ RunTime:0.000000s ]
INFO: [ app_init ] --END-- [ RunTime:0.001000s ]
INFO: [ app_begin ] --START--
INFO: Run Behavior\ReadHtmlCacheBehavior [ RunTime:0.000000s ]
INFO: [ app_begin ] --END-- [ RunTime:0.001000s ]
NOTIC: [8] Use of undefined constant username - assumed 'username' E:\phpStudy\WWW\thinkmyblog\blog\Admin\Controller\PublicController.class.php 第 20 行.
NOTIC: [8] Use of undefined constant roleid - assumed 'roleid' E:\phpStudy\WWW\thinkmyblog\blog\Admin\Controller\PublicController.class.php 第 23 行.
NOTIC: [2048] Declaration of Admin\Model\AnaviModel::add() should be compatible with that of Think\Model::add() E:\phpStudy\WWW\thinkmyblog\blog\Admin\Model\AnaviModel.class.php 第 15 行.
SQL: SHOW COLUMNS FROM `emlog_anavi` [ RunTime:0.0080s ]
SQL: SELECT `id` FROM `emlog_anavi`  [ RunTime:0.0000s ]
SQL: SELECT `id` FROM `emlog_anavi` WHERE ( url ='blog/edit' )  [ RunTime:0.0000s ]
NOTIC: [8] Undefined offset: 0 E:\phpStudy\WWW\thinkmyblog\blog\Admin\Model\AnaviModel.class.php 第 50 行.
SQL: SHOW COLUMNS FROM `emlog_setting` [ RunTime:0.0080s ]
SQL: SELECT `k`,`v` FROM `emlog_setting`  [ RunTime:0.0000s ]
SQL: SELECT `id`,`naviname`,`url`,`pid`,`ico` FROM `emlog_anavi` WHERE ( pid = 0 ) AND `id` IN ('43','44','45','46','51','53','54','55','56','57','58','59','61','62','63','64','65','66','69','71','73')  [ RunTime:0.0000s ]
SQL: SELECT `id`,`naviname`,`url`,`pid`,`ico` FROM `emlog_anavi` WHERE ( pid <> 0 ) AND `id` IN ('43','44','45','46','51','53','54','55','56','57','58','59','61','62','63','64','65','66','69','71','73')  [ RunTime:0.0010s ]
SQL: SHOW COLUMNS FROM `emlog_navi` [ RunTime:0.0080s ]
SQL: SELECT `id`,`naviname`,`pid` FROM `emlog_navi`  [ RunTime:0.0000s ]
SQL: SHOW COLUMNS FROM `emlog_blog` [ RunTime:0.0060s ]
SQL: SELECT `navid` FROM `emlog_blog` WHERE ( gid ='66' )  [ RunTime:0.0000s ]
SQL: SELECT `id`,`naviname`,`gid`,`title`,`date`,`navid`,`description`,`keywords`,`content`,`blog_seotitle` FROM `emlog_navi` INNER JOIN emlog_blog ON emlog_blog.navid = emlog_navi.id  WHERE ( gid ='66' )  [ RunTime:0.0000s ]
INFO: [ view_parse ] --START--
INFO: [ template_filter ] --START--
INFO: Run Behavior\ContentReplaceBehavior [ RunTime:0.000000s ]
INFO: [ template_filter ] --END-- [ RunTime:0.000000s ]
NOTIC: [8] Use of undefined constant sitename - assumed 'sitename' E:\phpStudy\WWW\thinkmyblog\blog\Runtime\Cache\Admin\b4d634f4543d23278f80e0753d8c8dd0.php 第 31 行.
NOTIC: [8] Use of undefined constant username - assumed 'username' E:\phpStudy\WWW\thinkmyblog\blog\Runtime\Cache\Admin\b4d634f4543d23278f80e0753d8c8dd0.php 第 49 行.
INFO: Run Behavior\ParseTemplateBehavior [ RunTime:0.009001s ]
INFO: [ view_parse ] --END-- [ RunTime:0.009001s ]
INFO: [ view_filter ] --START--
INFO: Run Behavior\WriteHtmlCacheBehavior [ RunTime:0.000000s ]
INFO: [ view_filter ] --END-- [ RunTime:0.000000s ]
INFO: [ app_end ] --START--
INFO: Run Behavior\ShowPageTraceBehavior [ RunTime:0.000000s ]
INFO: [ app_end ] --END-- [ RunTime:0.000000s ]

[ 2017-09-21T10:06:50+08:00 ] 127.0.0.1 /index.php/Admin/Blog/edit/gid/66.html
INFO: [ app_init ] --START--
INFO: Run Behavior\BuildLiteBehavior [ RunTime:0.000000s ]
INFO: [ app_init ] --END-- [ RunTime:0.001000s ]
INFO: [ app_begin ] --START--
INFO: Run Behavior\ReadHtmlCacheBehavior [ RunTime:0.000000s ]
INFO: [ app_begin ] --END-- [ RunTime:0.000000s ]
NOTIC: [8] Use of undefined constant username - assumed 'username' E:\phpStudy\WWW\thinkmyblog\blog\Admin\Controller\PublicController.class.php 第 20 行.
NOTIC: [8] Use of undefined constant roleid - assumed 'roleid' E:\phpStudy\WWW\thinkmyblog\blog\Admin\Controller\PublicController.class.php 第 23 行.
NOTIC: [2048] Declaration of Admin\Model\AnaviModel::add() should be compatible with that of Think\Model::add() E:\phpStudy\WWW\thinkmyblog\blog\Admin\Model\AnaviModel.class.php 第 15 行.
SQL: SHOW COLUMNS FROM `emlog_anavi` [ RunTime:0.0090s ]
SQL: SELECT `id` FROM `emlog_anavi`  [ RunTime:0.0000s ]
SQL: SELECT `id` FROM `emlog_anavi` WHERE ( url ='blog/edit' )  [ RunTime:0.0010s ]
NOTIC: [8] Undefined offset: 0 E:\phpStudy\WWW\thinkmyblog\blog\Admin\Model\AnaviModel.class.php 第 50 行.
SQL: SHOW COLUMNS FROM `emlog_setting` [ RunTime:0.0090s ]
SQL: SELECT `k`,`v` FROM `emlog_setting`  [ RunTime:0.0000s ]
SQL: SELECT `id`,`naviname`,`url`,`pid`,`ico` FROM `emlog_anavi` WHERE ( pid = 0 ) AND `id` IN ('43','44','45','46','51','53','54','55','56','57','58','59','61','62','63','64','65','66','69','71','73')  [ RunTime:0.0000s ]
SQL: SELECT `id`,`naviname`,`url`,`pid`,`ico` FROM `emlog_anavi` WHERE ( pid <> 0 ) AND `id` IN ('43','44','45','46','51','53','54','55','56','57','58','59','61','62','63','64','65','66','69','71','73')  [ RunTime:0.0000s ]
SQL: SHOW COLUMNS FROM `emlog_blog` [ RunTime:0.0100s ]
SQL: UPDATE `emlog_blog` SET `navid`='14',`title`='iOS Safari 中click点击事件失效的解决办法',`blog_seotitle`='iOS Safari 中click点击事件失效的解决办法',`keywords`='click点击事件',`description`='Safari 浏览器 用jquery的live方法绑定的click事件点击无效（不能执行）',`content`='<h3 style=\"font-family:Verdana, Arial, helvetica, sans-seriff;font-weight:normal;color:#232323;font-size:16px;background-color:#FFFFFF;\">
	<p style=\"color:#555555;font-family:宋体, Verdana, Arial, Helvetica, sans-serif;font-size:13px;background-color:#F7FBFF;\">
		在我们使用MySQL的时候，有时会遇到需要更改或者删除mysql的主键，我们可以简单的使用alter table table_name drop primary key;来完成。下面我使用数据表table_test来作了例子。<br />
1、首先创建一个数据表table_test：<br />
create table table_test(<br />
`id` varchar(100) NOT NULL,<br />
`name` varchar(100) NOT NULL,<br />
PRIMARY KEY (`name`)<br />
)ENGINE=MyISAM DEFAULT CHARSET=gb2312;<br />
2、假设发现主键设置错了,应该是id是主键,但现在表里已经有好多数据了,不能删除表再重建了，只能在这基础上修改表结构。<br />
先删除主键<br />
alter table table_test drop primary key;<br />
然后再添加主键<br />
alter table table_test add primary key(id);<br />
注:在添加主键之前,必须先把重复的id删除掉。
	</p>
	<p style=\"color:#555555;font-family:宋体, Verdana, Arial, Helvetica, sans-serif;font-size:13px;background-color:#F7FBFF;\">
		<br />
	</p>
</h3>
<p style=\"background-color:#FFFFFF;color:#232323;font-family:Verdana, Arial, helvetica, sans-seriff;font-size:14px;\">
	<a></a><a href=\"https://happycoder.net/solve-ios-safari-click-event-bug/\" target=\"_blank\"></a> 
</p>',`edit_date`='2017-09-21 10:06:50' WHERE ( gid ='66' ) [ RunTime:0.0010s ]
INFO: [ view_parse ] --START--
INFO: [ template_filter ] --START--
INFO: Run Behavior\ContentReplaceBehavior [ RunTime:0.000000s ]
INFO: [ template_filter ] --END-- [ RunTime:0.000000s ]
INFO: Run Behavior\ParseTemplateBehavior [ RunTime:0.006001s ]
INFO: [ view_parse ] --END-- [ RunTime:0.006001s ]
INFO: [ view_filter ] --START--
INFO: Run Behavior\WriteHtmlCacheBehavior [ RunTime:0.000000s ]
INFO: [ view_filter ] --END-- [ RunTime:0.001000s ]
INFO: [ app_end ] --START--
INFO: Run Behavior\ShowPageTraceBehavior [ RunTime:0.000000s ]
INFO: [ app_end ] --END-- [ RunTime:0.000000s ]

[ 2017-09-21T10:06:51+08:00 ] 127.0.0.1 /index.php/Admin/Blog/index.html
INFO: [ app_init ] --START--
INFO: Run Behavior\BuildLiteBehavior [ RunTime:0.000000s ]
INFO: [ app_init ] --END-- [ RunTime:0.001000s ]
INFO: [ app_begin ] --START--
INFO: Run Behavior\ReadHtmlCacheBehavior [ RunTime:0.001000s ]
INFO: [ app_begin ] --END-- [ RunTime:0.001000s ]
NOTIC: [8] Use of undefined constant username - assumed 'username' E:\phpStudy\WWW\thinkmyblog\blog\Admin\Controller\PublicController.class.php 第 20 行.
NOTIC: [8] Use of undefined constant roleid - assumed 'roleid' E:\phpStudy\WWW\thinkmyblog\blog\Admin\Controller\PublicController.class.php 第 23 行.
NOTIC: [2048] Declaration of Admin\Model\AnaviModel::add() should be compatible with that of Think\Model::add() E:\phpStudy\WWW\thinkmyblog\blog\Admin\Model\AnaviModel.class.php 第 15 行.
SQL: SHOW COLUMNS FROM `emlog_anavi` [ RunTime:0.0060s ]
SQL: SELECT `id` FROM `emlog_anavi`  [ RunTime:0.0000s ]
SQL: SELECT `id` FROM `emlog_anavi` WHERE ( url ='blog/index' )  [ RunTime:0.0000s ]
SQL: SHOW COLUMNS FROM `emlog_setting` [ RunTime:0.0080s ]
SQL: SELECT `k`,`v` FROM `emlog_setting`  [ RunTime:0.0000s ]
SQL: SELECT `id`,`naviname`,`url`,`pid`,`ico` FROM `emlog_anavi` WHERE ( pid = 0 ) AND `id` IN ('43','44','45','46','51','53','54','55','56','57','58','59','61','62','63','64','65','66','69','71','73')  [ RunTime:0.0000s ]
SQL: SELECT `id`,`naviname`,`url`,`pid`,`ico` FROM `emlog_anavi` WHERE ( pid <> 0 ) AND `id` IN ('43','44','45','46','51','53','54','55','56','57','58','59','61','62','63','64','65','66','69','71','73')  [ RunTime:0.0000s ]
SQL: SHOW COLUMNS FROM `emlog_blog` [ RunTime:0.0070s ]
SQL: SHOW COLUMNS FROM `emlog_navi` [ RunTime:0.0060s ]
SQL: SELECT `id`,`naviname`,`pid` FROM `emlog_navi`  [ RunTime:0.0010s ]
SQL: SELECT COUNT(*) AS tp_count FROM `emlog_navi` INNER JOIN emlog_blog ON emlog_blog.navid = emlog_navi.id  WHERE `title` LIKE '%%' AND `navid` LIKE '%%' LIMIT 1   [ RunTime:0.0000s ]
SQL: SELECT `id`,`naviname`,`gid`,`title`,`date`,`navid`,`edit_date` FROM `emlog_navi` INNER JOIN emlog_blog ON emlog_blog.navid = emlog_navi.id  WHERE `title` LIKE '%%' AND `navid` LIKE '%%' ORDER BY date desc LIMIT 0,10   [ RunTime:0.0000s ]
INFO: [ view_parse ] --START--
INFO: [ template_filter ] --START--
INFO: Run Behavior\ContentReplaceBehavior [ RunTime:0.000000s ]
INFO: [ template_filter ] --END-- [ RunTime:0.000000s ]
NOTIC: [8] Use of undefined constant sitename - assumed 'sitename' E:\phpStudy\WWW\thinkmyblog\blog\Runtime\Cache\Admin\437051e0155b9e7abd744474ad7ecab7.php 第 31 行.
NOTIC: [8] Use of undefined constant username - assumed 'username' E:\phpStudy\WWW\thinkmyblog\blog\Runtime\Cache\Admin\437051e0155b9e7abd744474ad7ecab7.php 第 49 行.
NOTIC: [8] Undefined index: order E:\phpStudy\WWW\thinkmyblog\blog\Runtime\Cache\Admin\437051e0155b9e7abd744474ad7ecab7.php 第 97 行.
NOTIC: [8] Use of undefined constant asc - assumed 'asc' E:\phpStudy\WWW\thinkmyblog\blog\Runtime\Cache\Admin\437051e0155b9e7abd744474ad7ecab7.php 第 97 行.
INFO: Run Behavior\ParseTemplateBehavior [ RunTime:0.009000s ]
INFO: [ view_parse ] --END-- [ RunTime:0.009000s ]
INFO: [ view_filter ] --START--
INFO: Run Behavior\WriteHtmlCacheBehavior [ RunTime:0.000000s ]
INFO: [ view_filter ] --END-- [ RunTime:0.000000s ]
INFO: [ app_end ] --START--
INFO: Run Behavior\ShowPageTraceBehavior [ RunTime:0.001000s ]
INFO: [ app_end ] --END-- [ RunTime:0.001000s ]

[ 2017-09-21T10:07:56+08:00 ] 127.0.0.1 /index.php/Admin/Blog/edit/gid/66.html
INFO: [ app_init ] --START--
INFO: Run Behavior\BuildLiteBehavior [ RunTime:0.000000s ]
INFO: [ app_init ] --END-- [ RunTime:0.001000s ]
INFO: [ app_begin ] --START--
INFO: Run Behavior\ReadHtmlCacheBehavior [ RunTime:0.001000s ]
INFO: [ app_begin ] --END-- [ RunTime:0.001000s ]
NOTIC: [8] Use of undefined constant username - assumed 'username' E:\phpStudy\WWW\thinkmyblog\blog\Admin\Controller\PublicController.class.php 第 20 行.
NOTIC: [8] Use of undefined constant roleid - assumed 'roleid' E:\phpStudy\WWW\thinkmyblog\blog\Admin\Controller\PublicController.class.php 第 23 行.
NOTIC: [2048] Declaration of Admin\Model\AnaviModel::add() should be compatible with that of Think\Model::add() E:\phpStudy\WWW\thinkmyblog\blog\Admin\Model\AnaviModel.class.php 第 15 行.
SQL: SHOW COLUMNS FROM `emlog_anavi` [ RunTime:0.0030s ]
SQL: SELECT `id` FROM `emlog_anavi`  [ RunTime:0.0000s ]
SQL: SELECT `id` FROM `emlog_anavi` WHERE ( url ='blog/edit' )  [ RunTime:0.0000s ]
NOTIC: [8] Undefined offset: 0 E:\phpStudy\WWW\thinkmyblog\blog\Admin\Model\AnaviModel.class.php 第 50 行.
SQL: SHOW COLUMNS FROM `emlog_setting` [ RunTime:0.0030s ]
SQL: SELECT `k`,`v` FROM `emlog_setting`  [ RunTime:0.0000s ]
SQL: SELECT `id`,`naviname`,`url`,`pid`,`ico` FROM `emlog_anavi` WHERE ( pid = 0 ) AND `id` IN ('43','44','45','46','51','53','54','55','56','57','58','59','61','62','63','64','65','66','69','71','73')  [ RunTime:0.0000s ]
SQL: SELECT `id`,`naviname`,`url`,`pid`,`ico` FROM `emlog_anavi` WHERE ( pid <> 0 ) AND `id` IN ('43','44','45','46','51','53','54','55','56','57','58','59','61','62','63','64','65','66','69','71','73')  [ RunTime:0.0000s ]
SQL: SHOW COLUMNS FROM `emlog_navi` [ RunTime:0.0030s ]
SQL: SELECT `id`,`naviname`,`pid` FROM `emlog_navi`  [ RunTime:0.0000s ]
SQL: SHOW COLUMNS FROM `emlog_blog` [ RunTime:0.0040s ]
SQL: SELECT `navid` FROM `emlog_blog` WHERE ( gid ='66' )  [ RunTime:0.0000s ]
SQL: SELECT `id`,`naviname`,`gid`,`title`,`date`,`navid`,`description`,`keywords`,`content`,`blog_seotitle` FROM `emlog_navi` INNER JOIN emlog_blog ON emlog_blog.navid = emlog_navi.id  WHERE ( gid ='66' )  [ RunTime:0.0000s ]
INFO: [ view_parse ] --START--
INFO: [ template_filter ] --START--
INFO: Run Behavior\ContentReplaceBehavior [ RunTime:0.000000s ]
INFO: [ template_filter ] --END-- [ RunTime:0.000000s ]
NOTIC: [8] Use of undefined constant sitename - assumed 'sitename' E:\phpStudy\WWW\thinkmyblog\blog\Runtime\Cache\Admin\b4d634f4543d23278f80e0753d8c8dd0.php 第 31 行.
NOTIC: [8] Use of undefined constant username - assumed 'username' E:\phpStudy\WWW\thinkmyblog\blog\Runtime\Cache\Admin\b4d634f4543d23278f80e0753d8c8dd0.php 第 49 行.
INFO: Run Behavior\ParseTemplateBehavior [ RunTime:0.013001s ]
INFO: [ view_parse ] --END-- [ RunTime:0.013001s ]
INFO: [ view_filter ] --START--
INFO: Run Behavior\WriteHtmlCacheBehavior [ RunTime:0.000000s ]
INFO: [ view_filter ] --END-- [ RunTime:0.000000s ]
INFO: [ app_end ] --START--
INFO: Run Behavior\ShowPageTraceBehavior [ RunTime:0.001000s ]
INFO: [ app_end ] --END-- [ RunTime:0.001000s ]

[ 2017-09-21T10:08:23+08:00 ] 127.0.0.1 /index.php/Admin/Blog/edit/gid/66.html
INFO: [ app_init ] --START--
INFO: Run Behavior\BuildLiteBehavior [ RunTime:0.000000s ]
INFO: [ app_init ] --END-- [ RunTime:0.001000s ]
INFO: [ app_begin ] --START--
INFO: Run Behavior\ReadHtmlCacheBehavior [ RunTime:0.000000s ]
INFO: [ app_begin ] --END-- [ RunTime:0.000000s ]
NOTIC: [8] Use of undefined constant username - assumed 'username' E:\phpStudy\WWW\thinkmyblog\blog\Admin\Controller\PublicController.class.php 第 20 行.
NOTIC: [8] Use of undefined constant roleid - assumed 'roleid' E:\phpStudy\WWW\thinkmyblog\blog\Admin\Controller\PublicController.class.php 第 23 行.
NOTIC: [2048] Declaration of Admin\Model\AnaviModel::add() should be compatible with that of Think\Model::add() E:\phpStudy\WWW\thinkmyblog\blog\Admin\Model\AnaviModel.class.php 第 15 行.
SQL: SHOW COLUMNS FROM `emlog_anavi` [ RunTime:0.0020s ]
SQL: SELECT `id` FROM `emlog_anavi`  [ RunTime:0.0000s ]
SQL: SELECT `id` FROM `emlog_anavi` WHERE ( url ='blog/edit' )  [ RunTime:0.0000s ]
NOTIC: [8] Undefined offset: 0 E:\phpStudy\WWW\thinkmyblog\blog\Admin\Model\AnaviModel.class.php 第 50 行.
SQL: SHOW COLUMNS FROM `emlog_setting` [ RunTime:0.0020s ]
SQL: SELECT `k`,`v` FROM `emlog_setting`  [ RunTime:0.0000s ]
SQL: SELECT `id`,`naviname`,`url`,`pid`,`ico` FROM `emlog_anavi` WHERE ( pid = 0 ) AND `id` IN ('43','44','45','46','51','53','54','55','56','57','58','59','61','62','63','64','65','66','69','71','73')  [ RunTime:0.0000s ]
SQL: SELECT `id`,`naviname`,`url`,`pid`,`ico` FROM `emlog_anavi` WHERE ( pid <> 0 ) AND `id` IN ('43','44','45','46','51','53','54','55','56','57','58','59','61','62','63','64','65','66','69','71','73')  [ RunTime:0.0010s ]
SQL: SHOW COLUMNS FROM `emlog_blog` [ RunTime:0.0020s ]
SQL: UPDATE `emlog_blog` SET `navid`='14',`title`='iOS Safari 中click点击事件失效的解决办法',`blog_seotitle`='iOS Safari 中click点击事件失效的解决办法',`keywords`='click点击事件',`description`='Safari 浏览器 用jquery的live方法绑定的click事件点击无效（不能执行）',`content`='在我们使用MySQL的时候，有时会遇到需要更改或者删除mysql的主键，我们可以简单的使用alter table table_name drop primary key;来完成。下面我使用数据表table_test来作了例子。
1、首先创建一个数据表table_test：
create table table_test(
`id` varchar(100) NOT NULL,
`name` varchar(100) NOT NULL,
PRIMARY KEY (`name`)
)ENGINE=MyISAM DEFAULT CHARSET=gb2312;
2、假设发现主键设置错了,应该是id是主键,但现在表里已经有好多数据了,不能删除表再重建了，只能在这基础上修改表结构。
先删除主键
alter table table_test drop primary key;
然后再添加主键
alter table table_test add primary key(id);
注:在添加主键之前,必须先把重复的id删除掉。',`edit_date`='2017-09-21 10:08:23' WHERE ( gid ='66' ) [ RunTime:0.0000s ]
INFO: [ view_parse ] --START--
INFO: [ template_filter ] --START--
INFO: Run Behavior\ContentReplaceBehavior [ RunTime:0.000000s ]
INFO: [ template_filter ] --END-- [ RunTime:0.000000s ]
INFO: Run Behavior\ParseTemplateBehavior [ RunTime:0.004000s ]
INFO: [ view_parse ] --END-- [ RunTime:0.004000s ]
INFO: [ view_filter ] --START--
INFO: Run Behavior\WriteHtmlCacheBehavior [ RunTime:0.000000s ]
INFO: [ view_filter ] --END-- [ RunTime:0.000000s ]
INFO: [ app_end ] --START--
INFO: Run Behavior\ShowPageTraceBehavior [ RunTime:0.000000s ]
INFO: [ app_end ] --END-- [ RunTime:0.000000s ]

[ 2017-09-21T10:08:24+08:00 ] 127.0.0.1 /index.php/Admin/Blog/index.html
INFO: [ app_init ] --START--
INFO: Run Behavior\BuildLiteBehavior [ RunTime:0.000000s ]
INFO: [ app_init ] --END-- [ RunTime:0.000000s ]
INFO: [ app_begin ] --START--
INFO: Run Behavior\ReadHtmlCacheBehavior [ RunTime:0.001000s ]
INFO: [ app_begin ] --END-- [ RunTime:0.001000s ]
NOTIC: [8] Use of undefined constant username - assumed 'username' E:\phpStudy\WWW\thinkmyblog\blog\Admin\Controller\PublicController.class.php 第 20 行.
NOTIC: [8] Use of undefined constant roleid - assumed 'roleid' E:\phpStudy\WWW\thinkmyblog\blog\Admin\Controller\PublicController.class.php 第 23 行.
NOTIC: [2048] Declaration of Admin\Model\AnaviModel::add() should be compatible with that of Think\Model::add() E:\phpStudy\WWW\thinkmyblog\blog\Admin\Model\AnaviModel.class.php 第 15 行.
SQL: SHOW COLUMNS FROM `emlog_anavi` [ RunTime:0.0050s ]
SQL: SELECT `id` FROM `emlog_anavi`  [ RunTime:0.0010s ]
SQL: SELECT `id` FROM `emlog_anavi` WHERE ( url ='blog/index' )  [ RunTime:0.0000s ]
SQL: SHOW COLUMNS FROM `emlog_setting` [ RunTime:0.0030s ]
SQL: SELECT `k`,`v` FROM `emlog_setting`  [ RunTime:0.0000s ]
SQL: SELECT `id`,`naviname`,`url`,`pid`,`ico` FROM `emlog_anavi` WHERE ( pid = 0 ) AND `id` IN ('43','44','45','46','51','53','54','55','56','57','58','59','61','62','63','64','65','66','69','71','73')  [ RunTime:0.0010s ]
SQL: SELECT `id`,`naviname`,`url`,`pid`,`ico` FROM `emlog_anavi` WHERE ( pid <> 0 ) AND `id` IN ('43','44','45','46','51','53','54','55','56','57','58','59','61','62','63','64','65','66','69','71','73')  [ RunTime:0.0000s ]
SQL: SHOW COLUMNS FROM `emlog_blog` [ RunTime:0.0040s ]
SQL: SHOW COLUMNS FROM `emlog_navi` [ RunTime:0.0030s ]
SQL: SELECT `id`,`naviname`,`pid` FROM `emlog_navi`  [ RunTime:0.0000s ]
SQL: SELECT COUNT(*) AS tp_count FROM `emlog_navi` INNER JOIN emlog_blog ON emlog_blog.navid = emlog_navi.id  WHERE `title` LIKE '%%' AND `navid` LIKE '%%' LIMIT 1   [ RunTime:0.0000s ]
SQL: SELECT `id`,`naviname`,`gid`,`title`,`date`,`navid`,`edit_date` FROM `emlog_navi` INNER JOIN emlog_blog ON emlog_blog.navid = emlog_navi.id  WHERE `title` LIKE '%%' AND `navid` LIKE '%%' ORDER BY date desc LIMIT 0,10   [ RunTime:0.0000s ]
INFO: [ view_parse ] --START--
INFO: [ template_filter ] --START--
INFO: Run Behavior\ContentReplaceBehavior [ RunTime:0.000000s ]
INFO: [ template_filter ] --END-- [ RunTime:0.000000s ]
NOTIC: [8] Use of undefined constant sitename - assumed 'sitename' E:\phpStudy\WWW\thinkmyblog\blog\Runtime\Cache\Admin\437051e0155b9e7abd744474ad7ecab7.php 第 31 行.
NOTIC: [8] Use of undefined constant username - assumed 'username' E:\phpStudy\WWW\thinkmyblog\blog\Runtime\Cache\Admin\437051e0155b9e7abd744474ad7ecab7.php 第 49 行.
NOTIC: [8] Undefined index: order E:\phpStudy\WWW\thinkmyblog\blog\Runtime\Cache\Admin\437051e0155b9e7abd744474ad7ecab7.php 第 97 行.
NOTIC: [8] Use of undefined constant asc - assumed 'asc' E:\phpStudy\WWW\thinkmyblog\blog\Runtime\Cache\Admin\437051e0155b9e7abd744474ad7ecab7.php 第 97 行.
INFO: Run Behavior\ParseTemplateBehavior [ RunTime:0.009000s ]
INFO: [ view_parse ] --END-- [ RunTime:0.009000s ]
INFO: [ view_filter ] --START--
INFO: Run Behavior\WriteHtmlCacheBehavior [ RunTime:0.001000s ]
INFO: [ view_filter ] --END-- [ RunTime:0.001000s ]
INFO: [ app_end ] --START--
INFO: Run Behavior\ShowPageTraceBehavior [ RunTime:0.000000s ]
INFO: [ app_end ] --END-- [ RunTime:0.000000s ]

[ 2017-09-21T10:08:58+08:00 ] 127.0.0.1 /index.php/Admin/Blog/edit/gid/67.html
INFO: [ app_init ] --START--
INFO: Run Behavior\BuildLiteBehavior [ RunTime:0.000000s ]
INFO: [ app_init ] --END-- [ RunTime:0.000000s ]
INFO: [ app_begin ] --START--
INFO: Run Behavior\ReadHtmlCacheBehavior [ RunTime:0.001000s ]
INFO: [ app_begin ] --END-- [ RunTime:0.001000s ]
NOTIC: [8] Use of undefined constant username - assumed 'username' E:\phpStudy\WWW\thinkmyblog\blog\Admin\Controller\PublicController.class.php 第 20 行.
NOTIC: [8] Use of undefined constant roleid - assumed 'roleid' E:\phpStudy\WWW\thinkmyblog\blog\Admin\Controller\PublicController.class.php 第 23 行.
NOTIC: [2048] Declaration of Admin\Model\AnaviModel::add() should be compatible with that of Think\Model::add() E:\phpStudy\WWW\thinkmyblog\blog\Admin\Model\AnaviModel.class.php 第 15 行.
SQL: SHOW COLUMNS FROM `emlog_anavi` [ RunTime:0.0040s ]
SQL: SELECT `id` FROM `emlog_anavi`  [ RunTime:0.0000s ]
SQL: SELECT `id` FROM `emlog_anavi` WHERE ( url ='blog/edit' )  [ RunTime:0.0000s ]
NOTIC: [8] Undefined offset: 0 E:\phpStudy\WWW\thinkmyblog\blog\Admin\Model\AnaviModel.class.php 第 50 行.
SQL: SHOW COLUMNS FROM `emlog_setting` [ RunTime:0.0030s ]
SQL: SELECT `k`,`v` FROM `emlog_setting`  [ RunTime:0.0000s ]
SQL: SELECT `id`,`naviname`,`url`,`pid`,`ico` FROM `emlog_anavi` WHERE ( pid = 0 ) AND `id` IN ('43','44','45','46','51','53','54','55','56','57','58','59','61','62','63','64','65','66','69','71','73')  [ RunTime:0.0010s ]
SQL: SELECT `id`,`naviname`,`url`,`pid`,`ico` FROM `emlog_anavi` WHERE ( pid <> 0 ) AND `id` IN ('43','44','45','46','51','53','54','55','56','57','58','59','61','62','63','64','65','66','69','71','73')  [ RunTime:0.0000s ]
SQL: SHOW COLUMNS FROM `emlog_navi` [ RunTime:0.0040s ]
SQL: SELECT `id`,`naviname`,`pid` FROM `emlog_navi`  [ RunTime:0.0000s ]
SQL: SHOW COLUMNS FROM `emlog_blog` [ RunTime:0.0050s ]
SQL: SELECT `navid` FROM `emlog_blog` WHERE ( gid ='67' )  [ RunTime:0.0000s ]
SQL: SELECT `id`,`naviname`,`gid`,`title`,`date`,`navid`,`description`,`keywords`,`content`,`blog_seotitle` FROM `emlog_navi` INNER JOIN emlog_blog ON emlog_blog.navid = emlog_navi.id  WHERE ( gid ='67' )  [ RunTime:0.0000s ]
INFO: [ view_parse ] --START--
INFO: [ template_filter ] --START--
INFO: Run Behavior\ContentReplaceBehavior [ RunTime:0.000000s ]
INFO: [ template_filter ] --END-- [ RunTime:0.000000s ]
NOTIC: [8] Use of undefined constant sitename - assumed 'sitename' E:\phpStudy\WWW\thinkmyblog\blog\Runtime\Cache\Admin\b4d634f4543d23278f80e0753d8c8dd0.php 第 31 行.
NOTIC: [8] Use of undefined constant username - assumed 'username' E:\phpStudy\WWW\thinkmyblog\blog\Runtime\Cache\Admin\b4d634f4543d23278f80e0753d8c8dd0.php 第 49 行.
INFO: Run Behavior\ParseTemplateBehavior [ RunTime:0.013001s ]
INFO: [ view_parse ] --END-- [ RunTime:0.013001s ]
INFO: [ view_filter ] --START--
INFO: Run Behavior\WriteHtmlCacheBehavior [ RunTime:0.000000s ]
INFO: [ view_filter ] --END-- [ RunTime:0.000000s ]
INFO: [ app_end ] --START--
INFO: Run Behavior\ShowPageTraceBehavior [ RunTime:0.001000s ]
INFO: [ app_end ] --END-- [ RunTime:0.001000s ]

[ 2017-09-21T10:09:10+08:00 ] 127.0.0.1 /index.php/Admin/Blog/edit/gid/67.html
INFO: [ app_init ] --START--
INFO: Run Behavior\BuildLiteBehavior [ RunTime:0.000000s ]
INFO: [ app_init ] --END-- [ RunTime:0.000000s ]
INFO: [ app_begin ] --START--
INFO: Run Behavior\ReadHtmlCacheBehavior [ RunTime:0.001000s ]
INFO: [ app_begin ] --END-- [ RunTime:0.001000s ]
NOTIC: [8] Use of undefined constant username - assumed 'username' E:\phpStudy\WWW\thinkmyblog\blog\Admin\Controller\PublicController.class.php 第 20 行.
NOTIC: [8] Use of undefined constant roleid - assumed 'roleid' E:\phpStudy\WWW\thinkmyblog\blog\Admin\Controller\PublicController.class.php 第 23 行.
NOTIC: [2048] Declaration of Admin\Model\AnaviModel::add() should be compatible with that of Think\Model::add() E:\phpStudy\WWW\thinkmyblog\blog\Admin\Model\AnaviModel.class.php 第 15 行.
SQL: SHOW COLUMNS FROM `emlog_anavi` [ RunTime:0.0020s ]
SQL: SELECT `id` FROM `emlog_anavi`  [ RunTime:0.0000s ]
SQL: SELECT `id` FROM `emlog_anavi` WHERE ( url ='blog/edit' )  [ RunTime:0.0000s ]
NOTIC: [8] Undefined offset: 0 E:\phpStudy\WWW\thinkmyblog\blog\Admin\Model\AnaviModel.class.php 第 50 行.
SQL: SHOW COLUMNS FROM `emlog_setting` [ RunTime:0.0020s ]
SQL: SELECT `k`,`v` FROM `emlog_setting`  [ RunTime:0.0000s ]
SQL: SELECT `id`,`naviname`,`url`,`pid`,`ico` FROM `emlog_anavi` WHERE ( pid = 0 ) AND `id` IN ('43','44','45','46','51','53','54','55','56','57','58','59','61','62','63','64','65','66','69','71','73')  [ RunTime:0.0010s ]
SQL: SELECT `id`,`naviname`,`url`,`pid`,`ico` FROM `emlog_anavi` WHERE ( pid <> 0 ) AND `id` IN ('43','44','45','46','51','53','54','55','56','57','58','59','61','62','63','64','65','66','69','71','73')  [ RunTime:0.0000s ]
SQL: SHOW COLUMNS FROM `emlog_blog` [ RunTime:0.0030s ]
SQL: UPDATE `emlog_blog` SET `navid`='17',`title`='mysql删除及更改表的主键',`blog_seotitle`='mysql删除及更改表的主键',`keywords`='mysql删除,主键',`description`='遇到需要更改或者删除mysql的主键',`content`='在我们使用MySQL的时候，有时会遇到需要更改或者删除mysql的主键，我们可以简单的使用alter table table_name drop primary key;来完成。下面我使用数据表table_test来作了例子。
1、首先创建一个数据表table_test：
create table table_test(
`id` varchar(100) NOT NULL,
`name` varchar(100) NOT NULL,
PRIMARY KEY (`name`)
)ENGINE=MyISAM DEFAULT CHARSET=gb2312;
2、假设发现主键设置错了,应该是id是主键,但现在表里已经有好多数据了,不能删除表再重建了，只能在这基础上修改表结构。
先删除主键
alter table table_test drop primary key;
然后再添加主键
alter table table_test add primary key(id);
注:在添加主键之前,必须先把重复的id删除掉。',`edit_date`='2017-09-21 10:09:10' WHERE ( gid ='67' ) [ RunTime:0.0000s ]
INFO: [ view_parse ] --START--
INFO: [ template_filter ] --START--
INFO: Run Behavior\ContentReplaceBehavior [ RunTime:0.000000s ]
INFO: [ template_filter ] --END-- [ RunTime:0.000000s ]
INFO: Run Behavior\ParseTemplateBehavior [ RunTime:0.004000s ]
INFO: [ view_parse ] --END-- [ RunTime:0.004000s ]
INFO: [ view_filter ] --START--
INFO: Run Behavior\WriteHtmlCacheBehavior [ RunTime:0.000000s ]
INFO: [ view_filter ] --END-- [ RunTime:0.000000s ]
INFO: [ app_end ] --START--
INFO: Run Behavior\ShowPageTraceBehavior [ RunTime:0.001000s ]
INFO: [ app_end ] --END-- [ RunTime:0.001000s ]

[ 2017-09-21T10:09:11+08:00 ] 127.0.0.1 /index.php/Admin/Blog/index.html
INFO: [ app_init ] --START--
INFO: Run Behavior\BuildLiteBehavior [ RunTime:0.000000s ]
INFO: [ app_init ] --END-- [ RunTime:0.000000s ]
INFO: [ app_begin ] --START--
INFO: Run Behavior\ReadHtmlCacheBehavior [ RunTime:0.000000s ]
INFO: [ app_begin ] --END-- [ RunTime:0.000000s ]
NOTIC: [8] Use of undefined constant username - assumed 'username' E:\phpStudy\WWW\thinkmyblog\blog\Admin\Controller\PublicController.class.php 第 20 行.
NOTIC: [8] Use of undefined constant roleid - assumed 'roleid' E:\phpStudy\WWW\thinkmyblog\blog\Admin\Controller\PublicController.class.php 第 23 行.
NOTIC: [2048] Declaration of Admin\Model\AnaviModel::add() should be compatible with that of Think\Model::add() E:\phpStudy\WWW\thinkmyblog\blog\Admin\Model\AnaviModel.class.php 第 15 行.
SQL: SHOW COLUMNS FROM `emlog_anavi` [ RunTime:0.0030s ]
SQL: SELECT `id` FROM `emlog_anavi`  [ RunTime:0.0010s ]
SQL: SELECT `id` FROM `emlog_anavi` WHERE ( url ='blog/index' )  [ RunTime:0.0000s ]
SQL: SHOW COLUMNS FROM `emlog_setting` [ RunTime:0.0040s ]
SQL: SELECT `k`,`v` FROM `emlog_setting`  [ RunTime:0.0000s ]
SQL: SELECT `id`,`naviname`,`url`,`pid`,`ico` FROM `emlog_anavi` WHERE ( pid = 0 ) AND `id` IN ('43','44','45','46','51','53','54','55','56','57','58','59','61','62','63','64','65','66','69','71','73')  [ RunTime:0.0000s ]
SQL: SELECT `id`,`naviname`,`url`,`pid`,`ico` FROM `emlog_anavi` WHERE ( pid <> 0 ) AND `id` IN ('43','44','45','46','51','53','54','55','56','57','58','59','61','62','63','64','65','66','69','71','73')  [ RunTime:0.0010s ]
SQL: SHOW COLUMNS FROM `emlog_blog` [ RunTime:0.0020s ]
SQL: SHOW COLUMNS FROM `emlog_navi` [ RunTime:0.0020s ]
SQL: SELECT `id`,`naviname`,`pid` FROM `emlog_navi`  [ RunTime:0.0000s ]
SQL: SELECT COUNT(*) AS tp_count FROM `emlog_navi` INNER JOIN emlog_blog ON emlog_blog.navid = emlog_navi.id  WHERE `title` LIKE '%%' AND `navid` LIKE '%%' LIMIT 1   [ RunTime:0.0010s ]
SQL: SELECT `id`,`naviname`,`gid`,`title`,`date`,`navid`,`edit_date` FROM `emlog_navi` INNER JOIN emlog_blog ON emlog_blog.navid = emlog_navi.id  WHERE `title` LIKE '%%' AND `navid` LIKE '%%' ORDER BY date desc LIMIT 0,10   [ RunTime:0.0010s ]
INFO: [ view_parse ] --START--
INFO: [ template_filter ] --START--
INFO: Run Behavior\ContentReplaceBehavior [ RunTime:0.000000s ]
INFO: [ template_filter ] --END-- [ RunTime:0.000000s ]
NOTIC: [8] Use of undefined constant sitename - assumed 'sitename' E:\phpStudy\WWW\thinkmyblog\blog\Runtime\Cache\Admin\437051e0155b9e7abd744474ad7ecab7.php 第 31 行.
NOTIC: [8] Use of undefined constant username - assumed 'username' E:\phpStudy\WWW\thinkmyblog\blog\Runtime\Cache\Admin\437051e0155b9e7abd744474ad7ecab7.php 第 49 行.
NOTIC: [8] Undefined index: order E:\phpStudy\WWW\thinkmyblog\blog\Runtime\Cache\Admin\437051e0155b9e7abd744474ad7ecab7.php 第 97 行.
NOTIC: [8] Use of undefined constant asc - assumed 'asc' E:\phpStudy\WWW\thinkmyblog\blog\Runtime\Cache\Admin\437051e0155b9e7abd744474ad7ecab7.php 第 97 行.
INFO: Run Behavior\ParseTemplateBehavior [ RunTime:0.011001s ]
INFO: [ view_parse ] --END-- [ RunTime:0.011001s ]
INFO: [ view_filter ] --START--
INFO: Run Behavior\WriteHtmlCacheBehavior [ RunTime:0.000000s ]
INFO: [ view_filter ] --END-- [ RunTime:0.000000s ]
INFO: [ app_end ] --START--
INFO: Run Behavior\ShowPageTraceBehavior [ RunTime:0.000000s ]
INFO: [ app_end ] --END-- [ RunTime:0.000000s ]

[ 2017-09-21T10:10:45+08:00 ] 127.0.0.1 /index.php/Admin/Blog/edit/gid/67.html
INFO: [ app_init ] --START--
INFO: Run Behavior\BuildLiteBehavior [ RunTime:0.000000s ]
INFO: [ app_init ] --END-- [ RunTime:0.001000s ]
INFO: [ app_begin ] --START--
INFO: Run Behavior\ReadHtmlCacheBehavior [ RunTime:0.001000s ]
INFO: [ app_begin ] --END-- [ RunTime:0.001000s ]
NOTIC: [8] Use of undefined constant username - assumed 'username' E:\phpStudy\WWW\thinkmyblog\blog\Admin\Controller\PublicController.class.php 第 20 行.
NOTIC: [8] Use of undefined constant roleid - assumed 'roleid' E:\phpStudy\WWW\thinkmyblog\blog\Admin\Controller\PublicController.class.php 第 23 行.
NOTIC: [2048] Declaration of Admin\Model\AnaviModel::add() should be compatible with that of Think\Model::add() E:\phpStudy\WWW\thinkmyblog\blog\Admin\Model\AnaviModel.class.php 第 15 行.
SQL: SHOW COLUMNS FROM `emlog_anavi` [ RunTime:0.0040s ]
SQL: SELECT `id` FROM `emlog_anavi`  [ RunTime:0.0000s ]
SQL: SELECT `id` FROM `emlog_anavi` WHERE ( url ='blog/edit' )  [ RunTime:0.0010s ]
NOTIC: [8] Undefined offset: 0 E:\phpStudy\WWW\thinkmyblog\blog\Admin\Model\AnaviModel.class.php 第 50 行.
SQL: SHOW COLUMNS FROM `emlog_setting` [ RunTime:0.0020s ]
SQL: SELECT `k`,`v` FROM `emlog_setting`  [ RunTime:0.0010s ]
SQL: SELECT `id`,`naviname`,`url`,`pid`,`ico` FROM `emlog_anavi` WHERE ( pid = 0 ) AND `id` IN ('43','44','45','46','51','53','54','55','56','57','58','59','61','62','63','64','65','66','69','71','73')  [ RunTime:0.0000s ]
SQL: SELECT `id`,`naviname`,`url`,`pid`,`ico` FROM `emlog_anavi` WHERE ( pid <> 0 ) AND `id` IN ('43','44','45','46','51','53','54','55','56','57','58','59','61','62','63','64','65','66','69','71','73')  [ RunTime:0.0000s ]
SQL: SHOW COLUMNS FROM `emlog_navi` [ RunTime:0.0030s ]
SQL: SELECT `id`,`naviname`,`pid` FROM `emlog_navi`  [ RunTime:0.0000s ]
SQL: SHOW COLUMNS FROM `emlog_blog` [ RunTime:0.0020s ]
SQL: SELECT `navid` FROM `emlog_blog` WHERE ( gid ='67' )  [ RunTime:0.0000s ]
SQL: SELECT `id`,`naviname`,`gid`,`title`,`date`,`navid`,`description`,`keywords`,`content`,`blog_seotitle` FROM `emlog_navi` INNER JOIN emlog_blog ON emlog_blog.navid = emlog_navi.id  WHERE ( gid ='67' )  [ RunTime:0.0000s ]
INFO: [ view_parse ] --START--
INFO: [ template_filter ] --START--
INFO: Run Behavior\ContentReplaceBehavior [ RunTime:0.000000s ]
INFO: [ template_filter ] --END-- [ RunTime:0.000000s ]
NOTIC: [8] Use of undefined constant sitename - assumed 'sitename' E:\phpStudy\WWW\thinkmyblog\blog\Runtime\Cache\Admin\b4d634f4543d23278f80e0753d8c8dd0.php 第 31 行.
NOTIC: [8] Use of undefined constant username - assumed 'username' E:\phpStudy\WWW\thinkmyblog\blog\Runtime\Cache\Admin\b4d634f4543d23278f80e0753d8c8dd0.php 第 49 行.
INFO: Run Behavior\ParseTemplateBehavior [ RunTime:0.015000s ]
INFO: [ view_parse ] --END-- [ RunTime:0.016000s ]
INFO: [ view_filter ] --START--
INFO: Run Behavior\WriteHtmlCacheBehavior [ RunTime:0.001001s ]
INFO: [ view_filter ] --END-- [ RunTime:0.001001s ]
INFO: [ app_end ] --START--
INFO: Run Behavior\ShowPageTraceBehavior [ RunTime:0.000000s ]
INFO: [ app_end ] --END-- [ RunTime:0.000000s ]

[ 2017-09-21T10:11:02+08:00 ] 127.0.0.1 /index.php/Admin/Blog/edit/gid/67.html
INFO: [ app_init ] --START--
INFO: Run Behavior\BuildLiteBehavior [ RunTime:0.000000s ]
INFO: [ app_init ] --END-- [ RunTime:0.000000s ]
INFO: [ app_begin ] --START--
INFO: Run Behavior\ReadHtmlCacheBehavior [ RunTime:0.001000s ]
INFO: [ app_begin ] --END-- [ RunTime:0.001000s ]
NOTIC: [8] Use of undefined constant username - assumed 'username' E:\phpStudy\WWW\thinkmyblog\blog\Admin\Controller\PublicController.class.php 第 20 行.
NOTIC: [8] Use of undefined constant roleid - assumed 'roleid' E:\phpStudy\WWW\thinkmyblog\blog\Admin\Controller\PublicController.class.php 第 23 行.
NOTIC: [2048] Declaration of Admin\Model\AnaviModel::add() should be compatible with that of Think\Model::add() E:\phpStudy\WWW\thinkmyblog\blog\Admin\Model\AnaviModel.class.php 第 15 行.
SQL: SHOW COLUMNS FROM `emlog_anavi` [ RunTime:0.0020s ]
SQL: SELECT `id` FROM `emlog_anavi`  [ RunTime:0.0000s ]
SQL: SELECT `id` FROM `emlog_anavi` WHERE ( url ='blog/edit' )  [ RunTime:0.0000s ]
NOTIC: [8] Undefined offset: 0 E:\phpStudy\WWW\thinkmyblog\blog\Admin\Model\AnaviModel.class.php 第 50 行.
SQL: SHOW COLUMNS FROM `emlog_setting` [ RunTime:0.0030s ]
SQL: SELECT `k`,`v` FROM `emlog_setting`  [ RunTime:0.0000s ]
SQL: SELECT `id`,`naviname`,`url`,`pid`,`ico` FROM `emlog_anavi` WHERE ( pid = 0 ) AND `id` IN ('43','44','45','46','51','53','54','55','56','57','58','59','61','62','63','64','65','66','69','71','73')  [ RunTime:0.0000s ]
SQL: SELECT `id`,`naviname`,`url`,`pid`,`ico` FROM `emlog_anavi` WHERE ( pid <> 0 ) AND `id` IN ('43','44','45','46','51','53','54','55','56','57','58','59','61','62','63','64','65','66','69','71','73')  [ RunTime:0.0000s ]
SQL: SHOW COLUMNS FROM `emlog_blog` [ RunTime:0.0030s ]
SQL: UPDATE `emlog_blog` SET `navid`='17',`title`='mysql删除及更改表的主键',`blog_seotitle`='mysql删除及更改表的主键',`keywords`='mysql删除,主键',`description`='遇到需要更改或者删除mysql的主键',`content`='<p style=\"color:#555555;font-family:宋体, Verdana, Arial, Helvetica, sans-serif;font-size:13px;background-color:#F7FBFF;\">
	在我们使用<a href=\"http://lib.csdn.net/base/mysql\" class=\"replace_word\" target=\"_blank\">MySQL</a>的时候，有时会遇到需要更改或者删除<a href=\"http://lib.csdn.net/base/mysql\" class=\"replace_word\" target=\"_blank\">mysql</a>的主键，我们可以简单的使用alter table table_name drop primary key;来完成。下面我使用数据表table_test来作了例子。
</p>
<p style=\"color:#555555;font-family:宋体, Verdana, Arial, Helvetica, sans-serif;font-size:13px;background-color:#F7FBFF;\">
	1、首先创建一个数据表table_test：<br />
create table table_test(<br />
`id` varchar(100) NOT NULL,<br />
`name` varchar(100) NOT NULL,<br />
PRIMARY KEY (`name`)<br />
)ENGINE=MyISAM DEFAULT CHARSET=gb2312;
</p>
<p style=\"color:#555555;font-family:宋体, Verdana, Arial, Helvetica, sans-serif;font-size:13px;background-color:#F7FBFF;\">
	2、假设发现主键设置错了,应该是id是主键,但现在表里已经有好多数据了,不能删除表再重建了，只能在这基础上修改表结构。
</p>
<p style=\"color:#555555;font-family:宋体, Verdana, Arial, Helvetica, sans-serif;font-size:13px;background-color:#F7FBFF;\">
	先删除主键<br />
alter table table_test drop primary key;
</p>
<p style=\"color:#555555;font-family:宋体, Verdana, Arial, Helvetica, sans-serif;font-size:13px;background-color:#F7FBFF;\">
	然后再添加主键<br />
alter table table_test add primary key(id);
</p>
<p style=\"color:#555555;font-family:宋体, Verdana, Arial, Helvetica, sans-serif;font-size:13px;background-color:#F7FBFF;\">
	注:在添加主键之前,必须先把重复的id删除掉。
</p>',`edit_date`='2017-09-21 10:11:02' WHERE ( gid ='67' ) [ RunTime:0.0010s ]
INFO: [ view_parse ] --START--
INFO: [ template_filter ] --START--
INFO: Run Behavior\ContentReplaceBehavior [ RunTime:0.000000s ]
INFO: [ template_filter ] --END-- [ RunTime:0.000000s ]
INFO: Run Behavior\ParseTemplateBehavior [ RunTime:0.003000s ]
INFO: [ view_parse ] --END-- [ RunTime:0.003000s ]
INFO: [ view_filter ] --START--
INFO: Run Behavior\WriteHtmlCacheBehavior [ RunTime:0.000000s ]
INFO: [ view_filter ] --END-- [ RunTime:0.001000s ]
INFO: [ app_end ] --START--
INFO: Run Behavior\ShowPageTraceBehavior [ RunTime:0.000000s ]
INFO: [ app_end ] --END-- [ RunTime:0.000000s ]

[ 2017-09-21T10:11:03+08:00 ] 127.0.0.1 /index.php/Admin/Blog/index.html
INFO: [ app_init ] --START--
INFO: Run Behavior\BuildLiteBehavior [ RunTime:0.000000s ]
INFO: [ app_init ] --END-- [ RunTime:0.001000s ]
INFO: [ app_begin ] --START--
INFO: Run Behavior\ReadHtmlCacheBehavior [ RunTime:0.000000s ]
INFO: [ app_begin ] --END-- [ RunTime:0.001000s ]
NOTIC: [8] Use of undefined constant username - assumed 'username' E:\phpStudy\WWW\thinkmyblog\blog\Admin\Controller\PublicController.class.php 第 20 行.
NOTIC: [8] Use of undefined constant roleid - assumed 'roleid' E:\phpStudy\WWW\thinkmyblog\blog\Admin\Controller\PublicController.class.php 第 23 行.
NOTIC: [2048] Declaration of Admin\Model\AnaviModel::add() should be compatible with that of Think\Model::add() E:\phpStudy\WWW\thinkmyblog\blog\Admin\Model\AnaviModel.class.php 第 15 行.
SQL: SHOW COLUMNS FROM `emlog_anavi` [ RunTime:0.0030s ]
SQL: SELECT `id` FROM `emlog_anavi`  [ RunTime:0.0000s ]
SQL: SELECT `id` FROM `emlog_anavi` WHERE ( url ='blog/index' )  [ RunTime:0.0000s ]
SQL: SHOW COLUMNS FROM `emlog_setting` [ RunTime:0.0030s ]
SQL: SELECT `k`,`v` FROM `emlog_setting`  [ RunTime:0.0000s ]
SQL: SELECT `id`,`naviname`,`url`,`pid`,`ico` FROM `emlog_anavi` WHERE ( pid = 0 ) AND `id` IN ('43','44','45','46','51','53','54','55','56','57','58','59','61','62','63','64','65','66','69','71','73')  [ RunTime:0.0000s ]
SQL: SELECT `id`,`naviname`,`url`,`pid`,`ico` FROM `emlog_anavi` WHERE ( pid <> 0 ) AND `id` IN ('43','44','45','46','51','53','54','55','56','57','58','59','61','62','63','64','65','66','69','71','73')  [ RunTime:0.0000s ]
SQL: SHOW COLUMNS FROM `emlog_blog` [ RunTime:0.0030s ]
SQL: SHOW COLUMNS FROM `emlog_navi` [ RunTime:0.0030s ]
SQL: SELECT `id`,`naviname`,`pid` FROM `emlog_navi`  [ RunTime:0.0010s ]
SQL: SELECT COUNT(*) AS tp_count FROM `emlog_navi` INNER JOIN emlog_blog ON emlog_blog.navid = emlog_navi.id  WHERE `title` LIKE '%%' AND `navid` LIKE '%%' LIMIT 1   [ RunTime:0.0000s ]
SQL: SELECT `id`,`naviname`,`gid`,`title`,`date`,`navid`,`edit_date` FROM `emlog_navi` INNER JOIN emlog_blog ON emlog_blog.navid = emlog_navi.id  WHERE `title` LIKE '%%' AND `navid` LIKE '%%' ORDER BY date desc LIMIT 0,10   [ RunTime:0.0010s ]
INFO: [ view_parse ] --START--
INFO: [ template_filter ] --START--
INFO: Run Behavior\ContentReplaceBehavior [ RunTime:0.000000s ]
INFO: [ template_filter ] --END-- [ RunTime:0.000000s ]
NOTIC: [8] Use of undefined constant sitename - assumed 'sitename' E:\phpStudy\WWW\thinkmyblog\blog\Runtime\Cache\Admin\437051e0155b9e7abd744474ad7ecab7.php 第 31 行.
NOTIC: [8] Use of undefined constant username - assumed 'username' E:\phpStudy\WWW\thinkmyblog\blog\Runtime\Cache\Admin\437051e0155b9e7abd744474ad7ecab7.php 第 49 行.
NOTIC: [8] Undefined index: order E:\phpStudy\WWW\thinkmyblog\blog\Runtime\Cache\Admin\437051e0155b9e7abd744474ad7ecab7.php 第 97 行.
NOTIC: [8] Use of undefined constant asc - assumed 'asc' E:\phpStudy\WWW\thinkmyblog\blog\Runtime\Cache\Admin\437051e0155b9e7abd744474ad7ecab7.php 第 97 行.
INFO: Run Behavior\ParseTemplateBehavior [ RunTime:0.009001s ]
INFO: [ view_parse ] --END-- [ RunTime:0.009001s ]
INFO: [ view_filter ] --START--
INFO: Run Behavior\WriteHtmlCacheBehavior [ RunTime:0.000000s ]
INFO: [ view_filter ] --END-- [ RunTime:0.000000s ]
INFO: [ app_end ] --START--
INFO: Run Behavior\ShowPageTraceBehavior [ RunTime:0.001000s ]
INFO: [ app_end ] --END-- [ RunTime:0.001000s ]

[ 2017-09-21T10:48:11+08:00 ] 127.0.0.1 /index.php/Admin/Blog/index.html
INFO: [ app_init ] --START--
INFO: Run Behavior\BuildLiteBehavior [ RunTime:0.000000s ]
INFO: [ app_init ] --END-- [ RunTime:0.001000s ]
INFO: [ app_begin ] --START--
INFO: Run Behavior\ReadHtmlCacheBehavior [ RunTime:0.001000s ]
INFO: [ app_begin ] --END-- [ RunTime:0.001000s ]
NOTIC: [8] Use of undefined constant username - assumed 'username' E:\phpStudy\WWW\thinkmyblog\blog\Admin\Controller\PublicController.class.php 第 20 行.
NOTIC: [8] Use of undefined constant roleid - assumed 'roleid' E:\phpStudy\WWW\thinkmyblog\blog\Admin\Controller\PublicController.class.php 第 23 行.
NOTIC: [2048] Declaration of Admin\Model\AnaviModel::add() should be compatible with that of Think\Model::add() E:\phpStudy\WWW\thinkmyblog\blog\Admin\Model\AnaviModel.class.php 第 15 行.
SQL: SHOW COLUMNS FROM `emlog_anavi` [ RunTime:0.0070s ]
SQL: SELECT `id` FROM `emlog_anavi`  [ RunTime:0.0000s ]
SQL: SELECT `id` FROM `emlog_anavi` WHERE ( url ='blog/index' )  [ RunTime:0.0000s ]
SQL: SHOW COLUMNS FROM `emlog_setting` [ RunTime:0.0070s ]
SQL: SELECT `k`,`v` FROM `emlog_setting`  [ RunTime:0.0000s ]
SQL: SELECT `id`,`naviname`,`url`,`pid`,`ico` FROM `emlog_anavi` WHERE ( pid = 0 ) AND `id` IN ('43','44','45','46','51','53','54','55','56','57','58','59','61','62','63','64','65','66','69','71','73')  [ RunTime:0.0000s ]
SQL: SELECT `id`,`naviname`,`url`,`pid`,`ico` FROM `emlog_anavi` WHERE ( pid <> 0 ) AND `id` IN ('43','44','45','46','51','53','54','55','56','57','58','59','61','62','63','64','65','66','69','71','73')  [ RunTime:0.0000s ]
SQL: SHOW COLUMNS FROM `emlog_blog` [ RunTime:0.0070s ]
SQL: SHOW COLUMNS FROM `emlog_navi` [ RunTime:0.0070s ]
SQL: SELECT `id`,`naviname`,`pid` FROM `emlog_navi`  [ RunTime:0.0000s ]
SQL: SELECT COUNT(*) AS tp_count FROM `emlog_navi` INNER JOIN emlog_blog ON emlog_blog.navid = emlog_navi.id  WHERE `title` LIKE '%%' AND `navid` LIKE '%%' LIMIT 1   [ RunTime:0.0000s ]
SQL: SELECT `id`,`naviname`,`gid`,`title`,`date`,`navid`,`edit_date` FROM `emlog_navi` INNER JOIN emlog_blog ON emlog_blog.navid = emlog_navi.id  WHERE `title` LIKE '%%' AND `navid` LIKE '%%' ORDER BY date desc LIMIT 0,10   [ RunTime:0.0000s ]
INFO: [ view_parse ] --START--
INFO: [ template_filter ] --START--
INFO: Run Behavior\ContentReplaceBehavior [ RunTime:0.000000s ]
INFO: [ template_filter ] --END-- [ RunTime:0.001000s ]
NOTIC: [8] Use of undefined constant sitename - assumed 'sitename' E:\phpStudy\WWW\thinkmyblog\blog\Runtime\Cache\Admin\437051e0155b9e7abd744474ad7ecab7.php 第 31 行.
NOTIC: [8] Use of undefined constant username - assumed 'username' E:\phpStudy\WWW\thinkmyblog\blog\Runtime\Cache\Admin\437051e0155b9e7abd744474ad7ecab7.php 第 49 行.
NOTIC: [8] Undefined index: order E:\phpStudy\WWW\thinkmyblog\blog\Runtime\Cache\Admin\437051e0155b9e7abd744474ad7ecab7.php 第 97 行.
NOTIC: [8] Use of undefined constant asc - assumed 'asc' E:\phpStudy\WWW\thinkmyblog\blog\Runtime\Cache\Admin\437051e0155b9e7abd744474ad7ecab7.php 第 97 行.
INFO: Run Behavior\ParseTemplateBehavior [ RunTime:0.016001s ]
INFO: [ view_parse ] --END-- [ RunTime:0.016001s ]
INFO: [ view_filter ] --START--
INFO: Run Behavior\WriteHtmlCacheBehavior [ RunTime:0.000000s ]
INFO: [ view_filter ] --END-- [ RunTime:0.000000s ]
INFO: [ app_end ] --START--
INFO: Run Behavior\ShowPageTraceBehavior [ RunTime:0.000000s ]
INFO: [ app_end ] --END-- [ RunTime:0.000000s ]

[ 2017-09-21T10:48:12+08:00 ] 127.0.0.1 /index.php/Admin/Blog/add.html
INFO: [ app_init ] --START--
INFO: Run Behavior\BuildLiteBehavior [ RunTime:0.000000s ]
INFO: [ app_init ] --END-- [ RunTime:0.001000s ]
INFO: [ app_begin ] --START--
INFO: Run Behavior\ReadHtmlCacheBehavior [ RunTime:0.000000s ]
INFO: [ app_begin ] --END-- [ RunTime:0.000000s ]
NOTIC: [8] Use of undefined constant username - assumed 'username' E:\phpStudy\WWW\thinkmyblog\blog\Admin\Controller\PublicController.class.php 第 20 行.
NOTIC: [8] Use of undefined constant roleid - assumed 'roleid' E:\phpStudy\WWW\thinkmyblog\blog\Admin\Controller\PublicController.class.php 第 23 行.
NOTIC: [2048] Declaration of Admin\Model\AnaviModel::add() should be compatible with that of Think\Model::add() E:\phpStudy\WWW\thinkmyblog\blog\Admin\Model\AnaviModel.class.php 第 15 行.
SQL: SHOW COLUMNS FROM `emlog_anavi` [ RunTime:0.0090s ]
SQL: SELECT `id` FROM `emlog_anavi`  [ RunTime:0.0010s ]
SQL: SELECT `id` FROM `emlog_anavi` WHERE ( url ='blog/add' )  [ RunTime:0.0000s ]
SQL: SHOW COLUMNS FROM `emlog_setting` [ RunTime:0.0090s ]
SQL: SELECT `k`,`v` FROM `emlog_setting`  [ RunTime:0.0000s ]
SQL: SELECT `id`,`naviname`,`url`,`pid`,`ico` FROM `emlog_anavi` WHERE ( pid = 0 ) AND `id` IN ('43','44','45','46','51','53','54','55','56','57','58','59','61','62','63','64','65','66','69','71','73')  [ RunTime:0.0000s ]
SQL: SELECT `id`,`naviname`,`url`,`pid`,`ico` FROM `emlog_anavi` WHERE ( pid <> 0 ) AND `id` IN ('43','44','45','46','51','53','54','55','56','57','58','59','61','62','63','64','65','66','69','71','73')  [ RunTime:0.0000s ]
SQL: SHOW COLUMNS FROM `emlog_navi` [ RunTime:0.0090s ]
SQL: SELECT `id`,`naviname`,`pid` FROM `emlog_navi`  [ RunTime:0.0000s ]
NOTIC: [8] Undefined variable: pid E:\phpStudy\WWW\thinkmyblog\blog\Admin\Controller\BlogController.class.php 第 111 行.
INFO: [ view_parse ] --START--
INFO: [ template_filter ] --START--
INFO: Run Behavior\ContentReplaceBehavior [ RunTime:0.000000s ]
INFO: [ template_filter ] --END-- [ RunTime:0.000000s ]
NOTIC: [8] Use of undefined constant sitename - assumed 'sitename' E:\phpStudy\WWW\thinkmyblog\blog\Runtime\Cache\Admin\b4d634f4543d23278f80e0753d8c8dd0.php 第 31 行.
NOTIC: [8] Use of undefined constant username - assumed 'username' E:\phpStudy\WWW\thinkmyblog\blog\Runtime\Cache\Admin\b4d634f4543d23278f80e0753d8c8dd0.php 第 49 行.
NOTIC: [8] Undefined index: gid E:\phpStudy\WWW\thinkmyblog\blog\Runtime\Cache\Admin\b4d634f4543d23278f80e0753d8c8dd0.php 第 76 行.
NOTIC: [8] Undefined variable: blog E:\phpStudy\WWW\thinkmyblog\blog\Runtime\Cache\Admin\b4d634f4543d23278f80e0753d8c8dd0.php 第 114 行.
NOTIC: [8] Undefined variable: blog E:\phpStudy\WWW\thinkmyblog\blog\Runtime\Cache\Admin\b4d634f4543d23278f80e0753d8c8dd0.php 第 138 行.
NOTIC: [8] Undefined variable: blog E:\phpStudy\WWW\thinkmyblog\blog\Runtime\Cache\Admin\b4d634f4543d23278f80e0753d8c8dd0.php 第 149 行.
NOTIC: [8] Undefined variable: blog E:\phpStudy\WWW\thinkmyblog\blog\Runtime\Cache\Admin\b4d634f4543d23278f80e0753d8c8dd0.php 第 163 行.
NOTIC: [8] Undefined variable: blog E:\phpStudy\WWW\thinkmyblog\blog\Runtime\Cache\Admin\b4d634f4543d23278f80e0753d8c8dd0.php 第 176 行.
NOTIC: [8] Undefined variable: blog E:\phpStudy\WWW\thinkmyblog\blog\Runtime\Cache\Admin\b4d634f4543d23278f80e0753d8c8dd0.php 第 187 行.
INFO: Run Behavior\ParseTemplateBehavior [ RunTime:0.012001s ]
INFO: [ view_parse ] --END-- [ RunTime:0.012001s ]
INFO: [ view_filter ] --START--
INFO: Run Behavior\WriteHtmlCacheBehavior [ RunTime:0.000000s ]
INFO: [ view_filter ] --END-- [ RunTime:0.000000s ]
INFO: [ app_end ] --START--
INFO: Run Behavior\ShowPageTraceBehavior [ RunTime:0.001000s ]
INFO: [ app_end ] --END-- [ RunTime:0.001000s ]

[ 2017-09-21T10:59:49+08:00 ] 127.0.0.1 /index.php/Admin/Blog/add.html
INFO: [ app_init ] --START--
INFO: Run Behavior\BuildLiteBehavior [ RunTime:0.000000s ]
INFO: [ app_init ] --END-- [ RunTime:0.000000s ]
INFO: [ app_begin ] --START--
INFO: Run Behavior\ReadHtmlCacheBehavior [ RunTime:0.000000s ]
INFO: [ app_begin ] --END-- [ RunTime:0.000000s ]
NOTIC: [8] Use of undefined constant username - assumed 'username' E:\phpStudy\WWW\thinkmyblog\blog\Admin\Controller\PublicController.class.php 第 20 行.
NOTIC: [8] Use of undefined constant roleid - assumed 'roleid' E:\phpStudy\WWW\thinkmyblog\blog\Admin\Controller\PublicController.class.php 第 23 行.
NOTIC: [2048] Declaration of Admin\Model\AnaviModel::add() should be compatible with that of Think\Model::add() E:\phpStudy\WWW\thinkmyblog\blog\Admin\Model\AnaviModel.class.php 第 15 行.
SQL: SHOW COLUMNS FROM `emlog_anavi` [ RunTime:0.0070s ]
SQL: SELECT `id` FROM `emlog_anavi`  [ RunTime:0.0000s ]
SQL: SELECT `id` FROM `emlog_anavi` WHERE ( url ='blog/add' )  [ RunTime:0.0000s ]
SQL: SHOW COLUMNS FROM `emlog_setting` [ RunTime:0.0060s ]
SQL: SELECT `k`,`v` FROM `emlog_setting`  [ RunTime:0.0000s ]
SQL: SELECT `id`,`naviname`,`url`,`pid`,`ico` FROM `emlog_anavi` WHERE ( pid = 0 ) AND `id` IN ('43','44','45','46','51','53','54','55','56','57','58','59','61','62','63','64','65','66','69','71','73')  [ RunTime:0.0010s ]
SQL: SELECT `id`,`naviname`,`url`,`pid`,`ico` FROM `emlog_anavi` WHERE ( pid <> 0 ) AND `id` IN ('43','44','45','46','51','53','54','55','56','57','58','59','61','62','63','64','65','66','69','71','73')  [ RunTime:0.0000s ]
SQL: SHOW COLUMNS FROM `emlog_blog` [ RunTime:0.0070s ]
SQL: INSERT INTO `emlog_blog` (`navid`,`title`,`blog_seotitle`,`keywords`,`description`,`content`) VALUES ('14','三步实现滚动条触动css动画效果','三步实现滚动条触动css动画效果','动条触动css动','ScrollReveal.js 用于创建和管理元素进入可视区域时的动画效果','<ul style=\"color:#FFFFFF;font-family:微软雅黑, Arial, Helvetica, sans-serif;font-size:14px;background-color:#075498;\">
	<p>
		现在很多网站都有这种效果，我就整理了一下，分享出来。利用滚动条来实现动画效果，
	</p>
	<p>
		ScrollReveal.js 用于创建和管理元素进入可视区域时的动画效果，帮助你的网站增加吸引力。只需要给元素增加 data-scroll-reveal 属性，当元素进入可视区域的时候会自动被触发设置好的动画。这里有一个我做的示例网站。<a href=\"http://www.lmjhome.com/\" target=\"_blank\"><span><span class=\"bt-cs\" style=\"background:#FF9900;\">演示</span></span></a>
	</p>
	<p>
		<strong>1、引入文件</strong>
	</p>
	<div class=\"shili\" style=\"margin:0px;padding:10px;background-color:#221ABD;border:1px dotted #778855;\">
		<p>
			&nbsp;&lt;script src=\"js/scrollReveal.js\"&gt;&lt;/script&gt;
		</p>
	</div>
	<p>
		<strong>2、html页面</strong>
	</p>
	<p>
		必须给元素加上 data-scroll-reveal 属性，加上之后会执行默认的动画效果，你也可以自定义改属性以显示不同的动画效果，如：
	</p>
	<div class=\"shili\" style=\"margin:0px;padding:10px;background-color:#221ABD;border:1px dotted #778855;\">
		<p>
			&lt;div data-scroll-reveal=\"enter left and move 50px over 1.33s\"&gt;杨青个人博客&lt;/div&gt;
		</p>
		<p>
			&lt;div data-scroll-reveal=\"enter from the bottom after 1s\"&gt;ScrollReveal&lt;/div&gt;
		</p>
		<p>
			&lt;div data-scroll-reveal=\"wait 2.5s and then ease-in-out 100px\"&gt;ScrollReveal&lt;/div&gt;
		</p>
	</div>
	<p>
		<strong>3、JavaScript</strong>
	</p>
	<div class=\"shili\" style=\"margin:0px;padding:10px;background-color:#221ABD;border:1px dotted #778855;\">
		<p>
			&nbsp; &lt;script&gt;
		</p>
		<p>
			<span> </span>if (!(/msie [6|7|8|9]/i.test(navigator.userAgent))){
		</p>
		<p>
			<span> </span>(function(){
		</p>
		<p>
			<span> </span>window.scrollReveal = new scrollReveal({reset: true});
		</p>
		<p>
			<span> </span>})();
		</p>
		<p>
			<span> </span>};
		</p>
		<p>
			&lt;/script&gt;&nbsp;
		</p>
	</div>
	<div class=\"shili\" style=\"margin:0px;padding:10px;background-color:#221ABD;border:1px dotted #778855;\">
		<p>
			data-scroll-reveal属性
		</p>
		<p>
			上面说了可以自定义 data-scroll-reveal 属性，下面来看看该属性的关键词和值（可选）。
		</p>
		<p>
			enter
		</p>
		<p>
			说明: 动画起始方向
		</p>
v
		<p>
			值: top | right | bottom | left
		</p>
		<p>
			move
		</p>
		<p>
			说明: 动画执行距离
		</p>
		<p>
			值: 数字，以 px 为单位
		</p>
		<p>
			over
		</p>
		<p>
			说明: 动画持续时间
		</p>
		<p>
			值: 数字，以秒为单位
		</p>
		<p>
			after/wait
		</p>
		<p>
			说明: 动画延迟时间&lt;
		</p>
		<p>
			值: 数字，以秒为单位
		</p>
		<p>
			填充（可选）
		</p>
		<p>
			可以在 data-scroll-reveal 属性里填充（添加）一些类似编程的“语句”，使其更有可读性，scrollReveal.js 支持以下“语句”：
		</p>
		<p>
			from
		</p>
		<p>
			the
		</p>
		<p>
			and
		</p>
		<p>
			then
		</p>
		<p>
			but
		</p>
		<p>
			with
		</p>
	</div>
</ul>') [ RunTime:0.0000s ]
INFO: [ view_parse ] --START--
INFO: [ template_filter ] --START--
INFO: Run Behavior\ContentReplaceBehavior [ RunTime:0.000000s ]
INFO: [ template_filter ] --END-- [ RunTime:0.000000s ]
INFO: Run Behavior\ParseTemplateBehavior [ RunTime:0.011001s ]
INFO: [ view_parse ] --END-- [ RunTime:0.011001s ]
INFO: [ view_filter ] --START--
INFO: Run Behavior\WriteHtmlCacheBehavior [ RunTime:0.001000s ]
INFO: [ view_filter ] --END-- [ RunTime:0.001000s ]
INFO: [ app_end ] --START--
INFO: Run Behavior\ShowPageTraceBehavior [ RunTime:0.000000s ]
INFO: [ app_end ] --END-- [ RunTime:0.000000s ]

[ 2017-09-21T10:59:50+08:00 ] 127.0.0.1 /index.php/Admin/Blog/index.html
INFO: [ app_init ] --START--
INFO: Run Behavior\BuildLiteBehavior [ RunTime:0.000000s ]
INFO: [ app_init ] --END-- [ RunTime:0.001000s ]
INFO: [ app_begin ] --START--
INFO: Run Behavior\ReadHtmlCacheBehavior [ RunTime:0.001000s ]
INFO: [ app_begin ] --END-- [ RunTime:0.001000s ]
NOTIC: [8] Use of undefined constant username - assumed 'username' E:\phpStudy\WWW\thinkmyblog\blog\Admin\Controller\PublicController.class.php 第 20 行.
NOTIC: [8] Use of undefined constant roleid - assumed 'roleid' E:\phpStudy\WWW\thinkmyblog\blog\Admin\Controller\PublicController.class.php 第 23 行.
NOTIC: [2048] Declaration of Admin\Model\AnaviModel::add() should be compatible with that of Think\Model::add() E:\phpStudy\WWW\thinkmyblog\blog\Admin\Model\AnaviModel.class.php 第 15 行.
SQL: SHOW COLUMNS FROM `emlog_anavi` [ RunTime:0.0070s ]
SQL: SELECT `id` FROM `emlog_anavi`  [ RunTime:0.0000s ]
SQL: SELECT `id` FROM `emlog_anavi` WHERE ( url ='blog/index' )  [ RunTime:0.0000s ]
SQL: SHOW COLUMNS FROM `emlog_setting` [ RunTime:0.0070s ]
SQL: SELECT `k`,`v` FROM `emlog_setting`  [ RunTime:0.0000s ]
SQL: SELECT `id`,`naviname`,`url`,`pid`,`ico` FROM `emlog_anavi` WHERE ( pid = 0 ) AND `id` IN ('43','44','45','46','51','53','54','55','56','57','58','59','61','62','63','64','65','66','69','71','73')  [ RunTime:0.0010s ]
SQL: SELECT `id`,`naviname`,`url`,`pid`,`ico` FROM `emlog_anavi` WHERE ( pid <> 0 ) AND `id` IN ('43','44','45','46','51','53','54','55','56','57','58','59','61','62','63','64','65','66','69','71','73')  [ RunTime:0.0000s ]
SQL: SHOW COLUMNS FROM `emlog_blog` [ RunTime:0.0080s ]
SQL: SHOW COLUMNS FROM `emlog_navi` [ RunTime:0.0060s ]
SQL: SELECT `id`,`naviname`,`pid` FROM `emlog_navi`  [ RunTime:0.0000s ]
SQL: SELECT COUNT(*) AS tp_count FROM `emlog_navi` INNER JOIN emlog_blog ON emlog_blog.navid = emlog_navi.id  WHERE `title` LIKE '%%' AND `navid` LIKE '%%' LIMIT 1   [ RunTime:0.0000s ]
SQL: SELECT `id`,`naviname`,`gid`,`title`,`date`,`navid`,`edit_date` FROM `emlog_navi` INNER JOIN emlog_blog ON emlog_blog.navid = emlog_navi.id  WHERE `title` LIKE '%%' AND `navid` LIKE '%%' ORDER BY date desc LIMIT 0,10   [ RunTime:0.0000s ]
INFO: [ view_parse ] --START--
INFO: [ template_filter ] --START--
INFO: Run Behavior\ContentReplaceBehavior [ RunTime:0.000000s ]
INFO: [ template_filter ] --END-- [ RunTime:0.000000s ]
NOTIC: [8] Use of undefined constant sitename - assumed 'sitename' E:\phpStudy\WWW\thinkmyblog\blog\Runtime\Cache\Admin\437051e0155b9e7abd744474ad7ecab7.php 第 31 行.
NOTIC: [8] Use of undefined constant username - assumed 'username' E:\phpStudy\WWW\thinkmyblog\blog\Runtime\Cache\Admin\437051e0155b9e7abd744474ad7ecab7.php 第 49 行.
NOTIC: [8] Undefined index: order E:\phpStudy\WWW\thinkmyblog\blog\Runtime\Cache\Admin\437051e0155b9e7abd744474ad7ecab7.php 第 97 行.
NOTIC: [8] Use of undefined constant asc - assumed 'asc' E:\phpStudy\WWW\thinkmyblog\blog\Runtime\Cache\Admin\437051e0155b9e7abd744474ad7ecab7.php 第 97 行.
INFO: Run Behavior\ParseTemplateBehavior [ RunTime:0.011000s ]
INFO: [ view_parse ] --END-- [ RunTime:0.011000s ]
INFO: [ view_filter ] --START--
INFO: Run Behavior\WriteHtmlCacheBehavior [ RunTime:0.000000s ]
INFO: [ view_filter ] --END-- [ RunTime:0.000000s ]
INFO: [ app_end ] --START--
INFO: Run Behavior\ShowPageTraceBehavior [ RunTime:0.000000s ]
INFO: [ app_end ] --END-- [ RunTime:0.000000s ]

[ 2017-09-21T13:35:14+08:00 ] 127.0.0.1 /index.php/Admin/User/Index.html
INFO: [ app_init ] --START--
INFO: Run Behavior\BuildLiteBehavior [ RunTime:0.000000s ]
INFO: [ app_init ] --END-- [ RunTime:0.000000s ]
INFO: [ app_begin ] --START--
INFO: Run Behavior\ReadHtmlCacheBehavior [ RunTime:0.001000s ]
INFO: [ app_begin ] --END-- [ RunTime:0.001000s ]
NOTIC: [8] Use of undefined constant username - assumed 'username' E:\phpStudy\WWW\thinkmyblog\blog\Admin\Controller\PublicController.class.php 第 20 行.
NOTIC: [8] Use of undefined constant roleid - assumed 'roleid' E:\phpStudy\WWW\thinkmyblog\blog\Admin\Controller\PublicController.class.php 第 23 行.
NOTIC: [2048] Declaration of Admin\Model\AnaviModel::add() should be compatible with that of Think\Model::add() E:\phpStudy\WWW\thinkmyblog\blog\Admin\Model\AnaviModel.class.php 第 15 行.
SQL: SHOW COLUMNS FROM `emlog_anavi` [ RunTime:0.0080s ]
SQL: SELECT `id` FROM `emlog_anavi`  [ RunTime:0.0000s ]
SQL: SELECT `id` FROM `emlog_anavi` WHERE ( url ='user/index' )  [ RunTime:0.0010s ]
SQL: SHOW COLUMNS FROM `emlog_setting` [ RunTime:0.0070s ]
SQL: SELECT `k`,`v` FROM `emlog_setting`  [ RunTime:0.0010s ]
SQL: SELECT `id`,`naviname`,`url`,`pid`,`ico` FROM `emlog_anavi` WHERE ( pid = 0 ) AND `id` IN ('43','44','45','46','51','53','54','55','56','57','58','59','61','62','63','64','65','66','69','71','73')  [ RunTime:0.0010s ]
SQL: SELECT `id`,`naviname`,`url`,`pid`,`ico` FROM `emlog_anavi` WHERE ( pid <> 0 ) AND `id` IN ('43','44','45','46','51','53','54','55','56','57','58','59','61','62','63','64','65','66','69','71','73')  [ RunTime:0.0000s ]
NOTIC: [2048] Declaration of Admin\Model\UserModel::add() should be compatible with that of Think\Model::add() E:\phpStudy\WWW\thinkmyblog\blog\Admin\Model\UserModel.class.php 第 140 行.
SQL: SHOW COLUMNS FROM `emlog_user` [ RunTime:0.0080s ]
SQL: SHOW COLUMNS FROM `emlog_user` [ RunTime:0.0080s ]
SQL: SELECT user.uid,user.roleid,user.username,user.email,usergroup.groupname FROM `emlog_user` `user`,`emlog_usergroup` `usergroup` WHERE ( user.roleid= usergroup.id )  [ RunTime:0.0000s ]
NOTIC: [8] Undefined variable: info E:\phpStudy\WWW\thinkmyblog\blog\Admin\Model\UserModel.class.php 第 46 行.
NOTIC: [8] Use of undefined constant roleid - assumed 'roleid' E:\phpStudy\WWW\thinkmyblog\blog\Admin\Controller\UserController.class.php 第 31 行.
SQL: SHOW COLUMNS FROM `emlog_usergroup` [ RunTime:0.0080s ]
SQL: SELECT * FROM `emlog_usergroup` WHERE ( id = 1 )  [ RunTime:0.0000s ]
INFO: [ view_parse ] --START--
INFO: [ template_filter ] --START--
INFO: Run Behavior\ContentReplaceBehavior [ RunTime:0.000000s ]
INFO: [ template_filter ] --END-- [ RunTime:0.000000s ]
NOTIC: [8] Use of undefined constant sitename - assumed 'sitename' E:\phpStudy\WWW\thinkmyblog\blog\Runtime\Cache\Admin\371263edb025c8be4ce2c853fdc617a6.php 第 31 行.
NOTIC: [8] Use of undefined constant username - assumed 'username' E:\phpStudy\WWW\thinkmyblog\blog\Runtime\Cache\Admin\371263edb025c8be4ce2c853fdc617a6.php 第 49 行.
NOTIC: [8] Use of undefined constant roleid - assumed 'roleid' E:\phpStudy\WWW\thinkmyblog\blog\Runtime\Cache\Admin\371263edb025c8be4ce2c853fdc617a6.php 第 114 行.
NOTIC: [8] Undefined index: k E:\phpStudy\WWW\thinkmyblog\blog\Runtime\Cache\Admin\371263edb025c8be4ce2c853fdc617a6.php 第 107 行.
NOTIC: [8] Use of undefined constant roleid - assumed 'roleid' E:\phpStudy\WWW\thinkmyblog\blog\Runtime\Cache\Admin\371263edb025c8be4ce2c853fdc617a6.php 第 114 行.
NOTIC: [8] Undefined index: k E:\phpStudy\WWW\thinkmyblog\blog\Runtime\Cache\Admin\371263edb025c8be4ce2c853fdc617a6.php 第 107 行.
NOTIC: [8] Use of undefined constant roleid - assumed 'roleid' E:\phpStudy\WWW\thinkmyblog\blog\Runtime\Cache\Admin\371263edb025c8be4ce2c853fdc617a6.php 第 114 行.
NOTIC: [8] Undefined index: k E:\phpStudy\WWW\thinkmyblog\blog\Runtime\Cache\Admin\371263edb025c8be4ce2c853fdc617a6.php 第 107 行.
NOTIC: [8] Use of undefined constant roleid - assumed 'roleid' E:\phpStudy\WWW\thinkmyblog\blog\Runtime\Cache\Admin\371263edb025c8be4ce2c853fdc617a6.php 第 114 行.
NOTIC: [8] Undefined index: k E:\phpStudy\WWW\thinkmyblog\blog\Runtime\Cache\Admin\371263edb025c8be4ce2c853fdc617a6.php 第 107 行.
NOTIC: [8] Use of undefined constant roleid - assumed 'roleid' E:\phpStudy\WWW\thinkmyblog\blog\Runtime\Cache\Admin\371263edb025c8be4ce2c853fdc617a6.php 第 114 行.
NOTIC: [8] Undefined index: k E:\phpStudy\WWW\thinkmyblog\blog\Runtime\Cache\Admin\371263edb025c8be4ce2c853fdc617a6.php 第 107 行.
NOTIC: [8] Use of undefined constant roleid - assumed 'roleid' E:\phpStudy\WWW\thinkmyblog\blog\Runtime\Cache\Admin\371263edb025c8be4ce2c853fdc617a6.php 第 114 行.
NOTIC: [8] Undefined index: k E:\phpStudy\WWW\thinkmyblog\blog\Runtime\Cache\Admin\371263edb025c8be4ce2c853fdc617a6.php 第 107 行.
NOTIC: [8] Use of undefined constant roleid - assumed 'roleid' E:\phpStudy\WWW\thinkmyblog\blog\Runtime\Cache\Admin\371263edb025c8be4ce2c853fdc617a6.php 第 114 行.
INFO: Run Behavior\ParseTemplateBehavior [ RunTime:0.021002s ]
INFO: [ view_parse ] --END-- [ RunTime:0.021002s ]
INFO: [ view_filter ] --START--
INFO: Run Behavior\WriteHtmlCacheBehavior [ RunTime:0.000000s ]
INFO: [ view_filter ] --END-- [ RunTime:0.000000s ]
INFO: [ app_end ] --START--
INFO: Run Behavior\ShowPageTraceBehavior [ RunTime:0.001000s ]
INFO: [ app_end ] --END-- [ RunTime:0.001000s ]

[ 2017-09-21T13:35:17+08:00 ] 127.0.0.1 /index.php/Admin/Login/logout.html
INFO: [ app_init ] --START--
INFO: Run Behavior\BuildLiteBehavior [ RunTime:0.000000s ]
INFO: [ app_init ] --END-- [ RunTime:0.000000s ]
INFO: [ app_begin ] --START--
INFO: Run Behavior\ReadHtmlCacheBehavior [ RunTime:0.000000s ]
INFO: [ app_begin ] --END-- [ RunTime:0.001000s ]

[ 2017-09-21T13:35:17+08:00 ] 127.0.0.1 /index.php/Admin/login/index.html
INFO: [ app_init ] --START--
INFO: Run Behavior\BuildLiteBehavior [ RunTime:0.000000s ]
INFO: [ app_init ] --END-- [ RunTime:0.000000s ]
INFO: [ app_begin ] --START--
INFO: Run Behavior\ReadHtmlCacheBehavior [ RunTime:0.000000s ]
INFO: [ app_begin ] --END-- [ RunTime:0.000000s ]
INFO: [ view_parse ] --START--
INFO: [ template_filter ] --START--
INFO: Run Behavior\ContentReplaceBehavior [ RunTime:0.000000s ]
INFO: [ template_filter ] --END-- [ RunTime:0.000000s ]
INFO: Run Behavior\ParseTemplateBehavior [ RunTime:0.005000s ]
INFO: [ view_parse ] --END-- [ RunTime:0.005000s ]
INFO: [ view_filter ] --START--
INFO: Run Behavior\WriteHtmlCacheBehavior [ RunTime:0.000000s ]
INFO: [ view_filter ] --END-- [ RunTime:0.000000s ]
INFO: [ app_end ] --START--
INFO: Run Behavior\ShowPageTraceBehavior [ RunTime:0.000000s ]
INFO: [ app_end ] --END-- [ RunTime:0.000000s ]

[ 2017-09-21T13:35:17+08:00 ] 127.0.0.1 /index.php/Admin/Login/verify.html
INFO: [ app_init ] --START--
INFO: Run Behavior\BuildLiteBehavior [ RunTime:0.000000s ]
INFO: [ app_init ] --END-- [ RunTime:0.000000s ]
INFO: [ app_begin ] --START--
INFO: Run Behavior\ReadHtmlCacheBehavior [ RunTime:0.000000s ]
INFO: [ app_begin ] --END-- [ RunTime:0.000000s ]
NOTIC: [8] Use of undefined constant login - assumed 'login' E:\phpStudy\WWW\thinkmyblog\blog\Admin\Controller\LoginController.class.php 第 53 行.
INFO: [ app_end ] --START--
INFO: Run Behavior\ShowPageTraceBehavior [ RunTime:0.001000s ]
INFO: [ app_end ] --END-- [ RunTime:0.001000s ]

[ 2017-09-21T13:38:13+08:00 ] 127.0.0.1 /index.php/Admin/login/index.html
INFO: [ app_init ] --START--
INFO: Run Behavior\BuildLiteBehavior [ RunTime:0.000000s ]
INFO: [ app_init ] --END-- [ RunTime:0.000000s ]
INFO: [ app_begin ] --START--
INFO: Run Behavior\ReadHtmlCacheBehavior [ RunTime:0.001000s ]
INFO: [ app_begin ] --END-- [ RunTime:0.001000s ]
INFO: [ view_parse ] --START--
INFO: [ template_filter ] --START--
INFO: Run Behavior\ContentReplaceBehavior [ RunTime:0.000000s ]
INFO: [ template_filter ] --END-- [ RunTime:0.000000s ]
INFO: Run Behavior\ParseTemplateBehavior [ RunTime:0.005000s ]
INFO: [ view_parse ] --END-- [ RunTime:0.005000s ]
INFO: [ view_filter ] --START--
INFO: Run Behavior\WriteHtmlCacheBehavior [ RunTime:0.000000s ]
INFO: [ view_filter ] --END-- [ RunTime:0.000000s ]
INFO: [ app_end ] --START--
INFO: Run Behavior\ShowPageTraceBehavior [ RunTime:0.001000s ]
INFO: [ app_end ] --END-- [ RunTime:0.001000s ]

[ 2017-09-21T13:38:13+08:00 ] 127.0.0.1 /index.php/Admin/Login/verify.html
INFO: [ app_init ] --START--
INFO: Run Behavior\BuildLiteBehavior [ RunTime:0.000000s ]
INFO: [ app_init ] --END-- [ RunTime:0.001000s ]
INFO: [ app_begin ] --START--
INFO: Run Behavior\ReadHtmlCacheBehavior [ RunTime:0.001000s ]
INFO: [ app_begin ] --END-- [ RunTime:0.001000s ]
NOTIC: [8] Use of undefined constant login - assumed 'login' E:\phpStudy\WWW\thinkmyblog\blog\Admin\Controller\LoginController.class.php 第 53 行.
INFO: [ app_end ] --START--
INFO: Run Behavior\ShowPageTraceBehavior [ RunTime:0.000000s ]
INFO: [ app_end ] --END-- [ RunTime:0.000000s ]

[ 2017-09-21T13:57:15+08:00 ] 127.0.0.1 /index.php/Admin/Blog/edit/gid/67.html
INFO: [ app_init ] --START--
INFO: Run Behavior\BuildLiteBehavior [ RunTime:0.000000s ]
INFO: [ app_init ] --END-- [ RunTime:0.000000s ]
INFO: [ app_begin ] --START--
INFO: Run Behavior\ReadHtmlCacheBehavior [ RunTime:0.000000s ]
INFO: [ app_begin ] --END-- [ RunTime:0.000000s ]
NOTIC: [8] Use of undefined constant username - assumed 'username' E:\phpStudy\WWW\thinkmyblog\blog\Admin\Controller\PublicController.class.php 第 20 行.
INFO: [ view_parse ] --START--
INFO: [ template_filter ] --START--
INFO: Run Behavior\ContentReplaceBehavior [ RunTime:0.000000s ]
INFO: [ template_filter ] --END-- [ RunTime:0.000000s ]
INFO: Run Behavior\ParseTemplateBehavior [ RunTime:0.012000s ]
INFO: [ view_parse ] --END-- [ RunTime:0.012000s ]
INFO: [ view_filter ] --START--
INFO: Run Behavior\WriteHtmlCacheBehavior [ RunTime:0.000000s ]
INFO: [ view_filter ] --END-- [ RunTime:0.000000s ]
NOTIC: [8] Use of undefined constant roleid - assumed 'roleid' E:\phpStudy\WWW\thinkmyblog\blog\Admin\Controller\PublicController.class.php 第 23 行.
INFO: [ view_parse ] --START--
INFO: [ template_filter ] --START--
INFO: Run Behavior\ContentReplaceBehavior [ RunTime:0.000000s ]
INFO: [ template_filter ] --END-- [ RunTime:-0.003000s ]
INFO: Run Behavior\ParseTemplateBehavior [ RunTime:0.002000s ]
INFO: [ view_parse ] --END-- [ RunTime:0.000000s ]
INFO: [ view_filter ] --START--
INFO: Run Behavior\WriteHtmlCacheBehavior [ RunTime:0.000000s ]
INFO: [ view_filter ] --END-- [ RunTime:-0.003000s ]
NOTIC: [2048] Declaration of Admin\Model\AnaviModel::add() should be compatible with that of Think\Model::add() E:\phpStudy\WWW\thinkmyblog\blog\Admin\Model\AnaviModel.class.php 第 15 行.
SQL: SHOW COLUMNS FROM `emlog_usergroup` [ RunTime:0.0070s ]
ERR: 1064:You have an error in your SQL syntax; check the manual that corresponds to your MySQL server version for the right syntax to use near ')' at line 1
 [ SQL语句 ] : SELECT * FROM `emlog_usergroup` WHERE ( id =  ) 
ERR: 1064:You have an error in your SQL syntax; check the manual that corresponds to your MySQL server version for the right syntax to use near ')' at line 1
 [ SQL语句 ] : SELECT * FROM `emlog_usergroup` WHERE ( id =  ) 

[ 2017-09-21T13:57:16+08:00 ] 127.0.0.1 /index.php/Admin/Login/index.html
INFO: [ app_init ] --START--
INFO: Run Behavior\BuildLiteBehavior [ RunTime:0.001000s ]
INFO: [ app_init ] --END-- [ RunTime:0.001000s ]
INFO: [ app_begin ] --START--
INFO: Run Behavior\ReadHtmlCacheBehavior [ RunTime:0.000000s ]
INFO: [ app_begin ] --END-- [ RunTime:0.000000s ]
INFO: [ view_parse ] --START--
INFO: [ template_filter ] --START--
INFO: Run Behavior\ContentReplaceBehavior [ RunTime:0.000000s ]
INFO: [ template_filter ] --END-- [ RunTime:0.000000s ]
INFO: Run Behavior\ParseTemplateBehavior [ RunTime:0.007000s ]
INFO: [ view_parse ] --END-- [ RunTime:0.007000s ]
INFO: [ view_filter ] --START--
INFO: Run Behavior\WriteHtmlCacheBehavior [ RunTime:0.000000s ]
INFO: [ view_filter ] --END-- [ RunTime:0.000000s ]
INFO: [ app_end ] --START--
INFO: Run Behavior\ShowPageTraceBehavior [ RunTime:0.000000s ]
INFO: [ app_end ] --END-- [ RunTime:0.000000s ]

[ 2017-09-21T13:57:16+08:00 ] 127.0.0.1 /index.php/Admin/Login/verify.html
INFO: [ app_init ] --START--
INFO: Run Behavior\BuildLiteBehavior [ RunTime:0.000000s ]
INFO: [ app_init ] --END-- [ RunTime:0.001000s ]
INFO: [ app_begin ] --START--
INFO: Run Behavior\ReadHtmlCacheBehavior [ RunTime:0.001000s ]
INFO: [ app_begin ] --END-- [ RunTime:0.001000s ]
NOTIC: [8] Use of undefined constant login - assumed 'login' E:\phpStudy\WWW\thinkmyblog\blog\Admin\Controller\LoginController.class.php 第 53 行.
INFO: [ app_end ] --START--
INFO: Run Behavior\ShowPageTraceBehavior [ RunTime:0.000000s ]
INFO: [ app_end ] --END-- [ RunTime:0.000000s ]

