[ 2017-08-04T15:56:53+08:00 ] 127.0.0.1 /blog/index.php/Admin/Anavi/left.html
INFO: [ app_init ] --START--
INFO: Run Behavior\BuildLiteBehavior [ RunTime:0.000000s ]
INFO: [ app_init ] --END-- [ RunTime:0.000000s ]
INFO: [ app_begin ] --START--
INFO: Run Behavior\ReadHtmlCacheBehavior [ RunTime:0.001000s ]
INFO: [ app_begin ] --END-- [ RunTime:0.001000s ]
NOTIC: [8] Use of undefined constant username - assumed 'username' E:\phpStudy\WWW\thinkmyblog\blog\Admin\Controller\PublicController.class.php 第 20 行.
SQL: SHOW COLUMNS FROM `emlog_setting` [ RunTime:0.0030s ]
SQL: SELECT `k`,`v` FROM `emlog_setting`  [ RunTime:0.0000s ]
ERR: 模板不存在:E:/phpStudy/WWW/thinkmyblog/blog/Admin/View/Anavi/add.html

[ 2017-08-04T15:57:13+08:00 ] 127.0.0.1 /blog/index.php/Admin/Anavi/left.html
INFO: [ app_init ] --START--
INFO: Run Behavior\BuildLiteBehavior [ RunTime:0.000000s ]
INFO: [ app_init ] --END-- [ RunTime:0.000000s ]
INFO: [ app_begin ] --START--
INFO: Run Behavior\ReadHtmlCacheBehavior [ RunTime:0.000000s ]
INFO: [ app_begin ] --END-- [ RunTime:0.000000s ]
NOTIC: [8] Use of undefined constant username - assumed 'username' E:\phpStudy\WWW\thinkmyblog\blog\Admin\Controller\PublicController.class.php 第 20 行.
SQL: SHOW COLUMNS FROM `emlog_setting` [ RunTime:0.0030s ]
SQL: SELECT `k`,`v` FROM `emlog_setting`  [ RunTime:0.0010s ]
ERR: 模板不存在:E:/phpStudy/WWW/thinkmyblog/blog/Admin/View//add.html

[ 2017-08-04T15:57:21+08:00 ] 127.0.0.1 /blog/index.php/Admin/Anavi/left.html
INFO: [ app_init ] --START--
INFO: Run Behavior\BuildLiteBehavior [ RunTime:0.000000s ]
INFO: [ app_init ] --END-- [ RunTime:0.001000s ]
INFO: [ app_begin ] --START--
INFO: Run Behavior\ReadHtmlCacheBehavior [ RunTime:0.001000s ]
INFO: [ app_begin ] --END-- [ RunTime:0.001000s ]
NOTIC: [8] Use of undefined constant username - assumed 'username' E:\phpStudy\WWW\thinkmyblog\blog\Admin\Controller\PublicController.class.php 第 20 行.
SQL: SHOW COLUMNS FROM `emlog_setting` [ RunTime:0.0050s ]
SQL: SELECT `k`,`v` FROM `emlog_setting`  [ RunTime:0.0000s ]
ERR: 模板不存在:E:/phpStudy/WWW/thinkmyblog/blog/Admin/View/Anavi/\add.html

[ 2017-08-04T16:02:46+08:00 ] 127.0.0.1 /blog/index.php/Admin/Anavi/left.html
INFO: [ app_init ] --START--
INFO: Run Behavior\BuildLiteBehavior [ RunTime:0.000000s ]
INFO: [ app_init ] --END-- [ RunTime:0.000000s ]
INFO: [ app_begin ] --START--
INFO: Run Behavior\ReadHtmlCacheBehavior [ RunTime:0.000000s ]
INFO: [ app_begin ] --END-- [ RunTime:0.000000s ]
NOTIC: [8] Use of undefined constant username - assumed 'username' E:\phpStudy\WWW\thinkmyblog\blog\Admin\Controller\PublicController.class.php 第 20 行.
SQL: SHOW COLUMNS FROM `emlog_setting` [ RunTime:0.0020s ]
SQL: SELECT `k`,`v` FROM `emlog_setting`  [ RunTime:0.0000s ]
ERR: 模板不存在:E:/phpStudy/WWW/thinkmyblog/blog/Admin/View/./add.html

[ 2017-08-04T16:03:40+08:00 ] 127.0.0.1 /blog/index.php/Admin/Anavi/left.html
INFO: [ app_init ] --START--
INFO: Run Behavior\BuildLiteBehavior [ RunTime:0.000000s ]
INFO: [ app_init ] --END-- [ RunTime:0.001000s ]
INFO: [ app_begin ] --START--
INFO: Run Behavior\ReadHtmlCacheBehavior [ RunTime:0.001000s ]
INFO: [ app_begin ] --END-- [ RunTime:0.001000s ]
NOTIC: [8] Use of undefined constant username - assumed 'username' E:\phpStudy\WWW\thinkmyblog\blog\Admin\Controller\PublicController.class.php 第 20 行.
SQL: SHOW COLUMNS FROM `emlog_setting` [ RunTime:0.0030s ]
SQL: SELECT `k`,`v` FROM `emlog_setting`  [ RunTime:0.0000s ]
ERR: 模板不存在:E:/phpStudy/WWW/thinkmyblog/blog/Admin/View/./Apps/Admin/View/common.html.html

[ 2017-08-04T16:03:57+08:00 ] 127.0.0.1 /blog/index.php/Admin/Anavi/left.html
INFO: [ app_init ] --START--
INFO: Run Behavior\BuildLiteBehavior [ RunTime:0.000000s ]
INFO: [ app_init ] --END-- [ RunTime:0.000000s ]
INFO: [ app_begin ] --START--
INFO: Run Behavior\ReadHtmlCacheBehavior [ RunTime:0.000000s ]
INFO: [ app_begin ] --END-- [ RunTime:0.000000s ]
NOTIC: [8] Use of undefined constant username - assumed 'username' E:\phpStudy\WWW\thinkmyblog\blog\Admin\Controller\PublicController.class.php 第 20 行.
SQL: SHOW COLUMNS FROM `emlog_setting` [ RunTime:0.0030s ]
SQL: SELECT `k`,`v` FROM `emlog_setting`  [ RunTime:0.0000s ]
ERR: 模板不存在:E:/phpStudy/WWW/thinkmyblog/blog/Admin/View/Anavi/.common.html.html

[ 2017-08-04T16:04:10+08:00 ] 127.0.0.1 /blog/index.php/Admin/Anavi/left.html
INFO: [ app_init ] --START--
INFO: Run Behavior\BuildLiteBehavior [ RunTime:0.000000s ]
INFO: [ app_init ] --END-- [ RunTime:0.000000s ]
INFO: [ app_begin ] --START--
INFO: Run Behavior\ReadHtmlCacheBehavior [ RunTime:0.001000s ]
INFO: [ app_begin ] --END-- [ RunTime:0.001000s ]
NOTIC: [8] Use of undefined constant username - assumed 'username' E:\phpStudy\WWW\thinkmyblog\blog\Admin\Controller\PublicController.class.php 第 20 行.
SQL: SHOW COLUMNS FROM `emlog_setting` [ RunTime:0.0040s ]
SQL: SELECT `k`,`v` FROM `emlog_setting`  [ RunTime:0.0000s ]
ERR: 模板不存在:E:/phpStudy/WWW/thinkmyblog/blog/Admin/View/./common.html.html

[ 2017-08-04T16:04:40+08:00 ] 127.0.0.1 /blog/index.php/Admin/Anavi/left.html
INFO: [ app_init ] --START--
INFO: Run Behavior\BuildLiteBehavior [ RunTime:0.000000s ]
INFO: [ app_init ] --END-- [ RunTime:0.001000s ]
INFO: [ app_begin ] --START--
INFO: Run Behavior\ReadHtmlCacheBehavior [ RunTime:0.000000s ]
INFO: [ app_begin ] --END-- [ RunTime:0.000000s ]
NOTIC: [8] Use of undefined constant username - assumed 'username' E:\phpStudy\WWW\thinkmyblog\blog\Admin\Controller\PublicController.class.php 第 20 行.
SQL: SHOW COLUMNS FROM `emlog_setting` [ RunTime:0.0040s ]
SQL: SELECT `k`,`v` FROM `emlog_setting`  [ RunTime:0.0000s ]
ERR: 模板不存在:E:/phpStudy/WWW/thinkmyblog/blog/Admin/View/./common.html

[ 2017-08-04T16:07:12+08:00 ] 127.0.0.1 /blog/index.php/Admin/Anavi/left.html
INFO: [ app_init ] --START--
INFO: Run Behavior\BuildLiteBehavior [ RunTime:0.000000s ]
INFO: [ app_init ] --END-- [ RunTime:0.001000s ]
INFO: [ app_begin ] --START--
INFO: Run Behavior\ReadHtmlCacheBehavior [ RunTime:0.000000s ]
INFO: [ app_begin ] --END-- [ RunTime:0.000000s ]
NOTIC: [8] Use of undefined constant username - assumed 'username' E:\phpStudy\WWW\thinkmyblog\blog\Admin\Controller\PublicController.class.php 第 20 行.
SQL: SHOW COLUMNS FROM `emlog_setting` [ RunTime:0.0030s ]
SQL: SELECT `k`,`v` FROM `emlog_setting`  [ RunTime:0.0000s ]
ERR: 模板不存在:E:/phpStudy/WWW/thinkmyblog/blog/Admin/View/Anavi/common.html

[ 2017-08-04T16:07:18+08:00 ] 127.0.0.1 /blog/index.php/Admin/Anavi/left.html
INFO: [ app_init ] --START--
INFO: Run Behavior\BuildLiteBehavior [ RunTime:0.000000s ]
INFO: [ app_init ] --END-- [ RunTime:0.000000s ]
INFO: [ app_begin ] --START--
INFO: Run Behavior\ReadHtmlCacheBehavior [ RunTime:0.001000s ]
INFO: [ app_begin ] --END-- [ RunTime:0.001000s ]
NOTIC: [8] Use of undefined constant username - assumed 'username' E:\phpStudy\WWW\thinkmyblog\blog\Admin\Controller\PublicController.class.php 第 20 行.
SQL: SHOW COLUMNS FROM `emlog_setting` [ RunTime:0.0050s ]
SQL: SELECT `k`,`v` FROM `emlog_setting`  [ RunTime:0.0000s ]
ERR: 模板不存在:E:/phpStudy/WWW/thinkmyblog/blog/Admin/View//common.html

[ 2017-08-04T16:07:32+08:00 ] 127.0.0.1 /blog/index.php/Admin/Public/left.html
INFO: [ app_init ] --START--
INFO: Run Behavior\BuildLiteBehavior [ RunTime:0.000000s ]
INFO: [ app_init ] --END-- [ RunTime:0.001000s ]
INFO: [ app_begin ] --START--
INFO: Run Behavior\ReadHtmlCacheBehavior [ RunTime:0.000000s ]
INFO: [ app_begin ] --END-- [ RunTime:0.000000s ]
NOTIC: [8] Use of undefined constant username - assumed 'username' E:\phpStudy\WWW\thinkmyblog\blog\Admin\Controller\PublicController.class.php 第 20 行.
SQL: SHOW COLUMNS FROM `emlog_setting` [ RunTime:0.0030s ]
SQL: SELECT `k`,`v` FROM `emlog_setting`  [ RunTime:0.0000s ]
INFO: [ view_parse ] --START--
INFO: [ template_filter ] --START--
INFO: Run Behavior\ContentReplaceBehavior [ RunTime:0.000000s ]
INFO: [ template_filter ] --END-- [ RunTime:0.000000s ]
NOTIC: [8] Use of undefined constant username - assumed 'username' E:\phpStudy\WWW\thinkmyblog\blog\Runtime\Cache\Admin\31ae598c3961190e64c6a4a560401714.php 第 10 行.
INFO: Run Behavior\ParseTemplateBehavior [ RunTime:0.012001s ]
INFO: [ view_parse ] --END-- [ RunTime:0.012001s ]
INFO: [ view_filter ] --START--
INFO: Run Behavior\WriteHtmlCacheBehavior [ RunTime:0.000000s ]
INFO: [ view_filter ] --END-- [ RunTime:0.000000s ]
INFO: [ app_end ] --START--
INFO: Run Behavior\ShowPageTraceBehavior [ RunTime:0.001000s ]
INFO: [ app_end ] --END-- [ RunTime:0.001000s ]

[ 2017-08-04T16:08:10+08:00 ] 127.0.0.1 /blog/index.php/Admin/Anavi/left.html
INFO: [ app_init ] --START--
INFO: Run Behavior\BuildLiteBehavior [ RunTime:0.000000s ]
INFO: [ app_init ] --END-- [ RunTime:0.001001s ]
INFO: [ app_begin ] --START--
INFO: Run Behavior\ReadHtmlCacheBehavior [ RunTime:0.001000s ]
INFO: [ app_begin ] --END-- [ RunTime:0.001000s ]
NOTIC: [8] Use of undefined constant username - assumed 'username' E:\phpStudy\WWW\thinkmyblog\blog\Admin\Controller\PublicController.class.php 第 20 行.
SQL: SHOW COLUMNS FROM `emlog_setting` [ RunTime:0.0060s ]
SQL: SELECT `k`,`v` FROM `emlog_setting`  [ RunTime:0.0000s ]
ERR: 模板不存在:E:/phpStudy/WWW/thinkmyblog/blog/Admin/View//common.html

[ 2017-08-04T16:08:37+08:00 ] 127.0.0.1 /blog/index.php/Admin/Anavi/left.html
INFO: [ app_init ] --START--
INFO: Run Behavior\BuildLiteBehavior [ RunTime:0.001000s ]
INFO: [ app_init ] --END-- [ RunTime:0.001000s ]
INFO: [ app_begin ] --START--
INFO: Run Behavior\ReadHtmlCacheBehavior [ RunTime:0.000000s ]
INFO: [ app_begin ] --END-- [ RunTime:0.000000s ]
NOTIC: [8] Use of undefined constant username - assumed 'username' E:\phpStudy\WWW\thinkmyblog\blog\Admin\Controller\PublicController.class.php 第 20 行.
SQL: SHOW COLUMNS FROM `emlog_setting` [ RunTime:0.0040s ]
SQL: SELECT `k`,`v` FROM `emlog_setting`  [ RunTime:0.0000s ]
ERR: 模板不存在:E:/phpStudy/WWW/thinkmyblog/blog/Admin/View/fadfadf/common.html

[ 2017-08-04T16:09:08+08:00 ] 127.0.0.1 /blog/index.php/Admin/Anavi/left.html
INFO: [ app_init ] --START--
INFO: Run Behavior\BuildLiteBehavior [ RunTime:0.000000s ]
INFO: [ app_init ] --END-- [ RunTime:0.000000s ]
INFO: [ app_begin ] --START--
INFO: Run Behavior\ReadHtmlCacheBehavior [ RunTime:0.001000s ]
INFO: [ app_begin ] --END-- [ RunTime:0.001000s ]
NOTIC: [8] Use of undefined constant username - assumed 'username' E:\phpStudy\WWW\thinkmyblog\blog\Admin\Controller\PublicController.class.php 第 20 行.
SQL: SHOW COLUMNS FROM `emlog_setting` [ RunTime:0.0030s ]
SQL: SELECT `k`,`v` FROM `emlog_setting`  [ RunTime:0.0000s ]
INFO: [ view_parse ] --START--
INFO: [ template_filter ] --START--
INFO: Run Behavior\ContentReplaceBehavior [ RunTime:0.000000s ]
INFO: [ template_filter ] --END-- [ RunTime:0.000000s ]
NOTIC: [8] Use of undefined constant username - assumed 'username' E:\phpStudy\WWW\thinkmyblog\blog\Runtime\Cache\Admin\31ae598c3961190e64c6a4a560401714.php 第 10 行.
INFO: Run Behavior\ParseTemplateBehavior [ RunTime:0.012001s ]
INFO: [ view_parse ] --END-- [ RunTime:0.012001s ]
INFO: [ view_filter ] --START--
INFO: Run Behavior\WriteHtmlCacheBehavior [ RunTime:0.000000s ]
INFO: [ view_filter ] --END-- [ RunTime:0.000000s ]
INFO: [ app_end ] --START--
INFO: Run Behavior\ShowPageTraceBehavior [ RunTime:0.001000s ]
INFO: [ app_end ] --END-- [ RunTime:0.001000s ]

[ 2017-08-04T16:13:19+08:00 ] 127.0.0.1 /blog/index.php/Admin/Anavi/left.html
INFO: [ app_init ] --START--
INFO: Run Behavior\BuildLiteBehavior [ RunTime:0.000000s ]
INFO: [ app_init ] --END-- [ RunTime:0.000000s ]
INFO: [ app_begin ] --START--
INFO: Run Behavior\ReadHtmlCacheBehavior [ RunTime:0.000000s ]
INFO: [ app_begin ] --END-- [ RunTime:0.000000s ]
NOTIC: [8] Use of undefined constant username - assumed 'username' E:\phpStudy\WWW\thinkmyblog\blog\Admin\Controller\PublicController.class.php 第 20 行.
SQL: SHOW COLUMNS FROM `emlog_setting` [ RunTime:0.0040s ]
SQL: SELECT `k`,`v` FROM `emlog_setting`  [ RunTime:0.0000s ]
SQL: SHOW COLUMNS FROM `emlog_anavi` [ RunTime:0.0020s ]
SQL: SHOW COLUMNS FROM `emlog_anavi` [ RunTime:0.0030s ]
INFO: [ view_parse ] --START--
INFO: [ template_filter ] --START--
INFO: Run Behavior\ContentReplaceBehavior [ RunTime:0.000000s ]
INFO: [ template_filter ] --END-- [ RunTime:0.000000s ]
NOTIC: [8] Use of undefined constant username - assumed 'username' E:\phpStudy\WWW\thinkmyblog\blog\Runtime\Cache\Admin\31ae598c3961190e64c6a4a560401714.php 第 10 行.
INFO: Run Behavior\ParseTemplateBehavior [ RunTime:0.005001s ]
INFO: [ view_parse ] --END-- [ RunTime:0.005001s ]
INFO: [ view_filter ] --START--
INFO: Run Behavior\WriteHtmlCacheBehavior [ RunTime:0.000000s ]
INFO: [ view_filter ] --END-- [ RunTime:0.000000s ]
INFO: [ app_end ] --START--
INFO: Run Behavior\ShowPageTraceBehavior [ RunTime:0.001000s ]
INFO: [ app_end ] --END-- [ RunTime:0.001000s ]

[ 2017-08-04T16:13:40+08:00 ] 127.0.0.1 /blog/index.php/Admin/Anavi/left.html
INFO: [ app_init ] --START--
INFO: Run Behavior\BuildLiteBehavior [ RunTime:0.000000s ]
INFO: [ app_init ] --END-- [ RunTime:0.000000s ]
INFO: [ app_begin ] --START--
INFO: Run Behavior\ReadHtmlCacheBehavior [ RunTime:0.001000s ]
INFO: [ app_begin ] --END-- [ RunTime:0.001000s ]
NOTIC: [8] Use of undefined constant username - assumed 'username' E:\phpStudy\WWW\thinkmyblog\blog\Admin\Controller\PublicController.class.php 第 20 行.
SQL: SHOW COLUMNS FROM `emlog_setting` [ RunTime:0.0020s ]
SQL: SELECT `k`,`v` FROM `emlog_setting`  [ RunTime:0.0000s ]
SQL: SHOW COLUMNS FROM `emlog_anavi` [ RunTime:0.0030s ]
SQL: SHOW COLUMNS FROM `emlog_anavi` [ RunTime:0.0020s ]
INFO: [ view_parse ] --START--
INFO: [ template_filter ] --START--
INFO: Run Behavior\ContentReplaceBehavior [ RunTime:0.000000s ]
INFO: [ template_filter ] --END-- [ RunTime:0.000000s ]
NOTIC: [8] Use of undefined constant username - assumed 'username' E:\phpStudy\WWW\thinkmyblog\blog\Runtime\Cache\Admin\31ae598c3961190e64c6a4a560401714.php 第 10 行.
INFO: Run Behavior\ParseTemplateBehavior [ RunTime:0.004000s ]
INFO: [ view_parse ] --END-- [ RunTime:0.004000s ]
INFO: [ view_filter ] --START--
INFO: Run Behavior\WriteHtmlCacheBehavior [ RunTime:0.000000s ]
INFO: [ view_filter ] --END-- [ RunTime:0.000000s ]
INFO: [ app_end ] --START--
INFO: Run Behavior\ShowPageTraceBehavior [ RunTime:0.001000s ]
INFO: [ app_end ] --END-- [ RunTime:0.001000s ]

[ 2017-08-04T16:14:22+08:00 ] 127.0.0.1 /blog/index.php/Admin/Anavi/left.html
INFO: [ app_init ] --START--
INFO: Run Behavior\BuildLiteBehavior [ RunTime:0.000000s ]
INFO: [ app_init ] --END-- [ RunTime:0.000000s ]
INFO: [ app_begin ] --START--
INFO: Run Behavior\ReadHtmlCacheBehavior [ RunTime:0.001000s ]
INFO: [ app_begin ] --END-- [ RunTime:0.001000s ]
NOTIC: [8] Use of undefined constant username - assumed 'username' E:\phpStudy\WWW\thinkmyblog\blog\Admin\Controller\PublicController.class.php 第 20 行.
SQL: SHOW COLUMNS FROM `emlog_setting` [ RunTime:0.0030s ]
SQL: SELECT `k`,`v` FROM `emlog_setting`  [ RunTime:0.0000s ]
SQL: SHOW COLUMNS FROM `emlog_anavi` [ RunTime:0.0050s ]
SQL: SHOW COLUMNS FROM `emlog_anavi` [ RunTime:0.0030s ]
INFO: [ view_parse ] --START--
INFO: [ template_filter ] --START--
INFO: Run Behavior\ContentReplaceBehavior [ RunTime:0.000000s ]
INFO: [ template_filter ] --END-- [ RunTime:0.000000s ]
NOTIC: [8] Use of undefined constant username - assumed 'username' E:\phpStudy\WWW\thinkmyblog\blog\Runtime\Cache\Admin\31ae598c3961190e64c6a4a560401714.php 第 10 行.
INFO: Run Behavior\ParseTemplateBehavior [ RunTime:0.006001s ]
INFO: [ view_parse ] --END-- [ RunTime:0.006001s ]
INFO: [ view_filter ] --START--
INFO: Run Behavior\WriteHtmlCacheBehavior [ RunTime:0.000000s ]
INFO: [ view_filter ] --END-- [ RunTime:0.000000s ]
NOTIC: [2] Cannot modify header information - headers already sent by (output started at E:\phpStudy\WWW\thinkmyblog\blog\index.php:19) E:\phpStudy\WWW\thinkmyblog\ThinkPHP\Library\Think\View.class.php 第 91 行.
NOTIC: [2] Cannot modify header information - headers already sent by (output started at E:\phpStudy\WWW\thinkmyblog\blog\index.php:19) E:\phpStudy\WWW\thinkmyblog\ThinkPHP\Library\Think\View.class.php 第 92 行.
NOTIC: [2] Cannot modify header information - headers already sent by (output started at E:\phpStudy\WWW\thinkmyblog\blog\index.php:19) E:\phpStudy\WWW\thinkmyblog\ThinkPHP\Library\Think\View.class.php 第 93 行.
INFO: [ app_end ] --START--
INFO: Run Behavior\ShowPageTraceBehavior [ RunTime:0.000000s ]
INFO: [ app_end ] --END-- [ RunTime:0.001000s ]

[ 2017-08-04T16:15:01+08:00 ] 127.0.0.1 /blog/index.php/Admin/Anavi/left.html
INFO: [ app_init ] --START--
INFO: Run Behavior\BuildLiteBehavior [ RunTime:0.000000s ]
INFO: [ app_init ] --END-- [ RunTime:0.000000s ]
INFO: [ app_begin ] --START--
INFO: Run Behavior\ReadHtmlCacheBehavior [ RunTime:0.001000s ]
INFO: [ app_begin ] --END-- [ RunTime:0.001000s ]
NOTIC: [8] Use of undefined constant username - assumed 'username' E:\phpStudy\WWW\thinkmyblog\blog\Admin\Controller\PublicController.class.php 第 20 行.
SQL: SHOW COLUMNS FROM `emlog_setting` [ RunTime:0.0030s ]
SQL: SELECT `k`,`v` FROM `emlog_setting`  [ RunTime:0.0000s ]
SQL: SHOW COLUMNS FROM `emlog_anavi` [ RunTime:0.0030s ]
SQL: SHOW COLUMNS FROM `emlog_anavi` [ RunTime:0.0020s ]

[ 2017-08-04T16:16:18+08:00 ] 127.0.0.1 /blog/index.php/Admin/Anavi/left.html
INFO: [ app_init ] --START--
INFO: Run Behavior\BuildLiteBehavior [ RunTime:0.000000s ]
INFO: [ app_init ] --END-- [ RunTime:0.000000s ]
INFO: [ app_begin ] --START--
INFO: Run Behavior\ReadHtmlCacheBehavior [ RunTime:0.001000s ]
INFO: [ app_begin ] --END-- [ RunTime:0.001000s ]
NOTIC: [8] Use of undefined constant username - assumed 'username' E:\phpStudy\WWW\thinkmyblog\blog\Admin\Controller\PublicController.class.php 第 20 行.
SQL: SHOW COLUMNS FROM `emlog_setting` [ RunTime:0.0020s ]
SQL: SELECT `k`,`v` FROM `emlog_setting`  [ RunTime:0.0010s ]
SQL: SHOW COLUMNS FROM `emlog_anavi` [ RunTime:0.0030s ]
SQL: SHOW COLUMNS FROM `emlog_anavi` [ RunTime:0.0020s ]
SQL: SELECT * FROM `emlog_anavi` WHERE ( id =1 )  [ RunTime:0.0000s ]
INFO: [ view_parse ] --START--
INFO: [ template_filter ] --START--
INFO: Run Behavior\ContentReplaceBehavior [ RunTime:0.000000s ]
INFO: [ template_filter ] --END-- [ RunTime:0.001000s ]
NOTIC: [8] Use of undefined constant username - assumed 'username' E:\phpStudy\WWW\thinkmyblog\blog\Runtime\Cache\Admin\31ae598c3961190e64c6a4a560401714.php 第 10 行.
INFO: Run Behavior\ParseTemplateBehavior [ RunTime:0.004000s ]
INFO: [ view_parse ] --END-- [ RunTime:0.004000s ]
INFO: [ view_filter ] --START--
INFO: Run Behavior\WriteHtmlCacheBehavior [ RunTime:0.000000s ]
INFO: [ view_filter ] --END-- [ RunTime:0.000000s ]
INFO: [ app_end ] --START--
INFO: Run Behavior\ShowPageTraceBehavior [ RunTime:0.000000s ]
INFO: [ app_end ] --END-- [ RunTime:0.000000s ]

[ 2017-08-04T16:16:36+08:00 ] 127.0.0.1 /blog/index.php/Admin/Anavi/left.html
INFO: [ app_init ] --START--
INFO: Run Behavior\BuildLiteBehavior [ RunTime:0.000000s ]
INFO: [ app_init ] --END-- [ RunTime:0.000000s ]
INFO: [ app_begin ] --START--
INFO: Run Behavior\ReadHtmlCacheBehavior [ RunTime:0.000000s ]
INFO: [ app_begin ] --END-- [ RunTime:0.000000s ]
NOTIC: [8] Use of undefined constant username - assumed 'username' E:\phpStudy\WWW\thinkmyblog\blog\Admin\Controller\PublicController.class.php 第 20 行.
SQL: SHOW COLUMNS FROM `emlog_setting` [ RunTime:0.0050s ]
SQL: SELECT `k`,`v` FROM `emlog_setting`  [ RunTime:0.0010s ]
SQL: SHOW COLUMNS FROM `emlog_anavi` [ RunTime:0.0040s ]
SQL: SHOW COLUMNS FROM `emlog_anavi` [ RunTime:0.0020s ]
SQL: SELECT * FROM `emlog_anavi` WHERE ( id =1 )  [ RunTime:0.0000s ]
INFO: [ view_parse ] --START--
INFO: [ template_filter ] --START--
INFO: Run Behavior\ContentReplaceBehavior [ RunTime:0.000000s ]
INFO: [ template_filter ] --END-- [ RunTime:0.000000s ]
NOTIC: [8] Use of undefined constant username - assumed 'username' E:\phpStudy\WWW\thinkmyblog\blog\Runtime\Cache\Admin\31ae598c3961190e64c6a4a560401714.php 第 10 行.
INFO: Run Behavior\ParseTemplateBehavior [ RunTime:0.005000s ]
INFO: [ view_parse ] --END-- [ RunTime:0.005000s ]
INFO: [ view_filter ] --START--
INFO: Run Behavior\WriteHtmlCacheBehavior [ RunTime:0.000000s ]
INFO: [ view_filter ] --END-- [ RunTime:0.000000s ]
INFO: [ app_end ] --START--
INFO: Run Behavior\ShowPageTraceBehavior [ RunTime:0.000000s ]
INFO: [ app_end ] --END-- [ RunTime:0.000000s ]

[ 2017-08-04T16:33:28+08:00 ] 127.0.0.1 /blog/index.php/Admin/Anavi/left.html
INFO: [ app_init ] --START--
INFO: Run Behavior\BuildLiteBehavior [ RunTime:0.000000s ]
INFO: [ app_init ] --END-- [ RunTime:0.000000s ]
INFO: [ app_begin ] --START--
INFO: Run Behavior\ReadHtmlCacheBehavior [ RunTime:0.000000s ]
INFO: [ app_begin ] --END-- [ RunTime:0.000000s ]
NOTIC: [8] Use of undefined constant username - assumed 'username' E:\phpStudy\WWW\thinkmyblog\blog\Admin\Controller\PublicController.class.php 第 20 行.
SQL: SHOW COLUMNS FROM `emlog_setting` [ RunTime:0.0030s ]
SQL: SELECT `k`,`v` FROM `emlog_setting`  [ RunTime:0.0010s ]
SQL: SHOW COLUMNS FROM `emlog_anavi` [ RunTime:0.0030s ]
SQL: SHOW COLUMNS FROM `emlog_anavi` [ RunTime:0.0030s ]
SQL: SELECT `id` FROM `emlog_anavi`  [ RunTime:0.0000s ]
INFO: [ view_parse ] --START--
INFO: [ template_filter ] --START--
INFO: Run Behavior\ContentReplaceBehavior [ RunTime:0.000000s ]
INFO: [ template_filter ] --END-- [ RunTime:0.000000s ]
NOTIC: [8] Use of undefined constant username - assumed 'username' E:\phpStudy\WWW\thinkmyblog\blog\Runtime\Cache\Admin\31ae598c3961190e64c6a4a560401714.php 第 10 行.
INFO: Run Behavior\ParseTemplateBehavior [ RunTime:0.012001s ]
INFO: [ view_parse ] --END-- [ RunTime:0.012001s ]
INFO: [ view_filter ] --START--
INFO: Run Behavior\WriteHtmlCacheBehavior [ RunTime:0.001000s ]
INFO: [ view_filter ] --END-- [ RunTime:0.001000s ]
INFO: [ app_end ] --START--
INFO: Run Behavior\ShowPageTraceBehavior [ RunTime:0.000000s ]
INFO: [ app_end ] --END-- [ RunTime:0.000000s ]

[ 2017-08-04T16:33:59+08:00 ] 127.0.0.1 /blog/index.php/Admin/Anavi/left.html
INFO: [ app_init ] --START--
INFO: Run Behavior\BuildLiteBehavior [ RunTime:0.000000s ]
INFO: [ app_init ] --END-- [ RunTime:0.001000s ]
INFO: [ app_begin ] --START--
INFO: Run Behavior\ReadHtmlCacheBehavior [ RunTime:0.001001s ]
INFO: [ app_begin ] --END-- [ RunTime:0.001001s ]
NOTIC: [8] Use of undefined constant username - assumed 'username' E:\phpStudy\WWW\thinkmyblog\blog\Admin\Controller\PublicController.class.php 第 20 行.
SQL: SHOW COLUMNS FROM `emlog_setting` [ RunTime:0.0030s ]
SQL: SELECT `k`,`v` FROM `emlog_setting`  [ RunTime:0.0000s ]
SQL: SHOW COLUMNS FROM `emlog_anavi` [ RunTime:0.0030s ]
SQL: SHOW COLUMNS FROM `emlog_anavi` [ RunTime:0.0030s ]
SQL: SELECT `id`,`naviname` FROM `emlog_anavi`  [ RunTime:0.0000s ]
INFO: [ view_parse ] --START--
INFO: [ template_filter ] --START--
INFO: Run Behavior\ContentReplaceBehavior [ RunTime:0.000000s ]
INFO: [ template_filter ] --END-- [ RunTime:0.000000s ]
NOTIC: [8] Use of undefined constant username - assumed 'username' E:\phpStudy\WWW\thinkmyblog\blog\Runtime\Cache\Admin\31ae598c3961190e64c6a4a560401714.php 第 10 行.
INFO: Run Behavior\ParseTemplateBehavior [ RunTime:0.006000s ]
INFO: [ view_parse ] --END-- [ RunTime:0.006000s ]
INFO: [ view_filter ] --START--
INFO: Run Behavior\WriteHtmlCacheBehavior [ RunTime:0.001000s ]
INFO: [ view_filter ] --END-- [ RunTime:0.001000s ]
INFO: [ app_end ] --START--
INFO: Run Behavior\ShowPageTraceBehavior [ RunTime:0.001000s ]
INFO: [ app_end ] --END-- [ RunTime:0.001000s ]

[ 2017-08-04T16:34:41+08:00 ] 127.0.0.1 /blog/index.php/Admin/Anavi/left.html
INFO: [ app_init ] --START--
INFO: Run Behavior\BuildLiteBehavior [ RunTime:0.000000s ]
INFO: [ app_init ] --END-- [ RunTime:0.000000s ]
INFO: [ app_begin ] --START--
INFO: Run Behavior\ReadHtmlCacheBehavior [ RunTime:0.001000s ]
INFO: [ app_begin ] --END-- [ RunTime:0.001000s ]
NOTIC: [8] Use of undefined constant username - assumed 'username' E:\phpStudy\WWW\thinkmyblog\blog\Admin\Controller\PublicController.class.php 第 20 行.
SQL: SHOW COLUMNS FROM `emlog_setting` [ RunTime:0.0030s ]
SQL: SELECT `k`,`v` FROM `emlog_setting`  [ RunTime:0.0000s ]
SQL: SHOW COLUMNS FROM `emlog_anavi` [ RunTime:0.0030s ]
SQL: SHOW COLUMNS FROM `emlog_anavi` [ RunTime:0.0030s ]
SQL: SELECT `id`,`naviname`,`url`,`pid` FROM `emlog_anavi`  [ RunTime:0.0000s ]
INFO: [ view_parse ] --START--
INFO: [ template_filter ] --START--
INFO: Run Behavior\ContentReplaceBehavior [ RunTime:0.000000s ]
INFO: [ template_filter ] --END-- [ RunTime:0.000000s ]
NOTIC: [8] Use of undefined constant username - assumed 'username' E:\phpStudy\WWW\thinkmyblog\blog\Runtime\Cache\Admin\31ae598c3961190e64c6a4a560401714.php 第 10 行.
INFO: Run Behavior\ParseTemplateBehavior [ RunTime:0.008000s ]
INFO: [ view_parse ] --END-- [ RunTime:0.008000s ]
INFO: [ view_filter ] --START--
INFO: Run Behavior\WriteHtmlCacheBehavior [ RunTime:0.001000s ]
INFO: [ view_filter ] --END-- [ RunTime:0.001000s ]
INFO: [ app_end ] --START--
INFO: Run Behavior\ShowPageTraceBehavior [ RunTime:0.001000s ]
INFO: [ app_end ] --END-- [ RunTime:0.001000s ]

[ 2017-08-04T17:16:55+08:00 ] 127.0.0.1 /blog/index.php/Admin/Anavi/left.html
INFO: [ app_init ] --START--
INFO: Run Behavior\BuildLiteBehavior [ RunTime:0.000000s ]
INFO: [ app_init ] --END-- [ RunTime:0.000000s ]
INFO: [ app_begin ] --START--
INFO: Run Behavior\ReadHtmlCacheBehavior [ RunTime:0.001000s ]
INFO: [ app_begin ] --END-- [ RunTime:0.001000s ]
NOTIC: [8] Use of undefined constant username - assumed 'username' E:\phpStudy\WWW\thinkmyblog\blog\Admin\Controller\PublicController.class.php 第 20 行.
SQL: SHOW COLUMNS FROM `emlog_setting` [ RunTime:0.0060s ]
SQL: SELECT `k`,`v` FROM `emlog_setting`  [ RunTime:0.0010s ]
SQL: SHOW COLUMNS FROM `emlog_anavi` [ RunTime:0.0060s ]
SQL: SHOW COLUMNS FROM `emlog_anavi` [ RunTime:0.0070s ]
SQL: SELECT `id`,`naviname`,`url`,`pid` FROM `emlog_anavi`  [ RunTime:0.0010s ]
INFO: [ view_parse ] --START--
INFO: [ template_filter ] --START--
INFO: Run Behavior\ContentReplaceBehavior [ RunTime:0.000000s ]
INFO: [ template_filter ] --END-- [ RunTime:0.000000s ]
NOTIC: [8] Use of undefined constant username - assumed 'username' E:\phpStudy\WWW\thinkmyblog\blog\Runtime\Cache\Admin\31ae598c3961190e64c6a4a560401714.php 第 10 行.
INFO: Run Behavior\ParseTemplateBehavior [ RunTime:0.012001s ]
INFO: [ view_parse ] --END-- [ RunTime:0.012001s ]
INFO: [ view_filter ] --START--
INFO: Run Behavior\WriteHtmlCacheBehavior [ RunTime:0.000000s ]
INFO: [ view_filter ] --END-- [ RunTime:0.000000s ]
INFO: [ app_end ] --START--
INFO: Run Behavior\ShowPageTraceBehavior [ RunTime:0.001000s ]
INFO: [ app_end ] --END-- [ RunTime:0.001000s ]

[ 2017-08-04T17:19:51+08:00 ] 127.0.0.1 /blog/index.php/Admin/Anavi/left.html
INFO: [ app_init ] --START--
INFO: Run Behavior\BuildLiteBehavior [ RunTime:0.000000s ]
INFO: [ app_init ] --END-- [ RunTime:0.000000s ]
INFO: [ app_begin ] --START--
INFO: Run Behavior\ReadHtmlCacheBehavior [ RunTime:0.000000s ]
INFO: [ app_begin ] --END-- [ RunTime:0.000000s ]
NOTIC: [8] Use of undefined constant username - assumed 'username' E:\phpStudy\WWW\thinkmyblog\blog\Admin\Controller\PublicController.class.php 第 20 行.
SQL: SHOW COLUMNS FROM `emlog_setting` [ RunTime:0.0060s ]
SQL: SELECT `k`,`v` FROM `emlog_setting`  [ RunTime:0.0000s ]
SQL: SHOW COLUMNS FROM `emlog_anavi` [ RunTime:0.0060s ]
SQL: SHOW COLUMNS FROM `emlog_anavi` [ RunTime:0.0060s ]
SQL: SELECT `id`,`naviname`,`url`,`pid` FROM `emlog_anavi`  [ RunTime:0.0000s ]
INFO: [ view_parse ] --START--
INFO: [ template_filter ] --START--
INFO: Run Behavior\ContentReplaceBehavior [ RunTime:0.000000s ]
INFO: [ template_filter ] --END-- [ RunTime:0.000000s ]
NOTIC: [8] Use of undefined constant username - assumed 'username' E:\phpStudy\WWW\thinkmyblog\blog\Runtime\Cache\Admin\31ae598c3961190e64c6a4a560401714.php 第 10 行.
NOTIC: [8] Undefined index: v E:\phpStudy\WWW\thinkmyblog\blog\Runtime\Cache\Admin\31ae598c3961190e64c6a4a560401714.php 第 23 行.
INFO: Run Behavior\ParseTemplateBehavior [ RunTime:0.005001s ]
INFO: [ view_parse ] --END-- [ RunTime:0.005001s ]
INFO: [ view_filter ] --START--
INFO: Run Behavior\WriteHtmlCacheBehavior [ RunTime:0.001000s ]
INFO: [ view_filter ] --END-- [ RunTime:0.001000s ]
INFO: [ app_end ] --START--
INFO: Run Behavior\ShowPageTraceBehavior [ RunTime:0.000000s ]
INFO: [ app_end ] --END-- [ RunTime:0.000000s ]

[ 2017-08-04T17:20:23+08:00 ] 127.0.0.1 /blog/index.php/Admin/Anavi/left.html
INFO: [ app_init ] --START--
INFO: Run Behavior\BuildLiteBehavior [ RunTime:0.000000s ]
INFO: [ app_init ] --END-- [ RunTime:0.000000s ]
INFO: [ app_begin ] --START--
INFO: Run Behavior\ReadHtmlCacheBehavior [ RunTime:0.000000s ]
INFO: [ app_begin ] --END-- [ RunTime:0.000000s ]
NOTIC: [8] Use of undefined constant username - assumed 'username' E:\phpStudy\WWW\thinkmyblog\blog\Admin\Controller\PublicController.class.php 第 20 行.
SQL: SHOW COLUMNS FROM `emlog_setting` [ RunTime:0.0030s ]
SQL: SELECT `k`,`v` FROM `emlog_setting`  [ RunTime:0.0000s ]
SQL: SHOW COLUMNS FROM `emlog_anavi` [ RunTime:0.0030s ]
SQL: SHOW COLUMNS FROM `emlog_anavi` [ RunTime:0.0040s ]
SQL: SELECT `id`,`naviname`,`url`,`pid` FROM `emlog_anavi`  [ RunTime:0.0000s ]
INFO: [ view_parse ] --START--
INFO: [ template_filter ] --START--
INFO: Run Behavior\ContentReplaceBehavior [ RunTime:0.000000s ]
INFO: [ template_filter ] --END-- [ RunTime:0.000000s ]
NOTIC: [8] Use of undefined constant username - assumed 'username' E:\phpStudy\WWW\thinkmyblog\blog\Runtime\Cache\Admin\31ae598c3961190e64c6a4a560401714.php 第 10 行.
NOTIC: [8] Undefined index: id E:\phpStudy\WWW\thinkmyblog\blog\Runtime\Cache\Admin\31ae598c3961190e64c6a4a560401714.php 第 23 行.
INFO: Run Behavior\ParseTemplateBehavior [ RunTime:0.004001s ]
INFO: [ view_parse ] --END-- [ RunTime:0.004001s ]
INFO: [ view_filter ] --START--
INFO: Run Behavior\WriteHtmlCacheBehavior [ RunTime:0.000000s ]
INFO: [ view_filter ] --END-- [ RunTime:0.000000s ]
INFO: [ app_end ] --START--
INFO: Run Behavior\ShowPageTraceBehavior [ RunTime:0.000000s ]
INFO: [ app_end ] --END-- [ RunTime:0.000000s ]

[ 2017-08-04T17:21:01+08:00 ] 127.0.0.1 /blog/index.php/Admin/Anavi/left.html
INFO: [ app_init ] --START--
INFO: Run Behavior\BuildLiteBehavior [ RunTime:0.000000s ]
INFO: [ app_init ] --END-- [ RunTime:0.001000s ]
INFO: [ app_begin ] --START--
INFO: Run Behavior\ReadHtmlCacheBehavior [ RunTime:0.000000s ]
INFO: [ app_begin ] --END-- [ RunTime:0.000000s ]
NOTIC: [8] Use of undefined constant username - assumed 'username' E:\phpStudy\WWW\thinkmyblog\blog\Admin\Controller\PublicController.class.php 第 20 行.
SQL: SHOW COLUMNS FROM `emlog_setting` [ RunTime:0.0090s ]
SQL: SELECT `k`,`v` FROM `emlog_setting`  [ RunTime:0.0000s ]
SQL: SHOW COLUMNS FROM `emlog_anavi` [ RunTime:0.0090s ]
SQL: SHOW COLUMNS FROM `emlog_anavi` [ RunTime:0.0090s ]
SQL: SELECT `id`,`naviname`,`url`,`pid` FROM `emlog_anavi`  [ RunTime:0.0000s ]
INFO: [ view_parse ] --START--
NOTIC: [8] Undefined index: item E:\phpStudy\WWW\thinkmyblog\ThinkPHP\Library\Think\Template\TagLib\Cx.class.php 第 113 行.
INFO: [ template_filter ] --START--
INFO: Run Behavior\ContentReplaceBehavior [ RunTime:0.000000s ]
INFO: [ template_filter ] --END-- [ RunTime:0.000000s ]

[ 2017-08-04T17:21:13+08:00 ] 127.0.0.1 /blog/index.php/Admin/Anavi/left.html
INFO: [ app_init ] --START--
INFO: Run Behavior\BuildLiteBehavior [ RunTime:0.000000s ]
INFO: [ app_init ] --END-- [ RunTime:0.000000s ]
INFO: [ app_begin ] --START--
INFO: Run Behavior\ReadHtmlCacheBehavior [ RunTime:0.000000s ]
INFO: [ app_begin ] --END-- [ RunTime:0.000000s ]
NOTIC: [8] Use of undefined constant username - assumed 'username' E:\phpStudy\WWW\thinkmyblog\blog\Admin\Controller\PublicController.class.php 第 20 行.
SQL: SHOW COLUMNS FROM `emlog_setting` [ RunTime:0.0060s ]
SQL: SELECT `k`,`v` FROM `emlog_setting`  [ RunTime:0.0000s ]
SQL: SHOW COLUMNS FROM `emlog_anavi` [ RunTime:0.0070s ]
SQL: SHOW COLUMNS FROM `emlog_anavi` [ RunTime:0.0060s ]
SQL: SELECT `id`,`naviname`,`url`,`pid` FROM `emlog_anavi`  [ RunTime:0.0000s ]
INFO: [ view_parse ] --START--
NOTIC: [8] Undefined index: item E:\phpStudy\WWW\thinkmyblog\ThinkPHP\Library\Think\Template\TagLib\Cx.class.php 第 113 行.
INFO: [ template_filter ] --START--
INFO: Run Behavior\ContentReplaceBehavior [ RunTime:0.000000s ]
INFO: [ template_filter ] --END-- [ RunTime:0.000000s ]

[ 2017-08-04T17:21:59+08:00 ] 127.0.0.1 /blog/index.php/Admin/Anavi/left.html
INFO: [ app_init ] --START--
INFO: Run Behavior\BuildLiteBehavior [ RunTime:0.000000s ]
INFO: [ app_init ] --END-- [ RunTime:0.000000s ]
INFO: [ app_begin ] --START--
INFO: Run Behavior\ReadHtmlCacheBehavior [ RunTime:0.000000s ]
INFO: [ app_begin ] --END-- [ RunTime:0.000000s ]
NOTIC: [8] Use of undefined constant username - assumed 'username' E:\phpStudy\WWW\thinkmyblog\blog\Admin\Controller\PublicController.class.php 第 20 行.
SQL: SHOW COLUMNS FROM `emlog_setting` [ RunTime:0.0060s ]
SQL: SELECT `k`,`v` FROM `emlog_setting`  [ RunTime:0.0010s ]
SQL: SHOW COLUMNS FROM `emlog_anavi` [ RunTime:0.0070s ]
SQL: SHOW COLUMNS FROM `emlog_anavi` [ RunTime:0.0070s ]
SQL: SELECT `id`,`naviname`,`url`,`pid` FROM `emlog_anavi`  [ RunTime:0.0000s ]
INFO: [ view_parse ] --START--
INFO: [ template_filter ] --START--
INFO: Run Behavior\ContentReplaceBehavior [ RunTime:0.000000s ]
INFO: [ template_filter ] --END-- [ RunTime:0.000000s ]
NOTIC: [8] Use of undefined constant username - assumed 'username' E:\phpStudy\WWW\thinkmyblog\blog\Runtime\Cache\Admin\31ae598c3961190e64c6a4a560401714.php 第 10 行.
INFO: Run Behavior\ParseTemplateBehavior [ RunTime:0.006000s ]
INFO: [ view_parse ] --END-- [ RunTime:0.006000s ]
INFO: [ view_filter ] --START--
INFO: Run Behavior\WriteHtmlCacheBehavior [ RunTime:0.000000s ]
INFO: [ view_filter ] --END-- [ RunTime:0.000000s ]
INFO: [ app_end ] --START--
INFO: Run Behavior\ShowPageTraceBehavior [ RunTime:0.001000s ]
INFO: [ app_end ] --END-- [ RunTime:0.001000s ]

[ 2017-08-04T17:22:41+08:00 ] 127.0.0.1 /blog/index.php/Admin/Anavi/left.html
INFO: [ app_init ] --START--
INFO: Run Behavior\BuildLiteBehavior [ RunTime:0.000000s ]
INFO: [ app_init ] --END-- [ RunTime:0.001000s ]
INFO: [ app_begin ] --START--
INFO: Run Behavior\ReadHtmlCacheBehavior [ RunTime:0.000000s ]
INFO: [ app_begin ] --END-- [ RunTime:0.002000s ]
NOTIC: [8] Use of undefined constant username - assumed 'username' E:\phpStudy\WWW\thinkmyblog\blog\Admin\Controller\PublicController.class.php 第 20 行.
SQL: SHOW COLUMNS FROM `emlog_setting` [ RunTime:0.0070s ]
SQL: SELECT `k`,`v` FROM `emlog_setting`  [ RunTime:0.0000s ]
SQL: SHOW COLUMNS FROM `emlog_anavi` [ RunTime:0.0070s ]
SQL: SHOW COLUMNS FROM `emlog_anavi` [ RunTime:0.0060s ]
SQL: SELECT `id`,`naviname`,`url`,`pid` FROM `emlog_anavi`  [ RunTime:0.0000s ]
INFO: [ view_parse ] --START--
INFO: [ template_filter ] --START--
INFO: Run Behavior\ContentReplaceBehavior [ RunTime:0.000000s ]
INFO: [ template_filter ] --END-- [ RunTime:0.000000s ]
NOTIC: [8] Use of undefined constant username - assumed 'username' E:\phpStudy\WWW\thinkmyblog\blog\Runtime\Cache\Admin\31ae598c3961190e64c6a4a560401714.php 第 10 行.
NOTIC: [8] Undefined variable: v E:\phpStudy\WWW\thinkmyblog\blog\Runtime\Cache\Admin\31ae598c3961190e64c6a4a560401714.php 第 23 行.
INFO: Run Behavior\ParseTemplateBehavior [ RunTime:0.005000s ]
INFO: [ view_parse ] --END-- [ RunTime:0.005000s ]
INFO: [ view_filter ] --START--
INFO: Run Behavior\WriteHtmlCacheBehavior [ RunTime:0.000000s ]
INFO: [ view_filter ] --END-- [ RunTime:0.000000s ]
INFO: [ app_end ] --START--
INFO: Run Behavior\ShowPageTraceBehavior [ RunTime:0.000000s ]
INFO: [ app_end ] --END-- [ RunTime:0.000000s ]

[ 2017-08-04T17:23:00+08:00 ] 127.0.0.1 /blog/index.php/Admin/Anavi/left.html
INFO: [ app_init ] --START--
INFO: Run Behavior\BuildLiteBehavior [ RunTime:0.000000s ]
INFO: [ app_init ] --END-- [ RunTime:0.001000s ]
INFO: [ app_begin ] --START--
INFO: Run Behavior\ReadHtmlCacheBehavior [ RunTime:0.001000s ]
INFO: [ app_begin ] --END-- [ RunTime:0.001000s ]
NOTIC: [8] Use of undefined constant username - assumed 'username' E:\phpStudy\WWW\thinkmyblog\blog\Admin\Controller\PublicController.class.php 第 20 行.
SQL: SHOW COLUMNS FROM `emlog_setting` [ RunTime:0.0070s ]
SQL: SELECT `k`,`v` FROM `emlog_setting`  [ RunTime:0.0000s ]
SQL: SHOW COLUMNS FROM `emlog_anavi` [ RunTime:0.0070s ]
SQL: SHOW COLUMNS FROM `emlog_anavi` [ RunTime:0.0070s ]
SQL: SELECT `id`,`naviname`,`url`,`pid` FROM `emlog_anavi`  [ RunTime:0.0000s ]
INFO: [ view_parse ] --START--
INFO: [ template_filter ] --START--
INFO: Run Behavior\ContentReplaceBehavior [ RunTime:0.000000s ]
INFO: [ template_filter ] --END-- [ RunTime:0.000000s ]
NOTIC: [8] Use of undefined constant username - assumed 'username' E:\phpStudy\WWW\thinkmyblog\blog\Runtime\Cache\Admin\31ae598c3961190e64c6a4a560401714.php 第 10 行.
INFO: Run Behavior\ParseTemplateBehavior [ RunTime:0.007001s ]
INFO: [ view_parse ] --END-- [ RunTime:0.007001s ]
INFO: [ view_filter ] --START--
INFO: Run Behavior\WriteHtmlCacheBehavior [ RunTime:0.000000s ]
INFO: [ view_filter ] --END-- [ RunTime:0.000000s ]
INFO: [ app_end ] --START--
INFO: Run Behavior\ShowPageTraceBehavior [ RunTime:0.001000s ]
INFO: [ app_end ] --END-- [ RunTime:0.001000s ]

[ 2017-08-04T17:48:29+08:00 ] 127.0.0.1 /blog/index.php/Admin/Anavi/left.html
INFO: [ app_init ] --START--
INFO: Run Behavior\BuildLiteBehavior [ RunTime:0.000000s ]
INFO: [ app_init ] --END-- [ RunTime:0.001000s ]
INFO: [ app_begin ] --START--
INFO: Run Behavior\ReadHtmlCacheBehavior [ RunTime:0.001000s ]
INFO: [ app_begin ] --END-- [ RunTime:0.001000s ]
NOTIC: [8] Use of undefined constant username - assumed 'username' E:\phpStudy\WWW\thinkmyblog\blog\Admin\Controller\PublicController.class.php 第 20 行.
SQL: SHOW COLUMNS FROM `emlog_setting` [ RunTime:0.0060s ]
SQL: SELECT `k`,`v` FROM `emlog_setting`  [ RunTime:0.0000s ]
SQL: SHOW COLUMNS FROM `emlog_anavi` [ RunTime:0.0060s ]
SQL: SHOW COLUMNS FROM `emlog_anavi` [ RunTime:0.0050s ]
SQL: SELECT `id`,`naviname`,`url`,`pid` FROM `emlog_anavi`  [ RunTime:0.0000s ]
INFO: [ view_parse ] --START--
INFO: [ template_filter ] --START--
INFO: Run Behavior\ContentReplaceBehavior [ RunTime:0.000000s ]
INFO: [ template_filter ] --END-- [ RunTime:0.000000s ]
NOTIC: [8] Use of undefined constant username - assumed 'username' E:\phpStudy\WWW\thinkmyblog\blog\Runtime\Cache\Admin\31ae598c3961190e64c6a4a560401714.php 第 10 行.
INFO: Run Behavior\ParseTemplateBehavior [ RunTime:0.012000s ]
INFO: [ view_parse ] --END-- [ RunTime:0.012000s ]
INFO: [ view_filter ] --START--
INFO: Run Behavior\WriteHtmlCacheBehavior [ RunTime:0.001001s ]
INFO: [ view_filter ] --END-- [ RunTime:0.001001s ]
INFO: [ app_end ] --START--
INFO: Run Behavior\ShowPageTraceBehavior [ RunTime:0.000000s ]
INFO: [ app_end ] --END-- [ RunTime:0.000000s ]

[ 2017-08-04T17:49:29+08:00 ] 127.0.0.1 /blog/index.php/Admin/Anavi/left.html
INFO: [ app_init ] --START--
INFO: Run Behavior\BuildLiteBehavior [ RunTime:0.000000s ]
INFO: [ app_init ] --END-- [ RunTime:0.000000s ]
INFO: [ app_begin ] --START--
INFO: Run Behavior\ReadHtmlCacheBehavior [ RunTime:0.001000s ]
INFO: [ app_begin ] --END-- [ RunTime:0.001000s ]
NOTIC: [8] Use of undefined constant username - assumed 'username' E:\phpStudy\WWW\thinkmyblog\blog\Admin\Controller\PublicController.class.php 第 20 行.
SQL: SHOW COLUMNS FROM `emlog_setting` [ RunTime:0.0070s ]
SQL: SELECT `k`,`v` FROM `emlog_setting`  [ RunTime:0.0000s ]
SQL: SHOW COLUMNS FROM `emlog_anavi` [ RunTime:0.0080s ]
SQL: SHOW COLUMNS FROM `emlog_anavi` [ RunTime:0.0070s ]
SQL: SELECT `id`,`naviname`,`url`,`pid` FROM `emlog_anavi`  [ RunTime:0.0010s ]
INFO: [ view_parse ] --START--
INFO: [ template_filter ] --START--
INFO: Run Behavior\ContentReplaceBehavior [ RunTime:0.000000s ]
INFO: [ template_filter ] --END-- [ RunTime:0.000000s ]
NOTIC: [8] Use of undefined constant username - assumed 'username' E:\phpStudy\WWW\thinkmyblog\blog\Runtime\Cache\Admin\31ae598c3961190e64c6a4a560401714.php 第 10 行.
INFO: Run Behavior\ParseTemplateBehavior [ RunTime:0.006001s ]
INFO: [ view_parse ] --END-- [ RunTime:0.006001s ]
INFO: [ view_filter ] --START--
INFO: Run Behavior\WriteHtmlCacheBehavior [ RunTime:0.001000s ]
INFO: [ view_filter ] --END-- [ RunTime:0.001000s ]
INFO: [ app_end ] --START--
INFO: Run Behavior\ShowPageTraceBehavior [ RunTime:0.000000s ]
INFO: [ app_end ] --END-- [ RunTime:0.000000s ]

