[ 2017-08-02T09:17:00+08:00 ] 127.0.0.1 /blog/index.php/Admin/Variable/Index.html
INFO: [ app_init ] --START--
INFO: Run Behavior\BuildLiteBehavior [ RunTime:0.000000s ]
INFO: [ app_init ] --END-- [ RunTime:0.001000s ]
INFO: [ app_begin ] --START--
INFO: Run Behavior\ReadHtmlCacheBehavior [ RunTime:0.001000s ]
INFO: [ app_begin ] --END-- [ RunTime:0.001000s ]
NOTIC: [8] Use of undefined constant username - assumed 'username' E:\phpStudy\WWW\thinkmyblog\blog\Admin\Controller\PublicController.class.php 第 18 行.
SQL: SHOW COLUMNS FROM `emlog_setting` [ RunTime:0.0070s ]
SQL: SELECT `k`,`v` FROM `emlog_setting`  [ RunTime:0.0010s ]
NOTIC: [2048] Declaration of Admin\Model\SettingModel::add() should be compatible with that of Think\Model::add() E:\phpStudy\WWW\thinkmyblog\blog\Admin\Model\SettingModel.class.php 第 123 行.
SQL: SHOW COLUMNS FROM `emlog_setting` [ RunTime:0.0070s ]
SQL: SELECT * FROM `emlog_setting` WHERE ( type = 1 ) ORDER BY id desc  [ RunTime:0.0000s ]
INFO: [ view_parse ] --START--
INFO: [ template_filter ] --START--
INFO: Run Behavior\ContentReplaceBehavior [ RunTime:0.000000s ]
INFO: [ template_filter ] --END-- [ RunTime:0.000000s ]
NOTIC: [8] Use of undefined constant sitename - assumed 'sitename' E:\phpStudy\WWW\thinkmyblog\blog\Runtime\Cache\Admin\313170b195bb4cd5cf65a8f54e5f96e1.php 第 31 行.
NOTIC: [8] Use of undefined constant username - assumed 'username' E:\phpStudy\WWW\thinkmyblog\blog\Runtime\Cache\Admin\313170b195bb4cd5cf65a8f54e5f96e1.php 第 49 行.
INFO: Run Behavior\ParseTemplateBehavior [ RunTime:0.016001s ]
INFO: [ view_parse ] --END-- [ RunTime:0.017001s ]
INFO: [ view_filter ] --START--
INFO: Run Behavior\WriteHtmlCacheBehavior [ RunTime:0.000000s ]
INFO: [ view_filter ] --END-- [ RunTime:0.000000s ]
INFO: [ app_end ] --START--
INFO: Run Behavior\ShowPageTraceBehavior [ RunTime:0.001000s ]
INFO: [ app_end ] --END-- [ RunTime:0.001000s ]

[ 2017-08-02T09:17:14+08:00 ] 127.0.0.1 /blog/index.php/Admin/Variable/checkbox.html
INFO: [ app_init ] --START--
INFO: Run Behavior\BuildLiteBehavior [ RunTime:0.000000s ]
INFO: [ app_init ] --END-- [ RunTime:0.001000s ]
INFO: [ app_begin ] --START--
INFO: Run Behavior\ReadHtmlCacheBehavior [ RunTime:0.001000s ]
INFO: [ app_begin ] --END-- [ RunTime:0.001000s ]
NOTIC: [8] Use of undefined constant username - assumed 'username' E:\phpStudy\WWW\thinkmyblog\blog\Admin\Controller\PublicController.class.php 第 18 行.
SQL: SHOW COLUMNS FROM `emlog_setting` [ RunTime:0.0070s ]
SQL: SELECT `k`,`v` FROM `emlog_setting`  [ RunTime:0.0000s ]
INFO: [ app_end ] --START--
INFO: Run Behavior\ShowPageTraceBehavior [ RunTime:0.000000s ]
INFO: [ app_end ] --END-- [ RunTime:0.001000s ]

[ 2017-08-02T09:17:19+08:00 ] 127.0.0.1 /blog/index.php/Admin/Variable/Index.html
INFO: [ app_init ] --START--
INFO: Run Behavior\BuildLiteBehavior [ RunTime:0.000000s ]
INFO: [ app_init ] --END-- [ RunTime:0.001000s ]
INFO: [ app_begin ] --START--
INFO: Run Behavior\ReadHtmlCacheBehavior [ RunTime:0.000000s ]
INFO: [ app_begin ] --END-- [ RunTime:0.000000s ]
NOTIC: [8] Use of undefined constant username - assumed 'username' E:\phpStudy\WWW\thinkmyblog\blog\Admin\Controller\PublicController.class.php 第 18 行.
SQL: SHOW COLUMNS FROM `emlog_setting` [ RunTime:0.0090s ]
SQL: SELECT `k`,`v` FROM `emlog_setting`  [ RunTime:0.0000s ]
NOTIC: [2048] Declaration of Admin\Model\SettingModel::add() should be compatible with that of Think\Model::add() E:\phpStudy\WWW\thinkmyblog\blog\Admin\Model\SettingModel.class.php 第 123 行.
SQL: SHOW COLUMNS FROM `emlog_setting` [ RunTime:0.0070s ]
SQL: SELECT * FROM `emlog_setting` WHERE ( type = 1 ) ORDER BY id desc  [ RunTime:0.0010s ]
INFO: [ view_parse ] --START--
INFO: [ template_filter ] --START--
INFO: Run Behavior\ContentReplaceBehavior [ RunTime:0.000000s ]
INFO: [ template_filter ] --END-- [ RunTime:0.000000s ]
NOTIC: [8] Use of undefined constant sitename - assumed 'sitename' E:\phpStudy\WWW\thinkmyblog\blog\Runtime\Cache\Admin\313170b195bb4cd5cf65a8f54e5f96e1.php 第 31 行.
NOTIC: [8] Use of undefined constant username - assumed 'username' E:\phpStudy\WWW\thinkmyblog\blog\Runtime\Cache\Admin\313170b195bb4cd5cf65a8f54e5f96e1.php 第 49 行.
INFO: Run Behavior\ParseTemplateBehavior [ RunTime:0.009000s ]
INFO: [ view_parse ] --END-- [ RunTime:0.009000s ]
INFO: [ view_filter ] --START--
INFO: Run Behavior\WriteHtmlCacheBehavior [ RunTime:0.000000s ]
INFO: [ view_filter ] --END-- [ RunTime:0.000000s ]
INFO: [ app_end ] --START--
INFO: Run Behavior\ShowPageTraceBehavior [ RunTime:0.001000s ]
INFO: [ app_end ] --END-- [ RunTime:0.001000s ]

[ 2017-08-02T09:17:21+08:00 ] 127.0.0.1 /blog/index.php/Admin/Variable/Index.html
INFO: [ app_init ] --START--
INFO: Run Behavior\BuildLiteBehavior [ RunTime:0.000000s ]
INFO: [ app_init ] --END-- [ RunTime:0.001001s ]
INFO: [ app_begin ] --START--
INFO: Run Behavior\ReadHtmlCacheBehavior [ RunTime:0.000000s ]
INFO: [ app_begin ] --END-- [ RunTime:0.001000s ]
NOTIC: [8] Use of undefined constant username - assumed 'username' E:\phpStudy\WWW\thinkmyblog\blog\Admin\Controller\PublicController.class.php 第 18 行.
SQL: SHOW COLUMNS FROM `emlog_setting` [ RunTime:0.0070s ]
SQL: SELECT `k`,`v` FROM `emlog_setting`  [ RunTime:0.0000s ]
NOTIC: [2048] Declaration of Admin\Model\SettingModel::add() should be compatible with that of Think\Model::add() E:\phpStudy\WWW\thinkmyblog\blog\Admin\Model\SettingModel.class.php 第 123 行.
SQL: SHOW COLUMNS FROM `emlog_setting` [ RunTime:0.0080s ]
SQL: SELECT * FROM `emlog_setting` WHERE ( type = 1 ) ORDER BY id desc  [ RunTime:0.0000s ]
INFO: [ view_parse ] --START--
INFO: [ template_filter ] --START--
INFO: Run Behavior\ContentReplaceBehavior [ RunTime:0.000000s ]
INFO: [ template_filter ] --END-- [ RunTime:0.000000s ]
NOTIC: [8] Use of undefined constant sitename - assumed 'sitename' E:\phpStudy\WWW\thinkmyblog\blog\Runtime\Cache\Admin\313170b195bb4cd5cf65a8f54e5f96e1.php 第 31 行.
NOTIC: [8] Use of undefined constant username - assumed 'username' E:\phpStudy\WWW\thinkmyblog\blog\Runtime\Cache\Admin\313170b195bb4cd5cf65a8f54e5f96e1.php 第 49 行.
INFO: Run Behavior\ParseTemplateBehavior [ RunTime:0.008000s ]
INFO: [ view_parse ] --END-- [ RunTime:0.008000s ]
INFO: [ view_filter ] --START--
INFO: Run Behavior\WriteHtmlCacheBehavior [ RunTime:0.001000s ]
INFO: [ view_filter ] --END-- [ RunTime:0.001000s ]
INFO: [ app_end ] --START--
INFO: Run Behavior\ShowPageTraceBehavior [ RunTime:0.000000s ]
INFO: [ app_end ] --END-- [ RunTime:0.000000s ]

[ 2017-08-02T09:17:28+08:00 ] 127.0.0.1 /blog/index.php/Admin/Variable/checkbox.html
INFO: [ app_init ] --START--
INFO: Run Behavior\BuildLiteBehavior [ RunTime:0.000000s ]
INFO: [ app_init ] --END-- [ RunTime:0.000000s ]
INFO: [ app_begin ] --START--
INFO: Run Behavior\ReadHtmlCacheBehavior [ RunTime:0.001000s ]
INFO: [ app_begin ] --END-- [ RunTime:0.001000s ]
NOTIC: [8] Use of undefined constant username - assumed 'username' E:\phpStudy\WWW\thinkmyblog\blog\Admin\Controller\PublicController.class.php 第 18 行.
SQL: SHOW COLUMNS FROM `emlog_setting` [ RunTime:0.0090s ]
SQL: SELECT `k`,`v` FROM `emlog_setting`  [ RunTime:0.0000s ]
INFO: [ app_end ] --START--
INFO: Run Behavior\ShowPageTraceBehavior [ RunTime:0.001000s ]
INFO: [ app_end ] --END-- [ RunTime:0.001000s ]

[ 2017-08-02T09:17:41+08:00 ] 127.0.0.1 /blog/index.php/Admin/Variable/Index.html
INFO: [ app_init ] --START--
INFO: Run Behavior\BuildLiteBehavior [ RunTime:0.000000s ]
INFO: [ app_init ] --END-- [ RunTime:0.001000s ]
INFO: [ app_begin ] --START--
INFO: Run Behavior\ReadHtmlCacheBehavior [ RunTime:0.000000s ]
INFO: [ app_begin ] --END-- [ RunTime:0.001000s ]
NOTIC: [8] Use of undefined constant username - assumed 'username' E:\phpStudy\WWW\thinkmyblog\blog\Admin\Controller\PublicController.class.php 第 18 行.
INFO: [ view_parse ] --START--
INFO: [ template_filter ] --START--
INFO: Run Behavior\ContentReplaceBehavior [ RunTime:0.000000s ]
INFO: [ template_filter ] --END-- [ RunTime:0.000000s ]
INFO: Run Behavior\ParseTemplateBehavior [ RunTime:0.005001s ]
INFO: [ view_parse ] --END-- [ RunTime:0.005001s ]
INFO: [ view_filter ] --START--
INFO: Run Behavior\WriteHtmlCacheBehavior [ RunTime:0.000000s ]
INFO: [ view_filter ] --END-- [ RunTime:0.000000s ]
SQL: SHOW COLUMNS FROM `emlog_setting` [ RunTime:0.0080s ]
SQL: SELECT `k`,`v` FROM `emlog_setting`  [ RunTime:0.0000s ]
NOTIC: [2048] Declaration of Admin\Model\SettingModel::add() should be compatible with that of Think\Model::add() E:\phpStudy\WWW\thinkmyblog\blog\Admin\Model\SettingModel.class.php 第 123 行.
SQL: SHOW COLUMNS FROM `emlog_setting` [ RunTime:0.0080s ]
SQL: SELECT * FROM `emlog_setting` WHERE ( type = 1 ) ORDER BY id desc  [ RunTime:0.0010s ]
INFO: [ view_parse ] --START--
INFO: [ template_filter ] --START--
INFO: Run Behavior\ContentReplaceBehavior [ RunTime:0.000000s ]
INFO: [ template_filter ] --END-- [ RunTime:-0.032001s ]
NOTIC: [8] Use of undefined constant sitename - assumed 'sitename' E:\phpStudy\WWW\thinkmyblog\blog\Runtime\Cache\Admin\313170b195bb4cd5cf65a8f54e5f96e1.php 第 31 行.
NOTIC: [8] Use of undefined constant username - assumed 'username' E:\phpStudy\WWW\thinkmyblog\blog\Runtime\Cache\Admin\313170b195bb4cd5cf65a8f54e5f96e1.php 第 49 行.
INFO: Run Behavior\ParseTemplateBehavior [ RunTime:0.006001s ]
INFO: [ view_parse ] --END-- [ RunTime:-0.026001s ]
INFO: [ view_filter ] --START--
INFO: Run Behavior\WriteHtmlCacheBehavior [ RunTime:0.000000s ]
INFO: [ view_filter ] --END-- [ RunTime:-0.032002s ]
INFO: [ app_end ] --START--
INFO: Run Behavior\ShowPageTraceBehavior [ RunTime:0.000000s ]
INFO: [ app_end ] --END-- [ RunTime:0.001000s ]

[ 2017-08-02T09:17:51+08:00 ] 127.0.0.1 /blog/index.php/Admin/Login/index.html
INFO: [ app_init ] --START--
INFO: Run Behavior\BuildLiteBehavior [ RunTime:0.000000s ]
INFO: [ app_init ] --END-- [ RunTime:0.000000s ]
INFO: [ app_begin ] --START--
INFO: Run Behavior\ReadHtmlCacheBehavior [ RunTime:0.000000s ]
INFO: [ app_begin ] --END-- [ RunTime:0.000000s ]
INFO: [ view_parse ] --START--
INFO: [ template_filter ] --START--
INFO: Run Behavior\ContentReplaceBehavior [ RunTime:0.000000s ]
INFO: [ template_filter ] --END-- [ RunTime:0.000000s ]
INFO: Run Behavior\ParseTemplateBehavior [ RunTime:0.005000s ]
INFO: [ view_parse ] --END-- [ RunTime:0.005000s ]
INFO: [ view_filter ] --START--
INFO: Run Behavior\WriteHtmlCacheBehavior [ RunTime:0.000000s ]
INFO: [ view_filter ] --END-- [ RunTime:0.000000s ]
INFO: [ app_end ] --START--
INFO: Run Behavior\ShowPageTraceBehavior [ RunTime:0.000000s ]
INFO: [ app_end ] --END-- [ RunTime:0.000000s ]

[ 2017-08-02T09:17:51+08:00 ] 127.0.0.1 /blog/index.php/Admin/Login/verify.html
INFO: [ app_init ] --START--
INFO: Run Behavior\BuildLiteBehavior [ RunTime:0.000000s ]
INFO: [ app_init ] --END-- [ RunTime:0.000000s ]
INFO: [ app_begin ] --START--
INFO: Run Behavior\ReadHtmlCacheBehavior [ RunTime:0.000000s ]
INFO: [ app_begin ] --END-- [ RunTime:0.000000s ]
NOTIC: [8] Use of undefined constant login - assumed 'login' E:\phpStudy\WWW\thinkmyblog\blog\Admin\Controller\LoginController.class.php 第 53 行.
INFO: [ app_end ] --START--
INFO: Run Behavior\ShowPageTraceBehavior [ RunTime:0.000000s ]
INFO: [ app_end ] --END-- [ RunTime:0.000000s ]

[ 2017-08-02T09:20:40+08:00 ] 127.0.0.1 /blog/index.php/Admin/Login/index.html
INFO: [ app_init ] --START--
INFO: Run Behavior\BuildLiteBehavior [ RunTime:0.000000s ]
INFO: [ app_init ] --END-- [ RunTime:0.000000s ]
INFO: [ app_begin ] --START--
INFO: Run Behavior\ReadHtmlCacheBehavior [ RunTime:0.001000s ]
INFO: [ app_begin ] --END-- [ RunTime:0.001000s ]
NOTIC: [8] Use of undefined constant Login - assumed 'Login' E:\phpStudy\WWW\thinkmyblog\blog\Admin\Controller\LoginController.class.php 第 19 行.
NOTIC: [8] Use of undefined constant Index - assumed 'Index' E:\phpStudy\WWW\thinkmyblog\blog\Admin\Controller\LoginController.class.php 第 19 行.
NOTIC: [2] Division by zero E:\phpStudy\WWW\thinkmyblog\blog\Admin\Controller\LoginController.class.php 第 19 行.
INFO: [ view_parse ] --START--
INFO: [ template_filter ] --START--
INFO: Run Behavior\ContentReplaceBehavior [ RunTime:0.000000s ]
INFO: [ template_filter ] --END-- [ RunTime:0.000000s ]
INFO: Run Behavior\ParseTemplateBehavior [ RunTime:0.005000s ]
INFO: [ view_parse ] --END-- [ RunTime:0.005000s ]
INFO: [ view_filter ] --START--
INFO: Run Behavior\WriteHtmlCacheBehavior [ RunTime:0.000000s ]
INFO: [ view_filter ] --END-- [ RunTime:0.000000s ]

[ 2017-08-02T09:20:43+08:00 ] 127.0.0.1 /blog/index.php/Admin/Login/index.html
INFO: [ app_init ] --START--
INFO: Run Behavior\BuildLiteBehavior [ RunTime:0.000000s ]
INFO: [ app_init ] --END-- [ RunTime:0.000000s ]
INFO: [ app_begin ] --START--
INFO: Run Behavior\ReadHtmlCacheBehavior [ RunTime:0.000000s ]
INFO: [ app_begin ] --END-- [ RunTime:0.000000s ]
INFO: [ view_parse ] --START--
INFO: [ template_filter ] --START--
INFO: Run Behavior\ContentReplaceBehavior [ RunTime:0.000000s ]
INFO: [ template_filter ] --END-- [ RunTime:0.000000s ]
INFO: Run Behavior\ParseTemplateBehavior [ RunTime:0.005000s ]
INFO: [ view_parse ] --END-- [ RunTime:0.005000s ]
INFO: [ view_filter ] --START--
INFO: Run Behavior\WriteHtmlCacheBehavior [ RunTime:0.000000s ]
INFO: [ view_filter ] --END-- [ RunTime:0.000000s ]
INFO: [ app_end ] --START--
INFO: Run Behavior\ShowPageTraceBehavior [ RunTime:0.001000s ]
INFO: [ app_end ] --END-- [ RunTime:0.001000s ]

[ 2017-08-02T09:20:43+08:00 ] 127.0.0.1 /blog/index.php/Admin/Login/verify.html
INFO: [ app_init ] --START--
INFO: Run Behavior\BuildLiteBehavior [ RunTime:0.000000s ]
INFO: [ app_init ] --END-- [ RunTime:0.001000s ]
INFO: [ app_begin ] --START--
INFO: Run Behavior\ReadHtmlCacheBehavior [ RunTime:0.001000s ]
INFO: [ app_begin ] --END-- [ RunTime:0.001000s ]
NOTIC: [8] Use of undefined constant login - assumed 'login' E:\phpStudy\WWW\thinkmyblog\blog\Admin\Controller\LoginController.class.php 第 53 行.
INFO: [ app_end ] --START--
INFO: Run Behavior\ShowPageTraceBehavior [ RunTime:0.000000s ]
INFO: [ app_end ] --END-- [ RunTime:0.001000s ]

[ 2017-08-02T09:20:57+08:00 ] 127.0.0.1 /blog/index.php/Admin/Login/index.html
INFO: [ app_init ] --START--
INFO: Run Behavior\BuildLiteBehavior [ RunTime:0.000000s ]
INFO: [ app_init ] --END-- [ RunTime:0.000000s ]
INFO: [ app_begin ] --START--
INFO: Run Behavior\ReadHtmlCacheBehavior [ RunTime:0.000000s ]
INFO: [ app_begin ] --END-- [ RunTime:0.000000s ]
SQL: SHOW COLUMNS FROM `emlog_user` [ RunTime:0.0080s ]
SQL: SELECT * FROM `emlog_user` WHERE `username` = 'emlog' LIMIT 1   [ RunTime:0.0000s ]
NOTIC: [8] Use of undefined constant Login - assumed 'Login' E:\phpStudy\WWW\thinkmyblog\blog\Admin\Controller\LoginController.class.php 第 24 行.
NOTIC: [8] Use of undefined constant Index - assumed 'Index' E:\phpStudy\WWW\thinkmyblog\blog\Admin\Controller\LoginController.class.php 第 24 行.
NOTIC: [2] Division by zero E:\phpStudy\WWW\thinkmyblog\blog\Admin\Controller\LoginController.class.php 第 24 行.
INFO: [ view_parse ] --START--
INFO: [ template_filter ] --START--
INFO: Run Behavior\ContentReplaceBehavior [ RunTime:0.000000s ]
INFO: [ template_filter ] --END-- [ RunTime:0.000000s ]
INFO: Run Behavior\ParseTemplateBehavior [ RunTime:0.004000s ]
INFO: [ view_parse ] --END-- [ RunTime:0.004000s ]
INFO: [ view_filter ] --START--
INFO: Run Behavior\WriteHtmlCacheBehavior [ RunTime:0.001000s ]
INFO: [ view_filter ] --END-- [ RunTime:0.001000s ]

[ 2017-08-02T09:21:00+08:00 ] 127.0.0.1 /blog/index.php/Admin/Login/index.html
INFO: [ app_init ] --START--
INFO: Run Behavior\BuildLiteBehavior [ RunTime:0.000000s ]
INFO: [ app_init ] --END-- [ RunTime:0.001000s ]
INFO: [ app_begin ] --START--
INFO: Run Behavior\ReadHtmlCacheBehavior [ RunTime:0.001001s ]
INFO: [ app_begin ] --END-- [ RunTime:0.001001s ]
INFO: [ view_parse ] --START--
INFO: [ template_filter ] --START--
INFO: Run Behavior\ContentReplaceBehavior [ RunTime:0.000000s ]
INFO: [ template_filter ] --END-- [ RunTime:0.000000s ]
INFO: Run Behavior\ParseTemplateBehavior [ RunTime:0.006000s ]
INFO: [ view_parse ] --END-- [ RunTime:0.006000s ]
INFO: [ view_filter ] --START--
INFO: Run Behavior\WriteHtmlCacheBehavior [ RunTime:0.000000s ]
INFO: [ view_filter ] --END-- [ RunTime:0.000000s ]
INFO: [ app_end ] --START--
INFO: Run Behavior\ShowPageTraceBehavior [ RunTime:0.000000s ]
INFO: [ app_end ] --END-- [ RunTime:0.000000s ]

[ 2017-08-02T09:21:00+08:00 ] 127.0.0.1 /blog/index.php/Admin/Login/verify.html
INFO: [ app_init ] --START--
INFO: Run Behavior\BuildLiteBehavior [ RunTime:0.000000s ]
INFO: [ app_init ] --END-- [ RunTime:0.000000s ]
INFO: [ app_begin ] --START--
INFO: Run Behavior\ReadHtmlCacheBehavior [ RunTime:0.000000s ]
INFO: [ app_begin ] --END-- [ RunTime:0.000000s ]
NOTIC: [8] Use of undefined constant login - assumed 'login' E:\phpStudy\WWW\thinkmyblog\blog\Admin\Controller\LoginController.class.php 第 53 行.
INFO: [ app_end ] --START--
INFO: Run Behavior\ShowPageTraceBehavior [ RunTime:0.001000s ]
INFO: [ app_end ] --END-- [ RunTime:0.001000s ]

[ 2017-08-02T09:21:21+08:00 ] 127.0.0.1 /blog/index.php/Admin/Login/index.html
INFO: [ app_init ] --START--
INFO: Run Behavior\BuildLiteBehavior [ RunTime:0.000000s ]
INFO: [ app_init ] --END-- [ RunTime:0.000000s ]
INFO: [ app_begin ] --START--
INFO: Run Behavior\ReadHtmlCacheBehavior [ RunTime:0.000000s ]
INFO: [ app_begin ] --END-- [ RunTime:0.000000s ]
SQL: SHOW COLUMNS FROM `emlog_user` [ RunTime:0.0080s ]
SQL: SELECT * FROM `emlog_user` WHERE `username` = 'emlog' LIMIT 1   [ RunTime:0.0010s ]

[ 2017-08-02T09:21:21+08:00 ] 127.0.0.1 /blog/index.php/Admin/index/index.html
INFO: [ app_init ] --START--
INFO: Run Behavior\BuildLiteBehavior [ RunTime:0.000000s ]
INFO: [ app_init ] --END-- [ RunTime:0.000000s ]
INFO: [ app_begin ] --START--
INFO: Run Behavior\ReadHtmlCacheBehavior [ RunTime:0.001000s ]
INFO: [ app_begin ] --END-- [ RunTime:0.001000s ]
NOTIC: [8] Use of undefined constant username - assumed 'username' E:\phpStudy\WWW\thinkmyblog\blog\Admin\Controller\PublicController.class.php 第 18 行.
SQL: SHOW COLUMNS FROM `emlog_setting` [ RunTime:0.0070s ]
SQL: SELECT `k`,`v` FROM `emlog_setting`  [ RunTime:0.0000s ]
SQL: select VERSION() [ RunTime:0.0000s ]
INFO: [ view_parse ] --START--
INFO: [ template_filter ] --START--
INFO: Run Behavior\ContentReplaceBehavior [ RunTime:0.000000s ]
INFO: [ template_filter ] --END-- [ RunTime:0.000000s ]
NOTIC: [8] Use of undefined constant sitename - assumed 'sitename' E:\phpStudy\WWW\thinkmyblog\blog\Runtime\Cache\Admin\e211df6783fdf4ddab9472dd1bc998d9.php 第 31 行.
NOTIC: [8] Use of undefined constant username - assumed 'username' E:\phpStudy\WWW\thinkmyblog\blog\Runtime\Cache\Admin\e211df6783fdf4ddab9472dd1bc998d9.php 第 49 行.
INFO: Run Behavior\ParseTemplateBehavior [ RunTime:0.009001s ]
INFO: [ view_parse ] --END-- [ RunTime:0.009001s ]
INFO: [ view_filter ] --START--
INFO: Run Behavior\WriteHtmlCacheBehavior [ RunTime:0.000000s ]
INFO: [ view_filter ] --END-- [ RunTime:0.000000s ]
INFO: [ app_end ] --START--
INFO: Run Behavior\ShowPageTraceBehavior [ RunTime:0.001000s ]
INFO: [ app_end ] --END-- [ RunTime:0.001000s ]

[ 2017-08-02T09:21:30+08:00 ] 127.0.0.1 /blog/index.php/Admin/Variable/Index.html
INFO: [ app_init ] --START--
INFO: Run Behavior\BuildLiteBehavior [ RunTime:0.000000s ]
INFO: [ app_init ] --END-- [ RunTime:0.001000s ]
INFO: [ app_begin ] --START--
INFO: Run Behavior\ReadHtmlCacheBehavior [ RunTime:0.000000s ]
INFO: [ app_begin ] --END-- [ RunTime:0.000000s ]
NOTIC: [8] Use of undefined constant username - assumed 'username' E:\phpStudy\WWW\thinkmyblog\blog\Admin\Controller\PublicController.class.php 第 18 行.
SQL: SHOW COLUMNS FROM `emlog_setting` [ RunTime:0.0070s ]
SQL: SELECT `k`,`v` FROM `emlog_setting`  [ RunTime:0.0000s ]
NOTIC: [2048] Declaration of Admin\Model\SettingModel::add() should be compatible with that of Think\Model::add() E:\phpStudy\WWW\thinkmyblog\blog\Admin\Model\SettingModel.class.php 第 123 行.
SQL: SHOW COLUMNS FROM `emlog_setting` [ RunTime:0.0070s ]
SQL: SELECT * FROM `emlog_setting` WHERE ( type = 1 ) ORDER BY id desc  [ RunTime:0.0010s ]
INFO: [ view_parse ] --START--
INFO: [ template_filter ] --START--
INFO: Run Behavior\ContentReplaceBehavior [ RunTime:0.000000s ]
INFO: [ template_filter ] --END-- [ RunTime:0.000000s ]
NOTIC: [8] Use of undefined constant sitename - assumed 'sitename' E:\phpStudy\WWW\thinkmyblog\blog\Runtime\Cache\Admin\313170b195bb4cd5cf65a8f54e5f96e1.php 第 31 行.
NOTIC: [8] Use of undefined constant username - assumed 'username' E:\phpStudy\WWW\thinkmyblog\blog\Runtime\Cache\Admin\313170b195bb4cd5cf65a8f54e5f96e1.php 第 49 行.
INFO: Run Behavior\ParseTemplateBehavior [ RunTime:0.009000s ]
INFO: [ view_parse ] --END-- [ RunTime:0.009000s ]
INFO: [ view_filter ] --START--
INFO: Run Behavior\WriteHtmlCacheBehavior [ RunTime:0.000000s ]
INFO: [ view_filter ] --END-- [ RunTime:0.000000s ]
INFO: [ app_end ] --START--
INFO: Run Behavior\ShowPageTraceBehavior [ RunTime:0.000000s ]
INFO: [ app_end ] --END-- [ RunTime:0.000000s ]

[ 2017-08-02T09:22:06+08:00 ] 127.0.0.1 /blog/index.php/Admin/Variable/Index.html
INFO: [ app_init ] --START--
INFO: Run Behavior\BuildLiteBehavior [ RunTime:0.000000s ]
INFO: [ app_init ] --END-- [ RunTime:0.000000s ]
INFO: [ app_begin ] --START--
INFO: Run Behavior\ReadHtmlCacheBehavior [ RunTime:0.001000s ]
INFO: [ app_begin ] --END-- [ RunTime:0.001000s ]
NOTIC: [8] Use of undefined constant username - assumed 'username' E:\phpStudy\WWW\thinkmyblog\blog\Admin\Controller\PublicController.class.php 第 18 行.
SQL: SHOW COLUMNS FROM `emlog_setting` [ RunTime:0.0050s ]
SQL: SELECT `k`,`v` FROM `emlog_setting`  [ RunTime:0.0000s ]
NOTIC: [2048] Declaration of Admin\Model\SettingModel::add() should be compatible with that of Think\Model::add() E:\phpStudy\WWW\thinkmyblog\blog\Admin\Model\SettingModel.class.php 第 123 行.
SQL: SHOW COLUMNS FROM `emlog_setting` [ RunTime:0.0060s ]
SQL: SELECT * FROM `emlog_setting` WHERE ( type = 1 ) ORDER BY id desc  [ RunTime:0.0000s ]
INFO: [ view_parse ] --START--
INFO: [ template_filter ] --START--
INFO: Run Behavior\ContentReplaceBehavior [ RunTime:0.000000s ]
INFO: [ template_filter ] --END-- [ RunTime:0.000000s ]
NOTIC: [8] Use of undefined constant sitename - assumed 'sitename' E:\phpStudy\WWW\thinkmyblog\blog\Runtime\Cache\Admin\313170b195bb4cd5cf65a8f54e5f96e1.php 第 31 行.
NOTIC: [8] Use of undefined constant username - assumed 'username' E:\phpStudy\WWW\thinkmyblog\blog\Runtime\Cache\Admin\313170b195bb4cd5cf65a8f54e5f96e1.php 第 49 行.
INFO: Run Behavior\ParseTemplateBehavior [ RunTime:0.010000s ]
INFO: [ view_parse ] --END-- [ RunTime:0.010000s ]
INFO: [ view_filter ] --START--
INFO: Run Behavior\WriteHtmlCacheBehavior [ RunTime:0.000000s ]
INFO: [ view_filter ] --END-- [ RunTime:0.000000s ]
INFO: [ app_end ] --START--
INFO: Run Behavior\ShowPageTraceBehavior [ RunTime:0.000000s ]
INFO: [ app_end ] --END-- [ RunTime:0.000000s ]

[ 2017-08-02T09:24:29+08:00 ] 127.0.0.1 /blog/index.php/Admin/Variable/checkbox.html
INFO: [ app_init ] --START--
INFO: Run Behavior\BuildLiteBehavior [ RunTime:0.001000s ]
INFO: [ app_init ] --END-- [ RunTime:0.001000s ]
INFO: [ app_begin ] --START--
INFO: Run Behavior\ReadHtmlCacheBehavior [ RunTime:0.000000s ]
INFO: [ app_begin ] --END-- [ RunTime:0.000000s ]
NOTIC: [8] Use of undefined constant username - assumed 'username' E:\phpStudy\WWW\thinkmyblog\blog\Admin\Controller\PublicController.class.php 第 18 行.
SQL: SHOW COLUMNS FROM `emlog_setting` [ RunTime:0.0070s ]
SQL: SELECT `k`,`v` FROM `emlog_setting`  [ RunTime:0.0000s ]
INFO: [ app_end ] --START--
INFO: Run Behavior\ShowPageTraceBehavior [ RunTime:0.001000s ]
INFO: [ app_end ] --END-- [ RunTime:0.001000s ]

[ 2017-08-02T09:26:41+08:00 ] 127.0.0.1 /blog/index.php/Admin/Variable/checkbox.html
INFO: [ app_init ] --START--
INFO: Run Behavior\BuildLiteBehavior [ RunTime:0.000000s ]
INFO: [ app_init ] --END-- [ RunTime:0.000000s ]
INFO: [ app_begin ] --START--
INFO: Run Behavior\ReadHtmlCacheBehavior [ RunTime:0.001000s ]
INFO: [ app_begin ] --END-- [ RunTime:0.001000s ]
NOTIC: [8] Use of undefined constant username - assumed 'username' E:\phpStudy\WWW\thinkmyblog\blog\Admin\Controller\PublicController.class.php 第 18 行.
SQL: SHOW COLUMNS FROM `emlog_setting` [ RunTime:0.0080s ]
SQL: SELECT `k`,`v` FROM `emlog_setting`  [ RunTime:0.0000s ]
INFO: [ app_end ] --START--
INFO: Run Behavior\ShowPageTraceBehavior [ RunTime:0.001000s ]
INFO: [ app_end ] --END-- [ RunTime:0.001000s ]

[ 2017-08-02T09:30:04+08:00 ] 127.0.0.1 /blog/index.php/Admin/Variable/Index.html
INFO: [ app_init ] --START--
INFO: Run Behavior\BuildLiteBehavior [ RunTime:0.000000s ]
INFO: [ app_init ] --END-- [ RunTime:0.000000s ]
INFO: [ app_begin ] --START--
INFO: Run Behavior\ReadHtmlCacheBehavior [ RunTime:0.001000s ]
INFO: [ app_begin ] --END-- [ RunTime:0.001000s ]
NOTIC: [8] Use of undefined constant username - assumed 'username' E:\phpStudy\WWW\thinkmyblog\blog\Admin\Controller\PublicController.class.php 第 18 行.
SQL: SHOW COLUMNS FROM `emlog_setting` [ RunTime:0.0070s ]
SQL: SELECT `k`,`v` FROM `emlog_setting`  [ RunTime:0.0010s ]
NOTIC: [2048] Declaration of Admin\Model\SettingModel::add() should be compatible with that of Think\Model::add() E:\phpStudy\WWW\thinkmyblog\blog\Admin\Model\SettingModel.class.php 第 123 行.
SQL: SHOW COLUMNS FROM `emlog_setting` [ RunTime:0.0080s ]
SQL: SELECT * FROM `emlog_setting` WHERE ( type = 1 ) ORDER BY id desc  [ RunTime:0.0000s ]
INFO: [ view_parse ] --START--
INFO: [ template_filter ] --START--
INFO: Run Behavior\ContentReplaceBehavior [ RunTime:0.000000s ]
INFO: [ template_filter ] --END-- [ RunTime:0.000000s ]
NOTIC: [8] Use of undefined constant sitename - assumed 'sitename' E:\phpStudy\WWW\thinkmyblog\blog\Runtime\Cache\Admin\313170b195bb4cd5cf65a8f54e5f96e1.php 第 31 行.
NOTIC: [8] Use of undefined constant username - assumed 'username' E:\phpStudy\WWW\thinkmyblog\blog\Runtime\Cache\Admin\313170b195bb4cd5cf65a8f54e5f96e1.php 第 49 行.
INFO: Run Behavior\ParseTemplateBehavior [ RunTime:0.016001s ]
INFO: [ view_parse ] --END-- [ RunTime:0.017001s ]
INFO: [ view_filter ] --START--
INFO: Run Behavior\WriteHtmlCacheBehavior [ RunTime:0.001000s ]
INFO: [ view_filter ] --END-- [ RunTime:0.001000s ]
INFO: [ app_end ] --START--
INFO: Run Behavior\ShowPageTraceBehavior [ RunTime:0.000000s ]
INFO: [ app_end ] --END-- [ RunTime:0.000000s ]

[ 2017-08-02T09:30:08+08:00 ] 127.0.0.1 /blog/index.php/Admin/Variable/checkbox.html
INFO: [ app_init ] --START--
INFO: Run Behavior\BuildLiteBehavior [ RunTime:0.000000s ]
INFO: [ app_init ] --END-- [ RunTime:0.000000s ]
INFO: [ app_begin ] --START--
INFO: Run Behavior\ReadHtmlCacheBehavior [ RunTime:0.000000s ]
INFO: [ app_begin ] --END-- [ RunTime:0.000000s ]
NOTIC: [8] Use of undefined constant username - assumed 'username' E:\phpStudy\WWW\thinkmyblog\blog\Admin\Controller\PublicController.class.php 第 18 行.
SQL: SHOW COLUMNS FROM `emlog_setting` [ RunTime:0.0080s ]
SQL: SELECT `k`,`v` FROM `emlog_setting`  [ RunTime:0.0000s ]
INFO: [ app_end ] --START--
INFO: Run Behavior\ShowPageTraceBehavior [ RunTime:0.001000s ]
INFO: [ app_end ] --END-- [ RunTime:0.001000s ]

[ 2017-08-02T09:30:35+08:00 ] 127.0.0.1 /blog/index.php/Admin/Variable/Index.html
INFO: [ app_init ] --START--
INFO: Run Behavior\BuildLiteBehavior [ RunTime:0.000000s ]
INFO: [ app_init ] --END-- [ RunTime:0.000000s ]
INFO: [ app_begin ] --START--
INFO: Run Behavior\ReadHtmlCacheBehavior [ RunTime:0.000000s ]
INFO: [ app_begin ] --END-- [ RunTime:0.000000s ]
NOTIC: [8] Use of undefined constant username - assumed 'username' E:\phpStudy\WWW\thinkmyblog\blog\Admin\Controller\PublicController.class.php 第 18 行.
SQL: SHOW COLUMNS FROM `emlog_setting` [ RunTime:0.0070s ]
SQL: SELECT `k`,`v` FROM `emlog_setting`  [ RunTime:0.0000s ]
NOTIC: [2048] Declaration of Admin\Model\SettingModel::add() should be compatible with that of Think\Model::add() E:\phpStudy\WWW\thinkmyblog\blog\Admin\Model\SettingModel.class.php 第 123 行.
SQL: SHOW COLUMNS FROM `emlog_setting` [ RunTime:0.0080s ]
SQL: SELECT * FROM `emlog_setting` WHERE ( type = 1 ) ORDER BY id desc  [ RunTime:0.0000s ]
INFO: [ view_parse ] --START--
INFO: [ template_filter ] --START--
INFO: Run Behavior\ContentReplaceBehavior [ RunTime:0.000000s ]
INFO: [ template_filter ] --END-- [ RunTime:0.000000s ]
NOTIC: [8] Use of undefined constant sitename - assumed 'sitename' E:\phpStudy\WWW\thinkmyblog\blog\Runtime\Cache\Admin\313170b195bb4cd5cf65a8f54e5f96e1.php 第 31 行.
NOTIC: [8] Use of undefined constant username - assumed 'username' E:\phpStudy\WWW\thinkmyblog\blog\Runtime\Cache\Admin\313170b195bb4cd5cf65a8f54e5f96e1.php 第 49 行.
INFO: Run Behavior\ParseTemplateBehavior [ RunTime:0.009001s ]
INFO: [ view_parse ] --END-- [ RunTime:0.009001s ]
INFO: [ view_filter ] --START--
INFO: Run Behavior\WriteHtmlCacheBehavior [ RunTime:0.000000s ]
INFO: [ view_filter ] --END-- [ RunTime:0.000000s ]
INFO: [ app_end ] --START--
INFO: Run Behavior\ShowPageTraceBehavior [ RunTime:0.001000s ]
INFO: [ app_end ] --END-- [ RunTime:0.001000s ]

[ 2017-08-02T09:30:38+08:00 ] 127.0.0.1 /blog/index.php/Admin/Variable/checkbox.html
INFO: [ app_init ] --START--
INFO: Run Behavior\BuildLiteBehavior [ RunTime:0.000000s ]
INFO: [ app_init ] --END-- [ RunTime:0.000000s ]
INFO: [ app_begin ] --START--
INFO: Run Behavior\ReadHtmlCacheBehavior [ RunTime:0.000000s ]
INFO: [ app_begin ] --END-- [ RunTime:0.000000s ]
NOTIC: [8] Use of undefined constant username - assumed 'username' E:\phpStudy\WWW\thinkmyblog\blog\Admin\Controller\PublicController.class.php 第 18 行.
SQL: SHOW COLUMNS FROM `emlog_setting` [ RunTime:0.0070s ]
SQL: SELECT `k`,`v` FROM `emlog_setting`  [ RunTime:0.0000s ]
INFO: [ app_end ] --START--
INFO: Run Behavior\ShowPageTraceBehavior [ RunTime:0.000000s ]
INFO: [ app_end ] --END-- [ RunTime:0.000000s ]

[ 2017-08-02T09:36:32+08:00 ] 127.0.0.1 /blog/index.php/Admin/Variable/Index.html
INFO: [ app_init ] --START--
INFO: Run Behavior\BuildLiteBehavior [ RunTime:0.000000s ]
INFO: [ app_init ] --END-- [ RunTime:0.001000s ]
INFO: [ app_begin ] --START--
INFO: Run Behavior\ReadHtmlCacheBehavior [ RunTime:0.000000s ]
INFO: [ app_begin ] --END-- [ RunTime:0.000000s ]
NOTIC: [8] Use of undefined constant username - assumed 'username' E:\phpStudy\WWW\thinkmyblog\blog\Admin\Controller\PublicController.class.php 第 18 行.
SQL: SHOW COLUMNS FROM `emlog_setting` [ RunTime:0.0080s ]
SQL: SELECT `k`,`v` FROM `emlog_setting`  [ RunTime:0.0000s ]
NOTIC: [2048] Declaration of Admin\Model\SettingModel::add() should be compatible with that of Think\Model::add() E:\phpStudy\WWW\thinkmyblog\blog\Admin\Model\SettingModel.class.php 第 124 行.
SQL: SHOW COLUMNS FROM `emlog_setting` [ RunTime:0.0060s ]
SQL: SELECT * FROM `emlog_setting` WHERE ( type = 1 ) ORDER BY id desc  [ RunTime:0.0000s ]
INFO: [ view_parse ] --START--
INFO: [ template_filter ] --START--
INFO: Run Behavior\ContentReplaceBehavior [ RunTime:0.000000s ]
INFO: [ template_filter ] --END-- [ RunTime:0.000000s ]
NOTIC: [8] Use of undefined constant sitename - assumed 'sitename' E:\phpStudy\WWW\thinkmyblog\blog\Runtime\Cache\Admin\313170b195bb4cd5cf65a8f54e5f96e1.php 第 31 行.
NOTIC: [8] Use of undefined constant username - assumed 'username' E:\phpStudy\WWW\thinkmyblog\blog\Runtime\Cache\Admin\313170b195bb4cd5cf65a8f54e5f96e1.php 第 49 行.
INFO: Run Behavior\ParseTemplateBehavior [ RunTime:0.019001s ]
INFO: [ view_parse ] --END-- [ RunTime:0.019001s ]
INFO: [ view_filter ] --START--
INFO: Run Behavior\WriteHtmlCacheBehavior [ RunTime:0.001000s ]
INFO: [ view_filter ] --END-- [ RunTime:0.001000s ]
INFO: [ app_end ] --START--
INFO: Run Behavior\ShowPageTraceBehavior [ RunTime:0.001000s ]
INFO: [ app_end ] --END-- [ RunTime:0.001000s ]

[ 2017-08-02T09:36:35+08:00 ] 127.0.0.1 /blog/index.php/Admin/Variable/checkbox.html
INFO: [ app_init ] --START--
INFO: Run Behavior\BuildLiteBehavior [ RunTime:0.000000s ]
INFO: [ app_init ] --END-- [ RunTime:0.000000s ]
INFO: [ app_begin ] --START--
INFO: Run Behavior\ReadHtmlCacheBehavior [ RunTime:0.001000s ]
INFO: [ app_begin ] --END-- [ RunTime:0.001000s ]
NOTIC: [8] Use of undefined constant username - assumed 'username' E:\phpStudy\WWW\thinkmyblog\blog\Admin\Controller\PublicController.class.php 第 18 行.
SQL: SHOW COLUMNS FROM `emlog_setting` [ RunTime:0.0080s ]
SQL: SELECT `k`,`v` FROM `emlog_setting`  [ RunTime:0.0010s ]
INFO: [ app_end ] --START--
INFO: Run Behavior\ShowPageTraceBehavior [ RunTime:0.001000s ]
INFO: [ app_end ] --END-- [ RunTime:0.001000s ]

[ 2017-08-02T09:46:02+08:00 ] 127.0.0.1 /blog/index.php/Admin/Variable/Index.html
INFO: [ app_init ] --START--
INFO: Run Behavior\BuildLiteBehavior [ RunTime:0.000000s ]
INFO: [ app_init ] --END-- [ RunTime:0.000000s ]
INFO: [ app_begin ] --START--
INFO: Run Behavior\ReadHtmlCacheBehavior [ RunTime:0.000000s ]
INFO: [ app_begin ] --END-- [ RunTime:0.001000s ]
NOTIC: [8] Use of undefined constant username - assumed 'username' E:\phpStudy\WWW\thinkmyblog\blog\Admin\Controller\PublicController.class.php 第 18 行.
SQL: SHOW COLUMNS FROM `emlog_setting` [ RunTime:0.0080s ]
SQL: SELECT `k`,`v` FROM `emlog_setting`  [ RunTime:0.0000s ]
NOTIC: [2048] Declaration of Admin\Model\SettingModel::add() should be compatible with that of Think\Model::add() E:\phpStudy\WWW\thinkmyblog\blog\Admin\Model\SettingModel.class.php 第 124 行.
SQL: SHOW COLUMNS FROM `emlog_setting` [ RunTime:0.0070s ]
SQL: SELECT * FROM `emlog_setting` WHERE ( type = 1 ) ORDER BY id desc  [ RunTime:0.0000s ]
INFO: [ view_parse ] --START--
INFO: [ template_filter ] --START--
INFO: Run Behavior\ContentReplaceBehavior [ RunTime:0.000000s ]
INFO: [ template_filter ] --END-- [ RunTime:0.000000s ]
NOTIC: [8] Use of undefined constant sitename - assumed 'sitename' E:\phpStudy\WWW\thinkmyblog\blog\Runtime\Cache\Admin\313170b195bb4cd5cf65a8f54e5f96e1.php 第 31 行.
NOTIC: [8] Use of undefined constant username - assumed 'username' E:\phpStudy\WWW\thinkmyblog\blog\Runtime\Cache\Admin\313170b195bb4cd5cf65a8f54e5f96e1.php 第 49 行.
INFO: Run Behavior\ParseTemplateBehavior [ RunTime:0.017001s ]
INFO: [ view_parse ] --END-- [ RunTime:0.017001s ]
INFO: [ view_filter ] --START--
INFO: Run Behavior\WriteHtmlCacheBehavior [ RunTime:0.000000s ]
INFO: [ view_filter ] --END-- [ RunTime:0.000000s ]
INFO: [ app_end ] --START--
INFO: Run Behavior\ShowPageTraceBehavior [ RunTime:0.001000s ]
INFO: [ app_end ] --END-- [ RunTime:0.001000s ]

[ 2017-08-02T09:46:05+08:00 ] 127.0.0.1 /blog/index.php/Admin/Variable/checkbox.html
INFO: [ app_init ] --START--
INFO: Run Behavior\BuildLiteBehavior [ RunTime:0.000000s ]
INFO: [ app_init ] --END-- [ RunTime:0.001000s ]
INFO: [ app_begin ] --START--
INFO: Run Behavior\ReadHtmlCacheBehavior [ RunTime:0.001000s ]
INFO: [ app_begin ] --END-- [ RunTime:0.001000s ]
NOTIC: [8] Use of undefined constant username - assumed 'username' E:\phpStudy\WWW\thinkmyblog\blog\Admin\Controller\PublicController.class.php 第 18 行.
SQL: SHOW COLUMNS FROM `emlog_setting` [ RunTime:0.0070s ]
SQL: SELECT `k`,`v` FROM `emlog_setting`  [ RunTime:0.0000s ]
INFO: [ app_end ] --START--
INFO: Run Behavior\ShowPageTraceBehavior [ RunTime:0.000000s ]
INFO: [ app_end ] --END-- [ RunTime:0.000000s ]

[ 2017-08-02T09:47:39+08:00 ] 127.0.0.1 /blog/index.php/Admin/Variable/checkbox.html
INFO: [ app_init ] --START--
INFO: Run Behavior\BuildLiteBehavior [ RunTime:0.000000s ]
INFO: [ app_init ] --END-- [ RunTime:0.001000s ]
INFO: [ app_begin ] --START--
INFO: Run Behavior\ReadHtmlCacheBehavior [ RunTime:0.001000s ]
INFO: [ app_begin ] --END-- [ RunTime:0.001000s ]
NOTIC: [8] Use of undefined constant username - assumed 'username' E:\phpStudy\WWW\thinkmyblog\blog\Admin\Controller\PublicController.class.php 第 18 行.
SQL: SHOW COLUMNS FROM `emlog_setting` [ RunTime:0.0080s ]
SQL: SELECT `k`,`v` FROM `emlog_setting`  [ RunTime:0.0000s ]
INFO: [ app_end ] --START--
INFO: Run Behavior\ShowPageTraceBehavior [ RunTime:0.001000s ]
INFO: [ app_end ] --END-- [ RunTime:0.001000s ]

[ 2017-08-02T09:49:02+08:00 ] 127.0.0.1 /blog/index.php/Admin/Variable/checkbox.html
INFO: [ app_init ] --START--
INFO: Run Behavior\BuildLiteBehavior [ RunTime:0.000000s ]
INFO: [ app_init ] --END-- [ RunTime:0.001000s ]
INFO: [ app_begin ] --START--
INFO: Run Behavior\ReadHtmlCacheBehavior [ RunTime:0.000000s ]
INFO: [ app_begin ] --END-- [ RunTime:0.000000s ]
NOTIC: [8] Use of undefined constant username - assumed 'username' E:\phpStudy\WWW\thinkmyblog\blog\Admin\Controller\PublicController.class.php 第 18 行.
SQL: SHOW COLUMNS FROM `emlog_setting` [ RunTime:0.0080s ]
SQL: SELECT `k`,`v` FROM `emlog_setting`  [ RunTime:0.0000s ]
INFO: [ app_end ] --START--
INFO: Run Behavior\ShowPageTraceBehavior [ RunTime:0.001000s ]
INFO: [ app_end ] --END-- [ RunTime:0.001000s ]

[ 2017-08-02T11:28:58+08:00 ] 127.0.0.1 /blog/index.php/Admin/Variable/checkbox.html
INFO: [ app_init ] --START--
INFO: Run Behavior\BuildLiteBehavior [ RunTime:0.000000s ]
INFO: [ app_init ] --END-- [ RunTime:0.000000s ]
INFO: [ app_begin ] --START--
INFO: Run Behavior\ReadHtmlCacheBehavior [ RunTime:0.000000s ]
INFO: [ app_begin ] --END-- [ RunTime:0.000000s ]
NOTIC: [8] Use of undefined constant username - assumed 'username' E:\phpStudy\WWW\thinkmyblog\blog\Admin\Controller\PublicController.class.php 第 18 行.
SQL: SHOW COLUMNS FROM `emlog_setting` [ RunTime:0.0080s ]
SQL: SELECT `k`,`v` FROM `emlog_setting`  [ RunTime:0.0000s ]
INFO: [ app_end ] --START--
INFO: Run Behavior\ShowPageTraceBehavior [ RunTime:0.001000s ]
INFO: [ app_end ] --END-- [ RunTime:0.001000s ]

