[ 2017-07-31T09:17:45+08:00 ] 127.0.0.1 /blog/index.php/Admin/Variable/Setting.html
INFO: [ app_init ] --START--
INFO: Run Behavior\BuildLiteBehavior [ RunTime:0.000000s ]
INFO: [ app_init ] --END-- [ RunTime:0.000000s ]
INFO: [ app_begin ] --START--
INFO: Run Behavior\ReadHtmlCacheBehavior [ RunTime:0.000000s ]
INFO: [ app_begin ] --END-- [ RunTime:0.000000s ]
NOTIC: [8192] Call-time pass-by-reference has been deprecated E:\phpStudy\WWW\thinkmyblog\blog\Admin\Controller\VariableController.class.php 第 79 行.
NOTIC: [8] Use of undefined constant username - assumed 'username' E:\phpStudy\WWW\thinkmyblog\blog\Admin\Controller\PublicController.class.php 第 18 行.
SQL: SHOW COLUMNS FROM `emlog_setting` [ RunTime:0.0080s ]
SQL: SELECT `k`,`v` FROM `emlog_setting`  [ RunTime:0.0000s ]
INFO: [ view_parse ] --START--
INFO: [ template_filter ] --START--
INFO: Run Behavior\ContentReplaceBehavior [ RunTime:0.000000s ]
INFO: [ template_filter ] --END-- [ RunTime:0.000000s ]
NOTIC: [8] Use of undefined constant sitename - assumed 'sitename' E:\phpStudy\WWW\thinkmyblog\blog\Runtime\Cache\Admin\1c1223b37e2b12947ac22f12c0b3919b.php 第 31 行.
NOTIC: [8] Use of undefined constant username - assumed 'username' E:\phpStudy\WWW\thinkmyblog\blog\Runtime\Cache\Admin\1c1223b37e2b12947ac22f12c0b3919b.php 第 49 行.
INFO: Run Behavior\ParseTemplateBehavior [ RunTime:0.015000s ]
INFO: [ view_parse ] --END-- [ RunTime:0.016001s ]
INFO: [ view_filter ] --START--
INFO: Run Behavior\WriteHtmlCacheBehavior [ RunTime:0.000000s ]
INFO: [ view_filter ] --END-- [ RunTime:0.000000s ]
INFO: [ app_end ] --START--
INFO: Run Behavior\ShowPageTraceBehavior [ RunTime:0.001000s ]
INFO: [ app_end ] --END-- [ RunTime:0.001000s ]

[ 2017-07-31T09:17:46+08:00 ] 127.0.0.1 /blog/index.php/Admin/Variable/Setting.html
INFO: [ app_init ] --START--
INFO: Run Behavior\BuildLiteBehavior [ RunTime:0.000000s ]
INFO: [ app_init ] --END-- [ RunTime:0.000000s ]
INFO: [ app_begin ] --START--
INFO: Run Behavior\ReadHtmlCacheBehavior [ RunTime:0.000000s ]
INFO: [ app_begin ] --END-- [ RunTime:0.000000s ]
NOTIC: [8192] Call-time pass-by-reference has been deprecated E:\phpStudy\WWW\thinkmyblog\blog\Admin\Controller\VariableController.class.php 第 79 行.
NOTIC: [8] Use of undefined constant username - assumed 'username' E:\phpStudy\WWW\thinkmyblog\blog\Admin\Controller\PublicController.class.php 第 18 行.
SQL: SHOW COLUMNS FROM `emlog_setting` [ RunTime:0.0070s ]
SQL: SELECT `k`,`v` FROM `emlog_setting`  [ RunTime:0.0000s ]
INFO: [ view_parse ] --START--
INFO: [ template_filter ] --START--
INFO: Run Behavior\ContentReplaceBehavior [ RunTime:0.000000s ]
INFO: [ template_filter ] --END-- [ RunTime:0.000000s ]
NOTIC: [8] Use of undefined constant sitename - assumed 'sitename' E:\phpStudy\WWW\thinkmyblog\blog\Runtime\Cache\Admin\1c1223b37e2b12947ac22f12c0b3919b.php 第 31 行.
NOTIC: [8] Use of undefined constant username - assumed 'username' E:\phpStudy\WWW\thinkmyblog\blog\Runtime\Cache\Admin\1c1223b37e2b12947ac22f12c0b3919b.php 第 49 行.
INFO: Run Behavior\ParseTemplateBehavior [ RunTime:0.007000s ]
INFO: [ view_parse ] --END-- [ RunTime:0.007000s ]
INFO: [ view_filter ] --START--
INFO: Run Behavior\WriteHtmlCacheBehavior [ RunTime:0.000000s ]
INFO: [ view_filter ] --END-- [ RunTime:0.001000s ]
INFO: [ app_end ] --START--
INFO: Run Behavior\ShowPageTraceBehavior [ RunTime:0.000000s ]
INFO: [ app_end ] --END-- [ RunTime:0.000000s ]

[ 2017-07-31T09:17:49+08:00 ] 127.0.0.1 /blog/index.php/Admin/Variable/Setting.html
INFO: [ app_init ] --START--
INFO: Run Behavior\BuildLiteBehavior [ RunTime:0.000000s ]
INFO: [ app_init ] --END-- [ RunTime:0.001000s ]
INFO: [ app_begin ] --START--
INFO: Run Behavior\ReadHtmlCacheBehavior [ RunTime:0.001000s ]
INFO: [ app_begin ] --END-- [ RunTime:0.001000s ]
NOTIC: [8192] Call-time pass-by-reference has been deprecated E:\phpStudy\WWW\thinkmyblog\blog\Admin\Controller\VariableController.class.php 第 79 行.
NOTIC: [8] Use of undefined constant username - assumed 'username' E:\phpStudy\WWW\thinkmyblog\blog\Admin\Controller\PublicController.class.php 第 18 行.
SQL: SHOW COLUMNS FROM `emlog_setting` [ RunTime:0.0080s ]
SQL: SELECT `k`,`v` FROM `emlog_setting`  [ RunTime:0.0000s ]

[ 2017-07-31T09:18:39+08:00 ] 127.0.0.1 /blog/index.php/Admin/Variable/Setting.html
INFO: [ app_init ] --START--
INFO: Run Behavior\BuildLiteBehavior [ RunTime:0.000000s ]
INFO: [ app_init ] --END-- [ RunTime:0.000000s ]
INFO: [ app_begin ] --START--
INFO: Run Behavior\ReadHtmlCacheBehavior [ RunTime:0.000000s ]
INFO: [ app_begin ] --END-- [ RunTime:0.000000s ]
NOTIC: [8192] Call-time pass-by-reference has been deprecated E:\phpStudy\WWW\thinkmyblog\blog\Admin\Controller\VariableController.class.php 第 79 行.
NOTIC: [8] Use of undefined constant username - assumed 'username' E:\phpStudy\WWW\thinkmyblog\blog\Admin\Controller\PublicController.class.php 第 18 行.
SQL: SHOW COLUMNS FROM `emlog_setting` [ RunTime:0.0070s ]
SQL: SELECT `k`,`v` FROM `emlog_setting`  [ RunTime:0.0000s ]

[ 2017-07-31T09:20:16+08:00 ] 127.0.0.1 /blog/index.php/Admin/Variable/Setting.html
INFO: [ app_init ] --START--
INFO: Run Behavior\BuildLiteBehavior [ RunTime:0.000000s ]
INFO: [ app_init ] --END-- [ RunTime:0.000000s ]
INFO: [ app_begin ] --START--
INFO: Run Behavior\ReadHtmlCacheBehavior [ RunTime:0.000000s ]
INFO: [ app_begin ] --END-- [ RunTime:0.001000s ]
NOTIC: [8192] Call-time pass-by-reference has been deprecated E:\phpStudy\WWW\thinkmyblog\blog\Admin\Controller\VariableController.class.php 第 79 行.
NOTIC: [8] Use of undefined constant username - assumed 'username' E:\phpStudy\WWW\thinkmyblog\blog\Admin\Controller\PublicController.class.php 第 18 行.
SQL: SHOW COLUMNS FROM `emlog_setting` [ RunTime:0.0070s ]
SQL: SELECT `k`,`v` FROM `emlog_setting`  [ RunTime:0.0000s ]

[ 2017-07-31T09:20:25+08:00 ] 127.0.0.1 /blog/index.php/Admin/Variable/Setting.html
INFO: [ app_init ] --START--
INFO: Run Behavior\BuildLiteBehavior [ RunTime:0.000000s ]
INFO: [ app_init ] --END-- [ RunTime:0.000000s ]
INFO: [ app_begin ] --START--
INFO: Run Behavior\ReadHtmlCacheBehavior [ RunTime:0.000000s ]
INFO: [ app_begin ] --END-- [ RunTime:0.001000s ]
NOTIC: [8192] Call-time pass-by-reference has been deprecated E:\phpStudy\WWW\thinkmyblog\blog\Admin\Controller\VariableController.class.php 第 79 行.
NOTIC: [8] Use of undefined constant username - assumed 'username' E:\phpStudy\WWW\thinkmyblog\blog\Admin\Controller\PublicController.class.php 第 18 行.
SQL: SHOW COLUMNS FROM `emlog_setting` [ RunTime:0.0080s ]
SQL: SELECT `k`,`v` FROM `emlog_setting`  [ RunTime:0.0000s ]

[ 2017-07-31T09:20:38+08:00 ] 127.0.0.1 /blog/index.php/Admin/Variable/Setting.html
INFO: [ app_init ] --START--
INFO: Run Behavior\BuildLiteBehavior [ RunTime:0.000000s ]
INFO: [ app_init ] --END-- [ RunTime:0.000000s ]
INFO: [ app_begin ] --START--
INFO: Run Behavior\ReadHtmlCacheBehavior [ RunTime:0.000000s ]
INFO: [ app_begin ] --END-- [ RunTime:0.000000s ]
NOTIC: [8192] Call-time pass-by-reference has been deprecated E:\phpStudy\WWW\thinkmyblog\blog\Admin\Controller\VariableController.class.php 第 79 行.
NOTIC: [8] Use of undefined constant username - assumed 'username' E:\phpStudy\WWW\thinkmyblog\blog\Admin\Controller\PublicController.class.php 第 18 行.
SQL: SHOW COLUMNS FROM `emlog_setting` [ RunTime:0.0070s ]
SQL: SELECT `k`,`v` FROM `emlog_setting`  [ RunTime:0.0010s ]
NOTIC: [2048] Declaration of Admin\Model\SettingModel::add() should be compatible with that of Think\Model::add() E:\phpStudy\WWW\thinkmyblog\blog\Admin\Model\SettingModel.class.php 第 126 行.
SQL: SHOW COLUMNS FROM `emlog_setting` [ RunTime:0.0080s ]

[ 2017-07-31T09:21:03+08:00 ] 127.0.0.1 /blog/index.php/Admin/Variable/Setting.html
INFO: [ app_init ] --START--
INFO: Run Behavior\BuildLiteBehavior [ RunTime:0.000000s ]
INFO: [ app_init ] --END-- [ RunTime:0.000000s ]
INFO: [ app_begin ] --START--
INFO: Run Behavior\ReadHtmlCacheBehavior [ RunTime:0.000000s ]
INFO: [ app_begin ] --END-- [ RunTime:0.000000s ]
NOTIC: [8192] Call-time pass-by-reference has been deprecated E:\phpStudy\WWW\thinkmyblog\blog\Admin\Controller\VariableController.class.php 第 79 行.
NOTIC: [8] Use of undefined constant username - assumed 'username' E:\phpStudy\WWW\thinkmyblog\blog\Admin\Controller\PublicController.class.php 第 18 行.
SQL: SHOW COLUMNS FROM `emlog_setting` [ RunTime:0.0060s ]
SQL: SELECT `k`,`v` FROM `emlog_setting`  [ RunTime:0.0000s ]
NOTIC: [2048] Declaration of Admin\Model\SettingModel::add() should be compatible with that of Think\Model::add() E:\phpStudy\WWW\thinkmyblog\blog\Admin\Model\SettingModel.class.php 第 126 行.
SQL: SHOW COLUMNS FROM `emlog_setting` [ RunTime:0.0060s ]
NOTIC: [8] Use of undefined constant setting - assumed 'setting' E:\phpStudy\WWW\thinkmyblog\blog\Admin\Controller\VariableController.class.php 第 79 行.
NOTIC: [8] Undefined variable: key E:\phpStudy\WWW\thinkmyblog\blog\Admin\Model\SettingModel.class.php 第 85 行.
NOTIC: [8] Undefined index:  E:\phpStudy\WWW\thinkmyblog\blog\Admin\Model\SettingModel.class.php 第 85 行.
INFO: [ view_parse ] --START--
INFO: [ template_filter ] --START--
INFO: Run Behavior\ContentReplaceBehavior [ RunTime:0.000000s ]
INFO: [ template_filter ] --END-- [ RunTime:0.000000s ]
INFO: Run Behavior\ParseTemplateBehavior [ RunTime:0.005001s ]
INFO: [ view_parse ] --END-- [ RunTime:0.005001s ]
INFO: [ view_filter ] --START--
INFO: Run Behavior\WriteHtmlCacheBehavior [ RunTime:0.000000s ]
INFO: [ view_filter ] --END-- [ RunTime:0.000000s ]
INFO: [ app_end ] --START--
INFO: Run Behavior\ShowPageTraceBehavior [ RunTime:0.001000s ]
INFO: [ app_end ] --END-- [ RunTime:0.001000s ]

[ 2017-07-31T09:21:04+08:00 ] 127.0.0.1 /blog/index.php/Admin/Variable/Setting.html
INFO: [ app_init ] --START--
INFO: Run Behavior\BuildLiteBehavior [ RunTime:0.000000s ]
INFO: [ app_init ] --END-- [ RunTime:0.001000s ]
INFO: [ app_begin ] --START--
INFO: Run Behavior\ReadHtmlCacheBehavior [ RunTime:0.000000s ]
INFO: [ app_begin ] --END-- [ RunTime:0.001000s ]
NOTIC: [8192] Call-time pass-by-reference has been deprecated E:\phpStudy\WWW\thinkmyblog\blog\Admin\Controller\VariableController.class.php 第 79 行.
NOTIC: [8] Use of undefined constant username - assumed 'username' E:\phpStudy\WWW\thinkmyblog\blog\Admin\Controller\PublicController.class.php 第 18 行.
SQL: SHOW COLUMNS FROM `emlog_setting` [ RunTime:0.0060s ]
SQL: SELECT `k`,`v` FROM `emlog_setting`  [ RunTime:0.0000s ]
INFO: [ view_parse ] --START--
INFO: [ template_filter ] --START--
INFO: Run Behavior\ContentReplaceBehavior [ RunTime:0.000000s ]
INFO: [ template_filter ] --END-- [ RunTime:0.001000s ]
NOTIC: [8] Use of undefined constant sitename - assumed 'sitename' E:\phpStudy\WWW\thinkmyblog\blog\Runtime\Cache\Admin\1c1223b37e2b12947ac22f12c0b3919b.php 第 31 行.
NOTIC: [8] Use of undefined constant username - assumed 'username' E:\phpStudy\WWW\thinkmyblog\blog\Runtime\Cache\Admin\1c1223b37e2b12947ac22f12c0b3919b.php 第 49 行.
INFO: Run Behavior\ParseTemplateBehavior [ RunTime:0.010001s ]
INFO: [ view_parse ] --END-- [ RunTime:0.010001s ]
INFO: [ view_filter ] --START--
INFO: Run Behavior\WriteHtmlCacheBehavior [ RunTime:0.000000s ]
INFO: [ view_filter ] --END-- [ RunTime:0.000000s ]
INFO: [ app_end ] --START--
INFO: Run Behavior\ShowPageTraceBehavior [ RunTime:0.001000s ]
INFO: [ app_end ] --END-- [ RunTime:0.001000s ]

[ 2017-07-31T09:21:16+08:00 ] 127.0.0.1 /blog/index.php/Admin/Variable/Setting.html
INFO: [ app_init ] --START--
INFO: Run Behavior\BuildLiteBehavior [ RunTime:0.000000s ]
INFO: [ app_init ] --END-- [ RunTime:0.000000s ]
INFO: [ app_begin ] --START--
INFO: Run Behavior\ReadHtmlCacheBehavior [ RunTime:0.000000s ]
INFO: [ app_begin ] --END-- [ RunTime:0.000000s ]
NOTIC: [8192] Call-time pass-by-reference has been deprecated E:\phpStudy\WWW\thinkmyblog\blog\Admin\Controller\VariableController.class.php 第 79 行.
NOTIC: [8] Use of undefined constant username - assumed 'username' E:\phpStudy\WWW\thinkmyblog\blog\Admin\Controller\PublicController.class.php 第 18 行.
SQL: SHOW COLUMNS FROM `emlog_setting` [ RunTime:0.0080s ]
SQL: SELECT `k`,`v` FROM `emlog_setting`  [ RunTime:0.0010s ]
NOTIC: [2048] Declaration of Admin\Model\SettingModel::add() should be compatible with that of Think\Model::add() E:\phpStudy\WWW\thinkmyblog\blog\Admin\Model\SettingModel.class.php 第 126 行.
SQL: SHOW COLUMNS FROM `emlog_setting` [ RunTime:0.0080s ]
NOTIC: [8] Use of undefined constant setting - assumed 'setting' E:\phpStudy\WWW\thinkmyblog\blog\Admin\Controller\VariableController.class.php 第 79 行.
NOTIC: [8] Undefined variable: key E:\phpStudy\WWW\thinkmyblog\blog\Admin\Model\SettingModel.class.php 第 85 行.
NOTIC: [8] Undefined index:  E:\phpStudy\WWW\thinkmyblog\blog\Admin\Model\SettingModel.class.php 第 85 行.
INFO: [ view_parse ] --START--
INFO: [ template_filter ] --START--
INFO: Run Behavior\ContentReplaceBehavior [ RunTime:0.000000s ]
INFO: [ template_filter ] --END-- [ RunTime:0.000000s ]
INFO: Run Behavior\ParseTemplateBehavior [ RunTime:0.005000s ]
INFO: [ view_parse ] --END-- [ RunTime:0.005000s ]
INFO: [ view_filter ] --START--
INFO: Run Behavior\WriteHtmlCacheBehavior [ RunTime:0.000000s ]
INFO: [ view_filter ] --END-- [ RunTime:0.000000s ]
INFO: [ app_end ] --START--
INFO: Run Behavior\ShowPageTraceBehavior [ RunTime:0.000000s ]
INFO: [ app_end ] --END-- [ RunTime:0.000000s ]

[ 2017-07-31T09:21:17+08:00 ] 127.0.0.1 /blog/index.php/Admin/Variable/Setting.html
INFO: [ app_init ] --START--
INFO: Run Behavior\BuildLiteBehavior [ RunTime:0.000000s ]
INFO: [ app_init ] --END-- [ RunTime:0.000000s ]
INFO: [ app_begin ] --START--
INFO: Run Behavior\ReadHtmlCacheBehavior [ RunTime:0.000000s ]
INFO: [ app_begin ] --END-- [ RunTime:0.000000s ]
NOTIC: [8192] Call-time pass-by-reference has been deprecated E:\phpStudy\WWW\thinkmyblog\blog\Admin\Controller\VariableController.class.php 第 79 行.
NOTIC: [8] Use of undefined constant username - assumed 'username' E:\phpStudy\WWW\thinkmyblog\blog\Admin\Controller\PublicController.class.php 第 18 行.
SQL: SHOW COLUMNS FROM `emlog_setting` [ RunTime:0.0070s ]
SQL: SELECT `k`,`v` FROM `emlog_setting`  [ RunTime:0.0000s ]
INFO: [ view_parse ] --START--
INFO: [ template_filter ] --START--
INFO: Run Behavior\ContentReplaceBehavior [ RunTime:0.000000s ]
INFO: [ template_filter ] --END-- [ RunTime:0.000000s ]
NOTIC: [8] Use of undefined constant sitename - assumed 'sitename' E:\phpStudy\WWW\thinkmyblog\blog\Runtime\Cache\Admin\1c1223b37e2b12947ac22f12c0b3919b.php 第 31 行.
NOTIC: [8] Use of undefined constant username - assumed 'username' E:\phpStudy\WWW\thinkmyblog\blog\Runtime\Cache\Admin\1c1223b37e2b12947ac22f12c0b3919b.php 第 49 行.
INFO: Run Behavior\ParseTemplateBehavior [ RunTime:0.007000s ]
INFO: [ view_parse ] --END-- [ RunTime:0.007000s ]
INFO: [ view_filter ] --START--
INFO: Run Behavior\WriteHtmlCacheBehavior [ RunTime:0.000000s ]
INFO: [ view_filter ] --END-- [ RunTime:0.000000s ]
INFO: [ app_end ] --START--
INFO: Run Behavior\ShowPageTraceBehavior [ RunTime:0.001000s ]
INFO: [ app_end ] --END-- [ RunTime:0.001000s ]

[ 2017-07-31T09:21:24+08:00 ] 127.0.0.1 /blog/index.php/Admin/Variable/Setting.html
INFO: [ app_init ] --START--
INFO: Run Behavior\BuildLiteBehavior [ RunTime:0.000000s ]
INFO: [ app_init ] --END-- [ RunTime:0.001000s ]
INFO: [ app_begin ] --START--
INFO: Run Behavior\ReadHtmlCacheBehavior [ RunTime:0.000000s ]
INFO: [ app_begin ] --END-- [ RunTime:0.000000s ]
NOTIC: [8192] Call-time pass-by-reference has been deprecated E:\phpStudy\WWW\thinkmyblog\blog\Admin\Controller\VariableController.class.php 第 79 行.
NOTIC: [8] Use of undefined constant username - assumed 'username' E:\phpStudy\WWW\thinkmyblog\blog\Admin\Controller\PublicController.class.php 第 18 行.
SQL: SHOW COLUMNS FROM `emlog_setting` [ RunTime:0.0070s ]
SQL: SELECT `k`,`v` FROM `emlog_setting`  [ RunTime:0.0000s ]
NOTIC: [2048] Declaration of Admin\Model\SettingModel::add() should be compatible with that of Think\Model::add() E:\phpStudy\WWW\thinkmyblog\blog\Admin\Model\SettingModel.class.php 第 126 行.
SQL: SHOW COLUMNS FROM `emlog_setting` [ RunTime:0.0070s ]
NOTIC: [8] Use of undefined constant setting - assumed 'setting' E:\phpStudy\WWW\thinkmyblog\blog\Admin\Controller\VariableController.class.php 第 79 行.
NOTIC: [8] Undefined variable: key E:\phpStudy\WWW\thinkmyblog\blog\Admin\Model\SettingModel.class.php 第 85 行.
NOTIC: [8] Undefined index:  E:\phpStudy\WWW\thinkmyblog\blog\Admin\Model\SettingModel.class.php 第 85 行.
INFO: [ view_parse ] --START--
INFO: [ template_filter ] --START--
INFO: Run Behavior\ContentReplaceBehavior [ RunTime:0.000000s ]
INFO: [ template_filter ] --END-- [ RunTime:0.001000s ]
INFO: Run Behavior\ParseTemplateBehavior [ RunTime:0.004000s ]
INFO: [ view_parse ] --END-- [ RunTime:0.004000s ]
INFO: [ view_filter ] --START--
INFO: Run Behavior\WriteHtmlCacheBehavior [ RunTime:0.000000s ]
INFO: [ view_filter ] --END-- [ RunTime:0.000000s ]
INFO: [ app_end ] --START--
INFO: Run Behavior\ShowPageTraceBehavior [ RunTime:0.001000s ]
INFO: [ app_end ] --END-- [ RunTime:0.001000s ]

[ 2017-07-31T09:21:25+08:00 ] 127.0.0.1 /blog/index.php/Admin/Variable/Setting.html
INFO: [ app_init ] --START--
INFO: Run Behavior\BuildLiteBehavior [ RunTime:0.000000s ]
INFO: [ app_init ] --END-- [ RunTime:0.000000s ]
INFO: [ app_begin ] --START--
INFO: Run Behavior\ReadHtmlCacheBehavior [ RunTime:0.000000s ]
INFO: [ app_begin ] --END-- [ RunTime:0.000000s ]
NOTIC: [8192] Call-time pass-by-reference has been deprecated E:\phpStudy\WWW\thinkmyblog\blog\Admin\Controller\VariableController.class.php 第 79 行.
NOTIC: [8] Use of undefined constant username - assumed 'username' E:\phpStudy\WWW\thinkmyblog\blog\Admin\Controller\PublicController.class.php 第 18 行.
SQL: SHOW COLUMNS FROM `emlog_setting` [ RunTime:0.0060s ]
SQL: SELECT `k`,`v` FROM `emlog_setting`  [ RunTime:0.0000s ]
INFO: [ view_parse ] --START--
INFO: [ template_filter ] --START--
INFO: Run Behavior\ContentReplaceBehavior [ RunTime:0.000000s ]
INFO: [ template_filter ] --END-- [ RunTime:0.000000s ]
NOTIC: [8] Use of undefined constant sitename - assumed 'sitename' E:\phpStudy\WWW\thinkmyblog\blog\Runtime\Cache\Admin\1c1223b37e2b12947ac22f12c0b3919b.php 第 31 行.
NOTIC: [8] Use of undefined constant username - assumed 'username' E:\phpStudy\WWW\thinkmyblog\blog\Runtime\Cache\Admin\1c1223b37e2b12947ac22f12c0b3919b.php 第 49 行.
INFO: Run Behavior\ParseTemplateBehavior [ RunTime:0.008001s ]
INFO: [ view_parse ] --END-- [ RunTime:0.008001s ]
INFO: [ view_filter ] --START--
INFO: Run Behavior\WriteHtmlCacheBehavior [ RunTime:0.001000s ]
INFO: [ view_filter ] --END-- [ RunTime:0.001000s ]
INFO: [ app_end ] --START--
INFO: Run Behavior\ShowPageTraceBehavior [ RunTime:0.000000s ]
INFO: [ app_end ] --END-- [ RunTime:0.000000s ]

[ 2017-07-31T11:25:09+08:00 ] 127.0.0.1 /blog/index.php/Admin/Variable/Setting.html
INFO: [ app_init ] --START--
INFO: Run Behavior\BuildLiteBehavior [ RunTime:0.000000s ]
INFO: [ app_init ] --END-- [ RunTime:0.000000s ]
INFO: [ app_begin ] --START--
INFO: Run Behavior\ReadHtmlCacheBehavior [ RunTime:0.001000s ]
INFO: [ app_begin ] --END-- [ RunTime:0.001000s ]
NOTIC: [8] Use of undefined constant username - assumed 'username' E:\phpStudy\WWW\thinkmyblog\blog\Admin\Controller\PublicController.class.php 第 18 行.
SQL: SHOW COLUMNS FROM `emlog_setting` [ RunTime:0.0040s ]
SQL: SELECT `k`,`v` FROM `emlog_setting`  [ RunTime:0.0010s ]
INFO: [ view_parse ] --START--
INFO: [ template_filter ] --START--
INFO: Run Behavior\ContentReplaceBehavior [ RunTime:0.000000s ]
INFO: [ template_filter ] --END-- [ RunTime:0.000000s ]
NOTIC: [8] Use of undefined constant sitename - assumed 'sitename' E:\phpStudy\WWW\thinkmyblog\blog\Runtime\Cache\Admin\1c1223b37e2b12947ac22f12c0b3919b.php 第 31 行.
NOTIC: [8] Use of undefined constant username - assumed 'username' E:\phpStudy\WWW\thinkmyblog\blog\Runtime\Cache\Admin\1c1223b37e2b12947ac22f12c0b3919b.php 第 49 行.
INFO: Run Behavior\ParseTemplateBehavior [ RunTime:0.015001s ]
INFO: [ view_parse ] --END-- [ RunTime:0.016001s ]
INFO: [ view_filter ] --START--
INFO: Run Behavior\WriteHtmlCacheBehavior [ RunTime:0.000000s ]
INFO: [ view_filter ] --END-- [ RunTime:0.000000s ]
INFO: [ app_end ] --START--
INFO: Run Behavior\ShowPageTraceBehavior [ RunTime:0.001000s ]
INFO: [ app_end ] --END-- [ RunTime:0.001000s ]

[ 2017-07-31T11:25:14+08:00 ] 127.0.0.1 /blog/index.php/Admin/Variable/Setting.html
INFO: [ app_init ] --START--
INFO: Run Behavior\BuildLiteBehavior [ RunTime:0.000000s ]
INFO: [ app_init ] --END-- [ RunTime:0.001000s ]
INFO: [ app_begin ] --START--
INFO: Run Behavior\ReadHtmlCacheBehavior [ RunTime:0.000000s ]
INFO: [ app_begin ] --END-- [ RunTime:0.001000s ]
NOTIC: [8] Use of undefined constant username - assumed 'username' E:\phpStudy\WWW\thinkmyblog\blog\Admin\Controller\PublicController.class.php 第 18 行.
SQL: SHOW COLUMNS FROM `emlog_setting` [ RunTime:0.0080s ]
SQL: SELECT `k`,`v` FROM `emlog_setting`  [ RunTime:0.0010s ]
NOTIC: [2048] Declaration of Admin\Model\SettingModel::add() should be compatible with that of Think\Model::add() E:\phpStudy\WWW\thinkmyblog\blog\Admin\Model\SettingModel.class.php 第 123 行.
SQL: SHOW COLUMNS FROM `emlog_setting` [ RunTime:0.0080s ]
SQL: UPDATE `emlog_setting` SET `v`='前端开发者发发发',`k`='sitename' WHERE ( k='sitename' ) [ RunTime:0.0010s ]
SQL: UPDATE `emlog_setting` SET `v`='PHP开发者',`k`='title' WHERE ( k='title' ) [ RunTime:0.0000s ]
SQL: UPDATE `emlog_setting` SET `v`='PHP,Jquery,CSS开发学习',`k`='keywords' WHERE ( k='keywords' ) [ RunTime:0.0000s ]
SQL: UPDATE `emlog_setting` SET `v`='网站描述发达地方fafdfadf',`k`='description' WHERE ( k='description' ) [ RunTime:0.0010s ]
SQL: UPDATE `emlog_setting` SET `v`='2016©coffee发放',`k`='footer' WHERE ( k='footer' ) [ RunTime:0.0000s ]
SQL: UPDATE `emlog_setting` SET `v`='测试f',`k`='test' WHERE ( k='test' ) [ RunTime:0.0000s ]
INFO: [ view_parse ] --START--
INFO: [ template_filter ] --START--
INFO: Run Behavior\ContentReplaceBehavior [ RunTime:0.000000s ]
INFO: [ template_filter ] --END-- [ RunTime:0.000000s ]
INFO: Run Behavior\ParseTemplateBehavior [ RunTime:0.005000s ]
INFO: [ view_parse ] --END-- [ RunTime:0.005000s ]
INFO: [ view_filter ] --START--
INFO: Run Behavior\WriteHtmlCacheBehavior [ RunTime:0.000000s ]
INFO: [ view_filter ] --END-- [ RunTime:0.000000s ]
INFO: [ app_end ] --START--
INFO: Run Behavior\ShowPageTraceBehavior [ RunTime:0.001000s ]
INFO: [ app_end ] --END-- [ RunTime:0.001000s ]

[ 2017-07-31T11:25:15+08:00 ] 127.0.0.1 /blog/index.php/Admin/Variable/Setting.html
INFO: [ app_init ] --START--
INFO: Run Behavior\BuildLiteBehavior [ RunTime:0.000000s ]
INFO: [ app_init ] --END-- [ RunTime:0.001000s ]
INFO: [ app_begin ] --START--
INFO: Run Behavior\ReadHtmlCacheBehavior [ RunTime:0.000000s ]
INFO: [ app_begin ] --END-- [ RunTime:0.000000s ]
NOTIC: [8] Use of undefined constant username - assumed 'username' E:\phpStudy\WWW\thinkmyblog\blog\Admin\Controller\PublicController.class.php 第 18 行.
SQL: SHOW COLUMNS FROM `emlog_setting` [ RunTime:0.0080s ]
SQL: SELECT `k`,`v` FROM `emlog_setting`  [ RunTime:0.0010s ]
INFO: [ view_parse ] --START--
INFO: [ template_filter ] --START--
INFO: Run Behavior\ContentReplaceBehavior [ RunTime:0.000000s ]
INFO: [ template_filter ] --END-- [ RunTime:0.000000s ]
NOTIC: [8] Use of undefined constant sitename - assumed 'sitename' E:\phpStudy\WWW\thinkmyblog\blog\Runtime\Cache\Admin\1c1223b37e2b12947ac22f12c0b3919b.php 第 31 行.
NOTIC: [8] Use of undefined constant username - assumed 'username' E:\phpStudy\WWW\thinkmyblog\blog\Runtime\Cache\Admin\1c1223b37e2b12947ac22f12c0b3919b.php 第 49 行.
INFO: Run Behavior\ParseTemplateBehavior [ RunTime:0.008000s ]
INFO: [ view_parse ] --END-- [ RunTime:0.008000s ]
INFO: [ view_filter ] --START--
INFO: Run Behavior\WriteHtmlCacheBehavior [ RunTime:0.000000s ]
INFO: [ view_filter ] --END-- [ RunTime:0.000000s ]
INFO: [ app_end ] --START--
INFO: Run Behavior\ShowPageTraceBehavior [ RunTime:0.000000s ]
INFO: [ app_end ] --END-- [ RunTime:0.000000s ]

[ 2017-07-31T11:25:21+08:00 ] 127.0.0.1 /blog/index.php/Admin/Variable/Setting.html
INFO: [ app_init ] --START--
INFO: Run Behavior\BuildLiteBehavior [ RunTime:0.000000s ]
INFO: [ app_init ] --END-- [ RunTime:0.000000s ]
INFO: [ app_begin ] --START--
INFO: Run Behavior\ReadHtmlCacheBehavior [ RunTime:0.000000s ]
INFO: [ app_begin ] --END-- [ RunTime:0.000000s ]
NOTIC: [8] Use of undefined constant username - assumed 'username' E:\phpStudy\WWW\thinkmyblog\blog\Admin\Controller\PublicController.class.php 第 18 行.
SQL: SHOW COLUMNS FROM `emlog_setting` [ RunTime:0.0070s ]
SQL: SELECT `k`,`v` FROM `emlog_setting`  [ RunTime:0.0000s ]
INFO: [ view_parse ] --START--
INFO: [ template_filter ] --START--
INFO: Run Behavior\ContentReplaceBehavior [ RunTime:0.000000s ]
INFO: [ template_filter ] --END-- [ RunTime:0.000000s ]
NOTIC: [8] Use of undefined constant sitename - assumed 'sitename' E:\phpStudy\WWW\thinkmyblog\blog\Runtime\Cache\Admin\1c1223b37e2b12947ac22f12c0b3919b.php 第 31 行.
NOTIC: [8] Use of undefined constant username - assumed 'username' E:\phpStudy\WWW\thinkmyblog\blog\Runtime\Cache\Admin\1c1223b37e2b12947ac22f12c0b3919b.php 第 49 行.
INFO: Run Behavior\ParseTemplateBehavior [ RunTime:0.007000s ]
INFO: [ view_parse ] --END-- [ RunTime:0.007000s ]
INFO: [ view_filter ] --START--
INFO: Run Behavior\WriteHtmlCacheBehavior [ RunTime:0.001000s ]
INFO: [ view_filter ] --END-- [ RunTime:0.001000s ]
INFO: [ app_end ] --START--
INFO: Run Behavior\ShowPageTraceBehavior [ RunTime:0.000000s ]
INFO: [ app_end ] --END-- [ RunTime:0.000000s ]

[ 2017-07-31T13:34:57+08:00 ] 127.0.0.1 /blog/index.php/Admin/Variable/Setting.html
INFO: [ app_init ] --START--
INFO: Run Behavior\BuildLiteBehavior [ RunTime:0.000000s ]
INFO: [ app_init ] --END-- [ RunTime:0.001000s ]
INFO: [ app_begin ] --START--
INFO: Run Behavior\ReadHtmlCacheBehavior [ RunTime:0.000000s ]
INFO: [ app_begin ] --END-- [ RunTime:0.001000s ]
NOTIC: [8] Use of undefined constant username - assumed 'username' E:\phpStudy\WWW\thinkmyblog\blog\Admin\Controller\PublicController.class.php 第 18 行.
SQL: SHOW COLUMNS FROM `emlog_setting` [ RunTime:0.0050s ]
SQL: SELECT `k`,`v` FROM `emlog_setting`  [ RunTime:0.0000s ]
INFO: [ view_parse ] --START--
INFO: [ template_filter ] --START--
INFO: Run Behavior\ContentReplaceBehavior [ RunTime:0.000000s ]
INFO: [ template_filter ] --END-- [ RunTime:0.000000s ]
NOTIC: [8] Use of undefined constant sitename - assumed 'sitename' E:\phpStudy\WWW\thinkmyblog\blog\Runtime\Cache\Admin\1c1223b37e2b12947ac22f12c0b3919b.php 第 31 行.
NOTIC: [8] Use of undefined constant username - assumed 'username' E:\phpStudy\WWW\thinkmyblog\blog\Runtime\Cache\Admin\1c1223b37e2b12947ac22f12c0b3919b.php 第 49 行.
INFO: Run Behavior\ParseTemplateBehavior [ RunTime:0.009000s ]
INFO: [ view_parse ] --END-- [ RunTime:0.009000s ]
INFO: [ view_filter ] --START--
INFO: Run Behavior\WriteHtmlCacheBehavior [ RunTime:0.000000s ]
INFO: [ view_filter ] --END-- [ RunTime:0.000000s ]
INFO: [ app_end ] --START--
INFO: Run Behavior\ShowPageTraceBehavior [ RunTime:0.001000s ]
INFO: [ app_end ] --END-- [ RunTime:0.001000s ]

[ 2017-07-31T13:38:20+08:00 ] 127.0.0.1 /blog/index.php/Admin/Variable/index.html
INFO: [ app_init ] --START--
INFO: Run Behavior\BuildLiteBehavior [ RunTime:0.000000s ]
INFO: [ app_init ] --END-- [ RunTime:0.001000s ]
INFO: [ app_begin ] --START--
INFO: Run Behavior\ReadHtmlCacheBehavior [ RunTime:0.000000s ]
INFO: [ app_begin ] --END-- [ RunTime:0.000000s ]
NOTIC: [8] Use of undefined constant username - assumed 'username' E:\phpStudy\WWW\thinkmyblog\blog\Admin\Controller\PublicController.class.php 第 18 行.
SQL: SHOW COLUMNS FROM `emlog_setting` [ RunTime:0.0030s ]
SQL: SELECT `k`,`v` FROM `emlog_setting`  [ RunTime:0.0000s ]
NOTIC: [2048] Declaration of Admin\Model\SettingModel::add() should be compatible with that of Think\Model::add() E:\phpStudy\WWW\thinkmyblog\blog\Admin\Model\SettingModel.class.php 第 123 行.
SQL: SHOW COLUMNS FROM `emlog_setting` [ RunTime:0.0030s ]
SQL: SELECT * FROM `emlog_setting` WHERE ( type = 1 ) ORDER BY id desc  [ RunTime:0.0000s ]
INFO: [ view_parse ] --START--
INFO: [ template_filter ] --START--
INFO: Run Behavior\ContentReplaceBehavior [ RunTime:0.000000s ]
INFO: [ template_filter ] --END-- [ RunTime:0.000000s ]
NOTIC: [8] Use of undefined constant sitename - assumed 'sitename' E:\phpStudy\WWW\thinkmyblog\blog\Runtime\Cache\Admin\cfb0c71b5c04feede9d3bf3961a0b9cb.php 第 31 行.
NOTIC: [8] Use of undefined constant username - assumed 'username' E:\phpStudy\WWW\thinkmyblog\blog\Runtime\Cache\Admin\cfb0c71b5c04feede9d3bf3961a0b9cb.php 第 49 行.
INFO: Run Behavior\ParseTemplateBehavior [ RunTime:0.009001s ]
INFO: [ view_parse ] --END-- [ RunTime:0.009001s ]
INFO: [ view_filter ] --START--
INFO: Run Behavior\WriteHtmlCacheBehavior [ RunTime:0.001000s ]
INFO: [ view_filter ] --END-- [ RunTime:0.001000s ]
INFO: [ app_end ] --START--
INFO: Run Behavior\ShowPageTraceBehavior [ RunTime:0.000000s ]
INFO: [ app_end ] --END-- [ RunTime:0.000000s ]

