[ 2017-09-01T10:03:12+08:00 ] 127.0.0.1 /blog/index.php/Admin/User/Index.html
INFO: [ app_init ] --START--
INFO: Run Behavior\BuildLiteBehavior [ RunTime:0.000000s ]
INFO: [ app_init ] --END-- [ RunTime:0.001000s ]
INFO: [ app_begin ] --START--
INFO: Run Behavior\ReadHtmlCacheBehavior [ RunTime:0.001000s ]
INFO: [ app_begin ] --END-- [ RunTime:0.001000s ]
NOTIC: [8] Use of undefined constant username - assumed 'username' E:\phpStudy\WWW\thinkmyblog\blog\Admin\Controller\PublicController.class.php 第 20 行.
NOTIC: [8] Use of undefined constant roleid - assumed 'roleid' E:\phpStudy\WWW\thinkmyblog\blog\Admin\Controller\PublicController.class.php 第 23 行.
NOTIC: [2048] Declaration of Admin\Model\AnaviModel::add() should be compatible with that of Think\Model::add() E:\phpStudy\WWW\thinkmyblog\blog\Admin\Model\AnaviModel.class.php 第 15 行.
SQL: SHOW COLUMNS FROM `emlog_anavi` [ RunTime:0.0030s ]
SQL: SELECT `id` FROM `emlog_anavi`  [ RunTime:0.0000s ]
SQL: SELECT `id` FROM `emlog_anavi` WHERE ( url ='user/index' )  [ RunTime:0.0000s ]
SQL: SHOW COLUMNS FROM `emlog_setting` [ RunTime:0.0030s ]
SQL: SELECT `k`,`v` FROM `emlog_setting`  [ RunTime:0.0000s ]
SQL: SELECT `id`,`naviname`,`url`,`pid`,`ico` FROM `emlog_anavi` WHERE ( pid = 0 ) AND `id` IN ('43','44','45','46','51','53','54','55','56','57','58','59')  [ RunTime:0.0010s ]
SQL: SELECT `id`,`naviname`,`url`,`pid`,`ico` FROM `emlog_anavi` WHERE ( pid <> 0 ) AND `id` IN ('43','44','45','46','51','53','54','55','56','57','58','59')  [ RunTime:0.0000s ]
NOTIC: [2048] Declaration of Admin\Model\UserModel::add() should be compatible with that of Think\Model::add() E:\phpStudy\WWW\thinkmyblog\blog\Admin\Model\UserModel.class.php 第 87 行.
SQL: SHOW COLUMNS FROM `emlog_user` [ RunTime:0.0030s ]
SQL: SHOW COLUMNS FROM `emlog_user` [ RunTime:0.0040s ]
SQL: SELECT user.uid,user.roleid,user.username,user.email,usergroup.groupname FROM `emlog_user` `user`,`emlog_usergroup` `usergroup` WHERE ( user.roleid= usergroup.id )  [ RunTime:0.0010s ]
NOTIC: [8] Undefined variable: info E:\phpStudy\WWW\thinkmyblog\blog\Admin\Model\UserModel.class.php 第 46 行.
SQL: SELECT `id` FROM `emlog_anavi`  [ RunTime:0.0000s ]
INFO: [ view_parse ] --START--
INFO: [ template_filter ] --START--
INFO: Run Behavior\ContentReplaceBehavior [ RunTime:0.000000s ]
INFO: [ template_filter ] --END-- [ RunTime:0.000000s ]
NOTIC: [8] Use of undefined constant sitename - assumed 'sitename' E:\phpStudy\WWW\thinkmyblog\blog\Runtime\Cache\Admin\371263edb025c8be4ce2c853fdc617a6.php 第 31 行.
NOTIC: [8] Use of undefined constant username - assumed 'username' E:\phpStudy\WWW\thinkmyblog\blog\Runtime\Cache\Admin\371263edb025c8be4ce2c853fdc617a6.php 第 49 行.
NOTIC: [8] Undefined index: k E:\phpStudy\WWW\thinkmyblog\blog\Runtime\Cache\Admin\371263edb025c8be4ce2c853fdc617a6.php 第 108 行.
NOTIC: [8] Undefined index: k E:\phpStudy\WWW\thinkmyblog\blog\Runtime\Cache\Admin\371263edb025c8be4ce2c853fdc617a6.php 第 108 行.
NOTIC: [8] Undefined index: k E:\phpStudy\WWW\thinkmyblog\blog\Runtime\Cache\Admin\371263edb025c8be4ce2c853fdc617a6.php 第 108 行.
NOTIC: [8] Undefined index: k E:\phpStudy\WWW\thinkmyblog\blog\Runtime\Cache\Admin\371263edb025c8be4ce2c853fdc617a6.php 第 108 行.
NOTIC: [8] Undefined index: k E:\phpStudy\WWW\thinkmyblog\blog\Runtime\Cache\Admin\371263edb025c8be4ce2c853fdc617a6.php 第 108 行.
NOTIC: [8] Undefined index: k E:\phpStudy\WWW\thinkmyblog\blog\Runtime\Cache\Admin\371263edb025c8be4ce2c853fdc617a6.php 第 108 行.
NOTIC: [8] Undefined index: k E:\phpStudy\WWW\thinkmyblog\blog\Runtime\Cache\Admin\371263edb025c8be4ce2c853fdc617a6.php 第 108 行.
NOTIC: [8] Undefined index: k E:\phpStudy\WWW\thinkmyblog\blog\Runtime\Cache\Admin\371263edb025c8be4ce2c853fdc617a6.php 第 108 行.
NOTIC: [8] Undefined index: k E:\phpStudy\WWW\thinkmyblog\blog\Runtime\Cache\Admin\371263edb025c8be4ce2c853fdc617a6.php 第 108 行.
NOTIC: [8] Undefined index: k E:\phpStudy\WWW\thinkmyblog\blog\Runtime\Cache\Admin\371263edb025c8be4ce2c853fdc617a6.php 第 108 行.
NOTIC: [8] Undefined index: k E:\phpStudy\WWW\thinkmyblog\blog\Runtime\Cache\Admin\371263edb025c8be4ce2c853fdc617a6.php 第 108 行.
NOTIC: [8] Undefined index: k E:\phpStudy\WWW\thinkmyblog\blog\Runtime\Cache\Admin\371263edb025c8be4ce2c853fdc617a6.php 第 108 行.
INFO: Run Behavior\ParseTemplateBehavior [ RunTime:0.017001s ]
INFO: [ view_parse ] --END-- [ RunTime:0.017001s ]
INFO: [ view_filter ] --START--
INFO: Run Behavior\WriteHtmlCacheBehavior [ RunTime:0.000000s ]
INFO: [ view_filter ] --END-- [ RunTime:0.000000s ]
INFO: [ app_end ] --START--
INFO: Run Behavior\ShowPageTraceBehavior [ RunTime:0.001000s ]
INFO: [ app_end ] --END-- [ RunTime:0.001000s ]

[ 2017-09-01T10:10:12+08:00 ] 127.0.0.1 /blog/index.php/Admin/User/Index.html
INFO: [ app_init ] --START--
INFO: Run Behavior\BuildLiteBehavior [ RunTime:0.000000s ]
INFO: [ app_init ] --END-- [ RunTime:0.000000s ]
INFO: [ app_begin ] --START--
INFO: Run Behavior\ReadHtmlCacheBehavior [ RunTime:0.001000s ]
INFO: [ app_begin ] --END-- [ RunTime:0.001000s ]
NOTIC: [8] Use of undefined constant username - assumed 'username' E:\phpStudy\WWW\thinkmyblog\blog\Admin\Controller\PublicController.class.php 第 20 行.
NOTIC: [8] Use of undefined constant roleid - assumed 'roleid' E:\phpStudy\WWW\thinkmyblog\blog\Admin\Controller\PublicController.class.php 第 23 行.
NOTIC: [2048] Declaration of Admin\Model\AnaviModel::add() should be compatible with that of Think\Model::add() E:\phpStudy\WWW\thinkmyblog\blog\Admin\Model\AnaviModel.class.php 第 15 行.
SQL: SHOW COLUMNS FROM `emlog_anavi` [ RunTime:0.0020s ]
SQL: SELECT `id` FROM `emlog_anavi`  [ RunTime:0.0000s ]
SQL: SELECT `id` FROM `emlog_anavi` WHERE ( url ='user/index' )  [ RunTime:0.0000s ]
SQL: SHOW COLUMNS FROM `emlog_setting` [ RunTime:0.0030s ]
SQL: SELECT `k`,`v` FROM `emlog_setting`  [ RunTime:0.0010s ]
SQL: SELECT `id`,`naviname`,`url`,`pid`,`ico` FROM `emlog_anavi` WHERE ( pid = 0 ) AND `id` IN ('43','44','45','46','51','53','54','55','56','57','58','59')  [ RunTime:0.0010s ]
SQL: SELECT `id`,`naviname`,`url`,`pid`,`ico` FROM `emlog_anavi` WHERE ( pid <> 0 ) AND `id` IN ('43','44','45','46','51','53','54','55','56','57','58','59')  [ RunTime:0.0000s ]
NOTIC: [2048] Declaration of Admin\Model\UserModel::add() should be compatible with that of Think\Model::add() E:\phpStudy\WWW\thinkmyblog\blog\Admin\Model\UserModel.class.php 第 87 行.
SQL: SHOW COLUMNS FROM `emlog_user` [ RunTime:0.0030s ]
SQL: SHOW COLUMNS FROM `emlog_user` [ RunTime:0.0040s ]
SQL: SELECT user.uid,user.roleid,user.username,user.email,usergroup.groupname FROM `emlog_user` `user`,`emlog_usergroup` `usergroup` WHERE ( user.roleid= usergroup.id )  [ RunTime:0.0000s ]
NOTIC: [8] Undefined variable: info E:\phpStudy\WWW\thinkmyblog\blog\Admin\Model\UserModel.class.php 第 46 行.
SQL: SELECT `id` FROM `emlog_anavi`  [ RunTime:0.0000s ]
INFO: [ view_parse ] --START--
INFO: [ template_filter ] --START--
INFO: Run Behavior\ContentReplaceBehavior [ RunTime:0.000000s ]
INFO: [ template_filter ] --END-- [ RunTime:0.000000s ]
NOTIC: [8] Use of undefined constant sitename - assumed 'sitename' E:\phpStudy\WWW\thinkmyblog\blog\Runtime\Cache\Admin\371263edb025c8be4ce2c853fdc617a6.php 第 31 行.
NOTIC: [8] Use of undefined constant username - assumed 'username' E:\phpStudy\WWW\thinkmyblog\blog\Runtime\Cache\Admin\371263edb025c8be4ce2c853fdc617a6.php 第 49 行.
NOTIC: [8] Undefined index: k E:\phpStudy\WWW\thinkmyblog\blog\Runtime\Cache\Admin\371263edb025c8be4ce2c853fdc617a6.php 第 108 行.
NOTIC: [8] Undefined index: k E:\phpStudy\WWW\thinkmyblog\blog\Runtime\Cache\Admin\371263edb025c8be4ce2c853fdc617a6.php 第 108 行.
NOTIC: [8] Undefined index: k E:\phpStudy\WWW\thinkmyblog\blog\Runtime\Cache\Admin\371263edb025c8be4ce2c853fdc617a6.php 第 108 行.
NOTIC: [8] Undefined index: k E:\phpStudy\WWW\thinkmyblog\blog\Runtime\Cache\Admin\371263edb025c8be4ce2c853fdc617a6.php 第 108 行.
NOTIC: [8] Undefined index: k E:\phpStudy\WWW\thinkmyblog\blog\Runtime\Cache\Admin\371263edb025c8be4ce2c853fdc617a6.php 第 108 行.
NOTIC: [8] Undefined index: k E:\phpStudy\WWW\thinkmyblog\blog\Runtime\Cache\Admin\371263edb025c8be4ce2c853fdc617a6.php 第 108 行.
NOTIC: [8] Undefined index: k E:\phpStudy\WWW\thinkmyblog\blog\Runtime\Cache\Admin\371263edb025c8be4ce2c853fdc617a6.php 第 108 行.
NOTIC: [8] Undefined index: k E:\phpStudy\WWW\thinkmyblog\blog\Runtime\Cache\Admin\371263edb025c8be4ce2c853fdc617a6.php 第 108 行.
NOTIC: [8] Undefined index: k E:\phpStudy\WWW\thinkmyblog\blog\Runtime\Cache\Admin\371263edb025c8be4ce2c853fdc617a6.php 第 108 行.
NOTIC: [8] Undefined index: k E:\phpStudy\WWW\thinkmyblog\blog\Runtime\Cache\Admin\371263edb025c8be4ce2c853fdc617a6.php 第 108 行.
NOTIC: [8] Undefined index: k E:\phpStudy\WWW\thinkmyblog\blog\Runtime\Cache\Admin\371263edb025c8be4ce2c853fdc617a6.php 第 108 行.
NOTIC: [8] Undefined index: k E:\phpStudy\WWW\thinkmyblog\blog\Runtime\Cache\Admin\371263edb025c8be4ce2c853fdc617a6.php 第 108 行.
INFO: Run Behavior\ParseTemplateBehavior [ RunTime:0.017001s ]
INFO: [ view_parse ] --END-- [ RunTime:0.017001s ]
INFO: [ view_filter ] --START--
INFO: Run Behavior\WriteHtmlCacheBehavior [ RunTime:0.000000s ]
INFO: [ view_filter ] --END-- [ RunTime:0.001000s ]
INFO: [ app_end ] --START--
INFO: Run Behavior\ShowPageTraceBehavior [ RunTime:0.000000s ]
INFO: [ app_end ] --END-- [ RunTime:0.000000s ]

[ 2017-09-01T10:13:08+08:00 ] 127.0.0.1 /blog/index.php/Admin/Login/index.html
INFO: [ app_init ] --START--
INFO: Run Behavior\BuildLiteBehavior [ RunTime:0.000000s ]
INFO: [ app_init ] --END-- [ RunTime:0.000000s ]
INFO: [ app_begin ] --START--
INFO: Run Behavior\ReadHtmlCacheBehavior [ RunTime:0.001000s ]
INFO: [ app_begin ] --END-- [ RunTime:0.001000s ]
INFO: [ view_parse ] --START--
INFO: [ template_filter ] --START--
INFO: Run Behavior\ContentReplaceBehavior [ RunTime:0.000000s ]
INFO: [ template_filter ] --END-- [ RunTime:0.000000s ]
INFO: Run Behavior\ParseTemplateBehavior [ RunTime:0.005000s ]
INFO: [ view_parse ] --END-- [ RunTime:0.005000s ]
INFO: [ view_filter ] --START--
INFO: Run Behavior\WriteHtmlCacheBehavior [ RunTime:0.000000s ]
INFO: [ view_filter ] --END-- [ RunTime:0.000000s ]
INFO: [ app_end ] --START--
INFO: Run Behavior\ShowPageTraceBehavior [ RunTime:0.001000s ]
INFO: [ app_end ] --END-- [ RunTime:0.001000s ]

[ 2017-09-01T10:13:08+08:00 ] 127.0.0.1 /blog/index.php/Admin/Login/verify.html
INFO: [ app_init ] --START--
INFO: Run Behavior\BuildLiteBehavior [ RunTime:0.000000s ]
INFO: [ app_init ] --END-- [ RunTime:0.000000s ]
INFO: [ app_begin ] --START--
INFO: Run Behavior\ReadHtmlCacheBehavior [ RunTime:0.000000s ]
INFO: [ app_begin ] --END-- [ RunTime:0.000000s ]
NOTIC: [8] Use of undefined constant login - assumed 'login' E:\phpStudy\WWW\thinkmyblog\blog\Admin\Controller\LoginController.class.php 第 53 行.
INFO: [ app_end ] --START--
INFO: Run Behavior\ShowPageTraceBehavior [ RunTime:0.000000s ]
INFO: [ app_end ] --END-- [ RunTime:0.000000s ]

