[ 2017-09-21T09:29:32+08:00 ] 127.0.0.1 /
INFO: [ app_init ] --START--
INFO: Run Behavior\BuildLiteBehavior [ RunTime:0.000000s ]
INFO: [ app_init ] --END-- [ RunTime:0.000000s ]
INFO: [ app_begin ] --START--
INFO: Run Behavior\ReadHtmlCacheBehavior [ RunTime:0.001000s ]
INFO: [ app_begin ] --END-- [ RunTime:0.001000s ]
SQL: SHOW COLUMNS FROM `emlog_setting` [ RunTime:0.0030s ]
SQL: SELECT `k`,`v` FROM `emlog_setting`  [ RunTime:0.0000s ]
SQL: SHOW COLUMNS FROM `emlog_navi` [ RunTime:0.0030s ]
SQL: SELECT `id`,`naviname`,`pid`,`en_name` FROM `emlog_navi` WHERE ( hide='y' )  [ RunTime:0.0010s ]
NOTIC: [8] Undefined variable: str E:\phpStudy\WWW\thinkmyblog\blog\Home\Controller\PublicController.class.php 第 26 行.
NOTIC: [8] Undefined variable: pid E:\phpStudy\WWW\thinkmyblog\blog\Home\Controller\PublicController.class.php 第 26 行.
SQL: SELECT COUNT(*) AS tp_count FROM `emlog_navi` INNER JOIN emlog_blog ON emlog_blog.navid = emlog_navi.id  WHERE `title` LIKE '%%' AND `navid` LIKE '%%' LIMIT 1   [ RunTime:0.0000s ]
SQL: SELECT `id`,`naviname`,`gid`,`title`,`date`,`navid`,`edit_date`,`content` FROM `emlog_navi` INNER JOIN emlog_blog ON emlog_blog.navid = emlog_navi.id  WHERE `title` LIKE '%%' AND `navid` LIKE '%%' ORDER BY date desc LIMIT 0,10   [ RunTime:0.0000s ]
INFO: [ view_parse ] --START--
INFO: [ template_filter ] --START--
INFO: Run Behavior\ContentReplaceBehavior [ RunTime:0.000000s ]
INFO: [ template_filter ] --END-- [ RunTime:0.000000s ]
INFO: Run Behavior\ParseTemplateBehavior [ RunTime:0.013001s ]
INFO: [ view_parse ] --END-- [ RunTime:0.013001s ]
INFO: [ view_filter ] --START--
INFO: Run Behavior\WriteHtmlCacheBehavior [ RunTime:0.000000s ]
INFO: [ view_filter ] --END-- [ RunTime:0.000000s ]
INFO: [ app_end ] --START--
INFO: Run Behavior\ShowPageTraceBehavior [ RunTime:0.001000s ]
INFO: [ app_end ] --END-- [ RunTime:0.001000s ]

[ 2017-09-21T09:36:52+08:00 ] 127.0.0.1 /
INFO: [ app_init ] --START--
INFO: Run Behavior\BuildLiteBehavior [ RunTime:0.000000s ]
INFO: [ app_init ] --END-- [ RunTime:0.000000s ]
INFO: [ app_begin ] --START--
INFO: Run Behavior\ReadHtmlCacheBehavior [ RunTime:0.000000s ]
INFO: [ app_begin ] --END-- [ RunTime:0.000000s ]
SQL: SHOW COLUMNS FROM `emlog_setting` [ RunTime:0.0060s ]
SQL: SELECT `k`,`v` FROM `emlog_setting`  [ RunTime:0.0000s ]
SQL: SHOW COLUMNS FROM `emlog_navi` [ RunTime:0.0060s ]
SQL: SELECT `id`,`naviname`,`pid`,`en_name` FROM `emlog_navi` WHERE ( hide='y' )  [ RunTime:0.0000s ]
NOTIC: [8] Undefined variable: str E:\phpStudy\WWW\thinkmyblog\blog\Home\Controller\PublicController.class.php 第 26 行.
NOTIC: [8] Undefined variable: pid E:\phpStudy\WWW\thinkmyblog\blog\Home\Controller\PublicController.class.php 第 26 行.
SQL: SELECT COUNT(*) AS tp_count FROM `emlog_navi` INNER JOIN emlog_blog ON emlog_blog.navid = emlog_navi.id  WHERE `title` LIKE '%%' AND `navid` LIKE '%%' LIMIT 1   [ RunTime:0.0000s ]
SQL: SELECT `id`,`naviname`,`gid`,`title`,`date`,`navid`,`edit_date`,`content` FROM `emlog_navi` INNER JOIN emlog_blog ON emlog_blog.navid = emlog_navi.id  WHERE `title` LIKE '%%' AND `navid` LIKE '%%' ORDER BY date desc LIMIT 0,10   [ RunTime:0.0000s ]
INFO: [ view_parse ] --START--
INFO: [ template_filter ] --START--
INFO: Run Behavior\ContentReplaceBehavior [ RunTime:0.000000s ]
INFO: [ template_filter ] --END-- [ RunTime:0.000000s ]
INFO: Run Behavior\ParseTemplateBehavior [ RunTime:0.013001s ]
INFO: [ view_parse ] --END-- [ RunTime:0.013001s ]
INFO: [ view_filter ] --START--
INFO: Run Behavior\WriteHtmlCacheBehavior [ RunTime:0.000000s ]
INFO: [ view_filter ] --END-- [ RunTime:0.000000s ]
INFO: [ app_end ] --START--
INFO: Run Behavior\ShowPageTraceBehavior [ RunTime:0.001000s ]
INFO: [ app_end ] --END-- [ RunTime:0.001000s ]

[ 2017-09-21T09:41:51+08:00 ] 127.0.0.1 /
INFO: [ app_init ] --START--
INFO: Run Behavior\BuildLiteBehavior [ RunTime:0.000000s ]
INFO: [ app_init ] --END-- [ RunTime:0.000000s ]
INFO: [ app_begin ] --START--
INFO: Run Behavior\ReadHtmlCacheBehavior [ RunTime:0.001000s ]
INFO: [ app_begin ] --END-- [ RunTime:0.001000s ]
SQL: SHOW COLUMNS FROM `emlog_setting` [ RunTime:0.0060s ]
SQL: SELECT `k`,`v` FROM `emlog_setting`  [ RunTime:0.0000s ]
SQL: SHOW COLUMNS FROM `emlog_navi` [ RunTime:0.0060s ]
SQL: SELECT `id`,`naviname`,`pid`,`en_name` FROM `emlog_navi` WHERE ( hide='y' )  [ RunTime:0.0000s ]
NOTIC: [8] Undefined variable: str E:\phpStudy\WWW\thinkmyblog\blog\Home\Controller\PublicController.class.php 第 26 行.
NOTIC: [8] Undefined variable: pid E:\phpStudy\WWW\thinkmyblog\blog\Home\Controller\PublicController.class.php 第 26 行.
SQL: SELECT COUNT(*) AS tp_count FROM `emlog_navi` INNER JOIN emlog_blog ON emlog_blog.navid = emlog_navi.id  WHERE `title` LIKE '%%' AND `navid` LIKE '%%' LIMIT 1   [ RunTime:0.0000s ]
SQL: SELECT `id`,`naviname`,`gid`,`title`,`date`,`navid`,`edit_date`,`content` FROM `emlog_navi` INNER JOIN emlog_blog ON emlog_blog.navid = emlog_navi.id  WHERE `title` LIKE '%%' AND `navid` LIKE '%%' ORDER BY date desc LIMIT 0,10   [ RunTime:0.0000s ]
INFO: [ view_parse ] --START--
INFO: [ template_filter ] --START--
INFO: Run Behavior\ContentReplaceBehavior [ RunTime:0.000000s ]
INFO: [ template_filter ] --END-- [ RunTime:0.000000s ]
INFO: Run Behavior\ParseTemplateBehavior [ RunTime:0.006001s ]
INFO: [ view_parse ] --END-- [ RunTime:0.007001s ]
INFO: [ view_filter ] --START--
INFO: Run Behavior\WriteHtmlCacheBehavior [ RunTime:0.000000s ]
INFO: [ view_filter ] --END-- [ RunTime:0.000000s ]
INFO: [ app_end ] --START--
INFO: Run Behavior\ShowPageTraceBehavior [ RunTime:0.001000s ]
INFO: [ app_end ] --END-- [ RunTime:0.001000s ]

[ 2017-09-21T09:41:51+08:00 ] 127.0.0.1 /Home/Public/css/moblie.css
INFO: [ app_init ] --START--
INFO: Run Behavior\BuildLiteBehavior [ RunTime:0.000000s ]
INFO: [ app_init ] --END-- [ RunTime:0.001000s ]
INFO: [ app_begin ] --START--
INFO: Run Behavior\ReadHtmlCacheBehavior [ RunTime:0.000000s ]
INFO: [ app_begin ] --END-- [ RunTime:0.000000s ]
SQL: SHOW COLUMNS FROM `emlog_setting` [ RunTime:0.0060s ]
SQL: SELECT `k`,`v` FROM `emlog_setting`  [ RunTime:0.0000s ]
SQL: SHOW COLUMNS FROM `emlog_navi` [ RunTime:0.0060s ]
SQL: SELECT `id`,`naviname`,`pid`,`en_name` FROM `emlog_navi` WHERE ( hide='y' )  [ RunTime:0.0000s ]
NOTIC: [8] Undefined variable: str E:\phpStudy\WWW\thinkmyblog\blog\Home\Controller\PublicController.class.php 第 26 行.
NOTIC: [8] Undefined variable: pid E:\phpStudy\WWW\thinkmyblog\blog\Home\Controller\PublicController.class.php 第 26 行.
ERR: 非法操作:css

[ 2017-09-21T09:41:53+08:00 ] 127.0.0.1 /
INFO: [ app_init ] --START--
INFO: Run Behavior\BuildLiteBehavior [ RunTime:0.000000s ]
INFO: [ app_init ] --END-- [ RunTime:0.000000s ]
INFO: [ app_begin ] --START--
INFO: Run Behavior\ReadHtmlCacheBehavior [ RunTime:0.001000s ]
INFO: [ app_begin ] --END-- [ RunTime:0.001000s ]
SQL: SHOW COLUMNS FROM `emlog_setting` [ RunTime:0.0090s ]
SQL: SELECT `k`,`v` FROM `emlog_setting`  [ RunTime:0.0000s ]
SQL: SHOW COLUMNS FROM `emlog_navi` [ RunTime:0.0090s ]
SQL: SELECT `id`,`naviname`,`pid`,`en_name` FROM `emlog_navi` WHERE ( hide='y' )  [ RunTime:0.0000s ]
NOTIC: [8] Undefined variable: str E:\phpStudy\WWW\thinkmyblog\blog\Home\Controller\PublicController.class.php 第 26 行.
NOTIC: [8] Undefined variable: pid E:\phpStudy\WWW\thinkmyblog\blog\Home\Controller\PublicController.class.php 第 26 行.
SQL: SELECT COUNT(*) AS tp_count FROM `emlog_navi` INNER JOIN emlog_blog ON emlog_blog.navid = emlog_navi.id  WHERE `title` LIKE '%%' AND `navid` LIKE '%%' LIMIT 1   [ RunTime:0.0000s ]
SQL: SELECT `id`,`naviname`,`gid`,`title`,`date`,`navid`,`edit_date`,`content` FROM `emlog_navi` INNER JOIN emlog_blog ON emlog_blog.navid = emlog_navi.id  WHERE `title` LIKE '%%' AND `navid` LIKE '%%' ORDER BY date desc LIMIT 0,10   [ RunTime:0.0000s ]
INFO: [ view_parse ] --START--
INFO: [ template_filter ] --START--
INFO: Run Behavior\ContentReplaceBehavior [ RunTime:0.000000s ]
INFO: [ template_filter ] --END-- [ RunTime:0.000000s ]
INFO: Run Behavior\ParseTemplateBehavior [ RunTime:0.009001s ]
INFO: [ view_parse ] --END-- [ RunTime:0.009001s ]
INFO: [ view_filter ] --START--
INFO: Run Behavior\WriteHtmlCacheBehavior [ RunTime:0.000000s ]
INFO: [ view_filter ] --END-- [ RunTime:0.000000s ]
INFO: [ app_end ] --START--
INFO: Run Behavior\ShowPageTraceBehavior [ RunTime:0.001000s ]
INFO: [ app_end ] --END-- [ RunTime:0.001000s ]

[ 2017-09-21T09:41:53+08:00 ] 127.0.0.1 /Home/Public/css/moblie.css
INFO: [ app_init ] --START--
INFO: Run Behavior\BuildLiteBehavior [ RunTime:0.000000s ]
INFO: [ app_init ] --END-- [ RunTime:0.001000s ]
INFO: [ app_begin ] --START--
INFO: Run Behavior\ReadHtmlCacheBehavior [ RunTime:0.000000s ]
INFO: [ app_begin ] --END-- [ RunTime:0.000000s ]
SQL: SHOW COLUMNS FROM `emlog_setting` [ RunTime:0.0060s ]
SQL: SELECT `k`,`v` FROM `emlog_setting`  [ RunTime:0.0010s ]
SQL: SHOW COLUMNS FROM `emlog_navi` [ RunTime:0.0070s ]
SQL: SELECT `id`,`naviname`,`pid`,`en_name` FROM `emlog_navi` WHERE ( hide='y' )  [ RunTime:0.0000s ]
NOTIC: [8] Undefined variable: str E:\phpStudy\WWW\thinkmyblog\blog\Home\Controller\PublicController.class.php 第 26 行.
NOTIC: [8] Undefined variable: pid E:\phpStudy\WWW\thinkmyblog\blog\Home\Controller\PublicController.class.php 第 26 行.
ERR: 非法操作:css

[ 2017-09-21T09:41:54+08:00 ] 127.0.0.1 /Home/Public/css/moblie.css
INFO: [ app_init ] --START--
INFO: Run Behavior\BuildLiteBehavior [ RunTime:0.000000s ]
INFO: [ app_init ] --END-- [ RunTime:0.001000s ]
INFO: [ app_begin ] --START--
INFO: Run Behavior\ReadHtmlCacheBehavior [ RunTime:0.001000s ]
INFO: [ app_begin ] --END-- [ RunTime:0.001000s ]
SQL: SHOW COLUMNS FROM `emlog_setting` [ RunTime:0.0060s ]
SQL: SELECT `k`,`v` FROM `emlog_setting`  [ RunTime:0.0000s ]
SQL: SHOW COLUMNS FROM `emlog_navi` [ RunTime:0.0060s ]
SQL: SELECT `id`,`naviname`,`pid`,`en_name` FROM `emlog_navi` WHERE ( hide='y' )  [ RunTime:0.0010s ]
NOTIC: [8] Undefined variable: str E:\phpStudy\WWW\thinkmyblog\blog\Home\Controller\PublicController.class.php 第 26 行.
NOTIC: [8] Undefined variable: pid E:\phpStudy\WWW\thinkmyblog\blog\Home\Controller\PublicController.class.php 第 26 行.
ERR: 非法操作:css

[ 2017-09-21T09:41:58+08:00 ] 127.0.0.1 /
INFO: [ app_init ] --START--
INFO: Run Behavior\BuildLiteBehavior [ RunTime:0.000000s ]
INFO: [ app_init ] --END-- [ RunTime:0.001000s ]
INFO: [ app_begin ] --START--
INFO: Run Behavior\ReadHtmlCacheBehavior [ RunTime:0.001000s ]
INFO: [ app_begin ] --END-- [ RunTime:0.001000s ]
SQL: SHOW COLUMNS FROM `emlog_setting` [ RunTime:0.0060s ]
SQL: SELECT `k`,`v` FROM `emlog_setting`  [ RunTime:0.0000s ]
SQL: SHOW COLUMNS FROM `emlog_navi` [ RunTime:0.0070s ]
SQL: SELECT `id`,`naviname`,`pid`,`en_name` FROM `emlog_navi` WHERE ( hide='y' )  [ RunTime:0.0000s ]
NOTIC: [8] Undefined variable: str E:\phpStudy\WWW\thinkmyblog\blog\Home\Controller\PublicController.class.php 第 26 行.
NOTIC: [8] Undefined variable: pid E:\phpStudy\WWW\thinkmyblog\blog\Home\Controller\PublicController.class.php 第 26 行.
SQL: SELECT COUNT(*) AS tp_count FROM `emlog_navi` INNER JOIN emlog_blog ON emlog_blog.navid = emlog_navi.id  WHERE `title` LIKE '%%' AND `navid` LIKE '%%' LIMIT 1   [ RunTime:0.0000s ]
SQL: SELECT `id`,`naviname`,`gid`,`title`,`date`,`navid`,`edit_date`,`content` FROM `emlog_navi` INNER JOIN emlog_blog ON emlog_blog.navid = emlog_navi.id  WHERE `title` LIKE '%%' AND `navid` LIKE '%%' ORDER BY date desc LIMIT 0,10   [ RunTime:0.0000s ]
INFO: [ view_parse ] --START--
INFO: [ template_filter ] --START--
INFO: Run Behavior\ContentReplaceBehavior [ RunTime:0.000000s ]
INFO: [ template_filter ] --END-- [ RunTime:0.000000s ]
INFO: Run Behavior\ParseTemplateBehavior [ RunTime:0.007000s ]
INFO: [ view_parse ] --END-- [ RunTime:0.007000s ]
INFO: [ view_filter ] --START--
INFO: Run Behavior\WriteHtmlCacheBehavior [ RunTime:0.000000s ]
INFO: [ view_filter ] --END-- [ RunTime:0.000000s ]
INFO: [ app_end ] --START--
INFO: Run Behavior\ShowPageTraceBehavior [ RunTime:0.000000s ]
INFO: [ app_end ] --END-- [ RunTime:0.000000s ]

[ 2017-09-21T09:41:58+08:00 ] 127.0.0.1 /Home/Public/css/moblie.css
INFO: [ app_init ] --START--
INFO: Run Behavior\BuildLiteBehavior [ RunTime:0.000000s ]
INFO: [ app_init ] --END-- [ RunTime:0.000000s ]
INFO: [ app_begin ] --START--
INFO: Run Behavior\ReadHtmlCacheBehavior [ RunTime:0.000000s ]
INFO: [ app_begin ] --END-- [ RunTime:0.000000s ]
SQL: SHOW COLUMNS FROM `emlog_setting` [ RunTime:0.0050s ]
SQL: SELECT `k`,`v` FROM `emlog_setting`  [ RunTime:0.0010s ]
SQL: SHOW COLUMNS FROM `emlog_navi` [ RunTime:0.0060s ]
SQL: SELECT `id`,`naviname`,`pid`,`en_name` FROM `emlog_navi` WHERE ( hide='y' )  [ RunTime:0.0010s ]
NOTIC: [8] Undefined variable: str E:\phpStudy\WWW\thinkmyblog\blog\Home\Controller\PublicController.class.php 第 26 行.
NOTIC: [8] Undefined variable: pid E:\phpStudy\WWW\thinkmyblog\blog\Home\Controller\PublicController.class.php 第 26 行.
ERR: 非法操作:css

[ 2017-09-21T09:42:05+08:00 ] 127.0.0.1 /
INFO: [ app_init ] --START--
INFO: Run Behavior\BuildLiteBehavior [ RunTime:0.000000s ]
INFO: [ app_init ] --END-- [ RunTime:0.001000s ]
INFO: [ app_begin ] --START--
INFO: Run Behavior\ReadHtmlCacheBehavior [ RunTime:0.001000s ]
INFO: [ app_begin ] --END-- [ RunTime:0.001000s ]
SQL: SHOW COLUMNS FROM `emlog_setting` [ RunTime:0.0090s ]
SQL: SELECT `k`,`v` FROM `emlog_setting`  [ RunTime:0.0000s ]
SQL: SHOW COLUMNS FROM `emlog_navi` [ RunTime:0.0080s ]
SQL: SELECT `id`,`naviname`,`pid`,`en_name` FROM `emlog_navi` WHERE ( hide='y' )  [ RunTime:0.0000s ]
NOTIC: [8] Undefined variable: str E:\phpStudy\WWW\thinkmyblog\blog\Home\Controller\PublicController.class.php 第 26 行.
NOTIC: [8] Undefined variable: pid E:\phpStudy\WWW\thinkmyblog\blog\Home\Controller\PublicController.class.php 第 26 行.
SQL: SELECT COUNT(*) AS tp_count FROM `emlog_navi` INNER JOIN emlog_blog ON emlog_blog.navid = emlog_navi.id  WHERE `title` LIKE '%%' AND `navid` LIKE '%%' LIMIT 1   [ RunTime:0.0000s ]
SQL: SELECT `id`,`naviname`,`gid`,`title`,`date`,`navid`,`edit_date`,`content` FROM `emlog_navi` INNER JOIN emlog_blog ON emlog_blog.navid = emlog_navi.id  WHERE `title` LIKE '%%' AND `navid` LIKE '%%' ORDER BY date desc LIMIT 0,10   [ RunTime:0.0010s ]
INFO: [ view_parse ] --START--
INFO: [ template_filter ] --START--
INFO: Run Behavior\ContentReplaceBehavior [ RunTime:0.000000s ]
INFO: [ template_filter ] --END-- [ RunTime:0.000000s ]
INFO: Run Behavior\ParseTemplateBehavior [ RunTime:0.007001s ]
INFO: [ view_parse ] --END-- [ RunTime:0.007001s ]
INFO: [ view_filter ] --START--
INFO: Run Behavior\WriteHtmlCacheBehavior [ RunTime:0.000000s ]
INFO: [ view_filter ] --END-- [ RunTime:0.000000s ]
INFO: [ app_end ] --START--
INFO: Run Behavior\ShowPageTraceBehavior [ RunTime:0.000000s ]
INFO: [ app_end ] --END-- [ RunTime:0.000000s ]

[ 2017-09-21T09:42:06+08:00 ] 127.0.0.1 /Home/Public/css/moblie.css
INFO: [ app_init ] --START--
INFO: Run Behavior\BuildLiteBehavior [ RunTime:0.000000s ]
INFO: [ app_init ] --END-- [ RunTime:0.001000s ]
INFO: [ app_begin ] --START--
INFO: Run Behavior\ReadHtmlCacheBehavior [ RunTime:0.000000s ]
INFO: [ app_begin ] --END-- [ RunTime:0.000000s ]
SQL: SHOW COLUMNS FROM `emlog_setting` [ RunTime:0.0070s ]
SQL: SELECT `k`,`v` FROM `emlog_setting`  [ RunTime:0.0000s ]
SQL: SHOW COLUMNS FROM `emlog_navi` [ RunTime:0.0070s ]
SQL: SELECT `id`,`naviname`,`pid`,`en_name` FROM `emlog_navi` WHERE ( hide='y' )  [ RunTime:0.0010s ]
NOTIC: [8] Undefined variable: str E:\phpStudy\WWW\thinkmyblog\blog\Home\Controller\PublicController.class.php 第 26 行.
NOTIC: [8] Undefined variable: pid E:\phpStudy\WWW\thinkmyblog\blog\Home\Controller\PublicController.class.php 第 26 行.
ERR: 非法操作:css

[ 2017-09-21T09:42:06+08:00 ] 127.0.0.1 /
INFO: [ app_init ] --START--
INFO: Run Behavior\BuildLiteBehavior [ RunTime:0.000000s ]
INFO: [ app_init ] --END-- [ RunTime:0.000000s ]
INFO: [ app_begin ] --START--
INFO: Run Behavior\ReadHtmlCacheBehavior [ RunTime:0.001000s ]
INFO: [ app_begin ] --END-- [ RunTime:0.001000s ]
SQL: SHOW COLUMNS FROM `emlog_setting` [ RunTime:0.0080s ]
SQL: SELECT `k`,`v` FROM `emlog_setting`  [ RunTime:0.0000s ]
SQL: SHOW COLUMNS FROM `emlog_navi` [ RunTime:0.0090s ]
SQL: SELECT `id`,`naviname`,`pid`,`en_name` FROM `emlog_navi` WHERE ( hide='y' )  [ RunTime:0.0000s ]
NOTIC: [8] Undefined variable: str E:\phpStudy\WWW\thinkmyblog\blog\Home\Controller\PublicController.class.php 第 26 行.
NOTIC: [8] Undefined variable: pid E:\phpStudy\WWW\thinkmyblog\blog\Home\Controller\PublicController.class.php 第 26 行.
SQL: SELECT COUNT(*) AS tp_count FROM `emlog_navi` INNER JOIN emlog_blog ON emlog_blog.navid = emlog_navi.id  WHERE `title` LIKE '%%' AND `navid` LIKE '%%' LIMIT 1   [ RunTime:0.0000s ]
SQL: SELECT `id`,`naviname`,`gid`,`title`,`date`,`navid`,`edit_date`,`content` FROM `emlog_navi` INNER JOIN emlog_blog ON emlog_blog.navid = emlog_navi.id  WHERE `title` LIKE '%%' AND `navid` LIKE '%%' ORDER BY date desc LIMIT 0,10   [ RunTime:0.0000s ]
INFO: [ view_parse ] --START--
INFO: [ template_filter ] --START--
INFO: Run Behavior\ContentReplaceBehavior [ RunTime:0.000000s ]
INFO: [ template_filter ] --END-- [ RunTime:0.000000s ]
INFO: Run Behavior\ParseTemplateBehavior [ RunTime:0.007000s ]
INFO: [ view_parse ] --END-- [ RunTime:0.007000s ]
INFO: [ view_filter ] --START--
INFO: Run Behavior\WriteHtmlCacheBehavior [ RunTime:0.001000s ]
INFO: [ view_filter ] --END-- [ RunTime:0.001000s ]
INFO: [ app_end ] --START--
INFO: Run Behavior\ShowPageTraceBehavior [ RunTime:0.000000s ]
INFO: [ app_end ] --END-- [ RunTime:0.000000s ]

[ 2017-09-21T09:42:07+08:00 ] 127.0.0.1 /Home/Public/css/moblie.css
INFO: [ app_init ] --START--
INFO: Run Behavior\BuildLiteBehavior [ RunTime:0.000000s ]
INFO: [ app_init ] --END-- [ RunTime:0.001000s ]
INFO: [ app_begin ] --START--
INFO: Run Behavior\ReadHtmlCacheBehavior [ RunTime:0.000000s ]
INFO: [ app_begin ] --END-- [ RunTime:0.000000s ]
SQL: SHOW COLUMNS FROM `emlog_setting` [ RunTime:0.0060s ]
SQL: SELECT `k`,`v` FROM `emlog_setting`  [ RunTime:0.0000s ]
SQL: SHOW COLUMNS FROM `emlog_navi` [ RunTime:0.0070s ]
SQL: SELECT `id`,`naviname`,`pid`,`en_name` FROM `emlog_navi` WHERE ( hide='y' )  [ RunTime:0.0010s ]
NOTIC: [8] Undefined variable: str E:\phpStudy\WWW\thinkmyblog\blog\Home\Controller\PublicController.class.php 第 26 行.
NOTIC: [8] Undefined variable: pid E:\phpStudy\WWW\thinkmyblog\blog\Home\Controller\PublicController.class.php 第 26 行.
ERR: 非法操作:css

[ 2017-09-21T09:44:00+08:00 ] 127.0.0.1 /
INFO: [ app_init ] --START--
INFO: Run Behavior\BuildLiteBehavior [ RunTime:0.000000s ]
INFO: [ app_init ] --END-- [ RunTime:0.000000s ]
INFO: [ app_begin ] --START--
INFO: Run Behavior\ReadHtmlCacheBehavior [ RunTime:0.001000s ]
INFO: [ app_begin ] --END-- [ RunTime:0.001000s ]
SQL: SHOW COLUMNS FROM `emlog_setting` [ RunTime:0.0070s ]
SQL: SELECT `k`,`v` FROM `emlog_setting`  [ RunTime:0.0000s ]
SQL: SHOW COLUMNS FROM `emlog_navi` [ RunTime:0.0070s ]
SQL: SELECT `id`,`naviname`,`pid`,`en_name` FROM `emlog_navi` WHERE ( hide='y' )  [ RunTime:0.0000s ]
NOTIC: [8] Undefined variable: str E:\phpStudy\WWW\thinkmyblog\blog\Home\Controller\PublicController.class.php 第 26 行.
NOTIC: [8] Undefined variable: pid E:\phpStudy\WWW\thinkmyblog\blog\Home\Controller\PublicController.class.php 第 26 行.
SQL: SELECT COUNT(*) AS tp_count FROM `emlog_navi` INNER JOIN emlog_blog ON emlog_blog.navid = emlog_navi.id  WHERE `title` LIKE '%%' AND `navid` LIKE '%%' LIMIT 1   [ RunTime:0.0000s ]
SQL: SELECT `id`,`naviname`,`gid`,`title`,`date`,`navid`,`edit_date`,`content` FROM `emlog_navi` INNER JOIN emlog_blog ON emlog_blog.navid = emlog_navi.id  WHERE `title` LIKE '%%' AND `navid` LIKE '%%' ORDER BY date desc LIMIT 0,10   [ RunTime:0.0000s ]
INFO: [ view_parse ] --START--
INFO: [ template_filter ] --START--
INFO: Run Behavior\ContentReplaceBehavior [ RunTime:0.000000s ]
INFO: [ template_filter ] --END-- [ RunTime:0.000000s ]
INFO: Run Behavior\ParseTemplateBehavior [ RunTime:0.013000s ]
INFO: [ view_parse ] --END-- [ RunTime:0.013000s ]
INFO: [ view_filter ] --START--
INFO: Run Behavior\WriteHtmlCacheBehavior [ RunTime:0.000000s ]
INFO: [ view_filter ] --END-- [ RunTime:0.000000s ]
INFO: [ app_end ] --START--
INFO: Run Behavior\ShowPageTraceBehavior [ RunTime:0.000000s ]
INFO: [ app_end ] --END-- [ RunTime:0.001000s ]

[ 2017-09-21T09:44:00+08:00 ] 127.0.0.1 /Home/Public/css/moblie.css
INFO: [ app_init ] --START--
INFO: Run Behavior\BuildLiteBehavior [ RunTime:0.000000s ]
INFO: [ app_init ] --END-- [ RunTime:0.000000s ]
INFO: [ app_begin ] --START--
INFO: Run Behavior\ReadHtmlCacheBehavior [ RunTime:0.001000s ]
INFO: [ app_begin ] --END-- [ RunTime:0.001000s ]
SQL: SHOW COLUMNS FROM `emlog_setting` [ RunTime:0.0060s ]
SQL: SELECT `k`,`v` FROM `emlog_setting`  [ RunTime:0.0000s ]
SQL: SHOW COLUMNS FROM `emlog_navi` [ RunTime:0.0080s ]
SQL: SELECT `id`,`naviname`,`pid`,`en_name` FROM `emlog_navi` WHERE ( hide='y' )  [ RunTime:0.0000s ]
NOTIC: [8] Undefined variable: str E:\phpStudy\WWW\thinkmyblog\blog\Home\Controller\PublicController.class.php 第 26 行.
NOTIC: [8] Undefined variable: pid E:\phpStudy\WWW\thinkmyblog\blog\Home\Controller\PublicController.class.php 第 26 行.
ERR: 非法操作:css

[ 2017-09-21T09:44:01+08:00 ] 127.0.0.1 /Home/Public/css/moblie.css
INFO: [ app_init ] --START--
INFO: Run Behavior\BuildLiteBehavior [ RunTime:0.000000s ]
INFO: [ app_init ] --END-- [ RunTime:0.000000s ]
INFO: [ app_begin ] --START--
INFO: Run Behavior\ReadHtmlCacheBehavior [ RunTime:0.000000s ]
INFO: [ app_begin ] --END-- [ RunTime:0.000000s ]
SQL: SHOW COLUMNS FROM `emlog_setting` [ RunTime:0.0060s ]
SQL: SELECT `k`,`v` FROM `emlog_setting`  [ RunTime:0.0010s ]
SQL: SHOW COLUMNS FROM `emlog_navi` [ RunTime:0.0060s ]
SQL: SELECT `id`,`naviname`,`pid`,`en_name` FROM `emlog_navi` WHERE ( hide='y' )  [ RunTime:0.0000s ]
NOTIC: [8] Undefined variable: str E:\phpStudy\WWW\thinkmyblog\blog\Home\Controller\PublicController.class.php 第 26 行.
NOTIC: [8] Undefined variable: pid E:\phpStudy\WWW\thinkmyblog\blog\Home\Controller\PublicController.class.php 第 26 行.
ERR: 非法操作:css

[ 2017-09-21T09:44:07+08:00 ] 127.0.0.1 /
INFO: [ app_init ] --START--
INFO: Run Behavior\BuildLiteBehavior [ RunTime:0.000000s ]
INFO: [ app_init ] --END-- [ RunTime:0.001000s ]
INFO: [ app_begin ] --START--
INFO: Run Behavior\ReadHtmlCacheBehavior [ RunTime:0.000000s ]
INFO: [ app_begin ] --END-- [ RunTime:0.000000s ]
SQL: SHOW COLUMNS FROM `emlog_setting` [ RunTime:0.0080s ]
SQL: SELECT `k`,`v` FROM `emlog_setting`  [ RunTime:0.0010s ]
SQL: SHOW COLUMNS FROM `emlog_navi` [ RunTime:0.0090s ]
SQL: SELECT `id`,`naviname`,`pid`,`en_name` FROM `emlog_navi` WHERE ( hide='y' )  [ RunTime:0.0000s ]
NOTIC: [8] Undefined variable: str E:\phpStudy\WWW\thinkmyblog\blog\Home\Controller\PublicController.class.php 第 26 行.
NOTIC: [8] Undefined variable: pid E:\phpStudy\WWW\thinkmyblog\blog\Home\Controller\PublicController.class.php 第 26 行.
SQL: SELECT COUNT(*) AS tp_count FROM `emlog_navi` INNER JOIN emlog_blog ON emlog_blog.navid = emlog_navi.id  WHERE `title` LIKE '%%' AND `navid` LIKE '%%' LIMIT 1   [ RunTime:0.0000s ]
SQL: SELECT `id`,`naviname`,`gid`,`title`,`date`,`navid`,`edit_date`,`content` FROM `emlog_navi` INNER JOIN emlog_blog ON emlog_blog.navid = emlog_navi.id  WHERE `title` LIKE '%%' AND `navid` LIKE '%%' ORDER BY date desc LIMIT 0,10   [ RunTime:0.0000s ]
INFO: [ view_parse ] --START--
INFO: [ template_filter ] --START--
INFO: Run Behavior\ContentReplaceBehavior [ RunTime:0.000000s ]
INFO: [ template_filter ] --END-- [ RunTime:0.000000s ]
INFO: Run Behavior\ParseTemplateBehavior [ RunTime:0.006000s ]
INFO: [ view_parse ] --END-- [ RunTime:0.006000s ]
INFO: [ view_filter ] --START--
INFO: Run Behavior\WriteHtmlCacheBehavior [ RunTime:0.000000s ]
INFO: [ view_filter ] --END-- [ RunTime:0.000000s ]
INFO: [ app_end ] --START--
INFO: Run Behavior\ShowPageTraceBehavior [ RunTime:0.001000s ]
INFO: [ app_end ] --END-- [ RunTime:0.001000s ]

[ 2017-09-21T09:44:07+08:00 ] 127.0.0.1 /Home/Public/css/moblie.css
INFO: [ app_init ] --START--
INFO: Run Behavior\BuildLiteBehavior [ RunTime:0.000000s ]
INFO: [ app_init ] --END-- [ RunTime:0.000000s ]
INFO: [ app_begin ] --START--
INFO: Run Behavior\ReadHtmlCacheBehavior [ RunTime:0.000000s ]
INFO: [ app_begin ] --END-- [ RunTime:0.000000s ]
SQL: SHOW COLUMNS FROM `emlog_setting` [ RunTime:0.0060s ]
SQL: SELECT `k`,`v` FROM `emlog_setting`  [ RunTime:0.0000s ]
SQL: SHOW COLUMNS FROM `emlog_navi` [ RunTime:0.0070s ]
SQL: SELECT `id`,`naviname`,`pid`,`en_name` FROM `emlog_navi` WHERE ( hide='y' )  [ RunTime:0.0000s ]
NOTIC: [8] Undefined variable: str E:\phpStudy\WWW\thinkmyblog\blog\Home\Controller\PublicController.class.php 第 26 行.
NOTIC: [8] Undefined variable: pid E:\phpStudy\WWW\thinkmyblog\blog\Home\Controller\PublicController.class.php 第 26 行.
ERR: 非法操作:css

[ 2017-09-21T09:44:52+08:00 ] 127.0.0.1 /
INFO: [ app_init ] --START--
INFO: Run Behavior\BuildLiteBehavior [ RunTime:0.000000s ]
INFO: [ app_init ] --END-- [ RunTime:0.001001s ]
INFO: [ app_begin ] --START--
INFO: Run Behavior\ReadHtmlCacheBehavior [ RunTime:0.001000s ]
INFO: [ app_begin ] --END-- [ RunTime:0.001000s ]
SQL: SHOW COLUMNS FROM `emlog_setting` [ RunTime:0.0100s ]
SQL: SELECT `k`,`v` FROM `emlog_setting`  [ RunTime:0.0000s ]
SQL: SHOW COLUMNS FROM `emlog_navi` [ RunTime:0.0070s ]
SQL: SELECT `id`,`naviname`,`pid`,`en_name` FROM `emlog_navi` WHERE ( hide='y' )  [ RunTime:0.0000s ]
NOTIC: [8] Undefined variable: str E:\phpStudy\WWW\thinkmyblog\blog\Home\Controller\PublicController.class.php 第 26 行.
NOTIC: [8] Undefined variable: pid E:\phpStudy\WWW\thinkmyblog\blog\Home\Controller\PublicController.class.php 第 26 行.
SQL: SELECT COUNT(*) AS tp_count FROM `emlog_navi` INNER JOIN emlog_blog ON emlog_blog.navid = emlog_navi.id  WHERE `title` LIKE '%%' AND `navid` LIKE '%%' LIMIT 1   [ RunTime:0.0000s ]
SQL: SELECT `id`,`naviname`,`gid`,`title`,`date`,`navid`,`edit_date`,`content` FROM `emlog_navi` INNER JOIN emlog_blog ON emlog_blog.navid = emlog_navi.id  WHERE `title` LIKE '%%' AND `navid` LIKE '%%' ORDER BY date desc LIMIT 0,10   [ RunTime:0.0000s ]
INFO: [ view_parse ] --START--
INFO: [ template_filter ] --START--
INFO: Run Behavior\ContentReplaceBehavior [ RunTime:0.000000s ]
INFO: [ template_filter ] --END-- [ RunTime:0.000000s ]
INFO: Run Behavior\ParseTemplateBehavior [ RunTime:0.006001s ]
INFO: [ view_parse ] --END-- [ RunTime:0.006001s ]
INFO: [ view_filter ] --START--
INFO: Run Behavior\WriteHtmlCacheBehavior [ RunTime:0.001000s ]
INFO: [ view_filter ] --END-- [ RunTime:0.001000s ]
INFO: [ app_end ] --START--
INFO: Run Behavior\ShowPageTraceBehavior [ RunTime:0.000000s ]
INFO: [ app_end ] --END-- [ RunTime:0.000000s ]

[ 2017-09-21T09:44:52+08:00 ] 127.0.0.1 /Home/Public/css/moblie.css
INFO: [ app_init ] --START--
INFO: Run Behavior\BuildLiteBehavior [ RunTime:0.000000s ]
INFO: [ app_init ] --END-- [ RunTime:0.000000s ]
INFO: [ app_begin ] --START--
INFO: Run Behavior\ReadHtmlCacheBehavior [ RunTime:0.000000s ]
INFO: [ app_begin ] --END-- [ RunTime:0.000000s ]
SQL: SHOW COLUMNS FROM `emlog_setting` [ RunTime:0.0060s ]
SQL: SELECT `k`,`v` FROM `emlog_setting`  [ RunTime:0.0000s ]
SQL: SHOW COLUMNS FROM `emlog_navi` [ RunTime:0.0070s ]
SQL: SELECT `id`,`naviname`,`pid`,`en_name` FROM `emlog_navi` WHERE ( hide='y' )  [ RunTime:0.0000s ]
NOTIC: [8] Undefined variable: str E:\phpStudy\WWW\thinkmyblog\blog\Home\Controller\PublicController.class.php 第 26 行.
NOTIC: [8] Undefined variable: pid E:\phpStudy\WWW\thinkmyblog\blog\Home\Controller\PublicController.class.php 第 26 行.
ERR: 非法操作:css

[ 2017-09-21T09:44:55+08:00 ] 127.0.0.1 /
INFO: [ app_init ] --START--
INFO: Run Behavior\BuildLiteBehavior [ RunTime:0.000000s ]
INFO: [ app_init ] --END-- [ RunTime:0.001000s ]
INFO: [ app_begin ] --START--
INFO: Run Behavior\ReadHtmlCacheBehavior [ RunTime:0.001000s ]
INFO: [ app_begin ] --END-- [ RunTime:0.001000s ]
SQL: SHOW COLUMNS FROM `emlog_setting` [ RunTime:0.0060s ]
SQL: SELECT `k`,`v` FROM `emlog_setting`  [ RunTime:0.0010s ]
SQL: SHOW COLUMNS FROM `emlog_navi` [ RunTime:0.0070s ]
SQL: SELECT `id`,`naviname`,`pid`,`en_name` FROM `emlog_navi` WHERE ( hide='y' )  [ RunTime:0.0000s ]
NOTIC: [8] Undefined variable: str E:\phpStudy\WWW\thinkmyblog\blog\Home\Controller\PublicController.class.php 第 26 行.
NOTIC: [8] Undefined variable: pid E:\phpStudy\WWW\thinkmyblog\blog\Home\Controller\PublicController.class.php 第 26 行.
SQL: SELECT COUNT(*) AS tp_count FROM `emlog_navi` INNER JOIN emlog_blog ON emlog_blog.navid = emlog_navi.id  WHERE `title` LIKE '%%' AND `navid` LIKE '%%' LIMIT 1   [ RunTime:0.0000s ]
SQL: SELECT `id`,`naviname`,`gid`,`title`,`date`,`navid`,`edit_date`,`content` FROM `emlog_navi` INNER JOIN emlog_blog ON emlog_blog.navid = emlog_navi.id  WHERE `title` LIKE '%%' AND `navid` LIKE '%%' ORDER BY date desc LIMIT 0,10   [ RunTime:0.0000s ]
INFO: [ view_parse ] --START--
INFO: [ template_filter ] --START--
INFO: Run Behavior\ContentReplaceBehavior [ RunTime:0.000000s ]
INFO: [ template_filter ] --END-- [ RunTime:0.000000s ]
INFO: Run Behavior\ParseTemplateBehavior [ RunTime:0.007000s ]
INFO: [ view_parse ] --END-- [ RunTime:0.007000s ]
INFO: [ view_filter ] --START--
INFO: Run Behavior\WriteHtmlCacheBehavior [ RunTime:0.000000s ]
INFO: [ view_filter ] --END-- [ RunTime:0.000000s ]
INFO: [ app_end ] --START--
INFO: Run Behavior\ShowPageTraceBehavior [ RunTime:0.001001s ]
INFO: [ app_end ] --END-- [ RunTime:0.001001s ]

[ 2017-09-21T09:44:56+08:00 ] 127.0.0.1 /Home/Public/css/moblie.css
INFO: [ app_init ] --START--
INFO: Run Behavior\BuildLiteBehavior [ RunTime:0.000000s ]
INFO: [ app_init ] --END-- [ RunTime:0.000000s ]
INFO: [ app_begin ] --START--
INFO: Run Behavior\ReadHtmlCacheBehavior [ RunTime:0.000000s ]
INFO: [ app_begin ] --END-- [ RunTime:0.000000s ]
SQL: SHOW COLUMNS FROM `emlog_setting` [ RunTime:0.0040s ]
SQL: SELECT `k`,`v` FROM `emlog_setting`  [ RunTime:0.0010s ]
SQL: SHOW COLUMNS FROM `emlog_navi` [ RunTime:0.0060s ]
SQL: SELECT `id`,`naviname`,`pid`,`en_name` FROM `emlog_navi` WHERE ( hide='y' )  [ RunTime:0.0010s ]
NOTIC: [8] Undefined variable: str E:\phpStudy\WWW\thinkmyblog\blog\Home\Controller\PublicController.class.php 第 26 行.
NOTIC: [8] Undefined variable: pid E:\phpStudy\WWW\thinkmyblog\blog\Home\Controller\PublicController.class.php 第 26 行.
ERR: 非法操作:css

[ 2017-09-21T09:44:56+08:00 ] 127.0.0.1 /
INFO: [ app_init ] --START--
INFO: Run Behavior\BuildLiteBehavior [ RunTime:0.000000s ]
INFO: [ app_init ] --END-- [ RunTime:0.001000s ]
INFO: [ app_begin ] --START--
INFO: Run Behavior\ReadHtmlCacheBehavior [ RunTime:0.000000s ]
INFO: [ app_begin ] --END-- [ RunTime:0.001000s ]
SQL: SHOW COLUMNS FROM `emlog_setting` [ RunTime:0.0080s ]
SQL: SELECT `k`,`v` FROM `emlog_setting`  [ RunTime:0.0010s ]
SQL: SHOW COLUMNS FROM `emlog_navi` [ RunTime:0.0070s ]
SQL: SELECT `id`,`naviname`,`pid`,`en_name` FROM `emlog_navi` WHERE ( hide='y' )  [ RunTime:0.0010s ]
NOTIC: [8] Undefined variable: str E:\phpStudy\WWW\thinkmyblog\blog\Home\Controller\PublicController.class.php 第 26 行.
NOTIC: [8] Undefined variable: pid E:\phpStudy\WWW\thinkmyblog\blog\Home\Controller\PublicController.class.php 第 26 行.
SQL: SELECT COUNT(*) AS tp_count FROM `emlog_navi` INNER JOIN emlog_blog ON emlog_blog.navid = emlog_navi.id  WHERE `title` LIKE '%%' AND `navid` LIKE '%%' LIMIT 1   [ RunTime:0.0000s ]
SQL: SELECT `id`,`naviname`,`gid`,`title`,`date`,`navid`,`edit_date`,`content` FROM `emlog_navi` INNER JOIN emlog_blog ON emlog_blog.navid = emlog_navi.id  WHERE `title` LIKE '%%' AND `navid` LIKE '%%' ORDER BY date desc LIMIT 0,10   [ RunTime:0.0010s ]
INFO: [ view_parse ] --START--
INFO: [ template_filter ] --START--
INFO: Run Behavior\ContentReplaceBehavior [ RunTime:0.000000s ]
INFO: [ template_filter ] --END-- [ RunTime:0.000000s ]
INFO: Run Behavior\ParseTemplateBehavior [ RunTime:0.006001s ]
INFO: [ view_parse ] --END-- [ RunTime:0.006001s ]
INFO: [ view_filter ] --START--
INFO: Run Behavior\WriteHtmlCacheBehavior [ RunTime:0.000000s ]
INFO: [ view_filter ] --END-- [ RunTime:0.000000s ]
INFO: [ app_end ] --START--
INFO: Run Behavior\ShowPageTraceBehavior [ RunTime:0.000000s ]
INFO: [ app_end ] --END-- [ RunTime:0.000000s ]

[ 2017-09-21T09:44:56+08:00 ] 127.0.0.1 /Home/Public/css/moblie.css
INFO: [ app_init ] --START--
INFO: Run Behavior\BuildLiteBehavior [ RunTime:0.000000s ]
INFO: [ app_init ] --END-- [ RunTime:0.000000s ]
INFO: [ app_begin ] --START--
INFO: Run Behavior\ReadHtmlCacheBehavior [ RunTime:0.001000s ]
INFO: [ app_begin ] --END-- [ RunTime:0.001000s ]
SQL: SHOW COLUMNS FROM `emlog_setting` [ RunTime:0.0060s ]
SQL: SELECT `k`,`v` FROM `emlog_setting`  [ RunTime:0.0000s ]
SQL: SHOW COLUMNS FROM `emlog_navi` [ RunTime:0.0060s ]
SQL: SELECT `id`,`naviname`,`pid`,`en_name` FROM `emlog_navi` WHERE ( hide='y' )  [ RunTime:0.0010s ]
NOTIC: [8] Undefined variable: str E:\phpStudy\WWW\thinkmyblog\blog\Home\Controller\PublicController.class.php 第 26 行.
NOTIC: [8] Undefined variable: pid E:\phpStudy\WWW\thinkmyblog\blog\Home\Controller\PublicController.class.php 第 26 行.
ERR: 非法操作:css

[ 2017-09-21T09:46:11+08:00 ] 127.0.0.1 /Home/Public/css/moblie.css
INFO: [ app_init ] --START--
INFO: Run Behavior\BuildLiteBehavior [ RunTime:0.000000s ]
INFO: [ app_init ] --END-- [ RunTime:0.001000s ]
INFO: [ app_begin ] --START--
INFO: Run Behavior\ReadHtmlCacheBehavior [ RunTime:0.000000s ]
INFO: [ app_begin ] --END-- [ RunTime:0.000000s ]
SQL: SHOW COLUMNS FROM `emlog_setting` [ RunTime:0.0060s ]
SQL: SELECT `k`,`v` FROM `emlog_setting`  [ RunTime:0.0000s ]
SQL: SHOW COLUMNS FROM `emlog_navi` [ RunTime:0.0070s ]
SQL: SELECT `id`,`naviname`,`pid`,`en_name` FROM `emlog_navi` WHERE ( hide='y' )  [ RunTime:0.0000s ]
NOTIC: [8] Undefined variable: str E:\phpStudy\WWW\thinkmyblog\blog\Home\Controller\PublicController.class.php 第 26 行.
NOTIC: [8] Undefined variable: pid E:\phpStudy\WWW\thinkmyblog\blog\Home\Controller\PublicController.class.php 第 26 行.
ERR: 非法操作:css

[ 2017-09-21T09:46:54+08:00 ] 127.0.0.1 /Home/Public/css/moblie.css
INFO: [ app_init ] --START--
INFO: Run Behavior\BuildLiteBehavior [ RunTime:0.000000s ]
INFO: [ app_init ] --END-- [ RunTime:0.000000s ]
INFO: [ app_begin ] --START--
INFO: Run Behavior\ReadHtmlCacheBehavior [ RunTime:0.000000s ]
INFO: [ app_begin ] --END-- [ RunTime:0.000000s ]
SQL: SHOW COLUMNS FROM `emlog_setting` [ RunTime:0.0030s ]
SQL: SELECT `k`,`v` FROM `emlog_setting`  [ RunTime:0.0000s ]
SQL: SHOW COLUMNS FROM `emlog_navi` [ RunTime:0.0030s ]
SQL: SELECT `id`,`naviname`,`pid`,`en_name` FROM `emlog_navi` WHERE ( hide='y' )  [ RunTime:0.0000s ]
NOTIC: [8] Undefined variable: str E:\phpStudy\WWW\thinkmyblog\blog\Home\Controller\PublicController.class.php 第 26 行.
NOTIC: [8] Undefined variable: pid E:\phpStudy\WWW\thinkmyblog\blog\Home\Controller\PublicController.class.php 第 26 行.
ERR: 非法操作:css

[ 2017-09-21T09:47:37+08:00 ] 127.0.0.1 /
INFO: [ app_init ] --START--
INFO: Run Behavior\BuildLiteBehavior [ RunTime:0.000000s ]
INFO: [ app_init ] --END-- [ RunTime:0.001000s ]
INFO: [ app_begin ] --START--
INFO: Run Behavior\ReadHtmlCacheBehavior [ RunTime:0.001000s ]
INFO: [ app_begin ] --END-- [ RunTime:0.001000s ]
SQL: SHOW COLUMNS FROM `emlog_setting` [ RunTime:0.0030s ]
SQL: SELECT `k`,`v` FROM `emlog_setting`  [ RunTime:0.0000s ]
SQL: SHOW COLUMNS FROM `emlog_navi` [ RunTime:0.0030s ]
SQL: SELECT `id`,`naviname`,`pid`,`en_name` FROM `emlog_navi` WHERE ( hide='y' )  [ RunTime:0.0000s ]
NOTIC: [8] Undefined variable: str E:\phpStudy\WWW\thinkmyblog\blog\Home\Controller\PublicController.class.php 第 26 行.
NOTIC: [8] Undefined variable: pid E:\phpStudy\WWW\thinkmyblog\blog\Home\Controller\PublicController.class.php 第 26 行.
SQL: SELECT COUNT(*) AS tp_count FROM `emlog_navi` INNER JOIN emlog_blog ON emlog_blog.navid = emlog_navi.id  WHERE `title` LIKE '%%' AND `navid` LIKE '%%' LIMIT 1   [ RunTime:0.0000s ]
SQL: SELECT `id`,`naviname`,`gid`,`title`,`date`,`navid`,`edit_date`,`content` FROM `emlog_navi` INNER JOIN emlog_blog ON emlog_blog.navid = emlog_navi.id  WHERE `title` LIKE '%%' AND `navid` LIKE '%%' ORDER BY date desc LIMIT 0,10   [ RunTime:0.0000s ]
INFO: [ view_parse ] --START--
INFO: [ template_filter ] --START--
INFO: Run Behavior\ContentReplaceBehavior [ RunTime:0.000000s ]
INFO: [ template_filter ] --END-- [ RunTime:0.000000s ]
INFO: Run Behavior\ParseTemplateBehavior [ RunTime:0.006000s ]
INFO: [ view_parse ] --END-- [ RunTime:0.006000s ]
INFO: [ view_filter ] --START--
INFO: Run Behavior\WriteHtmlCacheBehavior [ RunTime:0.000000s ]
INFO: [ view_filter ] --END-- [ RunTime:0.000000s ]
INFO: [ app_end ] --START--
INFO: Run Behavior\ShowPageTraceBehavior [ RunTime:0.001000s ]
INFO: [ app_end ] --END-- [ RunTime:0.001000s ]

[ 2017-09-21T09:47:41+08:00 ] 127.0.0.1 /
INFO: [ app_init ] --START--
INFO: Run Behavior\BuildLiteBehavior [ RunTime:0.000000s ]
INFO: [ app_init ] --END-- [ RunTime:0.000000s ]
INFO: [ app_begin ] --START--
INFO: Run Behavior\ReadHtmlCacheBehavior [ RunTime:0.000000s ]
INFO: [ app_begin ] --END-- [ RunTime:0.001000s ]
SQL: SHOW COLUMNS FROM `emlog_setting` [ RunTime:0.0050s ]
SQL: SELECT `k`,`v` FROM `emlog_setting`  [ RunTime:0.0000s ]
SQL: SHOW COLUMNS FROM `emlog_navi` [ RunTime:0.0030s ]
SQL: SELECT `id`,`naviname`,`pid`,`en_name` FROM `emlog_navi` WHERE ( hide='y' )  [ RunTime:0.0000s ]
NOTIC: [8] Undefined variable: str E:\phpStudy\WWW\thinkmyblog\blog\Home\Controller\PublicController.class.php 第 26 行.
NOTIC: [8] Undefined variable: pid E:\phpStudy\WWW\thinkmyblog\blog\Home\Controller\PublicController.class.php 第 26 行.
SQL: SELECT COUNT(*) AS tp_count FROM `emlog_navi` INNER JOIN emlog_blog ON emlog_blog.navid = emlog_navi.id  WHERE `title` LIKE '%%' AND `navid` LIKE '%%' LIMIT 1   [ RunTime:0.0000s ]
SQL: SELECT `id`,`naviname`,`gid`,`title`,`date`,`navid`,`edit_date`,`content` FROM `emlog_navi` INNER JOIN emlog_blog ON emlog_blog.navid = emlog_navi.id  WHERE `title` LIKE '%%' AND `navid` LIKE '%%' ORDER BY date desc LIMIT 0,10   [ RunTime:0.0000s ]
INFO: [ view_parse ] --START--
INFO: [ template_filter ] --START--
INFO: Run Behavior\ContentReplaceBehavior [ RunTime:0.000000s ]
INFO: [ template_filter ] --END-- [ RunTime:0.000000s ]
INFO: Run Behavior\ParseTemplateBehavior [ RunTime:0.006001s ]
INFO: [ view_parse ] --END-- [ RunTime:0.006001s ]
INFO: [ view_filter ] --START--
INFO: Run Behavior\WriteHtmlCacheBehavior [ RunTime:0.000000s ]
INFO: [ view_filter ] --END-- [ RunTime:0.000000s ]
INFO: [ app_end ] --START--
INFO: Run Behavior\ShowPageTraceBehavior [ RunTime:0.001000s ]
INFO: [ app_end ] --END-- [ RunTime:0.001000s ]

[ 2017-09-21T09:56:12+08:00 ] 127.0.0.1 /
INFO: [ app_init ] --START--
INFO: Run Behavior\BuildLiteBehavior [ RunTime:0.000000s ]
INFO: [ app_init ] --END-- [ RunTime:0.001000s ]
INFO: [ app_begin ] --START--
INFO: Run Behavior\ReadHtmlCacheBehavior [ RunTime:0.000000s ]
INFO: [ app_begin ] --END-- [ RunTime:0.000000s ]
SQL: SHOW COLUMNS FROM `emlog_setting` [ RunTime:0.0040s ]
SQL: SELECT `k`,`v` FROM `emlog_setting`  [ RunTime:0.0010s ]
SQL: SHOW COLUMNS FROM `emlog_navi` [ RunTime:0.0020s ]
SQL: SELECT `id`,`naviname`,`pid`,`en_name` FROM `emlog_navi` WHERE ( hide='y' )  [ RunTime:0.0010s ]
NOTIC: [8] Undefined variable: str E:\phpStudy\WWW\thinkmyblog\blog\Home\Controller\PublicController.class.php 第 26 行.
NOTIC: [8] Undefined variable: pid E:\phpStudy\WWW\thinkmyblog\blog\Home\Controller\PublicController.class.php 第 26 行.
SQL: SELECT COUNT(*) AS tp_count FROM `emlog_navi` INNER JOIN emlog_blog ON emlog_blog.navid = emlog_navi.id  WHERE `title` LIKE '%%' AND `navid` LIKE '%%' LIMIT 1   [ RunTime:0.0000s ]
SQL: SELECT `id`,`naviname`,`gid`,`title`,`date`,`navid`,`edit_date`,`content` FROM `emlog_navi` INNER JOIN emlog_blog ON emlog_blog.navid = emlog_navi.id  WHERE `title` LIKE '%%' AND `navid` LIKE '%%' ORDER BY date desc LIMIT 0,10   [ RunTime:0.0000s ]
INFO: [ view_parse ] --START--
INFO: [ template_filter ] --START--
INFO: Run Behavior\ContentReplaceBehavior [ RunTime:0.000000s ]
INFO: [ template_filter ] --END-- [ RunTime:0.000000s ]
INFO: Run Behavior\ParseTemplateBehavior [ RunTime:0.012000s ]
INFO: [ view_parse ] --END-- [ RunTime:0.012000s ]
INFO: [ view_filter ] --START--
INFO: Run Behavior\WriteHtmlCacheBehavior [ RunTime:0.001000s ]
INFO: [ view_filter ] --END-- [ RunTime:0.001000s ]
INFO: [ app_end ] --START--
INFO: Run Behavior\ShowPageTraceBehavior [ RunTime:0.000000s ]
INFO: [ app_end ] --END-- [ RunTime:0.000000s ]

[ 2017-09-21T09:57:29+08:00 ] 127.0.0.1 /
INFO: [ app_init ] --START--
INFO: Run Behavior\BuildLiteBehavior [ RunTime:0.000000s ]
INFO: [ app_init ] --END-- [ RunTime:0.001000s ]
INFO: [ app_begin ] --START--
INFO: Run Behavior\ReadHtmlCacheBehavior [ RunTime:0.001000s ]
INFO: [ app_begin ] --END-- [ RunTime:0.001000s ]
SQL: SHOW COLUMNS FROM `emlog_setting` [ RunTime:0.0040s ]
SQL: SELECT `k`,`v` FROM `emlog_setting`  [ RunTime:0.0000s ]
SQL: SHOW COLUMNS FROM `emlog_navi` [ RunTime:0.0040s ]
SQL: SELECT `id`,`naviname`,`pid`,`en_name` FROM `emlog_navi` WHERE ( hide='y' )  [ RunTime:0.0000s ]
NOTIC: [8] Undefined variable: str E:\phpStudy\WWW\thinkmyblog\blog\Home\Controller\PublicController.class.php 第 26 行.
NOTIC: [8] Undefined variable: pid E:\phpStudy\WWW\thinkmyblog\blog\Home\Controller\PublicController.class.php 第 26 行.
SQL: SELECT COUNT(*) AS tp_count FROM `emlog_navi` INNER JOIN emlog_blog ON emlog_blog.navid = emlog_navi.id  WHERE `title` LIKE '%%' AND `navid` LIKE '%%' LIMIT 1   [ RunTime:0.0010s ]
SQL: SELECT `id`,`naviname`,`gid`,`title`,`date`,`navid`,`edit_date`,`content` FROM `emlog_navi` INNER JOIN emlog_blog ON emlog_blog.navid = emlog_navi.id  WHERE `title` LIKE '%%' AND `navid` LIKE '%%' ORDER BY date desc LIMIT 0,10   [ RunTime:0.0010s ]
INFO: [ view_parse ] --START--
INFO: [ template_filter ] --START--
INFO: Run Behavior\ContentReplaceBehavior [ RunTime:0.000000s ]
INFO: [ template_filter ] --END-- [ RunTime:0.000000s ]
INFO: Run Behavior\ParseTemplateBehavior [ RunTime:0.006000s ]
INFO: [ view_parse ] --END-- [ RunTime:0.006000s ]
INFO: [ view_filter ] --START--
INFO: Run Behavior\WriteHtmlCacheBehavior [ RunTime:0.000000s ]
INFO: [ view_filter ] --END-- [ RunTime:0.000000s ]
INFO: [ app_end ] --START--
INFO: Run Behavior\ShowPageTraceBehavior [ RunTime:0.001000s ]
INFO: [ app_end ] --END-- [ RunTime:0.001000s ]

[ 2017-09-21T09:58:13+08:00 ] 127.0.0.1 /
INFO: [ app_init ] --START--
INFO: Run Behavior\BuildLiteBehavior [ RunTime:0.000000s ]
INFO: [ app_init ] --END-- [ RunTime:0.000000s ]
INFO: [ app_begin ] --START--
INFO: Run Behavior\ReadHtmlCacheBehavior [ RunTime:0.000000s ]
INFO: [ app_begin ] --END-- [ RunTime:0.000000s ]
SQL: SHOW COLUMNS FROM `emlog_setting` [ RunTime:0.0070s ]
SQL: SELECT `k`,`v` FROM `emlog_setting`  [ RunTime:0.0000s ]
SQL: SHOW COLUMNS FROM `emlog_navi` [ RunTime:0.0070s ]
SQL: SELECT `id`,`naviname`,`pid`,`en_name` FROM `emlog_navi` WHERE ( hide='y' )  [ RunTime:0.0010s ]
NOTIC: [8] Undefined variable: str E:\phpStudy\WWW\thinkmyblog\blog\Home\Controller\PublicController.class.php 第 26 行.
NOTIC: [8] Undefined variable: pid E:\phpStudy\WWW\thinkmyblog\blog\Home\Controller\PublicController.class.php 第 26 行.
SQL: SELECT COUNT(*) AS tp_count FROM `emlog_navi` INNER JOIN emlog_blog ON emlog_blog.navid = emlog_navi.id  WHERE `title` LIKE '%%' AND `navid` LIKE '%%' LIMIT 1   [ RunTime:0.0010s ]
SQL: SELECT `id`,`naviname`,`gid`,`title`,`date`,`navid`,`edit_date`,`content` FROM `emlog_navi` INNER JOIN emlog_blog ON emlog_blog.navid = emlog_navi.id  WHERE `title` LIKE '%%' AND `navid` LIKE '%%' ORDER BY date desc LIMIT 0,10   [ RunTime:0.0010s ]
INFO: [ view_parse ] --START--
INFO: [ template_filter ] --START--
INFO: Run Behavior\ContentReplaceBehavior [ RunTime:0.000000s ]
INFO: [ template_filter ] --END-- [ RunTime:0.000000s ]
INFO: Run Behavior\ParseTemplateBehavior [ RunTime:0.006001s ]
INFO: [ view_parse ] --END-- [ RunTime:0.006001s ]
INFO: [ view_filter ] --START--
INFO: Run Behavior\WriteHtmlCacheBehavior [ RunTime:0.000000s ]
INFO: [ view_filter ] --END-- [ RunTime:0.000000s ]
INFO: [ app_end ] --START--
INFO: Run Behavior\ShowPageTraceBehavior [ RunTime:0.000000s ]
INFO: [ app_end ] --END-- [ RunTime:0.000000s ]

[ 2017-09-21T10:00:34+08:00 ] 127.0.0.1 /
INFO: [ app_init ] --START--
INFO: Run Behavior\BuildLiteBehavior [ RunTime:0.000000s ]
INFO: [ app_init ] --END-- [ RunTime:0.000000s ]
INFO: [ app_begin ] --START--
INFO: Run Behavior\ReadHtmlCacheBehavior [ RunTime:0.000000s ]
INFO: [ app_begin ] --END-- [ RunTime:0.000000s ]
SQL: SHOW COLUMNS FROM `emlog_setting` [ RunTime:0.0050s ]
SQL: SELECT `k`,`v` FROM `emlog_setting`  [ RunTime:0.0000s ]
SQL: SHOW COLUMNS FROM `emlog_navi` [ RunTime:0.0070s ]
SQL: SELECT `id`,`naviname`,`pid`,`en_name` FROM `emlog_navi` WHERE ( hide='y' )  [ RunTime:0.0000s ]
NOTIC: [8] Undefined variable: str E:\phpStudy\WWW\thinkmyblog\blog\Home\Controller\PublicController.class.php 第 26 行.
NOTIC: [8] Undefined variable: pid E:\phpStudy\WWW\thinkmyblog\blog\Home\Controller\PublicController.class.php 第 26 行.
SQL: SELECT COUNT(*) AS tp_count FROM `emlog_navi` INNER JOIN emlog_blog ON emlog_blog.navid = emlog_navi.id  WHERE `title` LIKE '%%' AND `navid` LIKE '%%' LIMIT 1   [ RunTime:0.0000s ]
SQL: SELECT `id`,`naviname`,`gid`,`title`,`date`,`navid`,`edit_date`,`content` FROM `emlog_navi` INNER JOIN emlog_blog ON emlog_blog.navid = emlog_navi.id  WHERE `title` LIKE '%%' AND `navid` LIKE '%%' ORDER BY date desc LIMIT 0,10   [ RunTime:0.0000s ]
INFO: [ view_parse ] --START--
INFO: [ template_filter ] --START--
INFO: Run Behavior\ContentReplaceBehavior [ RunTime:0.000000s ]
INFO: [ template_filter ] --END-- [ RunTime:0.000000s ]
INFO: Run Behavior\ParseTemplateBehavior [ RunTime:0.006001s ]
INFO: [ view_parse ] --END-- [ RunTime:0.006001s ]
INFO: [ view_filter ] --START--
INFO: Run Behavior\WriteHtmlCacheBehavior [ RunTime:0.000000s ]
INFO: [ view_filter ] --END-- [ RunTime:0.000000s ]
INFO: [ app_end ] --START--
INFO: Run Behavior\ShowPageTraceBehavior [ RunTime:0.000000s ]
INFO: [ app_end ] --END-- [ RunTime:0.000000s ]

[ 2017-09-21T10:01:48+08:00 ] 127.0.0.1 /
INFO: [ app_init ] --START--
INFO: Run Behavior\BuildLiteBehavior [ RunTime:0.000000s ]
INFO: [ app_init ] --END-- [ RunTime:0.001000s ]
INFO: [ app_begin ] --START--
INFO: Run Behavior\ReadHtmlCacheBehavior [ RunTime:0.001000s ]
INFO: [ app_begin ] --END-- [ RunTime:0.001000s ]
SQL: SHOW COLUMNS FROM `emlog_setting` [ RunTime:0.0090s ]
SQL: SELECT `k`,`v` FROM `emlog_setting`  [ RunTime:0.0010s ]
SQL: SHOW COLUMNS FROM `emlog_navi` [ RunTime:0.0100s ]
SQL: SELECT `id`,`naviname`,`pid`,`en_name` FROM `emlog_navi` WHERE ( hide='y' )  [ RunTime:0.0010s ]
NOTIC: [8] Undefined variable: str E:\phpStudy\WWW\thinkmyblog\blog\Home\Controller\PublicController.class.php 第 26 行.
NOTIC: [8] Undefined variable: pid E:\phpStudy\WWW\thinkmyblog\blog\Home\Controller\PublicController.class.php 第 26 行.
SQL: SELECT COUNT(*) AS tp_count FROM `emlog_navi` INNER JOIN emlog_blog ON emlog_blog.navid = emlog_navi.id  WHERE `title` LIKE '%%' AND `navid` LIKE '%%' LIMIT 1   [ RunTime:0.0010s ]
SQL: SELECT `id`,`naviname`,`gid`,`title`,`date`,`navid`,`edit_date`,`content` FROM `emlog_navi` INNER JOIN emlog_blog ON emlog_blog.navid = emlog_navi.id  WHERE `title` LIKE '%%' AND `navid` LIKE '%%' ORDER BY date desc LIMIT 0,10   [ RunTime:0.0000s ]
INFO: [ view_parse ] --START--
INFO: [ template_filter ] --START--
INFO: Run Behavior\ContentReplaceBehavior [ RunTime:0.000000s ]
INFO: [ template_filter ] --END-- [ RunTime:0.000000s ]
INFO: Run Behavior\ParseTemplateBehavior [ RunTime:0.006000s ]
INFO: [ view_parse ] --END-- [ RunTime:0.006000s ]
INFO: [ view_filter ] --START--
INFO: Run Behavior\WriteHtmlCacheBehavior [ RunTime:0.000000s ]
INFO: [ view_filter ] --END-- [ RunTime:0.000000s ]
INFO: [ app_end ] --START--
INFO: Run Behavior\ShowPageTraceBehavior [ RunTime:0.001001s ]
INFO: [ app_end ] --END-- [ RunTime:0.001001s ]

[ 2017-09-21T10:04:24+08:00 ] 127.0.0.1 /
INFO: [ app_init ] --START--
INFO: Run Behavior\BuildLiteBehavior [ RunTime:0.000000s ]
INFO: [ app_init ] --END-- [ RunTime:0.000000s ]
INFO: [ app_begin ] --START--
INFO: Run Behavior\ReadHtmlCacheBehavior [ RunTime:0.000000s ]
INFO: [ app_begin ] --END-- [ RunTime:0.001000s ]
SQL: SHOW COLUMNS FROM `emlog_setting` [ RunTime:0.0060s ]
SQL: SELECT `k`,`v` FROM `emlog_setting`  [ RunTime:0.0000s ]
SQL: SHOW COLUMNS FROM `emlog_navi` [ RunTime:0.0060s ]
SQL: SELECT `id`,`naviname`,`pid`,`en_name` FROM `emlog_navi` WHERE ( hide='y' )  [ RunTime:0.0000s ]
NOTIC: [8] Undefined variable: str E:\phpStudy\WWW\thinkmyblog\blog\Home\Controller\PublicController.class.php 第 26 行.
NOTIC: [8] Undefined variable: pid E:\phpStudy\WWW\thinkmyblog\blog\Home\Controller\PublicController.class.php 第 26 行.
SQL: SELECT COUNT(*) AS tp_count FROM `emlog_navi` INNER JOIN emlog_blog ON emlog_blog.navid = emlog_navi.id  WHERE `title` LIKE '%%' AND `navid` LIKE '%%' LIMIT 1   [ RunTime:0.0000s ]
SQL: SELECT `id`,`naviname`,`gid`,`title`,`date`,`navid`,`edit_date`,`content` FROM `emlog_navi` INNER JOIN emlog_blog ON emlog_blog.navid = emlog_navi.id  WHERE `title` LIKE '%%' AND `navid` LIKE '%%' ORDER BY date desc LIMIT 0,10   [ RunTime:0.0000s ]
INFO: [ view_parse ] --START--
INFO: [ template_filter ] --START--
INFO: Run Behavior\ContentReplaceBehavior [ RunTime:0.000000s ]
INFO: [ template_filter ] --END-- [ RunTime:0.000000s ]
INFO: Run Behavior\ParseTemplateBehavior [ RunTime:0.013001s ]
INFO: [ view_parse ] --END-- [ RunTime:0.013001s ]
INFO: [ view_filter ] --START--
INFO: Run Behavior\WriteHtmlCacheBehavior [ RunTime:0.000000s ]
INFO: [ view_filter ] --END-- [ RunTime:0.000000s ]
INFO: [ app_end ] --START--
INFO: Run Behavior\ShowPageTraceBehavior [ RunTime:0.001000s ]
INFO: [ app_end ] --END-- [ RunTime:0.001000s ]

[ 2017-09-21T10:04:29+08:00 ] 127.0.0.1 /article/66.html
INFO: [ app_init ] --START--
INFO: Run Behavior\BuildLiteBehavior [ RunTime:0.000000s ]
INFO: [ app_init ] --END-- [ RunTime:0.000000s ]
INFO: [ app_begin ] --START--
INFO: Run Behavior\ReadHtmlCacheBehavior [ RunTime:0.001000s ]
INFO: [ app_begin ] --END-- [ RunTime:0.001000s ]
SQL: SHOW COLUMNS FROM `emlog_setting` [ RunTime:0.0090s ]
SQL: SELECT `k`,`v` FROM `emlog_setting`  [ RunTime:0.0000s ]
SQL: SHOW COLUMNS FROM `emlog_navi` [ RunTime:0.0090s ]
SQL: SELECT `id`,`naviname`,`pid`,`en_name` FROM `emlog_navi` WHERE ( hide='y' )  [ RunTime:0.0000s ]
NOTIC: [8] Undefined variable: str E:\phpStudy\WWW\thinkmyblog\blog\Home\Controller\PublicController.class.php 第 26 行.
NOTIC: [8] Undefined variable: pid E:\phpStudy\WWW\thinkmyblog\blog\Home\Controller\PublicController.class.php 第 26 行.
SQL: SELECT `gid`,`title`,`date`,`content`,`naviname`,`navid`,`blog_seotitle`,`keywords`,`description` FROM `emlog_navi` INNER JOIN emlog_blog ON emlog_blog.navid = emlog_navi.id  WHERE ( gid = '66' )  [ RunTime:0.0010s ]
SQL: SELECT `gid`,`title` FROM `emlog_navi` INNER JOIN emlog_blog ON emlog_blog.navid = emlog_navi.id  WHERE ( gid < '66' ) LIMIT 1   [ RunTime:0.0000s ]
SQL: SELECT `gid`,`title` FROM `emlog_navi` INNER JOIN emlog_blog ON emlog_blog.navid = emlog_navi.id  WHERE ( gid > '66' ) LIMIT 1   [ RunTime:0.0010s ]
SQL: SELECT `gid`,`title` FROM `emlog_navi` INNER JOIN emlog_blog ON emlog_blog.navid = emlog_navi.id  LIMIT 6   [ RunTime:0.0000s ]
NOTIC: [8] Undefined variable: show E:\phpStudy\WWW\thinkmyblog\blog\Home\Controller\BlogController.class.php 第 59 行.
INFO: [ view_parse ] --START--
INFO: [ template_filter ] --START--
INFO: Run Behavior\ContentReplaceBehavior [ RunTime:0.000000s ]
INFO: [ template_filter ] --END-- [ RunTime:0.000000s ]
INFO: Run Behavior\ParseTemplateBehavior [ RunTime:0.009001s ]
INFO: [ view_parse ] --END-- [ RunTime:0.009001s ]
INFO: [ view_filter ] --START--
INFO: Run Behavior\WriteHtmlCacheBehavior [ RunTime:0.000000s ]
INFO: [ view_filter ] --END-- [ RunTime:0.000000s ]
INFO: [ app_end ] --START--
INFO: Run Behavior\ShowPageTraceBehavior [ RunTime:0.001000s ]
INFO: [ app_end ] --END-- [ RunTime:0.001000s ]

[ 2017-09-21T10:05:25+08:00 ] 127.0.0.1 /article/66.html
INFO: [ app_init ] --START--
INFO: Run Behavior\BuildLiteBehavior [ RunTime:0.000000s ]
INFO: [ app_init ] --END-- [ RunTime:0.001000s ]
INFO: [ app_begin ] --START--
INFO: Run Behavior\ReadHtmlCacheBehavior [ RunTime:0.001000s ]
INFO: [ app_begin ] --END-- [ RunTime:0.001000s ]
SQL: SHOW COLUMNS FROM `emlog_setting` [ RunTime:0.0070s ]
SQL: SELECT `k`,`v` FROM `emlog_setting`  [ RunTime:0.0000s ]
SQL: SHOW COLUMNS FROM `emlog_navi` [ RunTime:0.0070s ]
SQL: SELECT `id`,`naviname`,`pid`,`en_name` FROM `emlog_navi` WHERE ( hide='y' )  [ RunTime:0.0000s ]
NOTIC: [8] Undefined variable: str E:\phpStudy\WWW\thinkmyblog\blog\Home\Controller\PublicController.class.php 第 26 行.
NOTIC: [8] Undefined variable: pid E:\phpStudy\WWW\thinkmyblog\blog\Home\Controller\PublicController.class.php 第 26 行.
SQL: SELECT `gid`,`title`,`date`,`content`,`naviname`,`navid`,`blog_seotitle`,`keywords`,`description` FROM `emlog_navi` INNER JOIN emlog_blog ON emlog_blog.navid = emlog_navi.id  WHERE ( gid = '66' )  [ RunTime:0.0010s ]
SQL: SELECT `gid`,`title` FROM `emlog_navi` INNER JOIN emlog_blog ON emlog_blog.navid = emlog_navi.id  WHERE ( gid < '66' ) LIMIT 1   [ RunTime:0.0000s ]
SQL: SELECT `gid`,`title` FROM `emlog_navi` INNER JOIN emlog_blog ON emlog_blog.navid = emlog_navi.id  WHERE ( gid > '66' ) LIMIT 1   [ RunTime:0.0000s ]
SQL: SELECT `gid`,`title` FROM `emlog_navi` INNER JOIN emlog_blog ON emlog_blog.navid = emlog_navi.id  LIMIT 6   [ RunTime:0.0010s ]
NOTIC: [8] Undefined variable: show E:\phpStudy\WWW\thinkmyblog\blog\Home\Controller\BlogController.class.php 第 59 行.
INFO: [ view_parse ] --START--
INFO: [ template_filter ] --START--
INFO: Run Behavior\ContentReplaceBehavior [ RunTime:0.000000s ]
INFO: [ template_filter ] --END-- [ RunTime:0.000000s ]
INFO: Run Behavior\ParseTemplateBehavior [ RunTime:0.006001s ]
INFO: [ view_parse ] --END-- [ RunTime:0.006001s ]
INFO: [ view_filter ] --START--
INFO: Run Behavior\WriteHtmlCacheBehavior [ RunTime:0.001000s ]
INFO: [ view_filter ] --END-- [ RunTime:0.001000s ]
INFO: [ app_end ] --START--
INFO: Run Behavior\ShowPageTraceBehavior [ RunTime:0.000000s ]
INFO: [ app_end ] --END-- [ RunTime:0.000000s ]

[ 2017-09-21T10:05:32+08:00 ] 127.0.0.1 /article/67.html
INFO: [ app_init ] --START--
INFO: Run Behavior\BuildLiteBehavior [ RunTime:0.000000s ]
INFO: [ app_init ] --END-- [ RunTime:0.000000s ]
INFO: [ app_begin ] --START--
INFO: Run Behavior\ReadHtmlCacheBehavior [ RunTime:0.001000s ]
INFO: [ app_begin ] --END-- [ RunTime:0.001000s ]
SQL: SHOW COLUMNS FROM `emlog_setting` [ RunTime:0.0110s ]
SQL: SELECT `k`,`v` FROM `emlog_setting`  [ RunTime:0.0000s ]
SQL: SHOW COLUMNS FROM `emlog_navi` [ RunTime:0.0070s ]
SQL: SELECT `id`,`naviname`,`pid`,`en_name` FROM `emlog_navi` WHERE ( hide='y' )  [ RunTime:0.0000s ]
NOTIC: [8] Undefined variable: str E:\phpStudy\WWW\thinkmyblog\blog\Home\Controller\PublicController.class.php 第 26 行.
NOTIC: [8] Undefined variable: pid E:\phpStudy\WWW\thinkmyblog\blog\Home\Controller\PublicController.class.php 第 26 行.
SQL: SELECT `gid`,`title`,`date`,`content`,`naviname`,`navid`,`blog_seotitle`,`keywords`,`description` FROM `emlog_navi` INNER JOIN emlog_blog ON emlog_blog.navid = emlog_navi.id  WHERE ( gid = '67' )  [ RunTime:0.0000s ]
SQL: SELECT `gid`,`title` FROM `emlog_navi` INNER JOIN emlog_blog ON emlog_blog.navid = emlog_navi.id  WHERE ( gid < '67' ) LIMIT 1   [ RunTime:0.0000s ]
SQL: SELECT `gid`,`title` FROM `emlog_navi` INNER JOIN emlog_blog ON emlog_blog.navid = emlog_navi.id  WHERE ( gid > '67' ) LIMIT 1   [ RunTime:0.0000s ]
SQL: SELECT `gid`,`title` FROM `emlog_navi` INNER JOIN emlog_blog ON emlog_blog.navid = emlog_navi.id  LIMIT 6   [ RunTime:0.0000s ]
NOTIC: [8] Undefined variable: show E:\phpStudy\WWW\thinkmyblog\blog\Home\Controller\BlogController.class.php 第 59 行.
INFO: [ view_parse ] --START--
INFO: [ template_filter ] --START--
INFO: Run Behavior\ContentReplaceBehavior [ RunTime:0.000000s ]
INFO: [ template_filter ] --END-- [ RunTime:0.001000s ]
INFO: Run Behavior\ParseTemplateBehavior [ RunTime:0.005000s ]
INFO: [ view_parse ] --END-- [ RunTime:0.005000s ]
INFO: [ view_filter ] --START--
INFO: Run Behavior\WriteHtmlCacheBehavior [ RunTime:0.000000s ]
INFO: [ view_filter ] --END-- [ RunTime:0.000000s ]
INFO: [ app_end ] --START--
INFO: Run Behavior\ShowPageTraceBehavior [ RunTime:0.000000s ]
INFO: [ app_end ] --END-- [ RunTime:0.000000s ]

[ 2017-09-21T10:07:02+08:00 ] 127.0.0.1 /
INFO: [ app_init ] --START--
INFO: Run Behavior\BuildLiteBehavior [ RunTime:0.000000s ]
INFO: [ app_init ] --END-- [ RunTime:0.001000s ]
INFO: [ app_begin ] --START--
INFO: Run Behavior\ReadHtmlCacheBehavior [ RunTime:0.000000s ]
INFO: [ app_begin ] --END-- [ RunTime:0.000000s ]
SQL: SHOW COLUMNS FROM `emlog_setting` [ RunTime:0.0060s ]
SQL: SELECT `k`,`v` FROM `emlog_setting`  [ RunTime:0.0000s ]
SQL: SHOW COLUMNS FROM `emlog_navi` [ RunTime:0.0070s ]
SQL: SELECT `id`,`naviname`,`pid`,`en_name` FROM `emlog_navi` WHERE ( hide='y' )  [ RunTime:0.0000s ]
NOTIC: [8] Undefined variable: str E:\phpStudy\WWW\thinkmyblog\blog\Home\Controller\PublicController.class.php 第 26 行.
NOTIC: [8] Undefined variable: pid E:\phpStudy\WWW\thinkmyblog\blog\Home\Controller\PublicController.class.php 第 26 行.
SQL: SELECT COUNT(*) AS tp_count FROM `emlog_navi` INNER JOIN emlog_blog ON emlog_blog.navid = emlog_navi.id  WHERE `title` LIKE '%%' AND `navid` LIKE '%%' LIMIT 1   [ RunTime:0.0000s ]
SQL: SELECT `id`,`naviname`,`gid`,`title`,`date`,`navid`,`edit_date`,`content` FROM `emlog_navi` INNER JOIN emlog_blog ON emlog_blog.navid = emlog_navi.id  WHERE `title` LIKE '%%' AND `navid` LIKE '%%' ORDER BY date desc LIMIT 0,10   [ RunTime:0.0000s ]
INFO: [ view_parse ] --START--
INFO: [ template_filter ] --START--
INFO: Run Behavior\ContentReplaceBehavior [ RunTime:0.000000s ]
INFO: [ template_filter ] --END-- [ RunTime:0.000000s ]
INFO: Run Behavior\ParseTemplateBehavior [ RunTime:0.007000s ]
INFO: [ view_parse ] --END-- [ RunTime:0.007000s ]
INFO: [ view_filter ] --START--
INFO: Run Behavior\WriteHtmlCacheBehavior [ RunTime:0.000000s ]
INFO: [ view_filter ] --END-- [ RunTime:0.000000s ]
INFO: [ app_end ] --START--
INFO: Run Behavior\ShowPageTraceBehavior [ RunTime:0.000000s ]
INFO: [ app_end ] --END-- [ RunTime:0.001000s ]

[ 2017-09-21T10:07:09+08:00 ] 127.0.0.1 /article/66.html
INFO: [ app_init ] --START--
INFO: Run Behavior\BuildLiteBehavior [ RunTime:0.000000s ]
INFO: [ app_init ] --END-- [ RunTime:0.000000s ]
INFO: [ app_begin ] --START--
INFO: Run Behavior\ReadHtmlCacheBehavior [ RunTime:0.001000s ]
INFO: [ app_begin ] --END-- [ RunTime:0.001000s ]
SQL: SHOW COLUMNS FROM `emlog_setting` [ RunTime:0.0070s ]
SQL: SELECT `k`,`v` FROM `emlog_setting`  [ RunTime:0.0000s ]
SQL: SHOW COLUMNS FROM `emlog_navi` [ RunTime:0.0070s ]
SQL: SELECT `id`,`naviname`,`pid`,`en_name` FROM `emlog_navi` WHERE ( hide='y' )  [ RunTime:0.0000s ]
NOTIC: [8] Undefined variable: str E:\phpStudy\WWW\thinkmyblog\blog\Home\Controller\PublicController.class.php 第 26 行.
NOTIC: [8] Undefined variable: pid E:\phpStudy\WWW\thinkmyblog\blog\Home\Controller\PublicController.class.php 第 26 行.
SQL: SELECT `gid`,`title`,`date`,`content`,`naviname`,`navid`,`blog_seotitle`,`keywords`,`description` FROM `emlog_navi` INNER JOIN emlog_blog ON emlog_blog.navid = emlog_navi.id  WHERE ( gid = '66' )  [ RunTime:0.0000s ]
SQL: SELECT `gid`,`title` FROM `emlog_navi` INNER JOIN emlog_blog ON emlog_blog.navid = emlog_navi.id  WHERE ( gid < '66' ) LIMIT 1   [ RunTime:0.0010s ]
SQL: SELECT `gid`,`title` FROM `emlog_navi` INNER JOIN emlog_blog ON emlog_blog.navid = emlog_navi.id  WHERE ( gid > '66' ) LIMIT 1   [ RunTime:0.0000s ]
SQL: SELECT `gid`,`title` FROM `emlog_navi` INNER JOIN emlog_blog ON emlog_blog.navid = emlog_navi.id  LIMIT 6   [ RunTime:0.0000s ]
NOTIC: [8] Undefined variable: show E:\phpStudy\WWW\thinkmyblog\blog\Home\Controller\BlogController.class.php 第 59 行.
INFO: [ view_parse ] --START--
INFO: [ template_filter ] --START--
INFO: Run Behavior\ContentReplaceBehavior [ RunTime:0.000000s ]
INFO: [ template_filter ] --END-- [ RunTime:0.000000s ]
INFO: Run Behavior\ParseTemplateBehavior [ RunTime:0.007001s ]
INFO: [ view_parse ] --END-- [ RunTime:0.007001s ]
INFO: [ view_filter ] --START--
INFO: Run Behavior\WriteHtmlCacheBehavior [ RunTime:0.000000s ]
INFO: [ view_filter ] --END-- [ RunTime:0.000000s ]
INFO: [ app_end ] --START--
INFO: Run Behavior\ShowPageTraceBehavior [ RunTime:0.000000s ]
INFO: [ app_end ] --END-- [ RunTime:0.000000s ]

[ 2017-09-21T10:08:28+08:00 ] 127.0.0.1 /article/66.html
INFO: [ app_init ] --START--
INFO: Run Behavior\BuildLiteBehavior [ RunTime:0.000000s ]
INFO: [ app_init ] --END-- [ RunTime:0.001000s ]
INFO: [ app_begin ] --START--
INFO: Run Behavior\ReadHtmlCacheBehavior [ RunTime:0.001001s ]
INFO: [ app_begin ] --END-- [ RunTime:0.001001s ]
SQL: SHOW COLUMNS FROM `emlog_setting` [ RunTime:0.0040s ]
SQL: SELECT `k`,`v` FROM `emlog_setting`  [ RunTime:0.0000s ]
SQL: SHOW COLUMNS FROM `emlog_navi` [ RunTime:0.0030s ]
SQL: SELECT `id`,`naviname`,`pid`,`en_name` FROM `emlog_navi` WHERE ( hide='y' )  [ RunTime:0.0000s ]
NOTIC: [8] Undefined variable: str E:\phpStudy\WWW\thinkmyblog\blog\Home\Controller\PublicController.class.php 第 26 行.
NOTIC: [8] Undefined variable: pid E:\phpStudy\WWW\thinkmyblog\blog\Home\Controller\PublicController.class.php 第 26 行.
SQL: SELECT `gid`,`title`,`date`,`content`,`naviname`,`navid`,`blog_seotitle`,`keywords`,`description` FROM `emlog_navi` INNER JOIN emlog_blog ON emlog_blog.navid = emlog_navi.id  WHERE ( gid = '66' )  [ RunTime:0.0000s ]
SQL: SELECT `gid`,`title` FROM `emlog_navi` INNER JOIN emlog_blog ON emlog_blog.navid = emlog_navi.id  WHERE ( gid < '66' ) LIMIT 1   [ RunTime:0.0010s ]
SQL: SELECT `gid`,`title` FROM `emlog_navi` INNER JOIN emlog_blog ON emlog_blog.navid = emlog_navi.id  WHERE ( gid > '66' ) LIMIT 1   [ RunTime:0.0000s ]
SQL: SELECT `gid`,`title` FROM `emlog_navi` INNER JOIN emlog_blog ON emlog_blog.navid = emlog_navi.id  LIMIT 6   [ RunTime:0.0000s ]
NOTIC: [8] Undefined variable: show E:\phpStudy\WWW\thinkmyblog\blog\Home\Controller\BlogController.class.php 第 59 行.
INFO: [ view_parse ] --START--
INFO: [ template_filter ] --START--
INFO: Run Behavior\ContentReplaceBehavior [ RunTime:0.000000s ]
INFO: [ template_filter ] --END-- [ RunTime:0.000000s ]
INFO: Run Behavior\ParseTemplateBehavior [ RunTime:0.007001s ]
INFO: [ view_parse ] --END-- [ RunTime:0.007001s ]
INFO: [ view_filter ] --START--
INFO: Run Behavior\WriteHtmlCacheBehavior [ RunTime:0.000000s ]
INFO: [ view_filter ] --END-- [ RunTime:0.000000s ]
INFO: [ app_end ] --START--
INFO: Run Behavior\ShowPageTraceBehavior [ RunTime:0.001000s ]
INFO: [ app_end ] --END-- [ RunTime:0.001000s ]

[ 2017-09-21T10:09:17+08:00 ] 127.0.0.1 /article/67.html
INFO: [ app_init ] --START--
INFO: Run Behavior\BuildLiteBehavior [ RunTime:0.000000s ]
INFO: [ app_init ] --END-- [ RunTime:0.001000s ]
INFO: [ app_begin ] --START--
INFO: Run Behavior\ReadHtmlCacheBehavior [ RunTime:0.000000s ]
INFO: [ app_begin ] --END-- [ RunTime:0.000000s ]
SQL: SHOW COLUMNS FROM `emlog_setting` [ RunTime:0.0030s ]
SQL: SELECT `k`,`v` FROM `emlog_setting`  [ RunTime:0.0000s ]
SQL: SHOW COLUMNS FROM `emlog_navi` [ RunTime:0.0020s ]
SQL: SELECT `id`,`naviname`,`pid`,`en_name` FROM `emlog_navi` WHERE ( hide='y' )  [ RunTime:0.0000s ]
NOTIC: [8] Undefined variable: str E:\phpStudy\WWW\thinkmyblog\blog\Home\Controller\PublicController.class.php 第 26 行.
NOTIC: [8] Undefined variable: pid E:\phpStudy\WWW\thinkmyblog\blog\Home\Controller\PublicController.class.php 第 26 行.
SQL: SELECT `gid`,`title`,`date`,`content`,`naviname`,`navid`,`blog_seotitle`,`keywords`,`description` FROM `emlog_navi` INNER JOIN emlog_blog ON emlog_blog.navid = emlog_navi.id  WHERE ( gid = '67' )  [ RunTime:0.0000s ]
SQL: SELECT `gid`,`title` FROM `emlog_navi` INNER JOIN emlog_blog ON emlog_blog.navid = emlog_navi.id  WHERE ( gid < '67' ) LIMIT 1   [ RunTime:0.0000s ]
SQL: SELECT `gid`,`title` FROM `emlog_navi` INNER JOIN emlog_blog ON emlog_blog.navid = emlog_navi.id  WHERE ( gid > '67' ) LIMIT 1   [ RunTime:0.0000s ]
SQL: SELECT `gid`,`title` FROM `emlog_navi` INNER JOIN emlog_blog ON emlog_blog.navid = emlog_navi.id  LIMIT 6   [ RunTime:0.0000s ]
NOTIC: [8] Undefined variable: show E:\phpStudy\WWW\thinkmyblog\blog\Home\Controller\BlogController.class.php 第 59 行.
INFO: [ view_parse ] --START--
INFO: [ template_filter ] --START--
INFO: Run Behavior\ContentReplaceBehavior [ RunTime:0.000000s ]
INFO: [ template_filter ] --END-- [ RunTime:0.000000s ]
INFO: Run Behavior\ParseTemplateBehavior [ RunTime:0.005001s ]
INFO: [ view_parse ] --END-- [ RunTime:0.005001s ]
INFO: [ view_filter ] --START--
INFO: Run Behavior\WriteHtmlCacheBehavior [ RunTime:0.001000s ]
INFO: [ view_filter ] --END-- [ RunTime:0.001000s ]
INFO: [ app_end ] --START--
INFO: Run Behavior\ShowPageTraceBehavior [ RunTime:0.000000s ]
INFO: [ app_end ] --END-- [ RunTime:0.000000s ]

[ 2017-09-21T10:11:08+08:00 ] 127.0.0.1 /article/67.html
INFO: [ app_init ] --START--
INFO: Run Behavior\BuildLiteBehavior [ RunTime:0.000000s ]
INFO: [ app_init ] --END-- [ RunTime:0.000000s ]
INFO: [ app_begin ] --START--
INFO: Run Behavior\ReadHtmlCacheBehavior [ RunTime:0.001000s ]
INFO: [ app_begin ] --END-- [ RunTime:0.001000s ]
SQL: SHOW COLUMNS FROM `emlog_setting` [ RunTime:0.0030s ]
SQL: SELECT `k`,`v` FROM `emlog_setting`  [ RunTime:0.0000s ]
SQL: SHOW COLUMNS FROM `emlog_navi` [ RunTime:0.0030s ]
SQL: SELECT `id`,`naviname`,`pid`,`en_name` FROM `emlog_navi` WHERE ( hide='y' )  [ RunTime:0.0000s ]
NOTIC: [8] Undefined variable: str E:\phpStudy\WWW\thinkmyblog\blog\Home\Controller\PublicController.class.php 第 26 行.
NOTIC: [8] Undefined variable: pid E:\phpStudy\WWW\thinkmyblog\blog\Home\Controller\PublicController.class.php 第 26 行.
SQL: SELECT `gid`,`title`,`date`,`content`,`naviname`,`navid`,`blog_seotitle`,`keywords`,`description` FROM `emlog_navi` INNER JOIN emlog_blog ON emlog_blog.navid = emlog_navi.id  WHERE ( gid = '67' )  [ RunTime:0.0000s ]
SQL: SELECT `gid`,`title` FROM `emlog_navi` INNER JOIN emlog_blog ON emlog_blog.navid = emlog_navi.id  WHERE ( gid < '67' ) LIMIT 1   [ RunTime:0.0010s ]
SQL: SELECT `gid`,`title` FROM `emlog_navi` INNER JOIN emlog_blog ON emlog_blog.navid = emlog_navi.id  WHERE ( gid > '67' ) LIMIT 1   [ RunTime:0.0000s ]
SQL: SELECT `gid`,`title` FROM `emlog_navi` INNER JOIN emlog_blog ON emlog_blog.navid = emlog_navi.id  LIMIT 6   [ RunTime:0.0000s ]
NOTIC: [8] Undefined variable: show E:\phpStudy\WWW\thinkmyblog\blog\Home\Controller\BlogController.class.php 第 59 行.
INFO: [ view_parse ] --START--
INFO: [ template_filter ] --START--
INFO: Run Behavior\ContentReplaceBehavior [ RunTime:0.000000s ]
INFO: [ template_filter ] --END-- [ RunTime:0.000000s ]
INFO: Run Behavior\ParseTemplateBehavior [ RunTime:0.006000s ]
INFO: [ view_parse ] --END-- [ RunTime:0.006000s ]
INFO: [ view_filter ] --START--
INFO: Run Behavior\WriteHtmlCacheBehavior [ RunTime:0.000000s ]
INFO: [ view_filter ] --END-- [ RunTime:0.000000s ]
INFO: [ app_end ] --START--
INFO: Run Behavior\ShowPageTraceBehavior [ RunTime:0.000000s ]
INFO: [ app_end ] --END-- [ RunTime:0.000000s ]

[ 2017-09-21T10:25:56+08:00 ] 127.0.0.1 /article/67.html
INFO: [ app_init ] --START--
INFO: Run Behavior\BuildLiteBehavior [ RunTime:0.000000s ]
INFO: [ app_init ] --END-- [ RunTime:0.000000s ]
INFO: [ app_begin ] --START--
INFO: Run Behavior\ReadHtmlCacheBehavior [ RunTime:0.001000s ]
INFO: [ app_begin ] --END-- [ RunTime:0.001000s ]
SQL: SHOW COLUMNS FROM `emlog_setting` [ RunTime:0.0070s ]
SQL: SELECT `k`,`v` FROM `emlog_setting`  [ RunTime:0.0000s ]
SQL: SHOW COLUMNS FROM `emlog_navi` [ RunTime:0.0070s ]
SQL: SELECT `id`,`naviname`,`pid`,`en_name` FROM `emlog_navi` WHERE ( hide='y' )  [ RunTime:0.0000s ]
NOTIC: [8] Undefined variable: str E:\phpStudy\WWW\thinkmyblog\blog\Home\Controller\PublicController.class.php 第 26 行.
NOTIC: [8] Undefined variable: pid E:\phpStudy\WWW\thinkmyblog\blog\Home\Controller\PublicController.class.php 第 26 行.
SQL: SELECT `gid`,`title`,`date`,`content`,`naviname`,`navid`,`blog_seotitle`,`keywords`,`description` FROM `emlog_navi` INNER JOIN emlog_blog ON emlog_blog.navid = emlog_navi.id  WHERE ( gid = '67' )  [ RunTime:0.0000s ]
SQL: SELECT `gid`,`title` FROM `emlog_navi` INNER JOIN emlog_blog ON emlog_blog.navid = emlog_navi.id  WHERE ( gid < '67' ) LIMIT 1   [ RunTime:0.0000s ]
SQL: SELECT `gid`,`title` FROM `emlog_navi` INNER JOIN emlog_blog ON emlog_blog.navid = emlog_navi.id  WHERE ( gid > '67' ) LIMIT 1   [ RunTime:0.0000s ]
SQL: SELECT `gid`,`title` FROM `emlog_navi` INNER JOIN emlog_blog ON emlog_blog.navid = emlog_navi.id  LIMIT 6   [ RunTime:0.0000s ]
NOTIC: [8] Undefined variable: show E:\phpStudy\WWW\thinkmyblog\blog\Home\Controller\BlogController.class.php 第 60 行.
INFO: [ view_parse ] --START--
INFO: [ template_filter ] --START--
INFO: Run Behavior\ContentReplaceBehavior [ RunTime:0.000000s ]
INFO: [ template_filter ] --END-- [ RunTime:0.000000s ]
INFO: Run Behavior\ParseTemplateBehavior [ RunTime:0.014001s ]
INFO: [ view_parse ] --END-- [ RunTime:0.014001s ]
INFO: [ view_filter ] --START--
INFO: Run Behavior\WriteHtmlCacheBehavior [ RunTime:0.000000s ]
INFO: [ view_filter ] --END-- [ RunTime:0.000000s ]
INFO: [ app_end ] --START--
INFO: Run Behavior\ShowPageTraceBehavior [ RunTime:0.001000s ]
INFO: [ app_end ] --END-- [ RunTime:0.001000s ]

[ 2017-09-21T10:26:31+08:00 ] 127.0.0.1 /article/67.html
INFO: [ app_init ] --START--
INFO: Run Behavior\BuildLiteBehavior [ RunTime:0.000000s ]
INFO: [ app_init ] --END-- [ RunTime:0.001000s ]
INFO: [ app_begin ] --START--
INFO: Run Behavior\ReadHtmlCacheBehavior [ RunTime:0.000000s ]
INFO: [ app_begin ] --END-- [ RunTime:0.001000s ]
SQL: SHOW COLUMNS FROM `emlog_setting` [ RunTime:0.0080s ]
SQL: SELECT `k`,`v` FROM `emlog_setting`  [ RunTime:0.0000s ]
SQL: SHOW COLUMNS FROM `emlog_navi` [ RunTime:0.0090s ]
SQL: SELECT `id`,`naviname`,`pid`,`en_name` FROM `emlog_navi` WHERE ( hide='y' )  [ RunTime:0.0010s ]
NOTIC: [8] Undefined variable: str E:\phpStudy\WWW\thinkmyblog\blog\Home\Controller\PublicController.class.php 第 26 行.
NOTIC: [8] Undefined variable: pid E:\phpStudy\WWW\thinkmyblog\blog\Home\Controller\PublicController.class.php 第 26 行.
SQL: SELECT `gid`,`title`,`date`,`content`,`naviname`,`navid`,`blog_seotitle`,`keywords`,`description` FROM `emlog_navi` INNER JOIN emlog_blog ON emlog_blog.navid = emlog_navi.id  WHERE ( gid = '67' )  [ RunTime:0.0010s ]
SQL: SELECT `gid`,`title` FROM `emlog_navi` INNER JOIN emlog_blog ON emlog_blog.navid = emlog_navi.id  WHERE ( gid < '67' ) LIMIT 1   [ RunTime:0.0000s ]
SQL: SELECT `gid`,`title` FROM `emlog_navi` INNER JOIN emlog_blog ON emlog_blog.navid = emlog_navi.id  WHERE ( gid > '67' ) LIMIT 1   [ RunTime:0.0000s ]
SQL: SELECT `gid`,`title` FROM `emlog_navi` INNER JOIN emlog_blog ON emlog_blog.navid = emlog_navi.id  LIMIT 6   [ RunTime:0.0000s ]
NOTIC: [8] Undefined variable: show E:\phpStudy\WWW\thinkmyblog\blog\Home\Controller\BlogController.class.php 第 60 行.
INFO: [ view_parse ] --START--
INFO: [ template_filter ] --START--
INFO: Run Behavior\ContentReplaceBehavior [ RunTime:0.000000s ]
INFO: [ template_filter ] --END-- [ RunTime:0.000000s ]
INFO: Run Behavior\ParseTemplateBehavior [ RunTime:0.005000s ]
INFO: [ view_parse ] --END-- [ RunTime:0.005000s ]
INFO: [ view_filter ] --START--
INFO: Run Behavior\WriteHtmlCacheBehavior [ RunTime:0.000000s ]
INFO: [ view_filter ] --END-- [ RunTime:0.000000s ]
INFO: [ app_end ] --START--
INFO: Run Behavior\ShowPageTraceBehavior [ RunTime:0.001000s ]
INFO: [ app_end ] --END-- [ RunTime:0.001000s ]

[ 2017-09-21T10:28:15+08:00 ] 127.0.0.1 /article/67.html
INFO: [ app_init ] --START--
INFO: Run Behavior\BuildLiteBehavior [ RunTime:0.000000s ]
INFO: [ app_init ] --END-- [ RunTime:0.001000s ]
INFO: [ app_begin ] --START--
INFO: Run Behavior\ReadHtmlCacheBehavior [ RunTime:0.000000s ]
INFO: [ app_begin ] --END-- [ RunTime:0.000000s ]

[ 2017-09-21T10:28:35+08:00 ] 127.0.0.1 /article/67.html
INFO: [ app_init ] --START--
INFO: Run Behavior\BuildLiteBehavior [ RunTime:0.000000s ]
INFO: [ app_init ] --END-- [ RunTime:0.001000s ]
INFO: [ app_begin ] --START--
INFO: Run Behavior\ReadHtmlCacheBehavior [ RunTime:0.000000s ]
INFO: [ app_begin ] --END-- [ RunTime:0.001000s ]

[ 2017-09-21T10:29:09+08:00 ] 127.0.0.1 /article/67.html
INFO: [ app_init ] --START--
INFO: Run Behavior\BuildLiteBehavior [ RunTime:0.000000s ]
INFO: [ app_init ] --END-- [ RunTime:0.001000s ]
INFO: [ app_begin ] --START--
INFO: Run Behavior\ReadHtmlCacheBehavior [ RunTime:0.001000s ]
INFO: [ app_begin ] --END-- [ RunTime:0.001000s ]

[ 2017-09-21T10:29:10+08:00 ] 127.0.0.1 /article/67.html
INFO: [ app_init ] --START--
INFO: Run Behavior\BuildLiteBehavior [ RunTime:0.000000s ]
INFO: [ app_init ] --END-- [ RunTime:0.001000s ]
INFO: [ app_begin ] --START--
INFO: Run Behavior\ReadHtmlCacheBehavior [ RunTime:0.001000s ]
INFO: [ app_begin ] --END-- [ RunTime:0.001000s ]

[ 2017-09-21T10:29:10+08:00 ] 127.0.0.1 /article/67.html
INFO: [ app_init ] --START--
INFO: Run Behavior\BuildLiteBehavior [ RunTime:0.000000s ]
INFO: [ app_init ] --END-- [ RunTime:0.000000s ]
INFO: [ app_begin ] --START--
INFO: Run Behavior\ReadHtmlCacheBehavior [ RunTime:0.001000s ]
INFO: [ app_begin ] --END-- [ RunTime:0.001000s ]

[ 2017-09-21T10:29:28+08:00 ] 127.0.0.1 /article/67.html
INFO: [ app_init ] --START--
INFO: Run Behavior\BuildLiteBehavior [ RunTime:0.000000s ]
INFO: [ app_init ] --END-- [ RunTime:0.000000s ]
INFO: [ app_begin ] --START--
INFO: Run Behavior\ReadHtmlCacheBehavior [ RunTime:0.000000s ]
INFO: [ app_begin ] --END-- [ RunTime:0.000000s ]
SQL: SHOW COLUMNS FROM `emlog_setting` [ RunTime:0.0070s ]
SQL: SELECT `k`,`v` FROM `emlog_setting`  [ RunTime:0.0000s ]
SQL: SHOW COLUMNS FROM `emlog_navi` [ RunTime:0.0080s ]
SQL: SELECT `id`,`naviname`,`pid`,`en_name` FROM `emlog_navi` WHERE ( hide='y' )  [ RunTime:0.0000s ]
NOTIC: [8] Undefined variable: str E:\phpStudy\WWW\thinkmyblog\blog\Home\Controller\PublicController.class.php 第 26 行.
NOTIC: [8] Undefined variable: pid E:\phpStudy\WWW\thinkmyblog\blog\Home\Controller\PublicController.class.php 第 26 行.
SQL: SELECT `gid`,`title`,`date`,`content`,`naviname`,`navid`,`blog_seotitle`,`keywords`,`description` FROM `emlog_navi` INNER JOIN emlog_blog ON emlog_blog.navid = emlog_navi.id  WHERE ( gid = '67' )  [ RunTime:0.0000s ]
SQL: SELECT `gid`,`title` FROM `emlog_navi` INNER JOIN emlog_blog ON emlog_blog.navid = emlog_navi.id  WHERE ( gid < '67' ) LIMIT 1   [ RunTime:0.0000s ]
SQL: SELECT `gid`,`title` FROM `emlog_navi` INNER JOIN emlog_blog ON emlog_blog.navid = emlog_navi.id  WHERE ( gid > '67' ) LIMIT 1   [ RunTime:0.0000s ]
SQL: SELECT `gid`,`title` FROM `emlog_navi` INNER JOIN emlog_blog ON emlog_blog.navid = emlog_navi.id  WHERE ( navid ='17' ) LIMIT 6   [ RunTime:0.0000s ]
NOTIC: [8] Undefined variable: show E:\phpStudy\WWW\thinkmyblog\blog\Home\Controller\BlogController.class.php 第 61 行.
INFO: [ view_parse ] --START--
INFO: [ template_filter ] --START--
INFO: Run Behavior\ContentReplaceBehavior [ RunTime:0.000000s ]
INFO: [ template_filter ] --END-- [ RunTime:0.000000s ]
INFO: Run Behavior\ParseTemplateBehavior [ RunTime:0.007001s ]
INFO: [ view_parse ] --END-- [ RunTime:0.007001s ]
INFO: [ view_filter ] --START--
INFO: Run Behavior\WriteHtmlCacheBehavior [ RunTime:0.000000s ]
INFO: [ view_filter ] --END-- [ RunTime:0.001000s ]
INFO: [ app_end ] --START--
INFO: Run Behavior\ShowPageTraceBehavior [ RunTime:0.000000s ]
INFO: [ app_end ] --END-- [ RunTime:0.000000s ]

[ 2017-09-21T10:30:15+08:00 ] 127.0.0.1 /cate/14.html
INFO: [ app_init ] --START--
INFO: Run Behavior\BuildLiteBehavior [ RunTime:0.000000s ]
INFO: [ app_init ] --END-- [ RunTime:0.001000s ]
INFO: [ app_begin ] --START--
INFO: Run Behavior\ReadHtmlCacheBehavior [ RunTime:0.000000s ]
INFO: [ app_begin ] --END-- [ RunTime:0.000000s ]
SQL: SHOW COLUMNS FROM `emlog_setting` [ RunTime:0.0070s ]
SQL: SELECT `k`,`v` FROM `emlog_setting`  [ RunTime:0.0000s ]
SQL: SHOW COLUMNS FROM `emlog_navi` [ RunTime:0.0070s ]
SQL: SELECT `id`,`naviname`,`pid`,`en_name` FROM `emlog_navi` WHERE ( hide='y' )  [ RunTime:0.0000s ]
NOTIC: [8] Undefined variable: str E:\phpStudy\WWW\thinkmyblog\blog\Home\Controller\PublicController.class.php 第 26 行.
NOTIC: [8] Undefined variable: pid E:\phpStudy\WWW\thinkmyblog\blog\Home\Controller\PublicController.class.php 第 26 行.
SQL: SELECT COUNT(*) AS tp_count FROM `emlog_navi` INNER JOIN emlog_blog ON emlog_blog.navid = emlog_navi.id  WHERE `title` LIKE '%%' AND `navid` LIKE '%14%' LIMIT 1   [ RunTime:0.0010s ]
SQL: SELECT `id`,`naviname`,`gid`,`title`,`date`,`navid`,`edit_date`,`content` FROM `emlog_navi` INNER JOIN emlog_blog ON emlog_blog.navid = emlog_navi.id  WHERE `title` LIKE '%%' AND `navid` LIKE '%14%' ORDER BY date desc LIMIT 0,10   [ RunTime:0.0010s ]
INFO: [ view_parse ] --START--
INFO: [ template_filter ] --START--
INFO: Run Behavior\ContentReplaceBehavior [ RunTime:0.000000s ]
INFO: [ template_filter ] --END-- [ RunTime:0.000000s ]
INFO: Run Behavior\ParseTemplateBehavior [ RunTime:0.006001s ]
INFO: [ view_parse ] --END-- [ RunTime:0.006001s ]
INFO: [ view_filter ] --START--
INFO: Run Behavior\WriteHtmlCacheBehavior [ RunTime:0.000000s ]
INFO: [ view_filter ] --END-- [ RunTime:0.000000s ]
INFO: [ app_end ] --START--
INFO: Run Behavior\ShowPageTraceBehavior [ RunTime:0.001000s ]
INFO: [ app_end ] --END-- [ RunTime:0.001000s ]

[ 2017-09-21T10:30:17+08:00 ] 127.0.0.1 /article/66.html
INFO: [ app_init ] --START--
INFO: Run Behavior\BuildLiteBehavior [ RunTime:0.000000s ]
INFO: [ app_init ] --END-- [ RunTime:0.000000s ]
INFO: [ app_begin ] --START--
INFO: Run Behavior\ReadHtmlCacheBehavior [ RunTime:0.000000s ]
INFO: [ app_begin ] --END-- [ RunTime:0.000000s ]
SQL: SHOW COLUMNS FROM `emlog_setting` [ RunTime:0.0060s ]
SQL: SELECT `k`,`v` FROM `emlog_setting`  [ RunTime:0.0000s ]
SQL: SHOW COLUMNS FROM `emlog_navi` [ RunTime:0.0060s ]
SQL: SELECT `id`,`naviname`,`pid`,`en_name` FROM `emlog_navi` WHERE ( hide='y' )  [ RunTime:0.0000s ]
NOTIC: [8] Undefined variable: str E:\phpStudy\WWW\thinkmyblog\blog\Home\Controller\PublicController.class.php 第 26 行.
NOTIC: [8] Undefined variable: pid E:\phpStudy\WWW\thinkmyblog\blog\Home\Controller\PublicController.class.php 第 26 行.
SQL: SELECT `gid`,`title`,`date`,`content`,`naviname`,`navid`,`blog_seotitle`,`keywords`,`description` FROM `emlog_navi` INNER JOIN emlog_blog ON emlog_blog.navid = emlog_navi.id  WHERE ( gid = '66' )  [ RunTime:0.0000s ]
SQL: SELECT `gid`,`title` FROM `emlog_navi` INNER JOIN emlog_blog ON emlog_blog.navid = emlog_navi.id  WHERE ( gid < '66' ) LIMIT 1   [ RunTime:0.0000s ]
SQL: SELECT `gid`,`title` FROM `emlog_navi` INNER JOIN emlog_blog ON emlog_blog.navid = emlog_navi.id  WHERE ( gid > '66' ) LIMIT 1   [ RunTime:0.0000s ]
SQL: SELECT `gid`,`title` FROM `emlog_navi` INNER JOIN emlog_blog ON emlog_blog.navid = emlog_navi.id  WHERE ( navid ='14' ) LIMIT 6   [ RunTime:0.0000s ]
NOTIC: [8] Undefined variable: show E:\phpStudy\WWW\thinkmyblog\blog\Home\Controller\BlogController.class.php 第 61 行.
INFO: [ view_parse ] --START--
INFO: [ template_filter ] --START--
INFO: Run Behavior\ContentReplaceBehavior [ RunTime:0.000000s ]
INFO: [ template_filter ] --END-- [ RunTime:0.000000s ]
INFO: Run Behavior\ParseTemplateBehavior [ RunTime:0.005000s ]
INFO: [ view_parse ] --END-- [ RunTime:0.005000s ]
INFO: [ view_filter ] --START--
INFO: Run Behavior\WriteHtmlCacheBehavior [ RunTime:0.001001s ]
INFO: [ view_filter ] --END-- [ RunTime:0.001001s ]
INFO: [ app_end ] --START--
INFO: Run Behavior\ShowPageTraceBehavior [ RunTime:0.000000s ]
INFO: [ app_end ] --END-- [ RunTime:0.000000s ]

[ 2017-09-21T10:31:07+08:00 ] 127.0.0.1 /article/66.html
INFO: [ app_init ] --START--
INFO: Run Behavior\BuildLiteBehavior [ RunTime:0.000000s ]
INFO: [ app_init ] --END-- [ RunTime:0.001000s ]
INFO: [ app_begin ] --START--
INFO: Run Behavior\ReadHtmlCacheBehavior [ RunTime:0.000000s ]
INFO: [ app_begin ] --END-- [ RunTime:0.000000s ]
SQL: SHOW COLUMNS FROM `emlog_setting` [ RunTime:0.0050s ]
SQL: SELECT `k`,`v` FROM `emlog_setting`  [ RunTime:0.0000s ]
SQL: SHOW COLUMNS FROM `emlog_navi` [ RunTime:0.0060s ]
SQL: SELECT `id`,`naviname`,`pid`,`en_name` FROM `emlog_navi` WHERE ( hide='y' )  [ RunTime:0.0010s ]
NOTIC: [8] Undefined variable: str E:\phpStudy\WWW\thinkmyblog\blog\Home\Controller\PublicController.class.php 第 26 行.
NOTIC: [8] Undefined variable: pid E:\phpStudy\WWW\thinkmyblog\blog\Home\Controller\PublicController.class.php 第 26 行.
SQL: SELECT `gid`,`title`,`date`,`content`,`naviname`,`navid`,`blog_seotitle`,`keywords`,`description` FROM `emlog_navi` INNER JOIN emlog_blog ON emlog_blog.navid = emlog_navi.id  WHERE ( gid = '66' )  [ RunTime:0.0010s ]
SQL: SELECT `gid`,`title` FROM `emlog_navi` INNER JOIN emlog_blog ON emlog_blog.navid = emlog_navi.id  WHERE ( gid < '66' ) LIMIT 1   [ RunTime:0.0000s ]
SQL: SELECT `gid`,`title` FROM `emlog_navi` INNER JOIN emlog_blog ON emlog_blog.navid = emlog_navi.id  WHERE ( gid > '66' ) LIMIT 1   [ RunTime:0.0000s ]
SQL: SELECT `gid`,`title` FROM `emlog_navi` INNER JOIN emlog_blog ON emlog_blog.navid = emlog_navi.id  WHERE ( navid ='14' ) LIMIT 6   [ RunTime:0.0000s ]
NOTIC: [8] Undefined variable: show E:\phpStudy\WWW\thinkmyblog\blog\Home\Controller\BlogController.class.php 第 60 行.
INFO: [ view_parse ] --START--
INFO: [ template_filter ] --START--
INFO: Run Behavior\ContentReplaceBehavior [ RunTime:0.000000s ]
INFO: [ template_filter ] --END-- [ RunTime:0.001000s ]
INFO: Run Behavior\ParseTemplateBehavior [ RunTime:0.006000s ]
INFO: [ view_parse ] --END-- [ RunTime:0.006000s ]
INFO: [ view_filter ] --START--
INFO: Run Behavior\WriteHtmlCacheBehavior [ RunTime:0.000000s ]
INFO: [ view_filter ] --END-- [ RunTime:0.000000s ]
INFO: [ app_end ] --START--
INFO: Run Behavior\ShowPageTraceBehavior [ RunTime:0.001000s ]
INFO: [ app_end ] --END-- [ RunTime:0.001000s ]

[ 2017-09-21T11:00:00+08:00 ] 127.0.0.1 /article/66.html
INFO: [ app_init ] --START--
INFO: Run Behavior\BuildLiteBehavior [ RunTime:0.000000s ]
INFO: [ app_init ] --END-- [ RunTime:0.001000s ]
INFO: [ app_begin ] --START--
INFO: Run Behavior\ReadHtmlCacheBehavior [ RunTime:0.000000s ]
INFO: [ app_begin ] --END-- [ RunTime:0.001000s ]
SQL: SHOW COLUMNS FROM `emlog_setting` [ RunTime:0.0070s ]
SQL: SELECT `k`,`v` FROM `emlog_setting`  [ RunTime:0.0010s ]
SQL: SHOW COLUMNS FROM `emlog_navi` [ RunTime:0.0070s ]
SQL: SELECT `id`,`naviname`,`pid`,`en_name` FROM `emlog_navi` WHERE ( hide='y' )  [ RunTime:0.0000s ]
NOTIC: [8] Undefined variable: str E:\phpStudy\WWW\thinkmyblog\blog\Home\Controller\PublicController.class.php 第 26 行.
NOTIC: [8] Undefined variable: pid E:\phpStudy\WWW\thinkmyblog\blog\Home\Controller\PublicController.class.php 第 26 行.
SQL: SELECT `gid`,`title`,`date`,`content`,`naviname`,`navid`,`blog_seotitle`,`keywords`,`description` FROM `emlog_navi` INNER JOIN emlog_blog ON emlog_blog.navid = emlog_navi.id  WHERE ( gid = '66' )  [ RunTime:0.0000s ]
SQL: SELECT `gid`,`title` FROM `emlog_navi` INNER JOIN emlog_blog ON emlog_blog.navid = emlog_navi.id  WHERE ( gid < '66' ) LIMIT 1   [ RunTime:0.0010s ]
SQL: SELECT `gid`,`title` FROM `emlog_navi` INNER JOIN emlog_blog ON emlog_blog.navid = emlog_navi.id  WHERE ( gid > '66' ) LIMIT 1   [ RunTime:0.0000s ]
SQL: SELECT `gid`,`title` FROM `emlog_navi` INNER JOIN emlog_blog ON emlog_blog.navid = emlog_navi.id  WHERE ( navid ='14' ) LIMIT 6   [ RunTime:0.0000s ]
NOTIC: [8] Undefined variable: show E:\phpStudy\WWW\thinkmyblog\blog\Home\Controller\BlogController.class.php 第 60 行.
INFO: [ view_parse ] --START--
INFO: [ template_filter ] --START--
INFO: Run Behavior\ContentReplaceBehavior [ RunTime:0.001000s ]
INFO: [ template_filter ] --END-- [ RunTime:0.001000s ]
INFO: Run Behavior\ParseTemplateBehavior [ RunTime:0.008000s ]
INFO: [ view_parse ] --END-- [ RunTime:0.008000s ]
INFO: [ view_filter ] --START--
INFO: Run Behavior\WriteHtmlCacheBehavior [ RunTime:0.000000s ]
INFO: [ view_filter ] --END-- [ RunTime:0.000000s ]
INFO: [ app_end ] --START--
INFO: Run Behavior\ShowPageTraceBehavior [ RunTime:0.000000s ]
INFO: [ app_end ] --END-- [ RunTime:0.000000s ]

[ 2017-09-21T11:00:08+08:00 ] 127.0.0.1 /article/68.html
INFO: [ app_init ] --START--
INFO: Run Behavior\BuildLiteBehavior [ RunTime:0.000000s ]
INFO: [ app_init ] --END-- [ RunTime:0.000000s ]
INFO: [ app_begin ] --START--
INFO: Run Behavior\ReadHtmlCacheBehavior [ RunTime:0.001000s ]
INFO: [ app_begin ] --END-- [ RunTime:0.001000s ]
SQL: SHOW COLUMNS FROM `emlog_setting` [ RunTime:0.0060s ]
SQL: SELECT `k`,`v` FROM `emlog_setting`  [ RunTime:0.0000s ]
SQL: SHOW COLUMNS FROM `emlog_navi` [ RunTime:0.0060s ]
SQL: SELECT `id`,`naviname`,`pid`,`en_name` FROM `emlog_navi` WHERE ( hide='y' )  [ RunTime:0.0000s ]
NOTIC: [8] Undefined variable: str E:\phpStudy\WWW\thinkmyblog\blog\Home\Controller\PublicController.class.php 第 26 行.
NOTIC: [8] Undefined variable: pid E:\phpStudy\WWW\thinkmyblog\blog\Home\Controller\PublicController.class.php 第 26 行.
SQL: SELECT `gid`,`title`,`date`,`content`,`naviname`,`navid`,`blog_seotitle`,`keywords`,`description` FROM `emlog_navi` INNER JOIN emlog_blog ON emlog_blog.navid = emlog_navi.id  WHERE ( gid = '68' )  [ RunTime:0.0000s ]
SQL: SELECT `gid`,`title` FROM `emlog_navi` INNER JOIN emlog_blog ON emlog_blog.navid = emlog_navi.id  WHERE ( gid < '68' ) LIMIT 1   [ RunTime:0.0000s ]
SQL: SELECT `gid`,`title` FROM `emlog_navi` INNER JOIN emlog_blog ON emlog_blog.navid = emlog_navi.id  WHERE ( gid > '68' ) LIMIT 1   [ RunTime:0.0000s ]
SQL: SELECT `gid`,`title` FROM `emlog_navi` INNER JOIN emlog_blog ON emlog_blog.navid = emlog_navi.id  WHERE ( navid ='14' ) LIMIT 6   [ RunTime:0.0010s ]
NOTIC: [8] Undefined variable: show E:\phpStudy\WWW\thinkmyblog\blog\Home\Controller\BlogController.class.php 第 60 行.
INFO: [ view_parse ] --START--
INFO: [ template_filter ] --START--
INFO: Run Behavior\ContentReplaceBehavior [ RunTime:0.000000s ]
INFO: [ template_filter ] --END-- [ RunTime:0.000000s ]
INFO: Run Behavior\ParseTemplateBehavior [ RunTime:0.006000s ]
INFO: [ view_parse ] --END-- [ RunTime:0.006000s ]
INFO: [ view_filter ] --START--
INFO: Run Behavior\WriteHtmlCacheBehavior [ RunTime:0.000000s ]
INFO: [ view_filter ] --END-- [ RunTime:0.000000s ]
INFO: [ app_end ] --START--
INFO: Run Behavior\ShowPageTraceBehavior [ RunTime:0.000000s ]
INFO: [ app_end ] --END-- [ RunTime:0.000000s ]

[ 2017-09-21T13:35:09+08:00 ] 127.0.0.1 /blog/index.php/Admin/User/Index.html
INFO: [ app_init ] --START--
INFO: Run Behavior\BuildLiteBehavior [ RunTime:0.000000s ]
INFO: [ app_init ] --END-- [ RunTime:0.000000s ]
INFO: [ app_begin ] --START--
INFO: Run Behavior\ReadHtmlCacheBehavior [ RunTime:0.000000s ]
INFO: [ app_begin ] --END-- [ RunTime:0.000000s ]
SQL: SHOW COLUMNS FROM `emlog_setting` [ RunTime:0.0080s ]
SQL: SELECT `k`,`v` FROM `emlog_setting`  [ RunTime:0.0000s ]
SQL: SHOW COLUMNS FROM `emlog_navi` [ RunTime:0.0070s ]
SQL: SELECT `id`,`naviname`,`pid`,`en_name` FROM `emlog_navi` WHERE ( hide='y' )  [ RunTime:0.0000s ]
NOTIC: [8] Undefined variable: str E:\phpStudy\WWW\thinkmyblog\blog\Home\Controller\PublicController.class.php 第 26 行.
NOTIC: [8] Undefined variable: pid E:\phpStudy\WWW\thinkmyblog\blog\Home\Controller\PublicController.class.php 第 26 行.
ERR: 非法操作:index.php

[ 2017-09-21T13:57:31+08:00 ] 127.0.0.1 /
INFO: [ app_init ] --START--
INFO: Run Behavior\BuildLiteBehavior [ RunTime:0.000000s ]
INFO: [ app_init ] --END-- [ RunTime:0.000000s ]
INFO: [ app_begin ] --START--
INFO: Run Behavior\ReadHtmlCacheBehavior [ RunTime:0.001000s ]
INFO: [ app_begin ] --END-- [ RunTime:0.001000s ]
SQL: SHOW COLUMNS FROM `emlog_setting` [ RunTime:0.0070s ]
SQL: SELECT `k`,`v` FROM `emlog_setting`  [ RunTime:0.0000s ]
SQL: SHOW COLUMNS FROM `emlog_navi` [ RunTime:0.0060s ]
SQL: SELECT `id`,`naviname`,`pid`,`en_name` FROM `emlog_navi` WHERE ( hide='y' )  [ RunTime:0.0000s ]
NOTIC: [8] Undefined variable: str E:\phpStudy\WWW\thinkmyblog\blog\Home\Controller\PublicController.class.php 第 26 行.
NOTIC: [8] Undefined variable: pid E:\phpStudy\WWW\thinkmyblog\blog\Home\Controller\PublicController.class.php 第 26 行.
SQL: SELECT COUNT(*) AS tp_count FROM `emlog_navi` INNER JOIN emlog_blog ON emlog_blog.navid = emlog_navi.id  WHERE `title` LIKE '%%' AND `navid` LIKE '%%' LIMIT 1   [ RunTime:0.0000s ]
SQL: SELECT `id`,`naviname`,`gid`,`title`,`date`,`navid`,`edit_date`,`content` FROM `emlog_navi` INNER JOIN emlog_blog ON emlog_blog.navid = emlog_navi.id  WHERE `title` LIKE '%%' AND `navid` LIKE '%%' ORDER BY date desc LIMIT 0,10   [ RunTime:0.0000s ]
INFO: [ view_parse ] --START--
INFO: [ template_filter ] --START--
INFO: Run Behavior\ContentReplaceBehavior [ RunTime:0.000000s ]
INFO: [ template_filter ] --END-- [ RunTime:0.000000s ]
INFO: Run Behavior\ParseTemplateBehavior [ RunTime:0.007001s ]
INFO: [ view_parse ] --END-- [ RunTime:0.007001s ]
INFO: [ view_filter ] --START--
INFO: Run Behavior\WriteHtmlCacheBehavior [ RunTime:0.000000s ]
INFO: [ view_filter ] --END-- [ RunTime:0.000000s ]
INFO: [ app_end ] --START--
INFO: Run Behavior\ShowPageTraceBehavior [ RunTime:0.001000s ]
INFO: [ app_end ] --END-- [ RunTime:0.001000s ]

